<?xml version="1.0" encoding="UTF-8"?>
<testsuites name="TestSuiteCollection_Intermediate" time="305.779" tests="18" failures="0" errors="0">
   <testsuite name="TestSuite_3_JQuery_Select_Dropdown" tests="5" failures="0" errors="0" time="113.338" skipped="0" timestamp="2022-10-12 09:59:01" hostname="vminhhung - vminhhung.tma.com.vn" id="Test Suites/TestSuite_3_JQuery_Select_Dropdown">
      <properties>
         <property name="deviceName" value=""/>
         <property name="devicePlatform" value=""/>
         <property name="logFolder" value="C:\\Users\\vminhhung\\Katalon Studio\\SeleniumEasy\\Reports\\20221012_095842\\TestSuite_3_JQuery_Select_Dropdown\\20221012_095843"/>
         <property name="logFiles" value="C:\\Users\\vminhhung\\Katalon Studio\\SeleniumEasy\\Reports\\20221012_095842\\TestSuite_3_JQuery_Select_Dropdown\\20221012_095843\\execution0.log"/>
         <property name="attachments" value=""/>
         <property name="hostName" value="vminhhung - vminhhung.tma.com.vn"/>
         <property name="os" value="Windows 10 64bit"/>
         <property name="katalonVersion" value="8.5.0.208"/>
         <property name="browser" value="Chrome 106.0.0.0"/>
         <property name="hostAddress" value="10.107.1.102"/>
         <property name="sessionId" value="add9fc1073bfd9c1fd7f022fa4407d3f"/>
         <property name="seleniumVersion" value="3.141.59"/>
         <property name="proxyInformation" value="ProxyInformation { proxyOption=NO_PROXY, proxyServerType=HTTP, username=, password=********, proxyServerAddress=, proxyServerPort=0, executionList=&quot;&quot;, isApplyToDesiredCapabilities=true }"/>
         <property name="platform" value="Windows 10"/>
      </properties>
      <testcase name="Test Cases/Intermediate/3_JQuery_Select _Dropdown/JQSD1_Verify_UI" time="13.511" classname="Test Cases/Intermediate/3_JQuery_Select _Dropdown/JQSD1_Verify_UI" status="PASSED">
         <system-out><![CDATA[2022-10-12 09:59:01 - [TEST_CASE][PASSED] - Test Cases/Intermediate/3_JQuery_Select _Dropdown/JQSD1_Verify_UI: Test Cases/Intermediate/3_JQuery_Select _Dropdown/JQSD1_Verify_UI

2022-10-12 09:59:01 - [TEST_STEP][PASSED] - callTestCase(findTestCase("Intermediate/Prerequisite1_Access_Immediate"), [:], STOP_ON_FAILURE): Call Test Case 'Test Cases/Intermediate/Prerequisite1_Access_Immediate' successfully

2022-10-12 09:59:02 - [TEST_CASE][PASSED] - Test Cases/Intermediate/Prerequisite1_Access_Immediate: Test Cases/Intermediate/Prerequisite1_Access_Immediate

2022-10-12 09:59:02 - [TEST_STEP][PASSED] - callTestCase(findTestCase("Launch_seleniumeasy_page"), [:], STOP_ON_FAILURE): Call Test Case 'Test Cases/Launch_seleniumeasy_page' successfully

2022-10-12 09:59:02 - [TEST_CASE][PASSED] - Test Cases/Launch_seleniumeasy_page: Test Cases/Launch_seleniumeasy_page

2022-10-12 09:59:03 - [TEST_STEP][PASSED] - openBrowser(""): Browser is opened with url: ''

2022-10-12 09:59:03 - [MESSAGE][INFO] - Starting 'Chrome' driver

2022-10-12 09:59:03 - [MESSAGE][INFO] - Action delay is set to 0 milliseconds

2022-10-12 09:59:05 - [MESSAGE][PASSED] - Browser is opened with url: ''

2022-10-12 09:59:05 - [TEST_STEP][PASSED] - maximizeWindow(): Current window maximized

2022-10-12 09:59:05 - [MESSAGE][PASSED] - Current window maximized

2022-10-12 09:59:05 - [TEST_STEP][PASSED] - navigateToUrl("https://demo.seleniumeasy.com/"): Navigate to 'https://demo.seleniumeasy.com/' successfully

2022-10-12 09:59:09 - [MESSAGE][PASSED] - Navigate to 'https://demo.seleniumeasy.com/' successfully

2022-10-12 09:59:09 - [MESSAGE][PASSED] - Call Test Case 'Test Cases/Launch_seleniumeasy_page' successfully

2022-10-12 09:59:09 - [TEST_STEP][PASSED] - if (verifyElementVisible(findTestObject("Main_page/Button_Start_Practicing"), OPTIONAL)): Object: 'Object Repository/Main_page/Button_Start_Practicing' is clicked on

2022-10-12 09:59:10 - [MESSAGE][PASSED] - Object 'Object Repository/Main_page/Button_Start_Practicing' is visible

2022-10-12 09:59:10 - [TEST_STEP][PASSED] - click(findTestObject("Main_page/Button_Start_Practicing")): Object: 'Object Repository/Main_page/Button_Start_Practicing' is clicked on

2022-10-12 09:59:10 - [MESSAGE][PASSED] - Object: 'Object Repository/Main_page/Button_Start_Practicing' is clicked on

2022-10-12 09:59:10 - [TEST_STEP][PASSED] - enhancedClick(findTestObject("Main_page/option_Intermediate")): Object: 'Object Repository/Main_page/option_Intermediate' is clicked on

2022-10-12 09:59:10 - [MESSAGE][PASSED] - Object: 'Object Repository/Main_page/option_Intermediate' is clicked on

2022-10-12 09:59:10 - [TEST_STEP][PASSED] - verifyElementVisible(findTestObject("Intermediate/text_Intermediate"), STOP_ON_FAILURE): Object 'Object Repository/Intermediate/text_Intermediate' is visible

2022-10-12 09:59:11 - [MESSAGE][PASSED] - Object 'Object Repository/Intermediate/text_Intermediate' is visible

2022-10-12 09:59:11 - [MESSAGE][PASSED] - Call Test Case 'Test Cases/Intermediate/Prerequisite1_Access_Immediate' successfully

2022-10-12 09:59:11 - [TEST_STEP][PASSED] - click(findTestObject("Intermediate/option_JQuerySelectDropdown")): Object: 'Object Repository/Intermediate/option_JQuerySelectDropdown' is clicked on

2022-10-12 09:59:13 - [MESSAGE][PASSED] - Object: 'Object Repository/Intermediate/option_JQuerySelectDropdown' is clicked on

2022-10-12 09:59:13 - [TEST_STEP][PASSED] - verifyElementVisible(findTestObject("Intermediate/3_JQuery_Select _Dropdown/text_h2_Single_Select")): Object 'Object Repository/Intermediate/3_JQuery_Select _Dropdown/text_h2_Single_Select' is visible

2022-10-12 09:59:13 - [MESSAGE][PASSED] - Object 'Object Repository/Intermediate/3_JQuery_Select _Dropdown/text_h2_Single_Select' is visible

2022-10-12 09:59:13 - [TEST_STEP][PASSED] - verifyElementVisible(findTestObject("Intermediate/3_JQuery_Select _Dropdown/text_h3_Multi_Select")): Object 'Object Repository/Intermediate/3_JQuery_Select _Dropdown/text_h3_Multi_Select' is visible

2022-10-12 09:59:14 - [MESSAGE][PASSED] - Object 'Object Repository/Intermediate/3_JQuery_Select _Dropdown/text_h3_Multi_Select' is visible

2022-10-12 09:59:14 - [TEST_STEP][PASSED] - verifyElementPresent(findTestObject("Intermediate/3_JQuery_Select _Dropdown/label_Select_Country"), 0): Object 'Object Repository/Intermediate/3_JQuery_Select _Dropdown/label_Select_Country' is present

2022-10-12 09:59:14 - [MESSAGE][WARNING] - Timeout '0' is invalid. Using default page load timeout: '30'

2022-10-12 09:59:14 - [MESSAGE][PASSED] - Object 'Object Repository/Intermediate/3_JQuery_Select _Dropdown/label_Select_Country' is present]]></system-out>
         <system-err><![CDATA[]]></system-err>
      </testcase>
      <testcase name="Test Cases/Intermediate/3_JQuery_Select _Dropdown/JQSD2_Search_Select_Verify_Select_Country" time="16.485" classname="Test Cases/Intermediate/3_JQuery_Select _Dropdown/JQSD2_Search_Select_Verify_Select_Country" status="PASSED">
         <system-out><![CDATA[2022-10-12 09:59:14 - [TEST_CASE][PASSED] - Test Cases/Intermediate/3_JQuery_Select _Dropdown/JQSD2_Search_Select_Verify_Select_Country: Test Cases/Intermediate/3_JQuery_Select _Dropdown/JQSD2_Search_Select_Verify_Select_Country

2022-10-12 09:59:15 - [TEST_STEP][PASSED] - selectedCountry = "Bangladesh": null

2022-10-12 09:59:15 - [TEST_STEP][PASSED] - callTestCase(findTestCase("Intermediate/Prerequisite1_Access_Immediate"), [:], STOP_ON_FAILURE): Call Test Case 'Test Cases/Intermediate/Prerequisite1_Access_Immediate' successfully

2022-10-12 09:59:15 - [TEST_CASE][PASSED] - Test Cases/Intermediate/Prerequisite1_Access_Immediate: Test Cases/Intermediate/Prerequisite1_Access_Immediate

2022-10-12 09:59:15 - [TEST_STEP][PASSED] - callTestCase(findTestCase("Launch_seleniumeasy_page"), [:], STOP_ON_FAILURE): Call Test Case 'Test Cases/Launch_seleniumeasy_page' successfully

2022-10-12 09:59:15 - [TEST_CASE][PASSED] - Test Cases/Launch_seleniumeasy_page: Test Cases/Launch_seleniumeasy_page

2022-10-12 09:59:15 - [TEST_STEP][PASSED] - openBrowser(""): Browser is opened with url: ''

2022-10-12 09:59:15 - [MESSAGE][WARNING] - A browser is already opened. Closing browser and opening a new one

2022-10-12 09:59:17 - [MESSAGE][INFO] - Starting 'Chrome' driver

2022-10-12 09:59:17 - [MESSAGE][INFO] - Action delay is set to 0 milliseconds

2022-10-12 09:59:20 - [MESSAGE][PASSED] - Browser is opened with url: ''

2022-10-12 09:59:20 - [TEST_STEP][PASSED] - maximizeWindow(): Current window maximized

2022-10-12 09:59:20 - [MESSAGE][PASSED] - Current window maximized

2022-10-12 09:59:20 - [TEST_STEP][PASSED] - navigateToUrl("https://demo.seleniumeasy.com/"): Navigate to 'https://demo.seleniumeasy.com/' successfully

2022-10-12 09:59:25 - [MESSAGE][PASSED] - Navigate to 'https://demo.seleniumeasy.com/' successfully

2022-10-12 09:59:25 - [MESSAGE][PASSED] - Call Test Case 'Test Cases/Launch_seleniumeasy_page' successfully

2022-10-12 09:59:25 - [TEST_STEP][PASSED] - if (verifyElementVisible(findTestObject("Main_page/Button_Start_Practicing"), OPTIONAL)): Object: 'Object Repository/Main_page/Button_Start_Practicing' is clicked on

2022-10-12 09:59:25 - [MESSAGE][PASSED] - Object 'Object Repository/Main_page/Button_Start_Practicing' is visible

2022-10-12 09:59:25 - [TEST_STEP][PASSED] - click(findTestObject("Main_page/Button_Start_Practicing")): Object: 'Object Repository/Main_page/Button_Start_Practicing' is clicked on

2022-10-12 09:59:26 - [MESSAGE][PASSED] - Object: 'Object Repository/Main_page/Button_Start_Practicing' is clicked on

2022-10-12 09:59:26 - [TEST_STEP][PASSED] - enhancedClick(findTestObject("Main_page/option_Intermediate")): Object: 'Object Repository/Main_page/option_Intermediate' is clicked on

2022-10-12 09:59:26 - [MESSAGE][PASSED] - Object: 'Object Repository/Main_page/option_Intermediate' is clicked on

2022-10-12 09:59:26 - [TEST_STEP][PASSED] - verifyElementVisible(findTestObject("Intermediate/text_Intermediate"), STOP_ON_FAILURE): Object 'Object Repository/Intermediate/text_Intermediate' is visible

2022-10-12 09:59:27 - [MESSAGE][PASSED] - Object 'Object Repository/Intermediate/text_Intermediate' is visible

2022-10-12 09:59:27 - [MESSAGE][PASSED] - Call Test Case 'Test Cases/Intermediate/Prerequisite1_Access_Immediate' successfully

2022-10-12 09:59:27 - [TEST_STEP][PASSED] - click(findTestObject("Intermediate/option_JQuerySelectDropdown")): Object: 'Object Repository/Intermediate/option_JQuerySelectDropdown' is clicked on

2022-10-12 09:59:28 - [MESSAGE][PASSED] - Object: 'Object Repository/Intermediate/option_JQuerySelectDropdown' is clicked on

2022-10-12 09:59:28 - [TEST_STEP][PASSED] - click(findTestObject("Intermediate/3_JQuery_Select _Dropdown/dropdown_Select_Country")): Object: 'Object Repository/Intermediate/3_JQuery_Select _Dropdown/dropdown_Select_Country' is clicked on

2022-10-12 09:59:29 - [MESSAGE][PASSED] - Object: 'Object Repository/Intermediate/3_JQuery_Select _Dropdown/dropdown_Select_Country' is clicked on

2022-10-12 09:59:29 - [TEST_STEP][PASSED] - setText(findTestObject("Intermediate/3_JQuery_Select _Dropdown/searchbox_Select_Country"), "a"): Text 'a' is set on object 'Object Repository/Intermediate/3_JQuery_Select _Dropdown/searchbox_Select_Country'

2022-10-12 09:59:30 - [MESSAGE][PASSED] - Text 'a' is set on object 'Object Repository/Intermediate/3_JQuery_Select _Dropdown/searchbox_Select_Country'

2022-10-12 09:59:30 - [TEST_STEP][PASSED] - println(findTestObject("Intermediate/3_JQuery_Select _Dropdown/li_country_dynamic")): null

2022-10-12 09:59:30 - [TEST_STEP][PASSED] - click(findTestObject("Intermediate/3_JQuery_Select _Dropdown/li_country_dynamic", ["selectedCountry":selectedCountry])): Object: 'Object Repository/Intermediate/3_JQuery_Select _Dropdown/li_country_dynamic' is clicked on

2022-10-12 09:59:30 - [MESSAGE][PASSED] - Object: 'Object Repository/Intermediate/3_JQuery_Select _Dropdown/li_country_dynamic' is clicked on

2022-10-12 09:59:30 - [TEST_STEP][PASSED] - verifyElementVisible(findTestObject("Intermediate/3_JQuery_Select _Dropdown/verify_country_dynamic", ["selectedCountry":selectedCountry])): Object 'Object Repository/Intermediate/3_JQuery_Select _Dropdown/verify_country_dynamic' is visible

2022-10-12 09:59:31 - [MESSAGE][PASSED] - Object 'Object Repository/Intermediate/3_JQuery_Select _Dropdown/verify_country_dynamic' is visible]]></system-out>
         <system-err><![CDATA[]]></system-err>
      </testcase>
      <testcase name="Test Cases/Intermediate/3_JQuery_Select _Dropdown/JQSD3_Select_Verify_States" time="30.629" classname="Test Cases/Intermediate/3_JQuery_Select _Dropdown/JQSD3_Select_Verify_States" status="PASSED">
         <system-out><![CDATA[2022-10-12 09:59:31 - [TEST_CASE][PASSED] - Test Cases/Intermediate/3_JQuery_Select _Dropdown/JQSD3_Select_Verify_States: Test Cases/Intermediate/3_JQuery_Select _Dropdown/JQSD3_Select_Verify_States

2022-10-12 09:59:32 - [TEST_STEP][PASSED] - TestID = "TEST-00001": null

2022-10-12 09:59:32 - [TEST_STEP][PASSED] - totalRow = findTestData("TestData_Sheet2").getRowNumbers(): null

2022-10-12 09:59:33 - [TEST_STEP][PASSED] - for ([rowNum = 1, rowNum < totalRow, (rowNum++)]): null

2022-10-12 09:59:33 - [TEST_STEP][PASSED] - if (findTestData("TestData_Sheet2").getValue(1, rowNum) == TestID): Object 'Object Repository/Intermediate/3_JQuery_Select _Dropdown/verify_selected_states_dynamic' is visible

2022-10-12 09:59:33 - [TEST_STEP][PASSED] - totalColumn = findTestData("TestData_Sheet2").getColumnNumbers(): null

2022-10-12 09:59:33 - [TEST_STEP][PASSED] - println("Total column is: " + totalColumn): null

2022-10-12 09:59:33 - [TEST_STEP][PASSED] - arrayLength = 0: null

2022-10-12 09:59:33 - [TEST_STEP][PASSED] - for ([i = 0, i < totalColumn - 1, (i++)]): null

2022-10-12 09:59:33 - [TEST_STEP][PASSED] - if (findTestData("TestData_Sheet2").getValue(i + 2, rowNum) == ""): null

2022-10-12 09:59:33 - [TEST_STEP][PASSED] - (arrayLength++): null

2022-10-12 09:59:33 - [TEST_STEP][PASSED] - if (findTestData("TestData_Sheet2").getValue(i + 2, rowNum) == ""): null

2022-10-12 09:59:33 - [TEST_STEP][PASSED] - (arrayLength++): null

2022-10-12 09:59:33 - [TEST_STEP][PASSED] - if (findTestData("TestData_Sheet2").getValue(i + 2, rowNum) == ""): null

2022-10-12 09:59:34 - [TEST_STEP][PASSED] - (arrayLength++): null

2022-10-12 09:59:34 - [TEST_STEP][PASSED] - if (findTestData("TestData_Sheet2").getValue(i + 2, rowNum) == ""): null

2022-10-12 09:59:34 - [TEST_STEP][PASSED] - (arrayLength++): null

2022-10-12 09:59:34 - [TEST_STEP][PASSED] - if (findTestData("TestData_Sheet2").getValue(i + 2, rowNum) == ""): null

2022-10-12 09:59:34 - [TEST_STEP][PASSED] - (arrayLength++): null

2022-10-12 09:59:34 - [TEST_STEP][PASSED] - if (findTestData("TestData_Sheet2").getValue(i + 2, rowNum) == ""): null

2022-10-12 09:59:34 - [TEST_STEP][PASSED] - (arrayLength++): null

2022-10-12 09:59:34 - [TEST_STEP][PASSED] - if (findTestData("TestData_Sheet2").getValue(i + 2, rowNum) == ""): null

2022-10-12 09:59:34 - [TEST_STEP][PASSED] - (arrayLength++): null

2022-10-12 09:59:34 - [TEST_STEP][PASSED] - if (findTestData("TestData_Sheet2").getValue(i + 2, rowNum) == ""): null

2022-10-12 09:59:34 - [TEST_STEP][PASSED] - (arrayLength++): null

2022-10-12 09:59:34 - [TEST_STEP][PASSED] - if (findTestData("TestData_Sheet2").getValue(i + 2, rowNum) == ""): null

2022-10-12 09:59:34 - [TEST_STEP][PASSED] - (arrayLength++): null

2022-10-12 09:59:34 - [TEST_STEP][PASSED] - if (findTestData("TestData_Sheet2").getValue(i + 2, rowNum) == ""): null

2022-10-12 09:59:34 - [TEST_STEP][PASSED] - (arrayLength++): null

2022-10-12 09:59:34 - [TEST_STEP][PASSED] - println("Array length is: " + arrayLength): null

2022-10-12 09:59:34 - [TEST_STEP][PASSED] - selectedStates = []: null

2022-10-12 09:59:34 - [TEST_STEP][PASSED] - for ([i = 0, i < arrayLength, (i++)]): null

2022-10-12 09:59:34 - [TEST_STEP][PASSED] - if (findTestData("TestData_Sheet2").getValue(i + 2, 1) == ""): null

2022-10-12 09:59:34 - [TEST_STEP][PASSED] - selectedStates[i] = findTestData("TestData_Sheet2").getValue(i + 2, rowNum): null

2022-10-12 09:59:34 - [TEST_STEP][PASSED] - if (findTestData("TestData_Sheet2").getValue(i + 2, 1) == ""): null

2022-10-12 09:59:34 - [TEST_STEP][PASSED] - selectedStates[i] = findTestData("TestData_Sheet2").getValue(i + 2, rowNum): null

2022-10-12 09:59:34 - [TEST_STEP][PASSED] - if (findTestData("TestData_Sheet2").getValue(i + 2, 1) == ""): null

2022-10-12 09:59:35 - [TEST_STEP][PASSED] - selectedStates[i] = findTestData("TestData_Sheet2").getValue(i + 2, rowNum): null

2022-10-12 09:59:35 - [TEST_STEP][PASSED] - if (findTestData("TestData_Sheet2").getValue(i + 2, 1) == ""): null

2022-10-12 09:59:35 - [TEST_STEP][PASSED] - selectedStates[i] = findTestData("TestData_Sheet2").getValue(i + 2, rowNum): null

2022-10-12 09:59:35 - [TEST_STEP][PASSED] - if (findTestData("TestData_Sheet2").getValue(i + 2, 1) == ""): null

2022-10-12 09:59:35 - [TEST_STEP][PASSED] - selectedStates[i] = findTestData("TestData_Sheet2").getValue(i + 2, rowNum): null

2022-10-12 09:59:35 - [TEST_STEP][PASSED] - if (findTestData("TestData_Sheet2").getValue(i + 2, 1) == ""): null

2022-10-12 09:59:35 - [TEST_STEP][PASSED] - selectedStates[i] = findTestData("TestData_Sheet2").getValue(i + 2, rowNum): null

2022-10-12 09:59:35 - [TEST_STEP][PASSED] - if (findTestData("TestData_Sheet2").getValue(i + 2, 1) == ""): null

2022-10-12 09:59:35 - [TEST_STEP][PASSED] - selectedStates[i] = findTestData("TestData_Sheet2").getValue(i + 2, rowNum): null

2022-10-12 09:59:35 - [TEST_STEP][PASSED] - if (findTestData("TestData_Sheet2").getValue(i + 2, 1) == ""): null

2022-10-12 09:59:35 - [TEST_STEP][PASSED] - selectedStates[i] = findTestData("TestData_Sheet2").getValue(i + 2, rowNum): null

2022-10-12 09:59:35 - [TEST_STEP][PASSED] - if (findTestData("TestData_Sheet2").getValue(i + 2, 1) == ""): null

2022-10-12 09:59:35 - [TEST_STEP][PASSED] - selectedStates[i] = findTestData("TestData_Sheet2").getValue(i + 2, rowNum): null

2022-10-12 09:59:35 - [TEST_STEP][PASSED] - if (findTestData("TestData_Sheet2").getValue(i + 2, 1) == ""): null

2022-10-12 09:59:35 - [TEST_STEP][PASSED] - selectedStates[i] = findTestData("TestData_Sheet2").getValue(i + 2, rowNum): null

2022-10-12 09:59:36 - [TEST_STEP][PASSED] - println(selectedStates): null

2022-10-12 09:59:36 - [TEST_STEP][PASSED] - callTestCase(findTestCase("Intermediate/Prerequisite1_Access_Immediate"), [:], STOP_ON_FAILURE): Call Test Case 'Test Cases/Intermediate/Prerequisite1_Access_Immediate' successfully

2022-10-12 09:59:36 - [TEST_CASE][PASSED] - Test Cases/Intermediate/Prerequisite1_Access_Immediate: Test Cases/Intermediate/Prerequisite1_Access_Immediate

2022-10-12 09:59:36 - [TEST_STEP][PASSED] - callTestCase(findTestCase("Launch_seleniumeasy_page"), [:], STOP_ON_FAILURE): Call Test Case 'Test Cases/Launch_seleniumeasy_page' successfully

2022-10-12 09:59:36 - [TEST_CASE][PASSED] - Test Cases/Launch_seleniumeasy_page: Test Cases/Launch_seleniumeasy_page

2022-10-12 09:59:36 - [TEST_STEP][PASSED] - openBrowser(""): Browser is opened with url: ''

2022-10-12 09:59:36 - [MESSAGE][WARNING] - A browser is already opened. Closing browser and opening a new one

2022-10-12 09:59:37 - [MESSAGE][INFO] - Starting 'Chrome' driver

2022-10-12 09:59:37 - [MESSAGE][INFO] - Action delay is set to 0 milliseconds

2022-10-12 09:59:40 - [MESSAGE][PASSED] - Browser is opened with url: ''

2022-10-12 09:59:40 - [TEST_STEP][PASSED] - maximizeWindow(): Current window maximized

2022-10-12 09:59:40 - [MESSAGE][PASSED] - Current window maximized

2022-10-12 09:59:40 - [TEST_STEP][PASSED] - navigateToUrl("https://demo.seleniumeasy.com/"): Navigate to 'https://demo.seleniumeasy.com/' successfully

2022-10-12 09:59:44 - [MESSAGE][PASSED] - Navigate to 'https://demo.seleniumeasy.com/' successfully

2022-10-12 09:59:44 - [MESSAGE][PASSED] - Call Test Case 'Test Cases/Launch_seleniumeasy_page' successfully

2022-10-12 09:59:44 - [TEST_STEP][PASSED] - if (verifyElementVisible(findTestObject("Main_page/Button_Start_Practicing"), OPTIONAL)): Object: 'Object Repository/Main_page/Button_Start_Practicing' is clicked on

2022-10-12 09:59:45 - [MESSAGE][PASSED] - Object 'Object Repository/Main_page/Button_Start_Practicing' is visible

2022-10-12 09:59:45 - [TEST_STEP][PASSED] - click(findTestObject("Main_page/Button_Start_Practicing")): Object: 'Object Repository/Main_page/Button_Start_Practicing' is clicked on

2022-10-12 09:59:45 - [MESSAGE][PASSED] - Object: 'Object Repository/Main_page/Button_Start_Practicing' is clicked on

2022-10-12 09:59:45 - [TEST_STEP][PASSED] - enhancedClick(findTestObject("Main_page/option_Intermediate")): Object: 'Object Repository/Main_page/option_Intermediate' is clicked on

2022-10-12 09:59:46 - [MESSAGE][PASSED] - Object: 'Object Repository/Main_page/option_Intermediate' is clicked on

2022-10-12 09:59:46 - [TEST_STEP][PASSED] - verifyElementVisible(findTestObject("Intermediate/text_Intermediate"), STOP_ON_FAILURE): Object 'Object Repository/Intermediate/text_Intermediate' is visible

2022-10-12 09:59:46 - [MESSAGE][PASSED] - Object 'Object Repository/Intermediate/text_Intermediate' is visible

2022-10-12 09:59:46 - [MESSAGE][PASSED] - Call Test Case 'Test Cases/Intermediate/Prerequisite1_Access_Immediate' successfully

2022-10-12 09:59:46 - [TEST_STEP][PASSED] - click(findTestObject("Intermediate/option_JQuerySelectDropdown")): Object: 'Object Repository/Intermediate/option_JQuerySelectDropdown' is clicked on

2022-10-12 09:59:48 - [MESSAGE][PASSED] - Object: 'Object Repository/Intermediate/option_JQuerySelectDropdown' is clicked on

2022-10-12 09:59:48 - [TEST_STEP][PASSED] - click(findTestObject("Intermediate/3_JQuery_Select _Dropdown/input_Select_States")): Object: 'Object Repository/Intermediate/3_JQuery_Select _Dropdown/input_Select_States' is clicked on

2022-10-12 09:59:48 - [MESSAGE][PASSED] - Object: 'Object Repository/Intermediate/3_JQuery_Select _Dropdown/input_Select_States' is clicked on

2022-10-12 09:59:48 - [TEST_STEP][PASSED] - for ([i = 0, i < arrayLength, (i++)]): All options with label 'Florida' are selected in object 'Object Repository/Intermediate/3_JQuery_Select _Dropdown/select_Select_State' 

2022-10-12 09:59:48 - [TEST_STEP][PASSED] - selectOptionByLabel(findTestObject("Intermediate/3_JQuery_Select _Dropdown/select_Select_State"), selectedStates[i], false): All options with label 'Alabama' are selected in object 'Object Repository/Intermediate/3_JQuery_Select _Dropdown/select_Select_State' 

2022-10-12 09:59:49 - [MESSAGE][PASSED] - All options with label 'Alabama' are selected in object 'Object Repository/Intermediate/3_JQuery_Select _Dropdown/select_Select_State' 

2022-10-12 09:59:49 - [TEST_STEP][PASSED] - selectOptionByLabel(findTestObject("Intermediate/3_JQuery_Select _Dropdown/select_Select_State"), selectedStates[i], false): All options with label 'Alaska' are selected in object 'Object Repository/Intermediate/3_JQuery_Select _Dropdown/select_Select_State' 

2022-10-12 09:59:50 - [MESSAGE][PASSED] - All options with label 'Alaska' are selected in object 'Object Repository/Intermediate/3_JQuery_Select _Dropdown/select_Select_State' 

2022-10-12 09:59:50 - [TEST_STEP][PASSED] - selectOptionByLabel(findTestObject("Intermediate/3_JQuery_Select _Dropdown/select_Select_State"), selectedStates[i], false): All options with label 'Arizona' are selected in object 'Object Repository/Intermediate/3_JQuery_Select _Dropdown/select_Select_State' 

2022-10-12 09:59:51 - [MESSAGE][PASSED] - All options with label 'Arizona' are selected in object 'Object Repository/Intermediate/3_JQuery_Select _Dropdown/select_Select_State' 

2022-10-12 09:59:51 - [TEST_STEP][PASSED] - selectOptionByLabel(findTestObject("Intermediate/3_JQuery_Select _Dropdown/select_Select_State"), selectedStates[i], false): All options with label 'Arkansas' are selected in object 'Object Repository/Intermediate/3_JQuery_Select _Dropdown/select_Select_State' 

2022-10-12 09:59:51 - [MESSAGE][PASSED] - All options with label 'Arkansas' are selected in object 'Object Repository/Intermediate/3_JQuery_Select _Dropdown/select_Select_State' 

2022-10-12 09:59:51 - [TEST_STEP][PASSED] - selectOptionByLabel(findTestObject("Intermediate/3_JQuery_Select _Dropdown/select_Select_State"), selectedStates[i], false): All options with label 'California' are selected in object 'Object Repository/Intermediate/3_JQuery_Select _Dropdown/select_Select_State' 

2022-10-12 09:59:52 - [MESSAGE][PASSED] - All options with label 'California' are selected in object 'Object Repository/Intermediate/3_JQuery_Select _Dropdown/select_Select_State' 

2022-10-12 09:59:52 - [TEST_STEP][PASSED] - selectOptionByLabel(findTestObject("Intermediate/3_JQuery_Select _Dropdown/select_Select_State"), selectedStates[i], false): All options with label 'Colorado' are selected in object 'Object Repository/Intermediate/3_JQuery_Select _Dropdown/select_Select_State' 

2022-10-12 09:59:53 - [MESSAGE][PASSED] - All options with label 'Colorado' are selected in object 'Object Repository/Intermediate/3_JQuery_Select _Dropdown/select_Select_State' 

2022-10-12 09:59:53 - [TEST_STEP][PASSED] - selectOptionByLabel(findTestObject("Intermediate/3_JQuery_Select _Dropdown/select_Select_State"), selectedStates[i], false): All options with label 'Connecticut' are selected in object 'Object Repository/Intermediate/3_JQuery_Select _Dropdown/select_Select_State' 

2022-10-12 09:59:54 - [MESSAGE][PASSED] - All options with label 'Connecticut' are selected in object 'Object Repository/Intermediate/3_JQuery_Select _Dropdown/select_Select_State' 

2022-10-12 09:59:54 - [TEST_STEP][PASSED] - selectOptionByLabel(findTestObject("Intermediate/3_JQuery_Select _Dropdown/select_Select_State"), selectedStates[i], false): All options with label 'Delaware' are selected in object 'Object Repository/Intermediate/3_JQuery_Select _Dropdown/select_Select_State' 

2022-10-12 09:59:55 - [MESSAGE][PASSED] - All options with label 'Delaware' are selected in object 'Object Repository/Intermediate/3_JQuery_Select _Dropdown/select_Select_State' 

2022-10-12 09:59:55 - [TEST_STEP][PASSED] - selectOptionByLabel(findTestObject("Intermediate/3_JQuery_Select _Dropdown/select_Select_State"), selectedStates[i], false): All options with label 'District Of Columbia' are selected in object 'Object Repository/Intermediate/3_JQuery_Select _Dropdown/select_Select_State' 

2022-10-12 09:59:55 - [MESSAGE][PASSED] - All options with label 'District Of Columbia' are selected in object 'Object Repository/Intermediate/3_JQuery_Select _Dropdown/select_Select_State' 

2022-10-12 09:59:55 - [TEST_STEP][PASSED] - selectOptionByLabel(findTestObject("Intermediate/3_JQuery_Select _Dropdown/select_Select_State"), selectedStates[i], false): All options with label 'Florida' are selected in object 'Object Repository/Intermediate/3_JQuery_Select _Dropdown/select_Select_State' 

2022-10-12 09:59:56 - [MESSAGE][PASSED] - All options with label 'Florida' are selected in object 'Object Repository/Intermediate/3_JQuery_Select _Dropdown/select_Select_State' 

2022-10-12 09:59:56 - [TEST_STEP][PASSED] - verifiedText = getText(findTestObject("Intermediate/3_JQuery_Select _Dropdown/verify_selected_states")): Text of object 'Object Repository/Intermediate/3_JQuery_Select _Dropdown/verify_selected_states' is: '×Alabama
×Alaska
×Arizona
×Arkansas
×California
×Colorado
×Connecticut
×Delaware
×District Of Columbia
×Florida'

2022-10-12 09:59:57 - [MESSAGE][PASSED] - Text of object 'Object Repository/Intermediate/3_JQuery_Select _Dropdown/verify_selected_states' is: '×Alabama
×Alaska
×Arizona
×Arkansas
×California
×Colorado
×Connecticut
×Delaware
×District Of Columbia
×Florida'

2022-10-12 09:59:57 - [TEST_STEP][PASSED] - for ([i = 0, i < arrayLength, (i++)]): Object 'Object Repository/Intermediate/3_JQuery_Select _Dropdown/verify_selected_states_dynamic' is visible

2022-10-12 09:59:57 - [TEST_STEP][PASSED] - println(selectedStates[i]): null

2022-10-12 09:59:57 - [TEST_STEP][PASSED] - verifyElementVisible(findTestObject("Intermediate/3_JQuery_Select _Dropdown/verify_selected_states_dynamic", ["verifiedState":selectedStates[i]])): Object 'Object Repository/Intermediate/3_JQuery_Select _Dropdown/verify_selected_states_dynamic' is visible

2022-10-12 09:59:57 - [MESSAGE][PASSED] - Object 'Object Repository/Intermediate/3_JQuery_Select _Dropdown/verify_selected_states_dynamic' is visible

2022-10-12 09:59:57 - [TEST_STEP][PASSED] - println(selectedStates[i]): null

2022-10-12 09:59:57 - [TEST_STEP][PASSED] - verifyElementVisible(findTestObject("Intermediate/3_JQuery_Select _Dropdown/verify_selected_states_dynamic", ["verifiedState":selectedStates[i]])): Object 'Object Repository/Intermediate/3_JQuery_Select _Dropdown/verify_selected_states_dynamic' is visible

2022-10-12 09:59:57 - [MESSAGE][PASSED] - Object 'Object Repository/Intermediate/3_JQuery_Select _Dropdown/verify_selected_states_dynamic' is visible

2022-10-12 09:59:57 - [TEST_STEP][PASSED] - println(selectedStates[i]): null

2022-10-12 09:59:57 - [TEST_STEP][PASSED] - verifyElementVisible(findTestObject("Intermediate/3_JQuery_Select _Dropdown/verify_selected_states_dynamic", ["verifiedState":selectedStates[i]])): Object 'Object Repository/Intermediate/3_JQuery_Select _Dropdown/verify_selected_states_dynamic' is visible

2022-10-12 09:59:58 - [MESSAGE][PASSED] - Object 'Object Repository/Intermediate/3_JQuery_Select _Dropdown/verify_selected_states_dynamic' is visible

2022-10-12 09:59:58 - [TEST_STEP][PASSED] - println(selectedStates[i]): null

2022-10-12 09:59:58 - [TEST_STEP][PASSED] - verifyElementVisible(findTestObject("Intermediate/3_JQuery_Select _Dropdown/verify_selected_states_dynamic", ["verifiedState":selectedStates[i]])): Object 'Object Repository/Intermediate/3_JQuery_Select _Dropdown/verify_selected_states_dynamic' is visible

2022-10-12 09:59:59 - [MESSAGE][PASSED] - Object 'Object Repository/Intermediate/3_JQuery_Select _Dropdown/verify_selected_states_dynamic' is visible

2022-10-12 09:59:59 - [TEST_STEP][PASSED] - println(selectedStates[i]): null

2022-10-12 09:59:59 - [TEST_STEP][PASSED] - verifyElementVisible(findTestObject("Intermediate/3_JQuery_Select _Dropdown/verify_selected_states_dynamic", ["verifiedState":selectedStates[i]])): Object 'Object Repository/Intermediate/3_JQuery_Select _Dropdown/verify_selected_states_dynamic' is visible

2022-10-12 09:59:59 - [MESSAGE][PASSED] - Object 'Object Repository/Intermediate/3_JQuery_Select _Dropdown/verify_selected_states_dynamic' is visible

2022-10-12 09:59:59 - [TEST_STEP][PASSED] - println(selectedStates[i]): null

2022-10-12 09:59:59 - [TEST_STEP][PASSED] - verifyElementVisible(findTestObject("Intermediate/3_JQuery_Select _Dropdown/verify_selected_states_dynamic", ["verifiedState":selectedStates[i]])): Object 'Object Repository/Intermediate/3_JQuery_Select _Dropdown/verify_selected_states_dynamic' is visible

2022-10-12 09:59:59 - [MESSAGE][PASSED] - Object 'Object Repository/Intermediate/3_JQuery_Select _Dropdown/verify_selected_states_dynamic' is visible

2022-10-12 09:59:59 - [TEST_STEP][PASSED] - println(selectedStates[i]): null

2022-10-12 09:59:59 - [TEST_STEP][PASSED] - verifyElementVisible(findTestObject("Intermediate/3_JQuery_Select _Dropdown/verify_selected_states_dynamic", ["verifiedState":selectedStates[i]])): Object 'Object Repository/Intermediate/3_JQuery_Select _Dropdown/verify_selected_states_dynamic' is visible

2022-10-12 10:00:00 - [MESSAGE][PASSED] - Object 'Object Repository/Intermediate/3_JQuery_Select _Dropdown/verify_selected_states_dynamic' is visible

2022-10-12 10:00:00 - [TEST_STEP][PASSED] - println(selectedStates[i]): null

2022-10-12 10:00:00 - [TEST_STEP][PASSED] - verifyElementVisible(findTestObject("Intermediate/3_JQuery_Select _Dropdown/verify_selected_states_dynamic", ["verifiedState":selectedStates[i]])): Object 'Object Repository/Intermediate/3_JQuery_Select _Dropdown/verify_selected_states_dynamic' is visible

2022-10-12 10:00:00 - [MESSAGE][PASSED] - Object 'Object Repository/Intermediate/3_JQuery_Select _Dropdown/verify_selected_states_dynamic' is visible

2022-10-12 10:00:00 - [TEST_STEP][PASSED] - println(selectedStates[i]): null

2022-10-12 10:00:00 - [TEST_STEP][PASSED] - verifyElementVisible(findTestObject("Intermediate/3_JQuery_Select _Dropdown/verify_selected_states_dynamic", ["verifiedState":selectedStates[i]])): Object 'Object Repository/Intermediate/3_JQuery_Select _Dropdown/verify_selected_states_dynamic' is visible

2022-10-12 10:00:01 - [MESSAGE][PASSED] - Object 'Object Repository/Intermediate/3_JQuery_Select _Dropdown/verify_selected_states_dynamic' is visible

2022-10-12 10:00:01 - [TEST_STEP][PASSED] - println(selectedStates[i]): null

2022-10-12 10:00:01 - [TEST_STEP][PASSED] - verifyElementVisible(findTestObject("Intermediate/3_JQuery_Select _Dropdown/verify_selected_states_dynamic", ["verifiedState":selectedStates[i]])): Object 'Object Repository/Intermediate/3_JQuery_Select _Dropdown/verify_selected_states_dynamic' is visible

2022-10-12 10:00:01 - [MESSAGE][PASSED] - Object 'Object Repository/Intermediate/3_JQuery_Select _Dropdown/verify_selected_states_dynamic' is visible

2022-10-12 10:00:01 - [TEST_STEP][PASSED] - if (findTestData("TestData_Sheet2").getValue(1, rowNum) == TestID): null

2022-10-12 10:00:01 - [TEST_STEP][PASSED] - if (findTestData("TestData_Sheet2").getValue(1, rowNum) == TestID): null

2022-10-12 10:00:01 - [TEST_STEP][PASSED] - if (findTestData("TestData_Sheet2").getValue(1, rowNum) == TestID): null

2022-10-12 10:00:01 - [TEST_STEP][PASSED] - if (findTestData("TestData_Sheet2").getValue(1, rowNum) == TestID): null

2022-10-12 10:00:01 - [TEST_STEP][PASSED] - if (findTestData("TestData_Sheet2").getValue(1, rowNum) == TestID): null

2022-10-12 10:00:01 - [TEST_STEP][PASSED] - if (findTestData("TestData_Sheet2").getValue(1, rowNum) == TestID): null

2022-10-12 10:00:01 - [TEST_STEP][PASSED] - if (findTestData("TestData_Sheet2").getValue(1, rowNum) == TestID): null

2022-10-12 10:00:02 - [TEST_STEP][PASSED] - if (findTestData("TestData_Sheet2").getValue(1, rowNum) == TestID): null]]></system-out>
         <system-err><![CDATA[]]></system-err>
      </testcase>
      <testcase name="Test Cases/Intermediate/3_JQuery_Select _Dropdown/JQSD4_Verify_Options_Enable_Disable" time="23.566" classname="Test Cases/Intermediate/3_JQuery_Select _Dropdown/JQSD4_Verify_Options_Enable_Disable" status="PASSED">
         <system-out><![CDATA[2022-10-12 10:00:02 - [TEST_CASE][PASSED] - Test Cases/Intermediate/3_JQuery_Select _Dropdown/JQSD4_Verify_Options_Enable_Disable: Test Cases/Intermediate/3_JQuery_Select _Dropdown/JQSD4_Verify_Options_Enable_Disable

2022-10-12 10:00:02 - [TEST_STEP][PASSED] - TestID = "TEST-00001": null

2022-10-12 10:00:02 - [TEST_STEP][PASSED] - FileTestData = "TestData_Sheet3": null

2022-10-12 10:00:02 - [TEST_STEP][PASSED] - territoriesList = ["American Samoa", "Guam", "Northern Mariana Islands", "Puerto Rico", "United States Minor Outlying Islands", "Virgin Islands"]: null

2022-10-12 10:00:02 - [TEST_STEP][PASSED] - enableColor1 = "rgba(255, 255, 255, 1)": null

2022-10-12 10:00:02 - [TEST_STEP][PASSED] - enableColor2 = "rgba(53, 53, 53, 1)": null

2022-10-12 10:00:02 - [TEST_STEP][PASSED] - disableColor = "rgba(153, 153, 153, 1)": null

2022-10-12 10:00:02 - [TEST_STEP][PASSED] - totalRow = findTestData(FileTestData).getRowNumbers(): null

2022-10-12 10:00:02 - [TEST_STEP][PASSED] - arrayLength = <not implemented yet for class: org.codehaus.groovy.ast.expr.EmptyExpression>: null

2022-10-12 10:00:02 - [TEST_STEP][PASSED] - rowNum = <not implemented yet for class: org.codehaus.groovy.ast.expr.EmptyExpression>: null

2022-10-12 10:00:02 - [TEST_STEP][PASSED] - for ([rowNum = 1, rowNum < totalRow, (rowNum++)]): null

2022-10-12 10:00:02 - [TEST_STEP][PASSED] - if (findTestData(FileTestData).getValue(1, rowNum) == TestID): null

2022-10-12 10:00:02 - [TEST_STEP][PASSED] - totalColumn = findTestData(FileTestData).getColumnNumbers(): null

2022-10-12 10:00:02 - [TEST_STEP][PASSED] - println("Total column is: " + totalColumn): null

2022-10-12 10:00:02 - [TEST_STEP][PASSED] - for ([i = 0, i < totalColumn - 1, (i++)]): null

2022-10-12 10:00:02 - [TEST_STEP][PASSED] - if (findTestData(FileTestData).getValue(i + 2, rowNum) == ""): null

2022-10-12 10:00:02 - [TEST_STEP][PASSED] - (arrayLength++): null

2022-10-12 10:00:02 - [TEST_STEP][PASSED] - if (findTestData(FileTestData).getValue(i + 2, rowNum) == ""): null

2022-10-12 10:00:03 - [TEST_STEP][PASSED] - (arrayLength++): null

2022-10-12 10:00:03 - [TEST_STEP][PASSED] - if (findTestData(FileTestData).getValue(i + 2, rowNum) == ""): null

2022-10-12 10:00:03 - [TEST_STEP][PASSED] - (arrayLength++): null

2022-10-12 10:00:03 - [TEST_STEP][PASSED] - if (findTestData(FileTestData).getValue(i + 2, rowNum) == ""): null

2022-10-12 10:00:03 - [TEST_STEP][PASSED] - (arrayLength++): null

2022-10-12 10:00:03 - [TEST_STEP][PASSED] - if (findTestData(FileTestData).getValue(i + 2, rowNum) == ""): null

2022-10-12 10:00:03 - [TEST_STEP][PASSED] - (arrayLength++): null

2022-10-12 10:00:03 - [TEST_STEP][PASSED] - if (findTestData(FileTestData).getValue(i + 2, rowNum) == ""): null

2022-10-12 10:00:03 - [TEST_STEP][PASSED] - (arrayLength++): null

2022-10-12 10:00:03 - [TEST_STEP][PASSED] - if (findTestData(FileTestData).getValue(1, rowNum) == TestID): null

2022-10-12 10:00:03 - [TEST_STEP][PASSED] - if (findTestData(FileTestData).getValue(1, rowNum) == TestID): null

2022-10-12 10:00:03 - [TEST_STEP][PASSED] - if (findTestData(FileTestData).getValue(1, rowNum) == TestID): null

2022-10-12 10:00:03 - [TEST_STEP][PASSED] - if (findTestData(FileTestData).getValue(1, rowNum) == TestID): null

2022-10-12 10:00:03 - [TEST_STEP][PASSED] - if (findTestData(FileTestData).getValue(1, rowNum) == TestID): null

2022-10-12 10:00:03 - [TEST_STEP][PASSED] - if (findTestData(FileTestData).getValue(1, rowNum) == TestID): null

2022-10-12 10:00:03 - [TEST_STEP][PASSED] - if (findTestData(FileTestData).getValue(1, rowNum) == TestID): null

2022-10-12 10:00:03 - [TEST_STEP][PASSED] - if (findTestData(FileTestData).getValue(1, rowNum) == TestID): null

2022-10-12 10:00:03 - [TEST_STEP][PASSED] - println("Array length is: " + arrayLength): null

2022-10-12 10:00:03 - [TEST_STEP][PASSED] - listOptions = []: null

2022-10-12 10:00:03 - [TEST_STEP][PASSED] - for ([i = 0, i < arrayLength, (i++)]): null

2022-10-12 10:00:03 - [TEST_STEP][PASSED] - if (findTestData(FileTestData).getValue(i + 2, rowNum) == ""): null

2022-10-12 10:00:03 - [TEST_STEP][PASSED] - listOptions[i] = findTestData(FileTestData).getValue(i + 2, rowNum): null

2022-10-12 10:00:03 - [TEST_STEP][PASSED] - println("Value is: " + findTestData(FileTestData).getValue(i + 2, rowNum)): null

2022-10-12 10:00:03 - [TEST_STEP][PASSED] - if (findTestData(FileTestData).getValue(i + 2, rowNum) == ""): null

2022-10-12 10:00:03 - [TEST_STEP][PASSED] - listOptions[i] = findTestData(FileTestData).getValue(i + 2, rowNum): null

2022-10-12 10:00:04 - [TEST_STEP][PASSED] - println("Value is: " + findTestData(FileTestData).getValue(i + 2, rowNum)): null

2022-10-12 10:00:04 - [TEST_STEP][PASSED] - if (findTestData(FileTestData).getValue(i + 2, rowNum) == ""): null

2022-10-12 10:00:04 - [TEST_STEP][PASSED] - listOptions[i] = findTestData(FileTestData).getValue(i + 2, rowNum): null

2022-10-12 10:00:04 - [TEST_STEP][PASSED] - println("Value is: " + findTestData(FileTestData).getValue(i + 2, rowNum)): null

2022-10-12 10:00:04 - [TEST_STEP][PASSED] - if (findTestData(FileTestData).getValue(i + 2, rowNum) == ""): null

2022-10-12 10:00:04 - [TEST_STEP][PASSED] - listOptions[i] = findTestData(FileTestData).getValue(i + 2, rowNum): null

2022-10-12 10:00:04 - [TEST_STEP][PASSED] - println("Value is: " + findTestData(FileTestData).getValue(i + 2, rowNum)): null

2022-10-12 10:00:04 - [TEST_STEP][PASSED] - if (findTestData(FileTestData).getValue(i + 2, rowNum) == ""): null

2022-10-12 10:00:04 - [TEST_STEP][PASSED] - listOptions[i] = findTestData(FileTestData).getValue(i + 2, rowNum): null

2022-10-12 10:00:04 - [TEST_STEP][PASSED] - println("Value is: " + findTestData(FileTestData).getValue(i + 2, rowNum)): null

2022-10-12 10:00:04 - [TEST_STEP][PASSED] - if (findTestData(FileTestData).getValue(i + 2, rowNum) == ""): null

2022-10-12 10:00:05 - [TEST_STEP][PASSED] - listOptions[i] = findTestData(FileTestData).getValue(i + 2, rowNum): null

2022-10-12 10:00:05 - [TEST_STEP][PASSED] - println("Value is: " + findTestData(FileTestData).getValue(i + 2, rowNum)): null

2022-10-12 10:00:05 - [TEST_STEP][PASSED] - callTestCase(findTestCase("Intermediate/Prerequisite1_Access_Immediate"), [:], STOP_ON_FAILURE): Call Test Case 'Test Cases/Intermediate/Prerequisite1_Access_Immediate' successfully

2022-10-12 10:00:05 - [TEST_CASE][PASSED] - Test Cases/Intermediate/Prerequisite1_Access_Immediate: Test Cases/Intermediate/Prerequisite1_Access_Immediate

2022-10-12 10:00:05 - [TEST_STEP][PASSED] - callTestCase(findTestCase("Launch_seleniumeasy_page"), [:], STOP_ON_FAILURE): Call Test Case 'Test Cases/Launch_seleniumeasy_page' successfully

2022-10-12 10:00:05 - [TEST_CASE][PASSED] - Test Cases/Launch_seleniumeasy_page: Test Cases/Launch_seleniumeasy_page

2022-10-12 10:00:05 - [TEST_STEP][PASSED] - openBrowser(""): Browser is opened with url: ''

2022-10-12 10:00:05 - [MESSAGE][WARNING] - A browser is already opened. Closing browser and opening a new one

2022-10-12 10:00:07 - [MESSAGE][INFO] - Starting 'Chrome' driver

2022-10-12 10:00:07 - [MESSAGE][INFO] - Action delay is set to 0 milliseconds

2022-10-12 10:00:09 - [MESSAGE][PASSED] - Browser is opened with url: ''

2022-10-12 10:00:09 - [TEST_STEP][PASSED] - maximizeWindow(): Current window maximized

2022-10-12 10:00:10 - [MESSAGE][PASSED] - Current window maximized

2022-10-12 10:00:10 - [TEST_STEP][PASSED] - navigateToUrl("https://demo.seleniumeasy.com/"): Navigate to 'https://demo.seleniumeasy.com/' successfully

2022-10-12 10:00:16 - [MESSAGE][PASSED] - Navigate to 'https://demo.seleniumeasy.com/' successfully

2022-10-12 10:00:16 - [MESSAGE][PASSED] - Call Test Case 'Test Cases/Launch_seleniumeasy_page' successfully

2022-10-12 10:00:16 - [TEST_STEP][PASSED] - if (verifyElementVisible(findTestObject("Main_page/Button_Start_Practicing"), OPTIONAL)): Object: 'Object Repository/Main_page/Button_Start_Practicing' is clicked on

2022-10-12 10:00:16 - [MESSAGE][PASSED] - Object 'Object Repository/Main_page/Button_Start_Practicing' is visible

2022-10-12 10:00:16 - [TEST_STEP][PASSED] - click(findTestObject("Main_page/Button_Start_Practicing")): Object: 'Object Repository/Main_page/Button_Start_Practicing' is clicked on

2022-10-12 10:00:17 - [MESSAGE][PASSED] - Object: 'Object Repository/Main_page/Button_Start_Practicing' is clicked on

2022-10-12 10:00:17 - [TEST_STEP][PASSED] - enhancedClick(findTestObject("Main_page/option_Intermediate")): Object: 'Object Repository/Main_page/option_Intermediate' is clicked on

2022-10-12 10:00:17 - [MESSAGE][PASSED] - Object: 'Object Repository/Main_page/option_Intermediate' is clicked on

2022-10-12 10:00:17 - [TEST_STEP][PASSED] - verifyElementVisible(findTestObject("Intermediate/text_Intermediate"), STOP_ON_FAILURE): Object 'Object Repository/Intermediate/text_Intermediate' is visible

2022-10-12 10:00:17 - [MESSAGE][PASSED] - Object 'Object Repository/Intermediate/text_Intermediate' is visible

2022-10-12 10:00:17 - [MESSAGE][PASSED] - Call Test Case 'Test Cases/Intermediate/Prerequisite1_Access_Immediate' successfully

2022-10-12 10:00:17 - [TEST_STEP][PASSED] - click(findTestObject("Intermediate/option_JQuerySelectDropdown")): Object: 'Object Repository/Intermediate/option_JQuerySelectDropdown' is clicked on

2022-10-12 10:00:20 - [MESSAGE][PASSED] - Object: 'Object Repository/Intermediate/option_JQuerySelectDropdown' is clicked on

2022-10-12 10:00:20 - [TEST_STEP][PASSED] - click(findTestObject("Intermediate/3_JQuery_Select _Dropdown/span_Select_US_Outlying_Territories")): Object: 'Object Repository/Intermediate/3_JQuery_Select _Dropdown/span_Select_US_Outlying_Territories' is clicked on

2022-10-12 10:00:20 - [MESSAGE][PASSED] - Object: 'Object Repository/Intermediate/3_JQuery_Select _Dropdown/span_Select_US_Outlying_Territories' is clicked on

2022-10-12 10:00:20 - [TEST_STEP][PASSED] - getAttributeValue = []: null

2022-10-12 10:00:20 - [TEST_STEP][PASSED] - for ([i = 0, i < length, (i++)]): null

2022-10-12 10:00:20 - [TEST_STEP][PASSED] - getAttributeValue[i] = getAttribute(findTestObject("Intermediate/3_JQuery_Select _Dropdown/li_territory_dynamic", ["territory":territoriesList[i]]), "aria-disabled"): Attribute 'aria-disabled' of object 'Object Repository/Intermediate/3_JQuery_Select _Dropdown/li_territory_dynamic' is: 'null'

2022-10-12 10:00:21 - [MESSAGE][PASSED] - Attribute 'aria-disabled' of object 'Object Repository/Intermediate/3_JQuery_Select _Dropdown/li_territory_dynamic' is: 'null'

2022-10-12 10:00:21 - [TEST_STEP][PASSED] - if (getAttributeValue[i] == "true"): null

2022-10-12 10:00:21 - [TEST_STEP][PASSED] - else: null

2022-10-12 10:00:21 - [TEST_STEP][PASSED] - getAttributeValue[i] = "enable": null

2022-10-12 10:00:21 - [TEST_STEP][PASSED] - getAttributeValue[i] = getAttribute(findTestObject("Intermediate/3_JQuery_Select _Dropdown/li_territory_dynamic", ["territory":territoriesList[i]]), "aria-disabled"): Attribute 'aria-disabled' of object 'Object Repository/Intermediate/3_JQuery_Select _Dropdown/li_territory_dynamic' is: 'true'

2022-10-12 10:00:21 - [MESSAGE][PASSED] - Attribute 'aria-disabled' of object 'Object Repository/Intermediate/3_JQuery_Select _Dropdown/li_territory_dynamic' is: 'true'

2022-10-12 10:00:21 - [TEST_STEP][PASSED] - if (getAttributeValue[i] == "true"): null

2022-10-12 10:00:21 - [TEST_STEP][PASSED] - getAttributeValue[i] = getAttribute(findTestObject("Intermediate/3_JQuery_Select _Dropdown/li_territory_dynamic", ["territory":territoriesList[i]]), "aria-disabled"): Attribute 'aria-disabled' of object 'Object Repository/Intermediate/3_JQuery_Select _Dropdown/li_territory_dynamic' is: 'null'

2022-10-12 10:00:21 - [MESSAGE][PASSED] - Attribute 'aria-disabled' of object 'Object Repository/Intermediate/3_JQuery_Select _Dropdown/li_territory_dynamic' is: 'null'

2022-10-12 10:00:21 - [TEST_STEP][PASSED] - if (getAttributeValue[i] == "true"): null

2022-10-12 10:00:21 - [TEST_STEP][PASSED] - else: null

2022-10-12 10:00:21 - [TEST_STEP][PASSED] - getAttributeValue[i] = "enable": null

2022-10-12 10:00:21 - [TEST_STEP][PASSED] - getAttributeValue[i] = getAttribute(findTestObject("Intermediate/3_JQuery_Select _Dropdown/li_territory_dynamic", ["territory":territoriesList[i]]), "aria-disabled"): Attribute 'aria-disabled' of object 'Object Repository/Intermediate/3_JQuery_Select _Dropdown/li_territory_dynamic' is: 'null'

2022-10-12 10:00:22 - [MESSAGE][PASSED] - Attribute 'aria-disabled' of object 'Object Repository/Intermediate/3_JQuery_Select _Dropdown/li_territory_dynamic' is: 'null'

2022-10-12 10:00:22 - [TEST_STEP][PASSED] - if (getAttributeValue[i] == "true"): null

2022-10-12 10:00:22 - [TEST_STEP][PASSED] - else: null

2022-10-12 10:00:22 - [TEST_STEP][PASSED] - getAttributeValue[i] = "enable": null

2022-10-12 10:00:22 - [TEST_STEP][PASSED] - getAttributeValue[i] = getAttribute(findTestObject("Intermediate/3_JQuery_Select _Dropdown/li_territory_dynamic", ["territory":territoriesList[i]]), "aria-disabled"): Attribute 'aria-disabled' of object 'Object Repository/Intermediate/3_JQuery_Select _Dropdown/li_territory_dynamic' is: 'true'

2022-10-12 10:00:22 - [MESSAGE][PASSED] - Attribute 'aria-disabled' of object 'Object Repository/Intermediate/3_JQuery_Select _Dropdown/li_territory_dynamic' is: 'true'

2022-10-12 10:00:22 - [TEST_STEP][PASSED] - if (getAttributeValue[i] == "true"): null

2022-10-12 10:00:22 - [TEST_STEP][PASSED] - getAttributeValue[i] = getAttribute(findTestObject("Intermediate/3_JQuery_Select _Dropdown/li_territory_dynamic", ["territory":territoriesList[i]]), "aria-disabled"): Attribute 'aria-disabled' of object 'Object Repository/Intermediate/3_JQuery_Select _Dropdown/li_territory_dynamic' is: 'null'

2022-10-12 10:00:23 - [MESSAGE][PASSED] - Attribute 'aria-disabled' of object 'Object Repository/Intermediate/3_JQuery_Select _Dropdown/li_territory_dynamic' is: 'null'

2022-10-12 10:00:23 - [TEST_STEP][PASSED] - if (getAttributeValue[i] == "true"): null

2022-10-12 10:00:23 - [TEST_STEP][PASSED] - else: null

2022-10-12 10:00:23 - [TEST_STEP][PASSED] - getAttributeValue[i] = "enable": null

2022-10-12 10:00:23 - [TEST_STEP][PASSED] - getCSSValue = []: null

2022-10-12 10:00:23 - [TEST_STEP][PASSED] - for ([i = 0, i < length, (i++)]): null

2022-10-12 10:00:23 - [TEST_STEP][PASSED] - getCSSValue[i] = getCSSValue(findTestObject("Intermediate/3_JQuery_Select _Dropdown/li_territory_dynamic", ["territory":territoriesList[i]]), "color"): Get CSS 'color' value on 'Object Repository/Intermediate/3_JQuery_Select _Dropdown/li_territory_dynamic' successfully: 'rgba(255, 255, 255, 1)'.

2022-10-12 10:00:23 - [MESSAGE][PASSED] - Get CSS 'color' value on 'Object Repository/Intermediate/3_JQuery_Select _Dropdown/li_territory_dynamic' successfully: 'rgba(255, 255, 255, 1)'.

2022-10-12 10:00:23 - [TEST_STEP][PASSED] - if (getCSSValue[i] == enableColor1 || getCSSValue[i] == enableColor2): null

2022-10-12 10:00:23 - [TEST_STEP][PASSED] - getCSSValue[i] = getCSSValue(findTestObject("Intermediate/3_JQuery_Select _Dropdown/li_territory_dynamic", ["territory":territoriesList[i]]), "color"): Get CSS 'color' value on 'Object Repository/Intermediate/3_JQuery_Select _Dropdown/li_territory_dynamic' successfully: 'rgba(153, 153, 153, 1)'.

2022-10-12 10:00:24 - [MESSAGE][PASSED] - Get CSS 'color' value on 'Object Repository/Intermediate/3_JQuery_Select _Dropdown/li_territory_dynamic' successfully: 'rgba(153, 153, 153, 1)'.

2022-10-12 10:00:24 - [TEST_STEP][PASSED] - if (getCSSValue[i] == enableColor1 || getCSSValue[i] == enableColor2): null

2022-10-12 10:00:24 - [TEST_STEP][PASSED] - getCSSValue[i] = getCSSValue(findTestObject("Intermediate/3_JQuery_Select _Dropdown/li_territory_dynamic", ["territory":territoriesList[i]]), "color"): Get CSS 'color' value on 'Object Repository/Intermediate/3_JQuery_Select _Dropdown/li_territory_dynamic' successfully: 'rgba(53, 53, 53, 1)'.

2022-10-12 10:00:24 - [MESSAGE][PASSED] - Get CSS 'color' value on 'Object Repository/Intermediate/3_JQuery_Select _Dropdown/li_territory_dynamic' successfully: 'rgba(53, 53, 53, 1)'.

2022-10-12 10:00:24 - [TEST_STEP][PASSED] - if (getCSSValue[i] == enableColor1 || getCSSValue[i] == enableColor2): null

2022-10-12 10:00:24 - [TEST_STEP][PASSED] - getCSSValue[i] = getCSSValue(findTestObject("Intermediate/3_JQuery_Select _Dropdown/li_territory_dynamic", ["territory":territoriesList[i]]), "color"): Get CSS 'color' value on 'Object Repository/Intermediate/3_JQuery_Select _Dropdown/li_territory_dynamic' successfully: 'rgba(53, 53, 53, 1)'.

2022-10-12 10:00:24 - [MESSAGE][PASSED] - Get CSS 'color' value on 'Object Repository/Intermediate/3_JQuery_Select _Dropdown/li_territory_dynamic' successfully: 'rgba(53, 53, 53, 1)'.

2022-10-12 10:00:24 - [TEST_STEP][PASSED] - if (getCSSValue[i] == enableColor1 || getCSSValue[i] == enableColor2): null

2022-10-12 10:00:24 - [TEST_STEP][PASSED] - getCSSValue[i] = getCSSValue(findTestObject("Intermediate/3_JQuery_Select _Dropdown/li_territory_dynamic", ["territory":territoriesList[i]]), "color"): Get CSS 'color' value on 'Object Repository/Intermediate/3_JQuery_Select _Dropdown/li_territory_dynamic' successfully: 'rgba(153, 153, 153, 1)'.

2022-10-12 10:00:25 - [MESSAGE][PASSED] - Get CSS 'color' value on 'Object Repository/Intermediate/3_JQuery_Select _Dropdown/li_territory_dynamic' successfully: 'rgba(153, 153, 153, 1)'.

2022-10-12 10:00:25 - [TEST_STEP][PASSED] - if (getCSSValue[i] == enableColor1 || getCSSValue[i] == enableColor2): null

2022-10-12 10:00:25 - [TEST_STEP][PASSED] - getCSSValue[i] = getCSSValue(findTestObject("Intermediate/3_JQuery_Select _Dropdown/li_territory_dynamic", ["territory":territoriesList[i]]), "color"): Get CSS 'color' value on 'Object Repository/Intermediate/3_JQuery_Select _Dropdown/li_territory_dynamic' successfully: 'rgba(53, 53, 53, 1)'.

2022-10-12 10:00:25 - [MESSAGE][PASSED] - Get CSS 'color' value on 'Object Repository/Intermediate/3_JQuery_Select _Dropdown/li_territory_dynamic' successfully: 'rgba(53, 53, 53, 1)'.

2022-10-12 10:00:25 - [TEST_STEP][PASSED] - if (getCSSValue[i] == enableColor1 || getCSSValue[i] == enableColor2): null

2022-10-12 10:00:25 - [TEST_STEP][PASSED] - for ([i = 0, i < length, (i++)]): Actual object 'enable' and expected object 'enable' are equal

2022-10-12 10:00:25 - [TEST_STEP][PASSED] - verifyEqual(getAttributeValue[i], listOptions[i]): Actual object 'enable' and expected object 'enable' are equal

2022-10-12 10:00:25 - [MESSAGE][PASSED] - Actual object 'enable' and expected object 'enable' are equal

2022-10-12 10:00:25 - [TEST_STEP][PASSED] - verifyEqual(getCSSValue[i], listOptions[i]): Actual object 'enable' and expected object 'enable' are equal

2022-10-12 10:00:25 - [MESSAGE][PASSED] - Actual object 'enable' and expected object 'enable' are equal

2022-10-12 10:00:25 - [TEST_STEP][PASSED] - verifyEqual(getAttributeValue[i], listOptions[i]): Actual object 'disable' and expected object 'disable' are equal

2022-10-12 10:00:25 - [MESSAGE][PASSED] - Actual object 'disable' and expected object 'disable' are equal

2022-10-12 10:00:25 - [TEST_STEP][PASSED] - verifyEqual(getCSSValue[i], listOptions[i]): Actual object 'disable' and expected object 'disable' are equal

2022-10-12 10:00:25 - [MESSAGE][PASSED] - Actual object 'disable' and expected object 'disable' are equal

2022-10-12 10:00:25 - [TEST_STEP][PASSED] - verifyEqual(getAttributeValue[i], listOptions[i]): Actual object 'enable' and expected object 'enable' are equal

2022-10-12 10:00:25 - [MESSAGE][PASSED] - Actual object 'enable' and expected object 'enable' are equal

2022-10-12 10:00:25 - [TEST_STEP][PASSED] - verifyEqual(getCSSValue[i], listOptions[i]): Actual object 'enable' and expected object 'enable' are equal

2022-10-12 10:00:25 - [MESSAGE][PASSED] - Actual object 'enable' and expected object 'enable' are equal

2022-10-12 10:00:25 - [TEST_STEP][PASSED] - verifyEqual(getAttributeValue[i], listOptions[i]): Actual object 'enable' and expected object 'enable' are equal

2022-10-12 10:00:25 - [MESSAGE][PASSED] - Actual object 'enable' and expected object 'enable' are equal

2022-10-12 10:00:25 - [TEST_STEP][PASSED] - verifyEqual(getCSSValue[i], listOptions[i]): Actual object 'enable' and expected object 'enable' are equal

2022-10-12 10:00:25 - [MESSAGE][PASSED] - Actual object 'enable' and expected object 'enable' are equal

2022-10-12 10:00:25 - [TEST_STEP][PASSED] - verifyEqual(getAttributeValue[i], listOptions[i]): Actual object 'disable' and expected object 'disable' are equal

2022-10-12 10:00:25 - [MESSAGE][PASSED] - Actual object 'disable' and expected object 'disable' are equal

2022-10-12 10:00:25 - [TEST_STEP][PASSED] - verifyEqual(getCSSValue[i], listOptions[i]): Actual object 'disable' and expected object 'disable' are equal

2022-10-12 10:00:25 - [MESSAGE][PASSED] - Actual object 'disable' and expected object 'disable' are equal

2022-10-12 10:00:25 - [TEST_STEP][PASSED] - verifyEqual(getAttributeValue[i], listOptions[i]): Actual object 'enable' and expected object 'enable' are equal

2022-10-12 10:00:25 - [MESSAGE][PASSED] - Actual object 'enable' and expected object 'enable' are equal

2022-10-12 10:00:25 - [TEST_STEP][PASSED] - verifyEqual(getCSSValue[i], listOptions[i]): Actual object 'enable' and expected object 'enable' are equal

2022-10-12 10:00:25 - [MESSAGE][PASSED] - Actual object 'enable' and expected object 'enable' are equal]]></system-out>
         <system-err><![CDATA[]]></system-err>
      </testcase>
      <testcase name="Test Cases/Intermediate/3_JQuery_Select _Dropdown/JQSD5_Select_File" time="28.776" classname="Test Cases/Intermediate/3_JQuery_Select _Dropdown/JQSD5_Select_File" status="PASSED">
         <system-out><![CDATA[2022-10-12 10:00:25 - [TEST_CASE][PASSED] - Test Cases/Intermediate/3_JQuery_Select _Dropdown/JQSD5_Select_File: Test Cases/Intermediate/3_JQuery_Select _Dropdown/JQSD5_Select_File

2022-10-12 10:00:26 - [TEST_STEP][PASSED] - TestID = "TEST-00001": null

2022-10-12 10:00:26 - [TEST_STEP][PASSED] - FileTestData = "TestData_Sheet4": null

2022-10-12 10:00:26 - [TEST_STEP][PASSED] - totalRow = findTestData(FileTestData).getRowNumbers(): null

2022-10-12 10:00:26 - [TEST_STEP][PASSED] - totalColumn = findTestData(FileTestData).getColumnNumbers(): null

2022-10-12 10:00:26 - [TEST_STEP][PASSED] - arrayLength = 0: null

2022-10-12 10:00:26 - [TEST_STEP][PASSED] - for ([rowNum = 1, rowNum < totalRow, (rowNum++)]): null

2022-10-12 10:00:26 - [TEST_STEP][PASSED] - if (findTestData(FileTestData).getValue(1, rowNum) == TestID): null

2022-10-12 10:00:26 - [TEST_STEP][PASSED] - for ([i = 0, i < totalColumn - 1, (i++)]): null

2022-10-12 10:00:26 - [TEST_STEP][PASSED] - if (findTestData(FileTestData).getValue(i + 2, rowNum) == ""): null

2022-10-12 10:00:26 - [TEST_STEP][PASSED] - (arrayLength++): null

2022-10-12 10:00:26 - [TEST_STEP][PASSED] - if (findTestData(FileTestData).getValue(i + 2, rowNum) == ""): null

2022-10-12 10:00:26 - [TEST_STEP][PASSED] - (arrayLength++): null

2022-10-12 10:00:26 - [TEST_STEP][PASSED] - if (findTestData(FileTestData).getValue(i + 2, rowNum) == ""): null

2022-10-12 10:00:27 - [TEST_STEP][PASSED] - (arrayLength++): null

2022-10-12 10:00:27 - [TEST_STEP][PASSED] - if (findTestData(FileTestData).getValue(1, rowNum) == TestID): null

2022-10-12 10:00:27 - [TEST_STEP][PASSED] - if (findTestData(FileTestData).getValue(1, rowNum) == TestID): null

2022-10-12 10:00:27 - [TEST_STEP][PASSED] - if (findTestData(FileTestData).getValue(1, rowNum) == TestID): null

2022-10-12 10:00:27 - [TEST_STEP][PASSED] - if (findTestData(FileTestData).getValue(1, rowNum) == TestID): null

2022-10-12 10:00:27 - [TEST_STEP][PASSED] - if (findTestData(FileTestData).getValue(1, rowNum) == TestID): null

2022-10-12 10:00:27 - [TEST_STEP][PASSED] - if (findTestData(FileTestData).getValue(1, rowNum) == TestID): null

2022-10-12 10:00:27 - [TEST_STEP][PASSED] - if (findTestData(FileTestData).getValue(1, rowNum) == TestID): null

2022-10-12 10:00:27 - [TEST_STEP][PASSED] - if (findTestData(FileTestData).getValue(1, rowNum) == TestID): null

2022-10-12 10:00:27 - [TEST_STEP][PASSED] - println("

Array length is: " + arrayLength + "

"): null

2022-10-12 10:00:27 - [TEST_STEP][PASSED] - listOptionGroups = []: null

2022-10-12 10:00:27 - [TEST_STEP][PASSED] - for ([rowNum = 1, rowNum < totalRow, (rowNum++)]): null

2022-10-12 10:00:27 - [TEST_STEP][PASSED] - if (findTestData(FileTestData).getValue(1, rowNum) == TestID): null

2022-10-12 10:00:27 - [TEST_STEP][PASSED] - for ([i = 0, i < arrayLength, (i++)]): null

2022-10-12 10:00:27 - [TEST_STEP][PASSED] - if (findTestData(FileTestData).getValue(i + 2, 1) == ""): null

2022-10-12 10:00:27 - [TEST_STEP][PASSED] - listOptionGroups[i] = findTestData(FileTestData).getValue(i + 2, rowNum): null

2022-10-12 10:00:28 - [TEST_STEP][PASSED] - if (findTestData(FileTestData).getValue(i + 2, 1) == ""): null

2022-10-12 10:00:28 - [TEST_STEP][PASSED] - listOptionGroups[i] = findTestData(FileTestData).getValue(i + 2, rowNum): null

2022-10-12 10:00:28 - [TEST_STEP][PASSED] - if (findTestData(FileTestData).getValue(i + 2, 1) == ""): null

2022-10-12 10:00:28 - [TEST_STEP][PASSED] - listOptionGroups[i] = findTestData(FileTestData).getValue(i + 2, rowNum): null

2022-10-12 10:00:28 - [TEST_STEP][PASSED] - if (findTestData(FileTestData).getValue(1, rowNum) == TestID): null

2022-10-12 10:00:28 - [TEST_STEP][PASSED] - if (findTestData(FileTestData).getValue(1, rowNum) == TestID): null

2022-10-12 10:00:28 - [TEST_STEP][PASSED] - if (findTestData(FileTestData).getValue(1, rowNum) == TestID): null

2022-10-12 10:00:28 - [TEST_STEP][PASSED] - if (findTestData(FileTestData).getValue(1, rowNum) == TestID): null

2022-10-12 10:00:28 - [TEST_STEP][PASSED] - if (findTestData(FileTestData).getValue(1, rowNum) == TestID): null

2022-10-12 10:00:28 - [TEST_STEP][PASSED] - if (findTestData(FileTestData).getValue(1, rowNum) == TestID): null

2022-10-12 10:00:28 - [TEST_STEP][PASSED] - if (findTestData(FileTestData).getValue(1, rowNum) == TestID): null

2022-10-12 10:00:28 - [TEST_STEP][PASSED] - if (findTestData(FileTestData).getValue(1, rowNum) == TestID): null

2022-10-12 10:00:29 - [TEST_STEP][PASSED] - println(listOptionGroups): null

2022-10-12 10:00:29 - [TEST_STEP][PASSED] - callTestCase(findTestCase("Intermediate/Prerequisite1_Access_Immediate"), [:], STOP_ON_FAILURE): Call Test Case 'Test Cases/Intermediate/Prerequisite1_Access_Immediate' successfully

2022-10-12 10:00:29 - [TEST_CASE][PASSED] - Test Cases/Intermediate/Prerequisite1_Access_Immediate: Test Cases/Intermediate/Prerequisite1_Access_Immediate

2022-10-12 10:00:29 - [TEST_STEP][PASSED] - callTestCase(findTestCase("Launch_seleniumeasy_page"), [:], STOP_ON_FAILURE): Call Test Case 'Test Cases/Launch_seleniumeasy_page' successfully

2022-10-12 10:00:29 - [TEST_CASE][PASSED] - Test Cases/Launch_seleniumeasy_page: Test Cases/Launch_seleniumeasy_page

2022-10-12 10:00:29 - [TEST_STEP][PASSED] - openBrowser(""): Browser is opened with url: ''

2022-10-12 10:00:29 - [MESSAGE][WARNING] - A browser is already opened. Closing browser and opening a new one

2022-10-12 10:00:30 - [MESSAGE][INFO] - Starting 'Chrome' driver

2022-10-12 10:00:30 - [MESSAGE][INFO] - Action delay is set to 0 milliseconds

2022-10-12 10:00:33 - [MESSAGE][PASSED] - Browser is opened with url: ''

2022-10-12 10:00:33 - [TEST_STEP][PASSED] - maximizeWindow(): Current window maximized

2022-10-12 10:00:33 - [MESSAGE][PASSED] - Current window maximized

2022-10-12 10:00:33 - [TEST_STEP][PASSED] - navigateToUrl("https://demo.seleniumeasy.com/"): Navigate to 'https://demo.seleniumeasy.com/' successfully

2022-10-12 10:00:38 - [MESSAGE][PASSED] - Navigate to 'https://demo.seleniumeasy.com/' successfully

2022-10-12 10:00:38 - [MESSAGE][PASSED] - Call Test Case 'Test Cases/Launch_seleniumeasy_page' successfully

2022-10-12 10:00:38 - [TEST_STEP][PASSED] - if (verifyElementVisible(findTestObject("Main_page/Button_Start_Practicing"), OPTIONAL)): Object: 'Object Repository/Main_page/Button_Start_Practicing' is clicked on

2022-10-12 10:00:39 - [MESSAGE][PASSED] - Object 'Object Repository/Main_page/Button_Start_Practicing' is visible

2022-10-12 10:00:39 - [TEST_STEP][PASSED] - click(findTestObject("Main_page/Button_Start_Practicing")): Object: 'Object Repository/Main_page/Button_Start_Practicing' is clicked on

2022-10-12 10:00:39 - [MESSAGE][PASSED] - Object: 'Object Repository/Main_page/Button_Start_Practicing' is clicked on

2022-10-12 10:00:39 - [TEST_STEP][PASSED] - enhancedClick(findTestObject("Main_page/option_Intermediate")): Object: 'Object Repository/Main_page/option_Intermediate' is clicked on

2022-10-12 10:00:39 - [MESSAGE][PASSED] - Object: 'Object Repository/Main_page/option_Intermediate' is clicked on

2022-10-12 10:00:39 - [TEST_STEP][PASSED] - verifyElementVisible(findTestObject("Intermediate/text_Intermediate"), STOP_ON_FAILURE): Object 'Object Repository/Intermediate/text_Intermediate' is visible

2022-10-12 10:00:40 - [MESSAGE][PASSED] - Object 'Object Repository/Intermediate/text_Intermediate' is visible

2022-10-12 10:00:40 - [MESSAGE][PASSED] - Call Test Case 'Test Cases/Intermediate/Prerequisite1_Access_Immediate' successfully

2022-10-12 10:00:40 - [TEST_STEP][PASSED] - click(findTestObject("Intermediate/option_JQuerySelectDropdown")): Object: 'Object Repository/Intermediate/option_JQuerySelectDropdown' is clicked on

2022-10-12 10:00:42 - [MESSAGE][PASSED] - Object: 'Object Repository/Intermediate/option_JQuerySelectDropdown' is clicked on

2022-10-12 10:00:42 - [TEST_STEP][PASSED] - for ([i = 0, i < length, (i++)]): null

2022-10-12 10:00:42 - [TEST_STEP][PASSED] - result = verifyElementPresent(findTestObject("Intermediate/3_JQuery_Select _Dropdown/option_group_Files", ["optionGroup":listOptionGroups[i]]), 3): Object 'Object Repository/Intermediate/3_JQuery_Select _Dropdown/option_group_Files' is present

2022-10-12 10:00:42 - [MESSAGE][PASSED] - Object 'Object Repository/Intermediate/3_JQuery_Select _Dropdown/option_group_Files' is present

2022-10-12 10:00:42 - [TEST_STEP][PASSED] - if (result == true): null

2022-10-12 10:00:42 - [TEST_STEP][PASSED] - println("Option group named " + listOptionGroups[i] + " is present"): null

2022-10-12 10:00:42 - [TEST_STEP][PASSED] - result = verifyElementPresent(findTestObject("Intermediate/3_JQuery_Select _Dropdown/option_group_Files", ["optionGroup":listOptionGroups[i]]), 3): Object 'Object Repository/Intermediate/3_JQuery_Select _Dropdown/option_group_Files' is present

2022-10-12 10:00:42 - [MESSAGE][PASSED] - Object 'Object Repository/Intermediate/3_JQuery_Select _Dropdown/option_group_Files' is present

2022-10-12 10:00:42 - [TEST_STEP][PASSED] - if (result == true): null

2022-10-12 10:00:42 - [TEST_STEP][PASSED] - println("Option group named " + listOptionGroups[i] + " is present"): null

2022-10-12 10:00:42 - [TEST_STEP][PASSED] - result = verifyElementPresent(findTestObject("Intermediate/3_JQuery_Select _Dropdown/option_group_Files", ["optionGroup":listOptionGroups[i]]), 3): Object 'Object Repository/Intermediate/3_JQuery_Select _Dropdown/option_group_Files' is present

2022-10-12 10:00:43 - [MESSAGE][PASSED] - Object 'Object Repository/Intermediate/3_JQuery_Select _Dropdown/option_group_Files' is present

2022-10-12 10:00:43 - [TEST_STEP][PASSED] - if (result == true): null

2022-10-12 10:00:43 - [TEST_STEP][PASSED] - println("Option group named " + listOptionGroups[i] + " is present"): null

2022-10-12 10:00:43 - [TEST_STEP][PASSED] - TestID = "TEST-00002": null

2022-10-12 10:00:43 - [TEST_STEP][PASSED] - optionGroup = "Scripting languages": null

2022-10-12 10:00:43 - [TEST_STEP][PASSED] - arrayLength = 0: null

2022-10-12 10:00:43 - [TEST_STEP][PASSED] - for ([rowNum = 1, rowNum < totalRow, (rowNum++)]): null

2022-10-12 10:00:43 - [TEST_STEP][PASSED] - if (findTestData(FileTestData).getValue(1, rowNum) == TestID): null

2022-10-12 10:00:43 - [TEST_STEP][PASSED] - if (findTestData(FileTestData).getValue(1, rowNum) == TestID): null

2022-10-12 10:00:43 - [TEST_STEP][PASSED] - for ([i = 0, i < totalColumn - 1, (i++)]): null

2022-10-12 10:00:43 - [TEST_STEP][PASSED] - if (findTestData(FileTestData).getValue(i + 2, rowNum) == ""): null

2022-10-12 10:00:43 - [TEST_STEP][PASSED] - (arrayLength++): null

2022-10-12 10:00:43 - [TEST_STEP][PASSED] - if (findTestData(FileTestData).getValue(i + 2, rowNum) == ""): null

2022-10-12 10:00:43 - [TEST_STEP][PASSED] - (arrayLength++): null

2022-10-12 10:00:43 - [TEST_STEP][PASSED] - if (findTestData(FileTestData).getValue(i + 2, rowNum) == ""): null

2022-10-12 10:00:44 - [TEST_STEP][PASSED] - (arrayLength++): null

2022-10-12 10:00:44 - [TEST_STEP][PASSED] - if (findTestData(FileTestData).getValue(1, rowNum) == TestID): null

2022-10-12 10:00:44 - [TEST_STEP][PASSED] - if (findTestData(FileTestData).getValue(1, rowNum) == TestID): null

2022-10-12 10:00:44 - [TEST_STEP][PASSED] - if (findTestData(FileTestData).getValue(1, rowNum) == TestID): null

2022-10-12 10:00:44 - [TEST_STEP][PASSED] - if (findTestData(FileTestData).getValue(1, rowNum) == TestID): null

2022-10-12 10:00:44 - [TEST_STEP][PASSED] - if (findTestData(FileTestData).getValue(1, rowNum) == TestID): null

2022-10-12 10:00:44 - [TEST_STEP][PASSED] - if (findTestData(FileTestData).getValue(1, rowNum) == TestID): null

2022-10-12 10:00:44 - [TEST_STEP][PASSED] - if (findTestData(FileTestData).getValue(1, rowNum) == TestID): null

2022-10-12 10:00:44 - [TEST_STEP][PASSED] - println("

Array length is: " + arrayLength + "

"): null

2022-10-12 10:00:44 - [TEST_STEP][PASSED] - listOptionScriptings = []: null

2022-10-12 10:00:44 - [TEST_STEP][PASSED] - for ([rowNum = 1, rowNum < totalRow, (rowNum++)]): null

2022-10-12 10:00:44 - [TEST_STEP][PASSED] - if (findTestData(FileTestData).getValue(1, rowNum) == TestID): null

2022-10-12 10:00:44 - [TEST_STEP][PASSED] - if (findTestData(FileTestData).getValue(1, rowNum) == TestID): null

2022-10-12 10:00:44 - [TEST_STEP][PASSED] - for ([i = 0, i < arrayLength, (i++)]): null

2022-10-12 10:00:44 - [TEST_STEP][PASSED] - if (findTestData(FileTestData).getValue(i + 2, 1) == ""): null

2022-10-12 10:00:44 - [TEST_STEP][PASSED] - listOptionScriptings[i] = findTestData(FileTestData).getValue(i + 2, rowNum): null

2022-10-12 10:00:44 - [TEST_STEP][PASSED] - if (findTestData(FileTestData).getValue(i + 2, 1) == ""): null

2022-10-12 10:00:45 - [TEST_STEP][PASSED] - listOptionScriptings[i] = findTestData(FileTestData).getValue(i + 2, rowNum): null

2022-10-12 10:00:45 - [TEST_STEP][PASSED] - if (findTestData(FileTestData).getValue(i + 2, 1) == ""): null

2022-10-12 10:00:45 - [TEST_STEP][PASSED] - listOptionScriptings[i] = findTestData(FileTestData).getValue(i + 2, rowNum): null

2022-10-12 10:00:45 - [TEST_STEP][PASSED] - if (findTestData(FileTestData).getValue(1, rowNum) == TestID): null

2022-10-12 10:00:45 - [TEST_STEP][PASSED] - if (findTestData(FileTestData).getValue(1, rowNum) == TestID): null

2022-10-12 10:00:45 - [TEST_STEP][PASSED] - if (findTestData(FileTestData).getValue(1, rowNum) == TestID): null

2022-10-12 10:00:45 - [TEST_STEP][PASSED] - if (findTestData(FileTestData).getValue(1, rowNum) == TestID): null

2022-10-12 10:00:45 - [TEST_STEP][PASSED] - if (findTestData(FileTestData).getValue(1, rowNum) == TestID): null

2022-10-12 10:00:45 - [TEST_STEP][PASSED] - if (findTestData(FileTestData).getValue(1, rowNum) == TestID): null

2022-10-12 10:00:45 - [TEST_STEP][PASSED] - if (findTestData(FileTestData).getValue(1, rowNum) == TestID): null

2022-10-12 10:00:45 - [TEST_STEP][PASSED] - println("/n/n" + listOptionScriptings + "/n/n"): null

2022-10-12 10:00:45 - [TEST_STEP][PASSED] - for ([i = 0, i < length, (i++)]): null

2022-10-12 10:00:45 - [TEST_STEP][PASSED] - result = verifyElementPresent(findTestObject("Intermediate/3_JQuery_Select _Dropdown/option_Files", ["optionGroup":optionGroup, "type":listOptionScriptings[i]]), 3): Object 'Object Repository/Intermediate/3_JQuery_Select _Dropdown/option_Files' is present

2022-10-12 10:00:46 - [MESSAGE][PASSED] - Object 'Object Repository/Intermediate/3_JQuery_Select _Dropdown/option_Files' is present

2022-10-12 10:00:46 - [TEST_STEP][PASSED] - if (result == true): null

2022-10-12 10:00:46 - [TEST_STEP][PASSED] - println("Option named " + listOptionScriptings[i] + " is present"): null

2022-10-12 10:00:46 - [TEST_STEP][PASSED] - result = verifyElementPresent(findTestObject("Intermediate/3_JQuery_Select _Dropdown/option_Files", ["optionGroup":optionGroup, "type":listOptionScriptings[i]]), 3): Object 'Object Repository/Intermediate/3_JQuery_Select _Dropdown/option_Files' is present

2022-10-12 10:00:46 - [MESSAGE][PASSED] - Object 'Object Repository/Intermediate/3_JQuery_Select _Dropdown/option_Files' is present

2022-10-12 10:00:46 - [TEST_STEP][PASSED] - if (result == true): null

2022-10-12 10:00:46 - [TEST_STEP][PASSED] - println("Option named " + listOptionScriptings[i] + " is present"): null

2022-10-12 10:00:46 - [TEST_STEP][PASSED] - result = verifyElementPresent(findTestObject("Intermediate/3_JQuery_Select _Dropdown/option_Files", ["optionGroup":optionGroup, "type":listOptionScriptings[i]]), 3): Object 'Object Repository/Intermediate/3_JQuery_Select _Dropdown/option_Files' is present

2022-10-12 10:00:47 - [MESSAGE][PASSED] - Object 'Object Repository/Intermediate/3_JQuery_Select _Dropdown/option_Files' is present

2022-10-12 10:00:47 - [TEST_STEP][PASSED] - if (result == true): null

2022-10-12 10:00:47 - [TEST_STEP][PASSED] - println("Option named " + listOptionScriptings[i] + " is present"): null

2022-10-12 10:00:47 - [TEST_STEP][PASSED] - TestID = "TEST-00003": null

2022-10-12 10:00:47 - [TEST_STEP][PASSED] - optionGroup = "Programming languages": null

2022-10-12 10:00:47 - [TEST_STEP][PASSED] - arrayLength = 0: null

2022-10-12 10:00:47 - [TEST_STEP][PASSED] - for ([rowNum = 1, rowNum < totalRow, (rowNum++)]): null

2022-10-12 10:00:47 - [TEST_STEP][PASSED] - if (findTestData(FileTestData).getValue(1, rowNum) == TestID): null

2022-10-12 10:00:47 - [TEST_STEP][PASSED] - if (findTestData(FileTestData).getValue(1, rowNum) == TestID): null

2022-10-12 10:00:47 - [TEST_STEP][PASSED] - if (findTestData(FileTestData).getValue(1, rowNum) == TestID): null

2022-10-12 10:00:47 - [TEST_STEP][PASSED] - for ([i = 0, i < totalColumn - 1, (i++)]): null

2022-10-12 10:00:47 - [TEST_STEP][PASSED] - if (findTestData(FileTestData).getValue(i + 2, rowNum) == ""): null

2022-10-12 10:00:47 - [TEST_STEP][PASSED] - (arrayLength++): null

2022-10-12 10:00:47 - [TEST_STEP][PASSED] - if (findTestData(FileTestData).getValue(i + 2, rowNum) == ""): null

2022-10-12 10:00:47 - [TEST_STEP][PASSED] - (arrayLength++): null

2022-10-12 10:00:47 - [TEST_STEP][PASSED] - if (findTestData(FileTestData).getValue(i + 2, rowNum) == ""): null

2022-10-12 10:00:48 - [TEST_STEP][PASSED] - (arrayLength++): null

2022-10-12 10:00:48 - [TEST_STEP][PASSED] - if (findTestData(FileTestData).getValue(1, rowNum) == TestID): null

2022-10-12 10:00:48 - [TEST_STEP][PASSED] - if (findTestData(FileTestData).getValue(1, rowNum) == TestID): null

2022-10-12 10:00:48 - [TEST_STEP][PASSED] - if (findTestData(FileTestData).getValue(1, rowNum) == TestID): null

2022-10-12 10:00:48 - [TEST_STEP][PASSED] - if (findTestData(FileTestData).getValue(1, rowNum) == TestID): null

2022-10-12 10:00:48 - [TEST_STEP][PASSED] - if (findTestData(FileTestData).getValue(1, rowNum) == TestID): null

2022-10-12 10:00:48 - [TEST_STEP][PASSED] - if (findTestData(FileTestData).getValue(1, rowNum) == TestID): null

2022-10-12 10:00:48 - [TEST_STEP][PASSED] - println("

Array length is: " + arrayLength + "

"): null

2022-10-12 10:00:48 - [TEST_STEP][PASSED] - listOptionProgrammings = []: null

2022-10-12 10:00:48 - [TEST_STEP][PASSED] - for ([rowNum = 1, rowNum < totalRow, (rowNum++)]): null

2022-10-12 10:00:48 - [TEST_STEP][PASSED] - if (findTestData(FileTestData).getValue(1, rowNum) == TestID): null

2022-10-12 10:00:48 - [TEST_STEP][PASSED] - if (findTestData(FileTestData).getValue(1, rowNum) == TestID): null

2022-10-12 10:00:48 - [TEST_STEP][PASSED] - if (findTestData(FileTestData).getValue(1, rowNum) == TestID): null

2022-10-12 10:00:48 - [TEST_STEP][PASSED] - for ([i = 0, i < arrayLength, (i++)]): null

2022-10-12 10:00:48 - [TEST_STEP][PASSED] - if (findTestData(FileTestData).getValue(i + 2, 1) == ""): null

2022-10-12 10:00:48 - [TEST_STEP][PASSED] - listOptionProgrammings[i] = findTestData(FileTestData).getValue(i + 2, rowNum): null

2022-10-12 10:00:48 - [TEST_STEP][PASSED] - if (findTestData(FileTestData).getValue(i + 2, 1) == ""): null

2022-10-12 10:00:49 - [TEST_STEP][PASSED] - listOptionProgrammings[i] = findTestData(FileTestData).getValue(i + 2, rowNum): null

2022-10-12 10:00:49 - [TEST_STEP][PASSED] - if (findTestData(FileTestData).getValue(i + 2, 1) == ""): null

2022-10-12 10:00:49 - [TEST_STEP][PASSED] - listOptionProgrammings[i] = findTestData(FileTestData).getValue(i + 2, rowNum): null

2022-10-12 10:00:49 - [TEST_STEP][PASSED] - if (findTestData(FileTestData).getValue(1, rowNum) == TestID): null

2022-10-12 10:00:49 - [TEST_STEP][PASSED] - if (findTestData(FileTestData).getValue(1, rowNum) == TestID): null

2022-10-12 10:00:49 - [TEST_STEP][PASSED] - if (findTestData(FileTestData).getValue(1, rowNum) == TestID): null

2022-10-12 10:00:49 - [TEST_STEP][PASSED] - if (findTestData(FileTestData).getValue(1, rowNum) == TestID): null

2022-10-12 10:00:49 - [TEST_STEP][PASSED] - if (findTestData(FileTestData).getValue(1, rowNum) == TestID): null

2022-10-12 10:00:49 - [TEST_STEP][PASSED] - if (findTestData(FileTestData).getValue(1, rowNum) == TestID): null

2022-10-12 10:00:49 - [TEST_STEP][PASSED] - println("/n/n" + listOptionProgrammings + "/n/n"): null

2022-10-12 10:00:49 - [TEST_STEP][PASSED] - for ([i = 0, i < length, (i++)]): null

2022-10-12 10:00:49 - [TEST_STEP][PASSED] - result = verifyElementPresent(findTestObject("Intermediate/3_JQuery_Select _Dropdown/option_Files", ["optionGroup":optionGroup, "type":listOptionProgrammings[i]]), 3): Object 'Object Repository/Intermediate/3_JQuery_Select _Dropdown/option_Files' is present

2022-10-12 10:00:50 - [MESSAGE][PASSED] - Object 'Object Repository/Intermediate/3_JQuery_Select _Dropdown/option_Files' is present

2022-10-12 10:00:50 - [TEST_STEP][PASSED] - if (result == true): null

2022-10-12 10:00:50 - [TEST_STEP][PASSED] - println("Option named " + listOptionProgrammings[i] + " is present"): null

2022-10-12 10:00:50 - [TEST_STEP][PASSED] - result = verifyElementPresent(findTestObject("Intermediate/3_JQuery_Select _Dropdown/option_Files", ["optionGroup":optionGroup, "type":listOptionProgrammings[i]]), 3): Object 'Object Repository/Intermediate/3_JQuery_Select _Dropdown/option_Files' is present

2022-10-12 10:00:50 - [MESSAGE][PASSED] - Object 'Object Repository/Intermediate/3_JQuery_Select _Dropdown/option_Files' is present

2022-10-12 10:00:50 - [TEST_STEP][PASSED] - if (result == true): null

2022-10-12 10:00:50 - [TEST_STEP][PASSED] - println("Option named " + listOptionProgrammings[i] + " is present"): null

2022-10-12 10:00:50 - [TEST_STEP][PASSED] - result = verifyElementPresent(findTestObject("Intermediate/3_JQuery_Select _Dropdown/option_Files", ["optionGroup":optionGroup, "type":listOptionProgrammings[i]]), 3): Object 'Object Repository/Intermediate/3_JQuery_Select _Dropdown/option_Files' is present

2022-10-12 10:00:51 - [MESSAGE][PASSED] - Object 'Object Repository/Intermediate/3_JQuery_Select _Dropdown/option_Files' is present

2022-10-12 10:00:51 - [TEST_STEP][PASSED] - if (result == true): null

2022-10-12 10:00:51 - [TEST_STEP][PASSED] - println("Option named " + listOptionProgrammings[i] + " is present"): null

2022-10-12 10:00:51 - [TEST_STEP][PASSED] - TestID = "TEST-00004": null

2022-10-12 10:00:51 - [TEST_STEP][PASSED] - optionGroup = "Other": null

2022-10-12 10:00:51 - [TEST_STEP][PASSED] - arrayLength = 0: null

2022-10-12 10:00:51 - [TEST_STEP][PASSED] - for ([rowNum = 1, rowNum < totalRow, (rowNum++)]): null

2022-10-12 10:00:51 - [TEST_STEP][PASSED] - if (findTestData(FileTestData).getValue(1, rowNum) == TestID): null

2022-10-12 10:00:51 - [TEST_STEP][PASSED] - if (findTestData(FileTestData).getValue(1, rowNum) == TestID): null

2022-10-12 10:00:51 - [TEST_STEP][PASSED] - if (findTestData(FileTestData).getValue(1, rowNum) == TestID): null

2022-10-12 10:00:51 - [TEST_STEP][PASSED] - if (findTestData(FileTestData).getValue(1, rowNum) == TestID): null

2022-10-12 10:00:51 - [TEST_STEP][PASSED] - for ([i = 0, i < totalColumn - 1, (i++)]): null

2022-10-12 10:00:51 - [TEST_STEP][PASSED] - if (findTestData(FileTestData).getValue(i + 2, rowNum) == ""): null

2022-10-12 10:00:51 - [TEST_STEP][PASSED] - (arrayLength++): null

2022-10-12 10:00:51 - [TEST_STEP][PASSED] - if (findTestData(FileTestData).getValue(i + 2, rowNum) == ""): null

2022-10-12 10:00:51 - [TEST_STEP][PASSED] - (arrayLength++): null

2022-10-12 10:00:51 - [TEST_STEP][PASSED] - if (findTestData(FileTestData).getValue(i + 2, rowNum) == ""): null

2022-10-12 10:00:51 - [TEST_STEP][PASSED] - break: null

2022-10-12 10:00:51 - [TEST_STEP][PASSED] - if (findTestData(FileTestData).getValue(1, rowNum) == TestID): null

2022-10-12 10:00:52 - [TEST_STEP][PASSED] - if (findTestData(FileTestData).getValue(1, rowNum) == TestID): null

2022-10-12 10:00:52 - [TEST_STEP][PASSED] - if (findTestData(FileTestData).getValue(1, rowNum) == TestID): null

2022-10-12 10:00:52 - [TEST_STEP][PASSED] - if (findTestData(FileTestData).getValue(1, rowNum) == TestID): null

2022-10-12 10:00:52 - [TEST_STEP][PASSED] - if (findTestData(FileTestData).getValue(1, rowNum) == TestID): null

2022-10-12 10:00:52 - [TEST_STEP][PASSED] - println("

Array length is: " + arrayLength + "

"): null

2022-10-12 10:00:52 - [TEST_STEP][PASSED] - listOptionOthers = []: null

2022-10-12 10:00:52 - [TEST_STEP][PASSED] - for ([rowNum = 1, rowNum < totalRow, (rowNum++)]): null

2022-10-12 10:00:52 - [TEST_STEP][PASSED] - if (findTestData(FileTestData).getValue(1, rowNum) == TestID): null

2022-10-12 10:00:52 - [TEST_STEP][PASSED] - if (findTestData(FileTestData).getValue(1, rowNum) == TestID): null

2022-10-12 10:00:52 - [TEST_STEP][PASSED] - if (findTestData(FileTestData).getValue(1, rowNum) == TestID): null

2022-10-12 10:00:52 - [TEST_STEP][PASSED] - if (findTestData(FileTestData).getValue(1, rowNum) == TestID): null

2022-10-12 10:00:52 - [TEST_STEP][PASSED] - for ([i = 0, i < arrayLength, (i++)]): null

2022-10-12 10:00:52 - [TEST_STEP][PASSED] - if (findTestData(FileTestData).getValue(i + 2, 1) == ""): null

2022-10-12 10:00:52 - [TEST_STEP][PASSED] - listOptionOthers[i] = findTestData(FileTestData).getValue(i + 2, rowNum): null

2022-10-12 10:00:52 - [TEST_STEP][PASSED] - if (findTestData(FileTestData).getValue(i + 2, 1) == ""): null

2022-10-12 10:00:53 - [TEST_STEP][PASSED] - listOptionOthers[i] = findTestData(FileTestData).getValue(i + 2, rowNum): null

2022-10-12 10:00:53 - [TEST_STEP][PASSED] - if (findTestData(FileTestData).getValue(1, rowNum) == TestID): null

2022-10-12 10:00:53 - [TEST_STEP][PASSED] - if (findTestData(FileTestData).getValue(1, rowNum) == TestID): null

2022-10-12 10:00:53 - [TEST_STEP][PASSED] - if (findTestData(FileTestData).getValue(1, rowNum) == TestID): null

2022-10-12 10:00:53 - [TEST_STEP][PASSED] - if (findTestData(FileTestData).getValue(1, rowNum) == TestID): null

2022-10-12 10:00:53 - [TEST_STEP][PASSED] - if (findTestData(FileTestData).getValue(1, rowNum) == TestID): null

2022-10-12 10:00:53 - [TEST_STEP][PASSED] - println("

" + listOptionOthers + "

"): null

2022-10-12 10:00:53 - [TEST_STEP][PASSED] - for ([i = 0, i < length, (i++)]): null

2022-10-12 10:00:53 - [TEST_STEP][PASSED] - result = verifyElementPresent(findTestObject("Intermediate/3_JQuery_Select _Dropdown/option_Files", ["optionGroup":optionGroup, "type":listOptionOthers[i]]), 3): Object 'Object Repository/Intermediate/3_JQuery_Select _Dropdown/option_Files' is present

2022-10-12 10:00:54 - [MESSAGE][PASSED] - Object 'Object Repository/Intermediate/3_JQuery_Select _Dropdown/option_Files' is present

2022-10-12 10:00:54 - [TEST_STEP][PASSED] - if (result == true): null

2022-10-12 10:00:54 - [TEST_STEP][PASSED] - println("Option named " + listOptionOthers[i] + " is present"): null

2022-10-12 10:00:54 - [TEST_STEP][PASSED] - result = verifyElementPresent(findTestObject("Intermediate/3_JQuery_Select _Dropdown/option_Files", ["optionGroup":optionGroup, "type":listOptionOthers[i]]), 3): Object 'Object Repository/Intermediate/3_JQuery_Select _Dropdown/option_Files' is present

2022-10-12 10:00:54 - [MESSAGE][PASSED] - Object 'Object Repository/Intermediate/3_JQuery_Select _Dropdown/option_Files' is present

2022-10-12 10:00:54 - [TEST_STEP][PASSED] - if (result == true): null

2022-10-12 10:00:54 - [TEST_STEP][PASSED] - println("Option named " + listOptionOthers[i] + " is present"): null

2022-10-12 10:00:54 - [TEST_STEP][PASSED] - println(listOptionScriptings): null

2022-10-12 10:00:54 - [TEST_STEP][PASSED] - println(listOptionProgrammings): null

2022-10-12 10:00:54 - [TEST_STEP][PASSED] - println(listOptionOthers): null

2022-10-12 10:00:54 - [TEST_STEP][NOT_RUN] - selectOptionByLabel(findTestObject("Intermediate/3_JQuery_Select _Dropdown/select_Files"), "PHP", false): NOT_RUN: selectOptionByLabel(findTestObject("Intermediate/3_JQuery_Select _Dropdown/select_Files"), "PHP", false)

2022-10-12 10:00:54 - [MESSAGE][NOT_RUN] - NOT_RUN: selectOptionByLabel(findTestObject("Intermediate/3_JQuery_Select _Dropdown/select_Files"), "PHP", false)]]></system-out>
         <system-err><![CDATA[]]></system-err>
      </testcase>
      <system-out><![CDATA[2022-10-12 09:59:01 - [TEST_SUITE][PASSED] - TestSuite_3_JQuery_Select_Dropdown: Test Cases/Intermediate/3_JQuery_Select _Dropdown/JQSD5_Select_File]]></system-out>
      <system-err><![CDATA[]]></system-err>
   </testsuite>
   <testsuite name="TestSuite_4_Bootstrap_List_Box" tests="6" failures="0" errors="0" time="276.442" skipped="0" timestamp="2022-10-12 09:59:09" hostname="vminhhung - vminhhung.tma.com.vn" id="Test Suites/TestSuite_4_Bootstrap_List_Box">
      <properties>
         <property name="deviceName" value=""/>
         <property name="devicePlatform" value=""/>
         <property name="logFolder" value="C:\\Users\\vminhhung\\Katalon Studio\\SeleniumEasy\\Reports\\20221012_095842\\TestSuite_4_Bootstrap_List_Box\\20221012_095845"/>
         <property name="logFiles" value="C:\\Users\\vminhhung\\Katalon Studio\\SeleniumEasy\\Reports\\20221012_095842\\TestSuite_4_Bootstrap_List_Box\\20221012_095845\\execution0.log"/>
         <property name="attachments" value=""/>
         <property name="hostName" value="vminhhung - vminhhung.tma.com.vn"/>
         <property name="os" value="Windows 10 64bit"/>
         <property name="katalonVersion" value="8.5.0.208"/>
         <property name="browser" value="Chrome 106.0.0.0"/>
         <property name="hostAddress" value="10.107.1.102"/>
         <property name="sessionId" value="889c374ba1dbbe34abb26aaceaa55a27"/>
         <property name="seleniumVersion" value="3.141.59"/>
         <property name="proxyInformation" value="ProxyInformation { proxyOption=NO_PROXY, proxyServerType=HTTP, username=, password=********, proxyServerAddress=, proxyServerPort=0, executionList=&quot;&quot;, isApplyToDesiredCapabilities=true }"/>
         <property name="platform" value="Windows 10"/>
      </properties>
      <testcase name="Test Cases/Intermediate/4_Bootstrap_List_Box/BLB1_Verify_some_elements_in_UI" time="116.878" classname="Test Cases/Intermediate/4_Bootstrap_List_Box/BLB1_Verify_some_elements_in_UI" status="PASSED">
         <system-out><![CDATA[2022-10-12 09:59:09 - [TEST_CASE][PASSED] - Test Cases/Intermediate/4_Bootstrap_List_Box/BLB1_Verify_some_elements_in_UI: Test Cases/Intermediate/4_Bootstrap_List_Box/BLB1_Verify_some_elements_in_UI

2022-10-12 09:59:10 - [TEST_STEP][PASSED] - TestID = "TEST-00001": null

2022-10-12 09:59:10 - [TEST_STEP][PASSED] - FileTestData = "TestData_Sheet5": null

2022-10-12 09:59:10 - [TEST_STEP][PASSED] - totalRow = findTestData(FileTestData).getRowNumbers(): null

2022-10-12 09:59:11 - [TEST_STEP][PASSED] - totalColumn = findTestData(FileTestData).getColumnNumbers(): null

2022-10-12 09:59:11 - [TEST_STEP][PASSED] - rowNum = 1: null

2022-10-12 09:59:11 - [TEST_STEP][PASSED] - arrayLength = 0: null

2022-10-12 09:59:11 - [TEST_STEP][PASSED] - unselectColor = "rgba(255, 255, 255, 1)": null

2022-10-12 09:59:11 - [TEST_STEP][PASSED] - selectColor = "rgba(51, 122, 183, 1)": null

2022-10-12 09:59:11 - [TEST_STEP][PASSED] - for ([rowNum, rowNum < totalRow, (rowNum++)]): null

2022-10-12 09:59:11 - [TEST_STEP][PASSED] - if (findTestData(FileTestData).getValue(1, rowNum) == TestID): null

2022-10-12 09:59:11 - [TEST_STEP][PASSED] - println("Row number is: " + rowNum): null

2022-10-12 09:59:11 - [TEST_STEP][PASSED] - for ([i = 0, i < totalColumn - 1, (i++)]): null

2022-10-12 09:59:11 - [TEST_STEP][PASSED] - if (findTestData(FileTestData).getValue(i + 2, rowNum) == ""): null

2022-10-12 09:59:11 - [TEST_STEP][PASSED] - (arrayLength++): null

2022-10-12 09:59:11 - [TEST_STEP][PASSED] - if (findTestData(FileTestData).getValue(i + 2, rowNum) == ""): null

2022-10-12 09:59:11 - [TEST_STEP][PASSED] - (arrayLength++): null

2022-10-12 09:59:11 - [TEST_STEP][PASSED] - if (findTestData(FileTestData).getValue(i + 2, rowNum) == ""): null

2022-10-12 09:59:12 - [TEST_STEP][PASSED] - (arrayLength++): null

2022-10-12 09:59:12 - [TEST_STEP][PASSED] - if (findTestData(FileTestData).getValue(i + 2, rowNum) == ""): null

2022-10-12 09:59:12 - [TEST_STEP][PASSED] - (arrayLength++): null

2022-10-12 09:59:12 - [TEST_STEP][PASSED] - if (findTestData(FileTestData).getValue(i + 2, rowNum) == ""): null

2022-10-12 09:59:12 - [TEST_STEP][PASSED] - (arrayLength++): null

2022-10-12 09:59:12 - [TEST_STEP][PASSED] - if (findTestData(FileTestData).getValue(i + 2, rowNum) == ""): null

2022-10-12 09:59:12 - [TEST_STEP][PASSED] - (arrayLength++): null

2022-10-12 09:59:12 - [TEST_STEP][PASSED] - if (findTestData(FileTestData).getValue(i + 2, rowNum) == ""): null

2022-10-12 09:59:12 - [TEST_STEP][PASSED] - (arrayLength++): null

2022-10-12 09:59:12 - [TEST_STEP][PASSED] - if (findTestData(FileTestData).getValue(i + 2, rowNum) == ""): null

2022-10-12 09:59:12 - [TEST_STEP][PASSED] - (arrayLength++): null

2022-10-12 09:59:12 - [TEST_STEP][PASSED] - if (findTestData(FileTestData).getValue(i + 2, rowNum) == ""): null

2022-10-12 09:59:12 - [TEST_STEP][PASSED] - (arrayLength++): null

2022-10-12 09:59:12 - [TEST_STEP][PASSED] - if (findTestData(FileTestData).getValue(i + 2, rowNum) == ""): null

2022-10-12 09:59:12 - [TEST_STEP][PASSED] - (arrayLength++): null

2022-10-12 09:59:12 - [TEST_STEP][PASSED] - println("Array length is: " + arrayLength): null

2022-10-12 09:59:12 - [TEST_STEP][PASSED] - listData = []: null

2022-10-12 09:59:12 - [TEST_STEP][PASSED] - for ([rowNum = 1, rowNum < totalRow, (rowNum++)]): null

2022-10-12 09:59:12 - [TEST_STEP][PASSED] - if (findTestData(FileTestData).getValue(1, rowNum) == TestID): null

2022-10-12 09:59:12 - [TEST_STEP][PASSED] - for ([i = 0, i < arrayLength, (i++)]): null

2022-10-12 09:59:12 - [TEST_STEP][PASSED] - if (findTestData(FileTestData).getValue(i + 2, 1) == ""): null

2022-10-12 09:59:13 - [TEST_STEP][PASSED] - listData[i] = findTestData(FileTestData).getValue(i + 2, rowNum): null

2022-10-12 09:59:13 - [TEST_STEP][PASSED] - if (findTestData(FileTestData).getValue(i + 2, 1) == ""): null

2022-10-12 09:59:13 - [TEST_STEP][PASSED] - listData[i] = findTestData(FileTestData).getValue(i + 2, rowNum): null

2022-10-12 09:59:13 - [TEST_STEP][PASSED] - if (findTestData(FileTestData).getValue(i + 2, 1) == ""): null

2022-10-12 09:59:13 - [TEST_STEP][PASSED] - listData[i] = findTestData(FileTestData).getValue(i + 2, rowNum): null

2022-10-12 09:59:13 - [TEST_STEP][PASSED] - if (findTestData(FileTestData).getValue(i + 2, 1) == ""): null

2022-10-12 09:59:13 - [TEST_STEP][PASSED] - listData[i] = findTestData(FileTestData).getValue(i + 2, rowNum): null

2022-10-12 09:59:13 - [TEST_STEP][PASSED] - if (findTestData(FileTestData).getValue(i + 2, 1) == ""): null

2022-10-12 09:59:14 - [TEST_STEP][PASSED] - listData[i] = findTestData(FileTestData).getValue(i + 2, rowNum): null

2022-10-12 09:59:14 - [TEST_STEP][PASSED] - if (findTestData(FileTestData).getValue(i + 2, 1) == ""): null

2022-10-12 09:59:14 - [TEST_STEP][PASSED] - listData[i] = findTestData(FileTestData).getValue(i + 2, rowNum): null

2022-10-12 09:59:14 - [TEST_STEP][PASSED] - if (findTestData(FileTestData).getValue(i + 2, 1) == ""): null

2022-10-12 09:59:14 - [TEST_STEP][PASSED] - listData[i] = findTestData(FileTestData).getValue(i + 2, rowNum): null

2022-10-12 09:59:14 - [TEST_STEP][PASSED] - if (findTestData(FileTestData).getValue(i + 2, 1) == ""): null

2022-10-12 09:59:14 - [TEST_STEP][PASSED] - listData[i] = findTestData(FileTestData).getValue(i + 2, rowNum): null

2022-10-12 09:59:14 - [TEST_STEP][PASSED] - if (findTestData(FileTestData).getValue(i + 2, 1) == ""): null

2022-10-12 09:59:14 - [TEST_STEP][PASSED] - listData[i] = findTestData(FileTestData).getValue(i + 2, rowNum): null

2022-10-12 09:59:15 - [TEST_STEP][PASSED] - if (findTestData(FileTestData).getValue(i + 2, 1) == ""): null

2022-10-12 09:59:15 - [TEST_STEP][PASSED] - listData[i] = findTestData(FileTestData).getValue(i + 2, rowNum): null

2022-10-12 09:59:15 - [TEST_STEP][PASSED] - if (findTestData(FileTestData).getValue(1, rowNum) == TestID): null

2022-10-12 09:59:15 - [TEST_STEP][PASSED] - if (findTestData(FileTestData).getValue(1, rowNum) == TestID): null

2022-10-12 09:59:15 - [TEST_STEP][PASSED] - if (findTestData(FileTestData).getValue(1, rowNum) == TestID): null

2022-10-12 09:59:15 - [TEST_STEP][PASSED] - if (findTestData(FileTestData).getValue(1, rowNum) == TestID): null

2022-10-12 09:59:15 - [TEST_STEP][PASSED] - if (findTestData(FileTestData).getValue(1, rowNum) == TestID): null

2022-10-12 09:59:15 - [TEST_STEP][PASSED] - if (findTestData(FileTestData).getValue(1, rowNum) == TestID): null

2022-10-12 09:59:15 - [TEST_STEP][PASSED] - if (findTestData(FileTestData).getValue(1, rowNum) == TestID): null

2022-10-12 09:59:15 - [TEST_STEP][PASSED] - if (findTestData(FileTestData).getValue(1, rowNum) == TestID): null

2022-10-12 09:59:15 - [TEST_STEP][PASSED] - println(listData): null

2022-10-12 09:59:15 - [TEST_STEP][PASSED] - callTestCase(findTestCase("Intermediate/Prerequisite1_Access_Immediate"), [:], STOP_ON_FAILURE): Call Test Case 'Test Cases/Intermediate/Prerequisite1_Access_Immediate' successfully

2022-10-12 09:59:16 - [TEST_CASE][PASSED] - Test Cases/Intermediate/Prerequisite1_Access_Immediate: Test Cases/Intermediate/Prerequisite1_Access_Immediate

2022-10-12 09:59:16 - [TEST_STEP][PASSED] - callTestCase(findTestCase("Launch_seleniumeasy_page"), [:], STOP_ON_FAILURE): Call Test Case 'Test Cases/Launch_seleniumeasy_page' successfully

2022-10-12 09:59:16 - [TEST_CASE][PASSED] - Test Cases/Launch_seleniumeasy_page: Test Cases/Launch_seleniumeasy_page

2022-10-12 09:59:17 - [TEST_STEP][PASSED] - openBrowser(""): Browser is opened with url: ''

2022-10-12 09:59:17 - [MESSAGE][INFO] - Starting 'Chrome' driver

2022-10-12 09:59:17 - [MESSAGE][INFO] - Action delay is set to 0 milliseconds

2022-10-12 09:59:22 - [MESSAGE][PASSED] - Browser is opened with url: ''

2022-10-12 09:59:22 - [TEST_STEP][PASSED] - maximizeWindow(): Current window maximized

2022-10-12 09:59:23 - [MESSAGE][PASSED] - Current window maximized

2022-10-12 09:59:23 - [TEST_STEP][PASSED] - navigateToUrl("https://demo.seleniumeasy.com/"): Navigate to 'https://demo.seleniumeasy.com/' successfully

2022-10-12 09:59:27 - [MESSAGE][PASSED] - Navigate to 'https://demo.seleniumeasy.com/' successfully

2022-10-12 09:59:27 - [MESSAGE][PASSED] - Call Test Case 'Test Cases/Launch_seleniumeasy_page' successfully

2022-10-12 09:59:27 - [TEST_STEP][PASSED] - if (verifyElementVisible(findTestObject("Main_page/Button_Start_Practicing"), OPTIONAL)): Object: 'Object Repository/Main_page/Button_Start_Practicing' is clicked on

2022-10-12 09:59:27 - [MESSAGE][PASSED] - Object 'Object Repository/Main_page/Button_Start_Practicing' is visible

2022-10-12 09:59:27 - [TEST_STEP][PASSED] - click(findTestObject("Main_page/Button_Start_Practicing")): Object: 'Object Repository/Main_page/Button_Start_Practicing' is clicked on

2022-10-12 09:59:27 - [MESSAGE][PASSED] - Object: 'Object Repository/Main_page/Button_Start_Practicing' is clicked on

2022-10-12 09:59:28 - [TEST_STEP][PASSED] - enhancedClick(findTestObject("Main_page/option_Intermediate")): Object: 'Object Repository/Main_page/option_Intermediate' is clicked on

2022-10-12 09:59:28 - [MESSAGE][PASSED] - Object: 'Object Repository/Main_page/option_Intermediate' is clicked on

2022-10-12 09:59:28 - [TEST_STEP][PASSED] - verifyElementVisible(findTestObject("Intermediate/text_Intermediate"), STOP_ON_FAILURE): Object 'Object Repository/Intermediate/text_Intermediate' is visible

2022-10-12 09:59:29 - [MESSAGE][PASSED] - Object 'Object Repository/Intermediate/text_Intermediate' is visible

2022-10-12 09:59:29 - [MESSAGE][PASSED] - Call Test Case 'Test Cases/Intermediate/Prerequisite1_Access_Immediate' successfully

2022-10-12 09:59:29 - [TEST_STEP][PASSED] - click(findTestObject("Intermediate/option_BootstrapListBox")): Object: 'Object Repository/Intermediate/option_BootstrapListBox' is clicked on

2022-10-12 09:59:30 - [MESSAGE][PASSED] - Object: 'Object Repository/Intermediate/option_BootstrapListBox' is clicked on

2022-10-12 09:59:30 - [TEST_STEP][PASSED] - verifyElementVisible(findTestObject("Intermediate/4_Bootstrap_List_Box/panel_Left")): Object 'Object Repository/Intermediate/4_Bootstrap_List_Box/panel_Left' is visible

2022-10-12 09:59:31 - [MESSAGE][PASSED] - Object 'Object Repository/Intermediate/4_Bootstrap_List_Box/panel_Left' is visible

2022-10-12 09:59:31 - [TEST_STEP][PASSED] - verifyElementVisible(findTestObject("Intermediate/4_Bootstrap_List_Box/panel_Right")): Object 'Object Repository/Intermediate/4_Bootstrap_List_Box/panel_Right' is visible

2022-10-12 09:59:31 - [MESSAGE][PASSED] - Object 'Object Repository/Intermediate/4_Bootstrap_List_Box/panel_Right' is visible

2022-10-12 09:59:31 - [TEST_STEP][PASSED] - for ([i = 0, i < arrayLength, (i++)]): Delayed 2 second(s)

2022-10-12 09:59:31 - [TEST_STEP][PASSED] - verifyElementVisible(findTestObject("Intermediate/4_Bootstrap_List_Box/dynamic_li_items_unselect", ["item":listData[i]])): Object 'Object Repository/Intermediate/4_Bootstrap_List_Box/dynamic_li_items_unselect' is visible

2022-10-12 09:59:32 - [MESSAGE][PASSED] - Object 'Object Repository/Intermediate/4_Bootstrap_List_Box/dynamic_li_items_unselect' is visible

2022-10-12 09:59:32 - [TEST_STEP][PASSED] - verifyEqual(getCSSValue(findTestObject("Intermediate/4_Bootstrap_List_Box/dynamic_li_items_unselect", ["item":listData[i]]), "background-color"), unselectColor): Actual object 'rgba(255, 255, 255, 1)' and expected object 'rgba(255, 255, 255, 1)' are equal

2022-10-12 09:59:32 - [MESSAGE][PASSED] - Get CSS 'background-color' value on 'Object Repository/Intermediate/4_Bootstrap_List_Box/dynamic_li_items_unselect' successfully: 'rgba(255, 255, 255, 1)'.

2022-10-12 09:59:32 - [MESSAGE][PASSED] - Actual object 'rgba(255, 255, 255, 1)' and expected object 'rgba(255, 255, 255, 1)' are equal

2022-10-12 09:59:32 - [TEST_STEP][PASSED] - delay(2): Delayed 2 second(s)

2022-10-12 09:59:34 - [MESSAGE][PASSED] - Delayed 2 second(s)

2022-10-12 09:59:34 - [TEST_STEP][PASSED] - click(findTestObject("Intermediate/4_Bootstrap_List_Box/dynamic_li_items_unselect", ["item":listData[i]])): Object: 'Object Repository/Intermediate/4_Bootstrap_List_Box/dynamic_li_items_unselect' is clicked on

2022-10-12 09:59:35 - [MESSAGE][PASSED] - Object: 'Object Repository/Intermediate/4_Bootstrap_List_Box/dynamic_li_items_unselect' is clicked on

2022-10-12 09:59:35 - [TEST_STEP][PASSED] - verifyEqual(getCSSValue(findTestObject("Intermediate/4_Bootstrap_List_Box/dynamic_li_items_select", ["item":listData[i]]), "background-color"), selectColor): Actual object 'rgba(51, 122, 183, 1)' and expected object 'rgba(51, 122, 183, 1)' are equal

2022-10-12 09:59:35 - [MESSAGE][PASSED] - Get CSS 'background-color' value on 'Object Repository/Intermediate/4_Bootstrap_List_Box/dynamic_li_items_select' successfully: 'rgba(51, 122, 183, 1)'.

2022-10-12 09:59:35 - [MESSAGE][PASSED] - Actual object 'rgba(51, 122, 183, 1)' and expected object 'rgba(51, 122, 183, 1)' are equal

2022-10-12 09:59:35 - [TEST_STEP][PASSED] - delay(2): Delayed 2 second(s)

2022-10-12 09:59:37 - [MESSAGE][PASSED] - Delayed 2 second(s)

2022-10-12 09:59:37 - [TEST_STEP][PASSED] - verifyElementVisible(findTestObject("Intermediate/4_Bootstrap_List_Box/dynamic_li_items_unselect", ["item":listData[i]])): Object 'Object Repository/Intermediate/4_Bootstrap_List_Box/dynamic_li_items_unselect' is visible

2022-10-12 09:59:38 - [MESSAGE][PASSED] - Object 'Object Repository/Intermediate/4_Bootstrap_List_Box/dynamic_li_items_unselect' is visible

2022-10-12 09:59:38 - [TEST_STEP][PASSED] - verifyEqual(getCSSValue(findTestObject("Intermediate/4_Bootstrap_List_Box/dynamic_li_items_unselect", ["item":listData[i]]), "background-color"), unselectColor): Actual object 'rgba(255, 255, 255, 1)' and expected object 'rgba(255, 255, 255, 1)' are equal

2022-10-12 09:59:38 - [MESSAGE][PASSED] - Get CSS 'background-color' value on 'Object Repository/Intermediate/4_Bootstrap_List_Box/dynamic_li_items_unselect' successfully: 'rgba(255, 255, 255, 1)'.

2022-10-12 09:59:38 - [MESSAGE][PASSED] - Actual object 'rgba(255, 255, 255, 1)' and expected object 'rgba(255, 255, 255, 1)' are equal

2022-10-12 09:59:38 - [TEST_STEP][PASSED] - delay(2): Delayed 2 second(s)

2022-10-12 09:59:40 - [MESSAGE][PASSED] - Delayed 2 second(s)

2022-10-12 09:59:40 - [TEST_STEP][PASSED] - click(findTestObject("Intermediate/4_Bootstrap_List_Box/dynamic_li_items_unselect", ["item":listData[i]])): Object: 'Object Repository/Intermediate/4_Bootstrap_List_Box/dynamic_li_items_unselect' is clicked on

2022-10-12 09:59:41 - [MESSAGE][PASSED] - Object: 'Object Repository/Intermediate/4_Bootstrap_List_Box/dynamic_li_items_unselect' is clicked on

2022-10-12 09:59:41 - [TEST_STEP][PASSED] - verifyEqual(getCSSValue(findTestObject("Intermediate/4_Bootstrap_List_Box/dynamic_li_items_select", ["item":listData[i]]), "background-color"), selectColor): Actual object 'rgba(51, 122, 183, 1)' and expected object 'rgba(51, 122, 183, 1)' are equal

2022-10-12 09:59:41 - [MESSAGE][PASSED] - Get CSS 'background-color' value on 'Object Repository/Intermediate/4_Bootstrap_List_Box/dynamic_li_items_select' successfully: 'rgba(51, 122, 183, 1)'.

2022-10-12 09:59:41 - [MESSAGE][PASSED] - Actual object 'rgba(51, 122, 183, 1)' and expected object 'rgba(51, 122, 183, 1)' are equal

2022-10-12 09:59:41 - [TEST_STEP][PASSED] - delay(2): Delayed 2 second(s)

2022-10-12 09:59:43 - [MESSAGE][PASSED] - Delayed 2 second(s)

2022-10-12 09:59:43 - [TEST_STEP][PASSED] - verifyElementVisible(findTestObject("Intermediate/4_Bootstrap_List_Box/dynamic_li_items_unselect", ["item":listData[i]])): Object 'Object Repository/Intermediate/4_Bootstrap_List_Box/dynamic_li_items_unselect' is visible

2022-10-12 09:59:44 - [MESSAGE][PASSED] - Object 'Object Repository/Intermediate/4_Bootstrap_List_Box/dynamic_li_items_unselect' is visible

2022-10-12 09:59:44 - [TEST_STEP][PASSED] - verifyEqual(getCSSValue(findTestObject("Intermediate/4_Bootstrap_List_Box/dynamic_li_items_unselect", ["item":listData[i]]), "background-color"), unselectColor): Actual object 'rgba(255, 255, 255, 1)' and expected object 'rgba(255, 255, 255, 1)' are equal

2022-10-12 09:59:44 - [MESSAGE][PASSED] - Get CSS 'background-color' value on 'Object Repository/Intermediate/4_Bootstrap_List_Box/dynamic_li_items_unselect' successfully: 'rgba(255, 255, 255, 1)'.

2022-10-12 09:59:44 - [MESSAGE][PASSED] - Actual object 'rgba(255, 255, 255, 1)' and expected object 'rgba(255, 255, 255, 1)' are equal

2022-10-12 09:59:44 - [TEST_STEP][PASSED] - delay(2): Delayed 2 second(s)

2022-10-12 09:59:46 - [MESSAGE][PASSED] - Delayed 2 second(s)

2022-10-12 09:59:46 - [TEST_STEP][PASSED] - click(findTestObject("Intermediate/4_Bootstrap_List_Box/dynamic_li_items_unselect", ["item":listData[i]])): Object: 'Object Repository/Intermediate/4_Bootstrap_List_Box/dynamic_li_items_unselect' is clicked on

2022-10-12 09:59:47 - [MESSAGE][PASSED] - Object: 'Object Repository/Intermediate/4_Bootstrap_List_Box/dynamic_li_items_unselect' is clicked on

2022-10-12 09:59:47 - [TEST_STEP][PASSED] - verifyEqual(getCSSValue(findTestObject("Intermediate/4_Bootstrap_List_Box/dynamic_li_items_select", ["item":listData[i]]), "background-color"), selectColor): Actual object 'rgba(51, 122, 183, 1)' and expected object 'rgba(51, 122, 183, 1)' are equal

2022-10-12 09:59:47 - [MESSAGE][PASSED] - Get CSS 'background-color' value on 'Object Repository/Intermediate/4_Bootstrap_List_Box/dynamic_li_items_select' successfully: 'rgba(51, 122, 183, 1)'.

2022-10-12 09:59:47 - [MESSAGE][PASSED] - Actual object 'rgba(51, 122, 183, 1)' and expected object 'rgba(51, 122, 183, 1)' are equal

2022-10-12 09:59:47 - [TEST_STEP][PASSED] - delay(2): Delayed 2 second(s)

2022-10-12 09:59:49 - [MESSAGE][PASSED] - Delayed 2 second(s)

2022-10-12 09:59:49 - [TEST_STEP][PASSED] - verifyElementVisible(findTestObject("Intermediate/4_Bootstrap_List_Box/dynamic_li_items_unselect", ["item":listData[i]])): Object 'Object Repository/Intermediate/4_Bootstrap_List_Box/dynamic_li_items_unselect' is visible

2022-10-12 09:59:49 - [MESSAGE][PASSED] - Object 'Object Repository/Intermediate/4_Bootstrap_List_Box/dynamic_li_items_unselect' is visible

2022-10-12 09:59:49 - [TEST_STEP][PASSED] - verifyEqual(getCSSValue(findTestObject("Intermediate/4_Bootstrap_List_Box/dynamic_li_items_unselect", ["item":listData[i]]), "background-color"), unselectColor): Actual object 'rgba(255, 255, 255, 1)' and expected object 'rgba(255, 255, 255, 1)' are equal

2022-10-12 09:59:50 - [MESSAGE][PASSED] - Get CSS 'background-color' value on 'Object Repository/Intermediate/4_Bootstrap_List_Box/dynamic_li_items_unselect' successfully: 'rgba(255, 255, 255, 1)'.

2022-10-12 09:59:50 - [MESSAGE][PASSED] - Actual object 'rgba(255, 255, 255, 1)' and expected object 'rgba(255, 255, 255, 1)' are equal

2022-10-12 09:59:50 - [TEST_STEP][PASSED] - delay(2): Delayed 2 second(s)

2022-10-12 09:59:52 - [MESSAGE][PASSED] - Delayed 2 second(s)

2022-10-12 09:59:52 - [TEST_STEP][PASSED] - click(findTestObject("Intermediate/4_Bootstrap_List_Box/dynamic_li_items_unselect", ["item":listData[i]])): Object: 'Object Repository/Intermediate/4_Bootstrap_List_Box/dynamic_li_items_unselect' is clicked on

2022-10-12 09:59:52 - [MESSAGE][PASSED] - Object: 'Object Repository/Intermediate/4_Bootstrap_List_Box/dynamic_li_items_unselect' is clicked on

2022-10-12 09:59:52 - [TEST_STEP][PASSED] - verifyEqual(getCSSValue(findTestObject("Intermediate/4_Bootstrap_List_Box/dynamic_li_items_select", ["item":listData[i]]), "background-color"), selectColor): Actual object 'rgba(51, 122, 183, 1)' and expected object 'rgba(51, 122, 183, 1)' are equal

2022-10-12 09:59:53 - [MESSAGE][PASSED] - Get CSS 'background-color' value on 'Object Repository/Intermediate/4_Bootstrap_List_Box/dynamic_li_items_select' successfully: 'rgba(51, 122, 183, 1)'.

2022-10-12 09:59:53 - [MESSAGE][PASSED] - Actual object 'rgba(51, 122, 183, 1)' and expected object 'rgba(51, 122, 183, 1)' are equal

2022-10-12 09:59:53 - [TEST_STEP][PASSED] - delay(2): Delayed 2 second(s)

2022-10-12 09:59:55 - [MESSAGE][PASSED] - Delayed 2 second(s)

2022-10-12 09:59:55 - [TEST_STEP][PASSED] - verifyElementVisible(findTestObject("Intermediate/4_Bootstrap_List_Box/dynamic_li_items_unselect", ["item":listData[i]])): Object 'Object Repository/Intermediate/4_Bootstrap_List_Box/dynamic_li_items_unselect' is visible

2022-10-12 09:59:55 - [MESSAGE][PASSED] - Object 'Object Repository/Intermediate/4_Bootstrap_List_Box/dynamic_li_items_unselect' is visible

2022-10-12 09:59:55 - [TEST_STEP][PASSED] - verifyEqual(getCSSValue(findTestObject("Intermediate/4_Bootstrap_List_Box/dynamic_li_items_unselect", ["item":listData[i]]), "background-color"), unselectColor): Actual object 'rgba(255, 255, 255, 1)' and expected object 'rgba(255, 255, 255, 1)' are equal

2022-10-12 09:59:55 - [MESSAGE][PASSED] - Get CSS 'background-color' value on 'Object Repository/Intermediate/4_Bootstrap_List_Box/dynamic_li_items_unselect' successfully: 'rgba(255, 255, 255, 1)'.

2022-10-12 09:59:55 - [MESSAGE][PASSED] - Actual object 'rgba(255, 255, 255, 1)' and expected object 'rgba(255, 255, 255, 1)' are equal

2022-10-12 09:59:55 - [TEST_STEP][PASSED] - delay(2): Delayed 2 second(s)

2022-10-12 09:59:57 - [MESSAGE][PASSED] - Delayed 2 second(s)

2022-10-12 09:59:57 - [TEST_STEP][PASSED] - click(findTestObject("Intermediate/4_Bootstrap_List_Box/dynamic_li_items_unselect", ["item":listData[i]])): Object: 'Object Repository/Intermediate/4_Bootstrap_List_Box/dynamic_li_items_unselect' is clicked on

2022-10-12 09:59:58 - [MESSAGE][PASSED] - Object: 'Object Repository/Intermediate/4_Bootstrap_List_Box/dynamic_li_items_unselect' is clicked on

2022-10-12 09:59:58 - [TEST_STEP][PASSED] - verifyEqual(getCSSValue(findTestObject("Intermediate/4_Bootstrap_List_Box/dynamic_li_items_select", ["item":listData[i]]), "background-color"), selectColor): Actual object 'rgba(51, 122, 183, 1)' and expected object 'rgba(51, 122, 183, 1)' are equal

2022-10-12 09:59:59 - [MESSAGE][PASSED] - Get CSS 'background-color' value on 'Object Repository/Intermediate/4_Bootstrap_List_Box/dynamic_li_items_select' successfully: 'rgba(51, 122, 183, 1)'.

2022-10-12 09:59:59 - [MESSAGE][PASSED] - Actual object 'rgba(51, 122, 183, 1)' and expected object 'rgba(51, 122, 183, 1)' are equal

2022-10-12 09:59:59 - [TEST_STEP][PASSED] - delay(2): Delayed 2 second(s)

2022-10-12 10:00:01 - [MESSAGE][PASSED] - Delayed 2 second(s)

2022-10-12 10:00:01 - [TEST_STEP][PASSED] - verifyElementVisible(findTestObject("Intermediate/4_Bootstrap_List_Box/dynamic_li_items_unselect", ["item":listData[i]])): Object 'Object Repository/Intermediate/4_Bootstrap_List_Box/dynamic_li_items_unselect' is visible

2022-10-12 10:00:01 - [MESSAGE][PASSED] - Object 'Object Repository/Intermediate/4_Bootstrap_List_Box/dynamic_li_items_unselect' is visible

2022-10-12 10:00:01 - [TEST_STEP][PASSED] - verifyEqual(getCSSValue(findTestObject("Intermediate/4_Bootstrap_List_Box/dynamic_li_items_unselect", ["item":listData[i]]), "background-color"), unselectColor): Actual object 'rgba(255, 255, 255, 1)' and expected object 'rgba(255, 255, 255, 1)' are equal

2022-10-12 10:00:01 - [MESSAGE][PASSED] - Get CSS 'background-color' value on 'Object Repository/Intermediate/4_Bootstrap_List_Box/dynamic_li_items_unselect' successfully: 'rgba(255, 255, 255, 1)'.

2022-10-12 10:00:01 - [MESSAGE][PASSED] - Actual object 'rgba(255, 255, 255, 1)' and expected object 'rgba(255, 255, 255, 1)' are equal

2022-10-12 10:00:01 - [TEST_STEP][PASSED] - delay(2): Delayed 2 second(s)

2022-10-12 10:00:03 - [MESSAGE][PASSED] - Delayed 2 second(s)

2022-10-12 10:00:03 - [TEST_STEP][PASSED] - click(findTestObject("Intermediate/4_Bootstrap_List_Box/dynamic_li_items_unselect", ["item":listData[i]])): Object: 'Object Repository/Intermediate/4_Bootstrap_List_Box/dynamic_li_items_unselect' is clicked on

2022-10-12 10:00:04 - [MESSAGE][PASSED] - Object: 'Object Repository/Intermediate/4_Bootstrap_List_Box/dynamic_li_items_unselect' is clicked on

2022-10-12 10:00:04 - [TEST_STEP][PASSED] - verifyEqual(getCSSValue(findTestObject("Intermediate/4_Bootstrap_List_Box/dynamic_li_items_select", ["item":listData[i]]), "background-color"), selectColor): Actual object 'rgba(51, 122, 183, 1)' and expected object 'rgba(51, 122, 183, 1)' are equal

2022-10-12 10:00:05 - [MESSAGE][PASSED] - Get CSS 'background-color' value on 'Object Repository/Intermediate/4_Bootstrap_List_Box/dynamic_li_items_select' successfully: 'rgba(51, 122, 183, 1)'.

2022-10-12 10:00:05 - [MESSAGE][PASSED] - Actual object 'rgba(51, 122, 183, 1)' and expected object 'rgba(51, 122, 183, 1)' are equal

2022-10-12 10:00:05 - [TEST_STEP][PASSED] - delay(2): Delayed 2 second(s)

2022-10-12 10:00:07 - [MESSAGE][PASSED] - Delayed 2 second(s)

2022-10-12 10:00:07 - [TEST_STEP][PASSED] - verifyElementVisible(findTestObject("Intermediate/4_Bootstrap_List_Box/dynamic_li_items_unselect", ["item":listData[i]])): Object 'Object Repository/Intermediate/4_Bootstrap_List_Box/dynamic_li_items_unselect' is visible

2022-10-12 10:00:07 - [MESSAGE][PASSED] - Object 'Object Repository/Intermediate/4_Bootstrap_List_Box/dynamic_li_items_unselect' is visible

2022-10-12 10:00:07 - [TEST_STEP][PASSED] - verifyEqual(getCSSValue(findTestObject("Intermediate/4_Bootstrap_List_Box/dynamic_li_items_unselect", ["item":listData[i]]), "background-color"), unselectColor): Actual object 'rgba(255, 255, 255, 1)' and expected object 'rgba(255, 255, 255, 1)' are equal

2022-10-12 10:00:07 - [MESSAGE][PASSED] - Get CSS 'background-color' value on 'Object Repository/Intermediate/4_Bootstrap_List_Box/dynamic_li_items_unselect' successfully: 'rgba(255, 255, 255, 1)'.

2022-10-12 10:00:07 - [MESSAGE][PASSED] - Actual object 'rgba(255, 255, 255, 1)' and expected object 'rgba(255, 255, 255, 1)' are equal

2022-10-12 10:00:07 - [TEST_STEP][PASSED] - delay(2): Delayed 2 second(s)

2022-10-12 10:00:09 - [MESSAGE][PASSED] - Delayed 2 second(s)

2022-10-12 10:00:09 - [TEST_STEP][PASSED] - click(findTestObject("Intermediate/4_Bootstrap_List_Box/dynamic_li_items_unselect", ["item":listData[i]])): Object: 'Object Repository/Intermediate/4_Bootstrap_List_Box/dynamic_li_items_unselect' is clicked on

2022-10-12 10:00:10 - [MESSAGE][PASSED] - Object: 'Object Repository/Intermediate/4_Bootstrap_List_Box/dynamic_li_items_unselect' is clicked on

2022-10-12 10:00:10 - [TEST_STEP][PASSED] - verifyEqual(getCSSValue(findTestObject("Intermediate/4_Bootstrap_List_Box/dynamic_li_items_select", ["item":listData[i]]), "background-color"), selectColor): Actual object 'rgba(51, 122, 183, 1)' and expected object 'rgba(51, 122, 183, 1)' are equal

2022-10-12 10:00:10 - [MESSAGE][PASSED] - Get CSS 'background-color' value on 'Object Repository/Intermediate/4_Bootstrap_List_Box/dynamic_li_items_select' successfully: 'rgba(51, 122, 183, 1)'.

2022-10-12 10:00:10 - [MESSAGE][PASSED] - Actual object 'rgba(51, 122, 183, 1)' and expected object 'rgba(51, 122, 183, 1)' are equal

2022-10-12 10:00:10 - [TEST_STEP][PASSED] - delay(2): Delayed 2 second(s)

2022-10-12 10:00:12 - [MESSAGE][PASSED] - Delayed 2 second(s)

2022-10-12 10:00:12 - [TEST_STEP][PASSED] - verifyElementVisible(findTestObject("Intermediate/4_Bootstrap_List_Box/dynamic_li_items_unselect", ["item":listData[i]])): Object 'Object Repository/Intermediate/4_Bootstrap_List_Box/dynamic_li_items_unselect' is visible

2022-10-12 10:00:13 - [MESSAGE][PASSED] - Object 'Object Repository/Intermediate/4_Bootstrap_List_Box/dynamic_li_items_unselect' is visible

2022-10-12 10:00:13 - [TEST_STEP][PASSED] - verifyEqual(getCSSValue(findTestObject("Intermediate/4_Bootstrap_List_Box/dynamic_li_items_unselect", ["item":listData[i]]), "background-color"), unselectColor): Actual object 'rgba(255, 255, 255, 1)' and expected object 'rgba(255, 255, 255, 1)' are equal

2022-10-12 10:00:13 - [MESSAGE][PASSED] - Get CSS 'background-color' value on 'Object Repository/Intermediate/4_Bootstrap_List_Box/dynamic_li_items_unselect' successfully: 'rgba(255, 255, 255, 1)'.

2022-10-12 10:00:13 - [MESSAGE][PASSED] - Actual object 'rgba(255, 255, 255, 1)' and expected object 'rgba(255, 255, 255, 1)' are equal

2022-10-12 10:00:13 - [TEST_STEP][PASSED] - delay(2): Delayed 2 second(s)

2022-10-12 10:00:15 - [MESSAGE][PASSED] - Delayed 2 second(s)

2022-10-12 10:00:15 - [TEST_STEP][PASSED] - click(findTestObject("Intermediate/4_Bootstrap_List_Box/dynamic_li_items_unselect", ["item":listData[i]])): Object: 'Object Repository/Intermediate/4_Bootstrap_List_Box/dynamic_li_items_unselect' is clicked on

2022-10-12 10:00:16 - [MESSAGE][PASSED] - Object: 'Object Repository/Intermediate/4_Bootstrap_List_Box/dynamic_li_items_unselect' is clicked on

2022-10-12 10:00:16 - [TEST_STEP][PASSED] - verifyEqual(getCSSValue(findTestObject("Intermediate/4_Bootstrap_List_Box/dynamic_li_items_select", ["item":listData[i]]), "background-color"), selectColor): Actual object 'rgba(51, 122, 183, 1)' and expected object 'rgba(51, 122, 183, 1)' are equal

2022-10-12 10:00:16 - [MESSAGE][PASSED] - Get CSS 'background-color' value on 'Object Repository/Intermediate/4_Bootstrap_List_Box/dynamic_li_items_select' successfully: 'rgba(51, 122, 183, 1)'.

2022-10-12 10:00:16 - [MESSAGE][PASSED] - Actual object 'rgba(51, 122, 183, 1)' and expected object 'rgba(51, 122, 183, 1)' are equal

2022-10-12 10:00:16 - [TEST_STEP][PASSED] - delay(2): Delayed 2 second(s)

2022-10-12 10:00:18 - [MESSAGE][PASSED] - Delayed 2 second(s)

2022-10-12 10:00:18 - [TEST_STEP][PASSED] - verifyElementVisible(findTestObject("Intermediate/4_Bootstrap_List_Box/dynamic_li_items_unselect", ["item":listData[i]])): Object 'Object Repository/Intermediate/4_Bootstrap_List_Box/dynamic_li_items_unselect' is visible

2022-10-12 10:00:18 - [MESSAGE][PASSED] - Object 'Object Repository/Intermediate/4_Bootstrap_List_Box/dynamic_li_items_unselect' is visible

2022-10-12 10:00:18 - [TEST_STEP][PASSED] - verifyEqual(getCSSValue(findTestObject("Intermediate/4_Bootstrap_List_Box/dynamic_li_items_unselect", ["item":listData[i]]), "background-color"), unselectColor): Actual object 'rgba(255, 255, 255, 1)' and expected object 'rgba(255, 255, 255, 1)' are equal

2022-10-12 10:00:19 - [MESSAGE][PASSED] - Get CSS 'background-color' value on 'Object Repository/Intermediate/4_Bootstrap_List_Box/dynamic_li_items_unselect' successfully: 'rgba(255, 255, 255, 1)'.

2022-10-12 10:00:19 - [MESSAGE][PASSED] - Actual object 'rgba(255, 255, 255, 1)' and expected object 'rgba(255, 255, 255, 1)' are equal

2022-10-12 10:00:19 - [TEST_STEP][PASSED] - delay(2): Delayed 2 second(s)

2022-10-12 10:00:21 - [MESSAGE][PASSED] - Delayed 2 second(s)

2022-10-12 10:00:21 - [TEST_STEP][PASSED] - click(findTestObject("Intermediate/4_Bootstrap_List_Box/dynamic_li_items_unselect", ["item":listData[i]])): Object: 'Object Repository/Intermediate/4_Bootstrap_List_Box/dynamic_li_items_unselect' is clicked on

2022-10-12 10:00:21 - [MESSAGE][PASSED] - Object: 'Object Repository/Intermediate/4_Bootstrap_List_Box/dynamic_li_items_unselect' is clicked on

2022-10-12 10:00:21 - [TEST_STEP][PASSED] - verifyEqual(getCSSValue(findTestObject("Intermediate/4_Bootstrap_List_Box/dynamic_li_items_select", ["item":listData[i]]), "background-color"), selectColor): Actual object 'rgba(51, 122, 183, 1)' and expected object 'rgba(51, 122, 183, 1)' are equal

2022-10-12 10:00:22 - [MESSAGE][PASSED] - Get CSS 'background-color' value on 'Object Repository/Intermediate/4_Bootstrap_List_Box/dynamic_li_items_select' successfully: 'rgba(51, 122, 183, 1)'.

2022-10-12 10:00:22 - [MESSAGE][PASSED] - Actual object 'rgba(51, 122, 183, 1)' and expected object 'rgba(51, 122, 183, 1)' are equal

2022-10-12 10:00:22 - [TEST_STEP][PASSED] - delay(2): Delayed 2 second(s)

2022-10-12 10:00:24 - [MESSAGE][PASSED] - Delayed 2 second(s)

2022-10-12 10:00:24 - [TEST_STEP][PASSED] - verifyElementVisible(findTestObject("Intermediate/4_Bootstrap_List_Box/dynamic_li_items_unselect", ["item":listData[i]])): Object 'Object Repository/Intermediate/4_Bootstrap_List_Box/dynamic_li_items_unselect' is visible

2022-10-12 10:00:24 - [MESSAGE][PASSED] - Object 'Object Repository/Intermediate/4_Bootstrap_List_Box/dynamic_li_items_unselect' is visible

2022-10-12 10:00:24 - [TEST_STEP][PASSED] - verifyEqual(getCSSValue(findTestObject("Intermediate/4_Bootstrap_List_Box/dynamic_li_items_unselect", ["item":listData[i]]), "background-color"), unselectColor): Actual object 'rgba(255, 255, 255, 1)' and expected object 'rgba(255, 255, 255, 1)' are equal

2022-10-12 10:00:24 - [MESSAGE][PASSED] - Get CSS 'background-color' value on 'Object Repository/Intermediate/4_Bootstrap_List_Box/dynamic_li_items_unselect' successfully: 'rgba(255, 255, 255, 1)'.

2022-10-12 10:00:24 - [MESSAGE][PASSED] - Actual object 'rgba(255, 255, 255, 1)' and expected object 'rgba(255, 255, 255, 1)' are equal

2022-10-12 10:00:24 - [TEST_STEP][PASSED] - delay(2): Delayed 2 second(s)

2022-10-12 10:00:26 - [MESSAGE][PASSED] - Delayed 2 second(s)

2022-10-12 10:00:26 - [TEST_STEP][PASSED] - click(findTestObject("Intermediate/4_Bootstrap_List_Box/dynamic_li_items_unselect", ["item":listData[i]])): Object: 'Object Repository/Intermediate/4_Bootstrap_List_Box/dynamic_li_items_unselect' is clicked on

2022-10-12 10:00:27 - [MESSAGE][PASSED] - Object: 'Object Repository/Intermediate/4_Bootstrap_List_Box/dynamic_li_items_unselect' is clicked on

2022-10-12 10:00:27 - [TEST_STEP][PASSED] - verifyEqual(getCSSValue(findTestObject("Intermediate/4_Bootstrap_List_Box/dynamic_li_items_select", ["item":listData[i]]), "background-color"), selectColor): Actual object 'rgba(51, 122, 183, 1)' and expected object 'rgba(51, 122, 183, 1)' are equal

2022-10-12 10:00:28 - [MESSAGE][PASSED] - Get CSS 'background-color' value on 'Object Repository/Intermediate/4_Bootstrap_List_Box/dynamic_li_items_select' successfully: 'rgba(51, 122, 183, 1)'.

2022-10-12 10:00:28 - [MESSAGE][PASSED] - Actual object 'rgba(51, 122, 183, 1)' and expected object 'rgba(51, 122, 183, 1)' are equal

2022-10-12 10:00:28 - [TEST_STEP][PASSED] - delay(2): Delayed 2 second(s)

2022-10-12 10:00:30 - [MESSAGE][PASSED] - Delayed 2 second(s)

2022-10-12 10:00:30 - [TEST_STEP][PASSED] - for ([i = 0, i < arrayLength, (i++)]): Delayed 2 second(s)

2022-10-12 10:00:30 - [TEST_STEP][PASSED] - verifyElementVisible(findTestObject("Intermediate/4_Bootstrap_List_Box/dynamic_li_items_select", ["item":listData[i]])): Object 'Object Repository/Intermediate/4_Bootstrap_List_Box/dynamic_li_items_select' is visible

2022-10-12 10:00:30 - [MESSAGE][PASSED] - Object 'Object Repository/Intermediate/4_Bootstrap_List_Box/dynamic_li_items_select' is visible

2022-10-12 10:00:30 - [TEST_STEP][PASSED] - click(findTestObject("Intermediate/4_Bootstrap_List_Box/dynamic_li_items_select", ["item":listData[i]])): Object: 'Object Repository/Intermediate/4_Bootstrap_List_Box/dynamic_li_items_select' is clicked on

2022-10-12 10:00:30 - [MESSAGE][PASSED] - Object: 'Object Repository/Intermediate/4_Bootstrap_List_Box/dynamic_li_items_select' is clicked on

2022-10-12 10:00:30 - [TEST_STEP][PASSED] - verifyEqual(getCSSValue(findTestObject("Intermediate/4_Bootstrap_List_Box/dynamic_li_items_unselect", ["item":listData[i]]), "background-color"), unselectColor): Actual object 'rgba(255, 255, 255, 1)' and expected object 'rgba(255, 255, 255, 1)' are equal

2022-10-12 10:00:31 - [MESSAGE][PASSED] - Get CSS 'background-color' value on 'Object Repository/Intermediate/4_Bootstrap_List_Box/dynamic_li_items_unselect' successfully: 'rgba(255, 255, 255, 1)'.

2022-10-12 10:00:31 - [MESSAGE][PASSED] - Actual object 'rgba(255, 255, 255, 1)' and expected object 'rgba(255, 255, 255, 1)' are equal

2022-10-12 10:00:31 - [TEST_STEP][PASSED] - delay(2): Delayed 2 second(s)

2022-10-12 10:00:33 - [MESSAGE][PASSED] - Delayed 2 second(s)

2022-10-12 10:00:33 - [TEST_STEP][PASSED] - verifyElementVisible(findTestObject("Intermediate/4_Bootstrap_List_Box/dynamic_li_items_select", ["item":listData[i]])): Object 'Object Repository/Intermediate/4_Bootstrap_List_Box/dynamic_li_items_select' is visible

2022-10-12 10:00:33 - [MESSAGE][PASSED] - Object 'Object Repository/Intermediate/4_Bootstrap_List_Box/dynamic_li_items_select' is visible

2022-10-12 10:00:33 - [TEST_STEP][PASSED] - click(findTestObject("Intermediate/4_Bootstrap_List_Box/dynamic_li_items_select", ["item":listData[i]])): Object: 'Object Repository/Intermediate/4_Bootstrap_List_Box/dynamic_li_items_select' is clicked on

2022-10-12 10:00:34 - [MESSAGE][PASSED] - Object: 'Object Repository/Intermediate/4_Bootstrap_List_Box/dynamic_li_items_select' is clicked on

2022-10-12 10:00:34 - [TEST_STEP][PASSED] - verifyEqual(getCSSValue(findTestObject("Intermediate/4_Bootstrap_List_Box/dynamic_li_items_unselect", ["item":listData[i]]), "background-color"), unselectColor): Actual object 'rgba(255, 255, 255, 1)' and expected object 'rgba(255, 255, 255, 1)' are equal

2022-10-12 10:00:34 - [MESSAGE][PASSED] - Get CSS 'background-color' value on 'Object Repository/Intermediate/4_Bootstrap_List_Box/dynamic_li_items_unselect' successfully: 'rgba(255, 255, 255, 1)'.

2022-10-12 10:00:34 - [MESSAGE][PASSED] - Actual object 'rgba(255, 255, 255, 1)' and expected object 'rgba(255, 255, 255, 1)' are equal

2022-10-12 10:00:34 - [TEST_STEP][PASSED] - delay(2): Delayed 2 second(s)

2022-10-12 10:00:36 - [MESSAGE][PASSED] - Delayed 2 second(s)

2022-10-12 10:00:36 - [TEST_STEP][PASSED] - verifyElementVisible(findTestObject("Intermediate/4_Bootstrap_List_Box/dynamic_li_items_select", ["item":listData[i]])): Object 'Object Repository/Intermediate/4_Bootstrap_List_Box/dynamic_li_items_select' is visible

2022-10-12 10:00:37 - [MESSAGE][PASSED] - Object 'Object Repository/Intermediate/4_Bootstrap_List_Box/dynamic_li_items_select' is visible

2022-10-12 10:00:37 - [TEST_STEP][PASSED] - click(findTestObject("Intermediate/4_Bootstrap_List_Box/dynamic_li_items_select", ["item":listData[i]])): Object: 'Object Repository/Intermediate/4_Bootstrap_List_Box/dynamic_li_items_select' is clicked on

2022-10-12 10:00:37 - [MESSAGE][PASSED] - Object: 'Object Repository/Intermediate/4_Bootstrap_List_Box/dynamic_li_items_select' is clicked on

2022-10-12 10:00:37 - [TEST_STEP][PASSED] - verifyEqual(getCSSValue(findTestObject("Intermediate/4_Bootstrap_List_Box/dynamic_li_items_unselect", ["item":listData[i]]), "background-color"), unselectColor): Actual object 'rgba(255, 255, 255, 1)' and expected object 'rgba(255, 255, 255, 1)' are equal

2022-10-12 10:00:37 - [MESSAGE][PASSED] - Get CSS 'background-color' value on 'Object Repository/Intermediate/4_Bootstrap_List_Box/dynamic_li_items_unselect' successfully: 'rgba(255, 255, 255, 1)'.

2022-10-12 10:00:37 - [MESSAGE][PASSED] - Actual object 'rgba(255, 255, 255, 1)' and expected object 'rgba(255, 255, 255, 1)' are equal

2022-10-12 10:00:37 - [TEST_STEP][PASSED] - delay(2): Delayed 2 second(s)

2022-10-12 10:00:39 - [MESSAGE][PASSED] - Delayed 2 second(s)

2022-10-12 10:00:39 - [TEST_STEP][PASSED] - verifyElementVisible(findTestObject("Intermediate/4_Bootstrap_List_Box/dynamic_li_items_select", ["item":listData[i]])): Object 'Object Repository/Intermediate/4_Bootstrap_List_Box/dynamic_li_items_select' is visible

2022-10-12 10:00:40 - [MESSAGE][PASSED] - Object 'Object Repository/Intermediate/4_Bootstrap_List_Box/dynamic_li_items_select' is visible

2022-10-12 10:00:40 - [TEST_STEP][PASSED] - click(findTestObject("Intermediate/4_Bootstrap_List_Box/dynamic_li_items_select", ["item":listData[i]])): Object: 'Object Repository/Intermediate/4_Bootstrap_List_Box/dynamic_li_items_select' is clicked on

2022-10-12 10:00:40 - [MESSAGE][PASSED] - Object: 'Object Repository/Intermediate/4_Bootstrap_List_Box/dynamic_li_items_select' is clicked on

2022-10-12 10:00:40 - [TEST_STEP][PASSED] - verifyEqual(getCSSValue(findTestObject("Intermediate/4_Bootstrap_List_Box/dynamic_li_items_unselect", ["item":listData[i]]), "background-color"), unselectColor): Actual object 'rgba(255, 255, 255, 1)' and expected object 'rgba(255, 255, 255, 1)' are equal

2022-10-12 10:00:41 - [MESSAGE][PASSED] - Get CSS 'background-color' value on 'Object Repository/Intermediate/4_Bootstrap_List_Box/dynamic_li_items_unselect' successfully: 'rgba(255, 255, 255, 1)'.

2022-10-12 10:00:41 - [MESSAGE][PASSED] - Actual object 'rgba(255, 255, 255, 1)' and expected object 'rgba(255, 255, 255, 1)' are equal

2022-10-12 10:00:41 - [TEST_STEP][PASSED] - delay(2): Delayed 2 second(s)

2022-10-12 10:00:43 - [MESSAGE][PASSED] - Delayed 2 second(s)

2022-10-12 10:00:43 - [TEST_STEP][PASSED] - verifyElementVisible(findTestObject("Intermediate/4_Bootstrap_List_Box/dynamic_li_items_select", ["item":listData[i]])): Object 'Object Repository/Intermediate/4_Bootstrap_List_Box/dynamic_li_items_select' is visible

2022-10-12 10:00:43 - [MESSAGE][PASSED] - Object 'Object Repository/Intermediate/4_Bootstrap_List_Box/dynamic_li_items_select' is visible

2022-10-12 10:00:43 - [TEST_STEP][PASSED] - click(findTestObject("Intermediate/4_Bootstrap_List_Box/dynamic_li_items_select", ["item":listData[i]])): Object: 'Object Repository/Intermediate/4_Bootstrap_List_Box/dynamic_li_items_select' is clicked on

2022-10-12 10:00:44 - [MESSAGE][PASSED] - Object: 'Object Repository/Intermediate/4_Bootstrap_List_Box/dynamic_li_items_select' is clicked on

2022-10-12 10:00:44 - [TEST_STEP][PASSED] - verifyEqual(getCSSValue(findTestObject("Intermediate/4_Bootstrap_List_Box/dynamic_li_items_unselect", ["item":listData[i]]), "background-color"), unselectColor): Actual object 'rgba(255, 255, 255, 1)' and expected object 'rgba(255, 255, 255, 1)' are equal

2022-10-12 10:00:45 - [MESSAGE][PASSED] - Get CSS 'background-color' value on 'Object Repository/Intermediate/4_Bootstrap_List_Box/dynamic_li_items_unselect' successfully: 'rgba(255, 255, 255, 1)'.

2022-10-12 10:00:45 - [MESSAGE][PASSED] - Actual object 'rgba(255, 255, 255, 1)' and expected object 'rgba(255, 255, 255, 1)' are equal

2022-10-12 10:00:45 - [TEST_STEP][PASSED] - delay(2): Delayed 2 second(s)

2022-10-12 10:00:47 - [MESSAGE][PASSED] - Delayed 2 second(s)

2022-10-12 10:00:47 - [TEST_STEP][PASSED] - verifyElementVisible(findTestObject("Intermediate/4_Bootstrap_List_Box/dynamic_li_items_select", ["item":listData[i]])): Object 'Object Repository/Intermediate/4_Bootstrap_List_Box/dynamic_li_items_select' is visible

2022-10-12 10:00:48 - [MESSAGE][PASSED] - Object 'Object Repository/Intermediate/4_Bootstrap_List_Box/dynamic_li_items_select' is visible

2022-10-12 10:00:48 - [TEST_STEP][PASSED] - click(findTestObject("Intermediate/4_Bootstrap_List_Box/dynamic_li_items_select", ["item":listData[i]])): Object: 'Object Repository/Intermediate/4_Bootstrap_List_Box/dynamic_li_items_select' is clicked on

2022-10-12 10:00:48 - [MESSAGE][PASSED] - Object: 'Object Repository/Intermediate/4_Bootstrap_List_Box/dynamic_li_items_select' is clicked on

2022-10-12 10:00:48 - [TEST_STEP][PASSED] - verifyEqual(getCSSValue(findTestObject("Intermediate/4_Bootstrap_List_Box/dynamic_li_items_unselect", ["item":listData[i]]), "background-color"), unselectColor): Actual object 'rgba(255, 255, 255, 1)' and expected object 'rgba(255, 255, 255, 1)' are equal

2022-10-12 10:00:49 - [MESSAGE][PASSED] - Get CSS 'background-color' value on 'Object Repository/Intermediate/4_Bootstrap_List_Box/dynamic_li_items_unselect' successfully: 'rgba(255, 255, 255, 1)'.

2022-10-12 10:00:49 - [MESSAGE][PASSED] - Actual object 'rgba(255, 255, 255, 1)' and expected object 'rgba(255, 255, 255, 1)' are equal

2022-10-12 10:00:49 - [TEST_STEP][PASSED] - delay(2): Delayed 2 second(s)

2022-10-12 10:00:51 - [MESSAGE][PASSED] - Delayed 2 second(s)

2022-10-12 10:00:51 - [TEST_STEP][PASSED] - verifyElementVisible(findTestObject("Intermediate/4_Bootstrap_List_Box/dynamic_li_items_select", ["item":listData[i]])): Object 'Object Repository/Intermediate/4_Bootstrap_List_Box/dynamic_li_items_select' is visible

2022-10-12 10:00:52 - [MESSAGE][PASSED] - Object 'Object Repository/Intermediate/4_Bootstrap_List_Box/dynamic_li_items_select' is visible

2022-10-12 10:00:52 - [TEST_STEP][PASSED] - click(findTestObject("Intermediate/4_Bootstrap_List_Box/dynamic_li_items_select", ["item":listData[i]])): Object: 'Object Repository/Intermediate/4_Bootstrap_List_Box/dynamic_li_items_select' is clicked on

2022-10-12 10:00:52 - [MESSAGE][PASSED] - Object: 'Object Repository/Intermediate/4_Bootstrap_List_Box/dynamic_li_items_select' is clicked on

2022-10-12 10:00:52 - [TEST_STEP][PASSED] - verifyEqual(getCSSValue(findTestObject("Intermediate/4_Bootstrap_List_Box/dynamic_li_items_unselect", ["item":listData[i]]), "background-color"), unselectColor): Actual object 'rgba(255, 255, 255, 1)' and expected object 'rgba(255, 255, 255, 1)' are equal

2022-10-12 10:00:52 - [MESSAGE][PASSED] - Get CSS 'background-color' value on 'Object Repository/Intermediate/4_Bootstrap_List_Box/dynamic_li_items_unselect' successfully: 'rgba(255, 255, 255, 1)'.

2022-10-12 10:00:52 - [MESSAGE][PASSED] - Actual object 'rgba(255, 255, 255, 1)' and expected object 'rgba(255, 255, 255, 1)' are equal

2022-10-12 10:00:52 - [TEST_STEP][PASSED] - delay(2): Delayed 2 second(s)

2022-10-12 10:00:55 - [MESSAGE][PASSED] - Delayed 2 second(s)

2022-10-12 10:00:55 - [TEST_STEP][PASSED] - verifyElementVisible(findTestObject("Intermediate/4_Bootstrap_List_Box/dynamic_li_items_select", ["item":listData[i]])): Object 'Object Repository/Intermediate/4_Bootstrap_List_Box/dynamic_li_items_select' is visible

2022-10-12 10:00:55 - [MESSAGE][PASSED] - Object 'Object Repository/Intermediate/4_Bootstrap_List_Box/dynamic_li_items_select' is visible

2022-10-12 10:00:55 - [TEST_STEP][PASSED] - click(findTestObject("Intermediate/4_Bootstrap_List_Box/dynamic_li_items_select", ["item":listData[i]])): Object: 'Object Repository/Intermediate/4_Bootstrap_List_Box/dynamic_li_items_select' is clicked on

2022-10-12 10:00:56 - [MESSAGE][PASSED] - Object: 'Object Repository/Intermediate/4_Bootstrap_List_Box/dynamic_li_items_select' is clicked on

2022-10-12 10:00:56 - [TEST_STEP][PASSED] - verifyEqual(getCSSValue(findTestObject("Intermediate/4_Bootstrap_List_Box/dynamic_li_items_unselect", ["item":listData[i]]), "background-color"), unselectColor): Actual object 'rgba(255, 255, 255, 1)' and expected object 'rgba(255, 255, 255, 1)' are equal

2022-10-12 10:00:56 - [MESSAGE][PASSED] - Get CSS 'background-color' value on 'Object Repository/Intermediate/4_Bootstrap_List_Box/dynamic_li_items_unselect' successfully: 'rgba(255, 255, 255, 1)'.

2022-10-12 10:00:56 - [MESSAGE][PASSED] - Actual object 'rgba(255, 255, 255, 1)' and expected object 'rgba(255, 255, 255, 1)' are equal

2022-10-12 10:00:56 - [TEST_STEP][PASSED] - delay(2): Delayed 2 second(s)

2022-10-12 10:00:58 - [MESSAGE][PASSED] - Delayed 2 second(s)

2022-10-12 10:00:58 - [TEST_STEP][PASSED] - verifyElementVisible(findTestObject("Intermediate/4_Bootstrap_List_Box/dynamic_li_items_select", ["item":listData[i]])): Object 'Object Repository/Intermediate/4_Bootstrap_List_Box/dynamic_li_items_select' is visible

2022-10-12 10:00:59 - [MESSAGE][PASSED] - Object 'Object Repository/Intermediate/4_Bootstrap_List_Box/dynamic_li_items_select' is visible

2022-10-12 10:00:59 - [TEST_STEP][PASSED] - click(findTestObject("Intermediate/4_Bootstrap_List_Box/dynamic_li_items_select", ["item":listData[i]])): Object: 'Object Repository/Intermediate/4_Bootstrap_List_Box/dynamic_li_items_select' is clicked on

2022-10-12 10:00:59 - [MESSAGE][PASSED] - Object: 'Object Repository/Intermediate/4_Bootstrap_List_Box/dynamic_li_items_select' is clicked on

2022-10-12 10:00:59 - [TEST_STEP][PASSED] - verifyEqual(getCSSValue(findTestObject("Intermediate/4_Bootstrap_List_Box/dynamic_li_items_unselect", ["item":listData[i]]), "background-color"), unselectColor): Actual object 'rgba(255, 255, 255, 1)' and expected object 'rgba(255, 255, 255, 1)' are equal

2022-10-12 10:00:59 - [MESSAGE][PASSED] - Get CSS 'background-color' value on 'Object Repository/Intermediate/4_Bootstrap_List_Box/dynamic_li_items_unselect' successfully: 'rgba(255, 255, 255, 1)'.

2022-10-12 10:00:59 - [MESSAGE][PASSED] - Actual object 'rgba(255, 255, 255, 1)' and expected object 'rgba(255, 255, 255, 1)' are equal

2022-10-12 10:00:59 - [TEST_STEP][PASSED] - delay(2): Delayed 2 second(s)

2022-10-12 10:01:01 - [MESSAGE][PASSED] - Delayed 2 second(s)

2022-10-12 10:01:01 - [TEST_STEP][PASSED] - verifyElementVisible(findTestObject("Intermediate/4_Bootstrap_List_Box/dynamic_li_items_select", ["item":listData[i]])): Object 'Object Repository/Intermediate/4_Bootstrap_List_Box/dynamic_li_items_select' is visible

2022-10-12 10:01:02 - [MESSAGE][PASSED] - Object 'Object Repository/Intermediate/4_Bootstrap_List_Box/dynamic_li_items_select' is visible

2022-10-12 10:01:02 - [TEST_STEP][PASSED] - click(findTestObject("Intermediate/4_Bootstrap_List_Box/dynamic_li_items_select", ["item":listData[i]])): Object: 'Object Repository/Intermediate/4_Bootstrap_List_Box/dynamic_li_items_select' is clicked on

2022-10-12 10:01:02 - [MESSAGE][PASSED] - Object: 'Object Repository/Intermediate/4_Bootstrap_List_Box/dynamic_li_items_select' is clicked on

2022-10-12 10:01:02 - [TEST_STEP][PASSED] - verifyEqual(getCSSValue(findTestObject("Intermediate/4_Bootstrap_List_Box/dynamic_li_items_unselect", ["item":listData[i]]), "background-color"), unselectColor): Actual object 'rgba(255, 255, 255, 1)' and expected object 'rgba(255, 255, 255, 1)' are equal

2022-10-12 10:01:02 - [MESSAGE][PASSED] - Get CSS 'background-color' value on 'Object Repository/Intermediate/4_Bootstrap_List_Box/dynamic_li_items_unselect' successfully: 'rgba(255, 255, 255, 1)'.

2022-10-12 10:01:02 - [MESSAGE][PASSED] - Actual object 'rgba(255, 255, 255, 1)' and expected object 'rgba(255, 255, 255, 1)' are equal

2022-10-12 10:01:02 - [TEST_STEP][PASSED] - delay(2): Delayed 2 second(s)

2022-10-12 10:01:04 - [MESSAGE][PASSED] - Delayed 2 second(s)

2022-10-12 10:01:04 - [TEST_STEP][PASSED] - closeBrowser(): Browser is closed

2022-10-12 10:01:06 - [MESSAGE][PASSED] - Browser is closed]]></system-out>
         <system-err><![CDATA[]]></system-err>
      </testcase>
      <testcase name="Test Cases/Intermediate/4_Bootstrap_List_Box/BLB2_Select_item_in_left_and_move_to_right" time="62.44" classname="Test Cases/Intermediate/4_Bootstrap_List_Box/BLB2_Select_item_in_left_and_move_to_right" status="PASSED">
         <system-out><![CDATA[2022-10-12 10:01:06 - [TEST_CASE][PASSED] - Test Cases/Intermediate/4_Bootstrap_List_Box/BLB2_Select_item_in_left_and_move_to_right: Test Cases/Intermediate/4_Bootstrap_List_Box/BLB2_Select_item_in_left_and_move_to_right

2022-10-12 10:01:07 - [TEST_STEP][PASSED] - TestID = "TEST-00002": null

2022-10-12 10:01:07 - [TEST_STEP][PASSED] - FileTestData = "TestData_Sheet5": null

2022-10-12 10:01:07 - [TEST_STEP][PASSED] - totalRow = findTestData(FileTestData).getRowNumbers(): null

2022-10-12 10:01:07 - [TEST_STEP][PASSED] - totalColumn = findTestData(FileTestData).getColumnNumbers(): null

2022-10-12 10:01:07 - [TEST_STEP][PASSED] - rowNum = 1: null

2022-10-12 10:01:07 - [TEST_STEP][PASSED] - arrayLength = 0: null

2022-10-12 10:01:07 - [TEST_STEP][PASSED] - for ([rowNum, rowNum < totalRow, (rowNum++)]): null

2022-10-12 10:01:07 - [TEST_STEP][PASSED] - if (findTestData(FileTestData).getValue(1, rowNum) == TestID): null

2022-10-12 10:01:07 - [TEST_STEP][PASSED] - if (findTestData(FileTestData).getValue(1, rowNum) == TestID): null

2022-10-12 10:01:07 - [TEST_STEP][PASSED] - break: null

2022-10-12 10:01:07 - [TEST_STEP][PASSED] - println("Row number is: " + rowNum): null

2022-10-12 10:01:07 - [TEST_STEP][PASSED] - for ([i = 0, i < totalColumn - 1, (i++)]): null

2022-10-12 10:01:07 - [TEST_STEP][PASSED] - if (findTestData(FileTestData).getValue(i + 2, rowNum) == ""): null

2022-10-12 10:01:07 - [TEST_STEP][PASSED] - (arrayLength++): null

2022-10-12 10:01:07 - [TEST_STEP][PASSED] - if (findTestData(FileTestData).getValue(i + 2, rowNum) == ""): null

2022-10-12 10:01:07 - [TEST_STEP][PASSED] - (arrayLength++): null

2022-10-12 10:01:07 - [TEST_STEP][PASSED] - if (findTestData(FileTestData).getValue(i + 2, rowNum) == ""): null

2022-10-12 10:01:07 - [TEST_STEP][PASSED] - (arrayLength++): null

2022-10-12 10:01:07 - [TEST_STEP][PASSED] - if (findTestData(FileTestData).getValue(i + 2, rowNum) == ""): null

2022-10-12 10:01:07 - [TEST_STEP][PASSED] - (arrayLength++): null

2022-10-12 10:01:07 - [TEST_STEP][PASSED] - if (findTestData(FileTestData).getValue(i + 2, rowNum) == ""): null

2022-10-12 10:01:07 - [TEST_STEP][PASSED] - (arrayLength++): null

2022-10-12 10:01:07 - [TEST_STEP][PASSED] - if (findTestData(FileTestData).getValue(i + 2, rowNum) == ""): null

2022-10-12 10:01:07 - [TEST_STEP][PASSED] - break: null

2022-10-12 10:01:07 - [TEST_STEP][PASSED] - println("Array length is: " + arrayLength): null

2022-10-12 10:01:07 - [TEST_STEP][PASSED] - listData = []: null

2022-10-12 10:01:07 - [TEST_STEP][PASSED] - for ([rowNum = 1, rowNum < totalRow, (rowNum++)]): null

2022-10-12 10:01:07 - [TEST_STEP][PASSED] - if (findTestData(FileTestData).getValue(1, rowNum) == TestID): null

2022-10-12 10:01:07 - [TEST_STEP][PASSED] - if (findTestData(FileTestData).getValue(1, rowNum) == TestID): null

2022-10-12 10:01:07 - [TEST_STEP][PASSED] - for ([i = 0, i < arrayLength, (i++)]): null

2022-10-12 10:01:07 - [TEST_STEP][PASSED] - if (findTestData(FileTestData).getValue(i + 2, 1) == ""): null

2022-10-12 10:01:08 - [TEST_STEP][PASSED] - listData[i] = findTestData(FileTestData).getValue(i + 2, rowNum): null

2022-10-12 10:01:08 - [TEST_STEP][PASSED] - if (findTestData(FileTestData).getValue(i + 2, 1) == ""): null

2022-10-12 10:01:08 - [TEST_STEP][PASSED] - listData[i] = findTestData(FileTestData).getValue(i + 2, rowNum): null

2022-10-12 10:01:08 - [TEST_STEP][PASSED] - if (findTestData(FileTestData).getValue(i + 2, 1) == ""): null

2022-10-12 10:01:08 - [TEST_STEP][PASSED] - listData[i] = findTestData(FileTestData).getValue(i + 2, rowNum): null

2022-10-12 10:01:08 - [TEST_STEP][PASSED] - if (findTestData(FileTestData).getValue(i + 2, 1) == ""): null

2022-10-12 10:01:08 - [TEST_STEP][PASSED] - listData[i] = findTestData(FileTestData).getValue(i + 2, rowNum): null

2022-10-12 10:01:08 - [TEST_STEP][PASSED] - if (findTestData(FileTestData).getValue(i + 2, 1) == ""): null

2022-10-12 10:01:08 - [TEST_STEP][PASSED] - listData[i] = findTestData(FileTestData).getValue(i + 2, rowNum): null

2022-10-12 10:01:08 - [TEST_STEP][PASSED] - if (findTestData(FileTestData).getValue(1, rowNum) == TestID): null

2022-10-12 10:01:08 - [TEST_STEP][PASSED] - if (findTestData(FileTestData).getValue(1, rowNum) == TestID): null

2022-10-12 10:01:08 - [TEST_STEP][PASSED] - if (findTestData(FileTestData).getValue(1, rowNum) == TestID): null

2022-10-12 10:01:08 - [TEST_STEP][PASSED] - if (findTestData(FileTestData).getValue(1, rowNum) == TestID): null

2022-10-12 10:01:08 - [TEST_STEP][PASSED] - if (findTestData(FileTestData).getValue(1, rowNum) == TestID): null

2022-10-12 10:01:08 - [TEST_STEP][PASSED] - if (findTestData(FileTestData).getValue(1, rowNum) == TestID): null

2022-10-12 10:01:09 - [TEST_STEP][PASSED] - if (findTestData(FileTestData).getValue(1, rowNum) == TestID): null

2022-10-12 10:01:09 - [TEST_STEP][PASSED] - println(listData): null

2022-10-12 10:01:09 - [TEST_STEP][PASSED] - callTestCase(findTestCase("Intermediate/Prerequisite1_Access_Immediate"), [:], STOP_ON_FAILURE): Call Test Case 'Test Cases/Intermediate/Prerequisite1_Access_Immediate' successfully

2022-10-12 10:01:09 - [TEST_CASE][PASSED] - Test Cases/Intermediate/Prerequisite1_Access_Immediate: Test Cases/Intermediate/Prerequisite1_Access_Immediate

2022-10-12 10:01:09 - [TEST_STEP][PASSED] - callTestCase(findTestCase("Launch_seleniumeasy_page"), [:], STOP_ON_FAILURE): Call Test Case 'Test Cases/Launch_seleniumeasy_page' successfully

2022-10-12 10:01:09 - [TEST_CASE][PASSED] - Test Cases/Launch_seleniumeasy_page: Test Cases/Launch_seleniumeasy_page

2022-10-12 10:01:09 - [TEST_STEP][PASSED] - openBrowser(""): Browser is opened with url: ''

2022-10-12 10:01:09 - [MESSAGE][INFO] - Starting 'Chrome' driver

2022-10-12 10:01:09 - [MESSAGE][INFO] - Action delay is set to 0 milliseconds

2022-10-12 10:01:11 - [MESSAGE][PASSED] - Browser is opened with url: ''

2022-10-12 10:01:11 - [TEST_STEP][PASSED] - maximizeWindow(): Current window maximized

2022-10-12 10:01:11 - [MESSAGE][PASSED] - Current window maximized

2022-10-12 10:01:11 - [TEST_STEP][PASSED] - navigateToUrl("https://demo.seleniumeasy.com/"): Navigate to 'https://demo.seleniumeasy.com/' successfully

2022-10-12 10:01:37 - [MESSAGE][PASSED] - Navigate to 'https://demo.seleniumeasy.com/' successfully

2022-10-12 10:01:37 - [MESSAGE][PASSED] - Call Test Case 'Test Cases/Launch_seleniumeasy_page' successfully

2022-10-12 10:01:37 - [TEST_STEP][PASSED] - if (verifyElementVisible(findTestObject("Main_page/Button_Start_Practicing"), OPTIONAL)): Object: 'Object Repository/Main_page/Button_Start_Practicing' is clicked on

2022-10-12 10:01:37 - [MESSAGE][PASSED] - Object 'Object Repository/Main_page/Button_Start_Practicing' is visible

2022-10-12 10:01:37 - [TEST_STEP][PASSED] - click(findTestObject("Main_page/Button_Start_Practicing")): Object: 'Object Repository/Main_page/Button_Start_Practicing' is clicked on

2022-10-12 10:01:38 - [MESSAGE][PASSED] - Object: 'Object Repository/Main_page/Button_Start_Practicing' is clicked on

2022-10-12 10:01:38 - [TEST_STEP][PASSED] - enhancedClick(findTestObject("Main_page/option_Intermediate")): Object: 'Object Repository/Main_page/option_Intermediate' is clicked on

2022-10-12 10:01:38 - [MESSAGE][PASSED] - Object: 'Object Repository/Main_page/option_Intermediate' is clicked on

2022-10-12 10:01:38 - [TEST_STEP][PASSED] - verifyElementVisible(findTestObject("Intermediate/text_Intermediate"), STOP_ON_FAILURE): Object 'Object Repository/Intermediate/text_Intermediate' is visible

2022-10-12 10:01:39 - [MESSAGE][PASSED] - Object 'Object Repository/Intermediate/text_Intermediate' is visible

2022-10-12 10:01:39 - [MESSAGE][PASSED] - Call Test Case 'Test Cases/Intermediate/Prerequisite1_Access_Immediate' successfully

2022-10-12 10:01:39 - [TEST_STEP][PASSED] - click(findTestObject("Intermediate/option_BootstrapListBox")): Object: 'Object Repository/Intermediate/option_BootstrapListBox' is clicked on

2022-10-12 10:02:01 - [MESSAGE][PASSED] - Object: 'Object Repository/Intermediate/option_BootstrapListBox' is clicked on

2022-10-12 10:02:01 - [TEST_STEP][PASSED] - for ([i = 0, i < length, (i++)]): Object 'Object Repository/Intermediate/4_Bootstrap_List_Box/dynamic_default_li_items_in_right' is present

2022-10-12 10:02:01 - [TEST_STEP][PASSED] - click(findTestObject("Intermediate/4_Bootstrap_List_Box/dynamic_default_li_items_in_left", ["item":listData[i]])): Object: 'Object Repository/Intermediate/4_Bootstrap_List_Box/dynamic_default_li_items_in_left' is clicked on

2022-10-12 10:02:01 - [MESSAGE][PASSED] - Object: 'Object Repository/Intermediate/4_Bootstrap_List_Box/dynamic_default_li_items_in_left' is clicked on

2022-10-12 10:02:01 - [TEST_STEP][PASSED] - click(findTestObject("Intermediate/4_Bootstrap_List_Box/button_move_right")): Object: 'Object Repository/Intermediate/4_Bootstrap_List_Box/button_move_right' is clicked on

2022-10-12 10:02:02 - [MESSAGE][PASSED] - Object: 'Object Repository/Intermediate/4_Bootstrap_List_Box/button_move_right' is clicked on

2022-10-12 10:02:02 - [TEST_STEP][PASSED] - verifyElementNotPresent(findTestObject("Intermediate/4_Bootstrap_List_Box/dynamic_default_li_items_in_left", ["item":listData[i]]), 1): Web element with id: 'Object Repository/Intermediate/4_Bootstrap_List_Box/dynamic_default_li_items_in_left' located by 'By.xpath: //div[@class="dual-list list-left col-md-5"]/div[@class="well text-right"]/ul/li[text()="bootstrap-duallist "]' is not present after '1' second(s)

2022-10-12 10:02:02 - [MESSAGE][PASSED] - Web element with id: 'Object Repository/Intermediate/4_Bootstrap_List_Box/dynamic_default_li_items_in_left' located by 'By.xpath: //div[@class="dual-list list-left col-md-5"]/div[@class="well text-right"]/ul/li[text()="bootstrap-duallist "]' is not present after '1' second(s)

2022-10-12 10:02:02 - [TEST_STEP][PASSED] - verifyElementPresent(findTestObject("Intermediate/4_Bootstrap_List_Box/dynamic_default_li_items_in_right", ["item":listData[i]]), 1): Object 'Object Repository/Intermediate/4_Bootstrap_List_Box/dynamic_default_li_items_in_right' is present

2022-10-12 10:02:02 - [MESSAGE][PASSED] - Object 'Object Repository/Intermediate/4_Bootstrap_List_Box/dynamic_default_li_items_in_right' is present

2022-10-12 10:02:02 - [TEST_STEP][PASSED] - click(findTestObject("Intermediate/4_Bootstrap_List_Box/dynamic_default_li_items_in_left", ["item":listData[i]])): Object: 'Object Repository/Intermediate/4_Bootstrap_List_Box/dynamic_default_li_items_in_left' is clicked on

2022-10-12 10:02:03 - [MESSAGE][PASSED] - Object: 'Object Repository/Intermediate/4_Bootstrap_List_Box/dynamic_default_li_items_in_left' is clicked on

2022-10-12 10:02:03 - [TEST_STEP][PASSED] - click(findTestObject("Intermediate/4_Bootstrap_List_Box/button_move_right")): Object: 'Object Repository/Intermediate/4_Bootstrap_List_Box/button_move_right' is clicked on

2022-10-12 10:02:03 - [MESSAGE][PASSED] - Object: 'Object Repository/Intermediate/4_Bootstrap_List_Box/button_move_right' is clicked on

2022-10-12 10:02:03 - [TEST_STEP][PASSED] - verifyElementNotPresent(findTestObject("Intermediate/4_Bootstrap_List_Box/dynamic_default_li_items_in_left", ["item":listData[i]]), 1): Web element with id: 'Object Repository/Intermediate/4_Bootstrap_List_Box/dynamic_default_li_items_in_left' located by 'By.xpath: //div[@class="dual-list list-left col-md-5"]/div[@class="well text-right"]/ul/li[text()="Dapibus ac facilisis in"]' is not present after '1' second(s)

2022-10-12 10:02:04 - [MESSAGE][PASSED] - Web element with id: 'Object Repository/Intermediate/4_Bootstrap_List_Box/dynamic_default_li_items_in_left' located by 'By.xpath: //div[@class="dual-list list-left col-md-5"]/div[@class="well text-right"]/ul/li[text()="Dapibus ac facilisis in"]' is not present after '1' second(s)

2022-10-12 10:02:04 - [TEST_STEP][PASSED] - verifyElementPresent(findTestObject("Intermediate/4_Bootstrap_List_Box/dynamic_default_li_items_in_right", ["item":listData[i]]), 1): Object 'Object Repository/Intermediate/4_Bootstrap_List_Box/dynamic_default_li_items_in_right' is present

2022-10-12 10:02:04 - [MESSAGE][PASSED] - Object 'Object Repository/Intermediate/4_Bootstrap_List_Box/dynamic_default_li_items_in_right' is present

2022-10-12 10:02:04 - [TEST_STEP][PASSED] - click(findTestObject("Intermediate/4_Bootstrap_List_Box/dynamic_default_li_items_in_left", ["item":listData[i]])): Object: 'Object Repository/Intermediate/4_Bootstrap_List_Box/dynamic_default_li_items_in_left' is clicked on

2022-10-12 10:02:04 - [MESSAGE][PASSED] - Object: 'Object Repository/Intermediate/4_Bootstrap_List_Box/dynamic_default_li_items_in_left' is clicked on

2022-10-12 10:02:04 - [TEST_STEP][PASSED] - click(findTestObject("Intermediate/4_Bootstrap_List_Box/button_move_right")): Object: 'Object Repository/Intermediate/4_Bootstrap_List_Box/button_move_right' is clicked on

2022-10-12 10:02:05 - [MESSAGE][PASSED] - Object: 'Object Repository/Intermediate/4_Bootstrap_List_Box/button_move_right' is clicked on

2022-10-12 10:02:05 - [TEST_STEP][PASSED] - verifyElementNotPresent(findTestObject("Intermediate/4_Bootstrap_List_Box/dynamic_default_li_items_in_left", ["item":listData[i]]), 1): Web element with id: 'Object Repository/Intermediate/4_Bootstrap_List_Box/dynamic_default_li_items_in_left' located by 'By.xpath: //div[@class="dual-list list-left col-md-5"]/div[@class="well text-right"]/ul/li[text()="Morbi leo risus"]' is not present after '1' second(s)

2022-10-12 10:02:05 - [MESSAGE][PASSED] - Web element with id: 'Object Repository/Intermediate/4_Bootstrap_List_Box/dynamic_default_li_items_in_left' located by 'By.xpath: //div[@class="dual-list list-left col-md-5"]/div[@class="well text-right"]/ul/li[text()="Morbi leo risus"]' is not present after '1' second(s)

2022-10-12 10:02:05 - [TEST_STEP][PASSED] - verifyElementPresent(findTestObject("Intermediate/4_Bootstrap_List_Box/dynamic_default_li_items_in_right", ["item":listData[i]]), 1): Object 'Object Repository/Intermediate/4_Bootstrap_List_Box/dynamic_default_li_items_in_right' is present

2022-10-12 10:02:06 - [MESSAGE][PASSED] - Object 'Object Repository/Intermediate/4_Bootstrap_List_Box/dynamic_default_li_items_in_right' is present

2022-10-12 10:02:06 - [TEST_STEP][PASSED] - click(findTestObject("Intermediate/4_Bootstrap_List_Box/dynamic_default_li_items_in_left", ["item":listData[i]])): Object: 'Object Repository/Intermediate/4_Bootstrap_List_Box/dynamic_default_li_items_in_left' is clicked on

2022-10-12 10:02:06 - [MESSAGE][PASSED] - Object: 'Object Repository/Intermediate/4_Bootstrap_List_Box/dynamic_default_li_items_in_left' is clicked on

2022-10-12 10:02:06 - [TEST_STEP][PASSED] - click(findTestObject("Intermediate/4_Bootstrap_List_Box/button_move_right")): Object: 'Object Repository/Intermediate/4_Bootstrap_List_Box/button_move_right' is clicked on

2022-10-12 10:02:06 - [MESSAGE][PASSED] - Object: 'Object Repository/Intermediate/4_Bootstrap_List_Box/button_move_right' is clicked on

2022-10-12 10:02:06 - [TEST_STEP][PASSED] - verifyElementNotPresent(findTestObject("Intermediate/4_Bootstrap_List_Box/dynamic_default_li_items_in_left", ["item":listData[i]]), 1): Web element with id: 'Object Repository/Intermediate/4_Bootstrap_List_Box/dynamic_default_li_items_in_left' located by 'By.xpath: //div[@class="dual-list list-left col-md-5"]/div[@class="well text-right"]/ul/li[text()="Porta ac consectetur ac"]' is not present after '1' second(s)

2022-10-12 10:02:07 - [MESSAGE][PASSED] - Web element with id: 'Object Repository/Intermediate/4_Bootstrap_List_Box/dynamic_default_li_items_in_left' located by 'By.xpath: //div[@class="dual-list list-left col-md-5"]/div[@class="well text-right"]/ul/li[text()="Porta ac consectetur ac"]' is not present after '1' second(s)

2022-10-12 10:02:07 - [TEST_STEP][PASSED] - verifyElementPresent(findTestObject("Intermediate/4_Bootstrap_List_Box/dynamic_default_li_items_in_right", ["item":listData[i]]), 1): Object 'Object Repository/Intermediate/4_Bootstrap_List_Box/dynamic_default_li_items_in_right' is present

2022-10-12 10:02:07 - [MESSAGE][PASSED] - Object 'Object Repository/Intermediate/4_Bootstrap_List_Box/dynamic_default_li_items_in_right' is present

2022-10-12 10:02:07 - [TEST_STEP][PASSED] - click(findTestObject("Intermediate/4_Bootstrap_List_Box/dynamic_default_li_items_in_left", ["item":listData[i]])): Object: 'Object Repository/Intermediate/4_Bootstrap_List_Box/dynamic_default_li_items_in_left' is clicked on

2022-10-12 10:02:07 - [MESSAGE][PASSED] - Object: 'Object Repository/Intermediate/4_Bootstrap_List_Box/dynamic_default_li_items_in_left' is clicked on

2022-10-12 10:02:07 - [TEST_STEP][PASSED] - click(findTestObject("Intermediate/4_Bootstrap_List_Box/button_move_right")): Object: 'Object Repository/Intermediate/4_Bootstrap_List_Box/button_move_right' is clicked on

2022-10-12 10:02:08 - [MESSAGE][PASSED] - Object: 'Object Repository/Intermediate/4_Bootstrap_List_Box/button_move_right' is clicked on

2022-10-12 10:02:08 - [TEST_STEP][PASSED] - verifyElementNotPresent(findTestObject("Intermediate/4_Bootstrap_List_Box/dynamic_default_li_items_in_left", ["item":listData[i]]), 1): Web element with id: 'Object Repository/Intermediate/4_Bootstrap_List_Box/dynamic_default_li_items_in_left' located by 'By.xpath: //div[@class="dual-list list-left col-md-5"]/div[@class="well text-right"]/ul/li[text()="Vestibulum at eros"]' is not present after '1' second(s)

2022-10-12 10:02:08 - [MESSAGE][PASSED] - Web element with id: 'Object Repository/Intermediate/4_Bootstrap_List_Box/dynamic_default_li_items_in_left' located by 'By.xpath: //div[@class="dual-list list-left col-md-5"]/div[@class="well text-right"]/ul/li[text()="Vestibulum at eros"]' is not present after '1' second(s)

2022-10-12 10:02:08 - [TEST_STEP][PASSED] - verifyElementPresent(findTestObject("Intermediate/4_Bootstrap_List_Box/dynamic_default_li_items_in_right", ["item":listData[i]]), 1): Object 'Object Repository/Intermediate/4_Bootstrap_List_Box/dynamic_default_li_items_in_right' is present

2022-10-12 10:02:09 - [MESSAGE][PASSED] - Object 'Object Repository/Intermediate/4_Bootstrap_List_Box/dynamic_default_li_items_in_right' is present]]></system-out>
         <system-err><![CDATA[]]></system-err>
      </testcase>
      <testcase name="Test Cases/Intermediate/4_Bootstrap_List_Box/BLB3_Select_item_in_right_and_move_to_left" time="19.327" classname="Test Cases/Intermediate/4_Bootstrap_List_Box/BLB3_Select_item_in_right_and_move_to_left" status="PASSED">
         <system-out><![CDATA[2022-10-12 10:02:09 - [TEST_CASE][PASSED] - Test Cases/Intermediate/4_Bootstrap_List_Box/BLB3_Select_item_in_right_and_move_to_left: Test Cases/Intermediate/4_Bootstrap_List_Box/BLB3_Select_item_in_right_and_move_to_left

2022-10-12 10:02:09 - [TEST_STEP][PASSED] - TestID = "TEST-00003": null

2022-10-12 10:02:09 - [TEST_STEP][PASSED] - FileTestData = "TestData_Sheet5": null

2022-10-12 10:02:09 - [TEST_STEP][PASSED] - totalRow = findTestData(FileTestData).getRowNumbers(): null

2022-10-12 10:02:09 - [TEST_STEP][PASSED] - totalColumn = findTestData(FileTestData).getColumnNumbers(): null

2022-10-12 10:02:09 - [TEST_STEP][PASSED] - rowNum = 1: null

2022-10-12 10:02:09 - [TEST_STEP][PASSED] - arrayLength = 0: null

2022-10-12 10:02:09 - [TEST_STEP][PASSED] - for ([rowNum, rowNum < totalRow, (rowNum++)]): null

2022-10-12 10:02:09 - [TEST_STEP][PASSED] - if (findTestData(FileTestData).getValue(1, rowNum) == TestID): null

2022-10-12 10:02:09 - [TEST_STEP][PASSED] - if (findTestData(FileTestData).getValue(1, rowNum) == TestID): null

2022-10-12 10:02:09 - [TEST_STEP][PASSED] - if (findTestData(FileTestData).getValue(1, rowNum) == TestID): null

2022-10-12 10:02:09 - [TEST_STEP][PASSED] - break: null

2022-10-12 10:02:09 - [TEST_STEP][PASSED] - println("Row number is: " + rowNum): null

2022-10-12 10:02:09 - [TEST_STEP][PASSED] - for ([i = 0, i < totalColumn - 1, (i++)]): null

2022-10-12 10:02:09 - [TEST_STEP][PASSED] - if (findTestData(FileTestData).getValue(i + 2, rowNum) == ""): null

2022-10-12 10:02:09 - [TEST_STEP][PASSED] - (arrayLength++): null

2022-10-12 10:02:09 - [TEST_STEP][PASSED] - if (findTestData(FileTestData).getValue(i + 2, rowNum) == ""): null

2022-10-12 10:02:09 - [TEST_STEP][PASSED] - (arrayLength++): null

2022-10-12 10:02:09 - [TEST_STEP][PASSED] - if (findTestData(FileTestData).getValue(i + 2, rowNum) == ""): null

2022-10-12 10:02:10 - [TEST_STEP][PASSED] - (arrayLength++): null

2022-10-12 10:02:10 - [TEST_STEP][PASSED] - if (findTestData(FileTestData).getValue(i + 2, rowNum) == ""): null

2022-10-12 10:02:10 - [TEST_STEP][PASSED] - (arrayLength++): null

2022-10-12 10:02:10 - [TEST_STEP][PASSED] - if (findTestData(FileTestData).getValue(i + 2, rowNum) == ""): null

2022-10-12 10:02:10 - [TEST_STEP][PASSED] - (arrayLength++): null

2022-10-12 10:02:10 - [TEST_STEP][PASSED] - if (findTestData(FileTestData).getValue(i + 2, rowNum) == ""): null

2022-10-12 10:02:10 - [TEST_STEP][PASSED] - break: null

2022-10-12 10:02:10 - [TEST_STEP][PASSED] - println("Array length is: " + arrayLength): null

2022-10-12 10:02:10 - [TEST_STEP][PASSED] - listData = []: null

2022-10-12 10:02:10 - [TEST_STEP][PASSED] - for ([rowNum = 1, rowNum < totalRow, (rowNum++)]): null

2022-10-12 10:02:10 - [TEST_STEP][PASSED] - if (findTestData(FileTestData).getValue(1, rowNum) == TestID): null

2022-10-12 10:02:10 - [TEST_STEP][PASSED] - if (findTestData(FileTestData).getValue(1, rowNum) == TestID): null

2022-10-12 10:02:10 - [TEST_STEP][PASSED] - if (findTestData(FileTestData).getValue(1, rowNum) == TestID): null

2022-10-12 10:02:10 - [TEST_STEP][PASSED] - for ([i = 0, i < arrayLength, (i++)]): null

2022-10-12 10:02:10 - [TEST_STEP][PASSED] - if (findTestData(FileTestData).getValue(i + 2, 1) == ""): null

2022-10-12 10:02:10 - [TEST_STEP][PASSED] - listData[i] = findTestData(FileTestData).getValue(i + 2, rowNum): null

2022-10-12 10:02:10 - [TEST_STEP][PASSED] - if (findTestData(FileTestData).getValue(i + 2, 1) == ""): null

2022-10-12 10:02:10 - [TEST_STEP][PASSED] - listData[i] = findTestData(FileTestData).getValue(i + 2, rowNum): null

2022-10-12 10:02:10 - [TEST_STEP][PASSED] - if (findTestData(FileTestData).getValue(i + 2, 1) == ""): null

2022-10-12 10:02:10 - [TEST_STEP][PASSED] - listData[i] = findTestData(FileTestData).getValue(i + 2, rowNum): null

2022-10-12 10:02:10 - [TEST_STEP][PASSED] - if (findTestData(FileTestData).getValue(i + 2, 1) == ""): null

2022-10-12 10:02:10 - [TEST_STEP][PASSED] - listData[i] = findTestData(FileTestData).getValue(i + 2, rowNum): null

2022-10-12 10:02:10 - [TEST_STEP][PASSED] - if (findTestData(FileTestData).getValue(i + 2, 1) == ""): null

2022-10-12 10:02:10 - [TEST_STEP][PASSED] - listData[i] = findTestData(FileTestData).getValue(i + 2, rowNum): null

2022-10-12 10:02:11 - [TEST_STEP][PASSED] - if (findTestData(FileTestData).getValue(1, rowNum) == TestID): null

2022-10-12 10:02:11 - [TEST_STEP][PASSED] - if (findTestData(FileTestData).getValue(1, rowNum) == TestID): null

2022-10-12 10:02:11 - [TEST_STEP][PASSED] - if (findTestData(FileTestData).getValue(1, rowNum) == TestID): null

2022-10-12 10:02:11 - [TEST_STEP][PASSED] - if (findTestData(FileTestData).getValue(1, rowNum) == TestID): null

2022-10-12 10:02:11 - [TEST_STEP][PASSED] - if (findTestData(FileTestData).getValue(1, rowNum) == TestID): null

2022-10-12 10:02:11 - [TEST_STEP][PASSED] - if (findTestData(FileTestData).getValue(1, rowNum) == TestID): null

2022-10-12 10:02:11 - [TEST_STEP][PASSED] - println(listData): null

2022-10-12 10:02:11 - [TEST_STEP][PASSED] - callTestCase(findTestCase("Intermediate/Prerequisite1_Access_Immediate"), [:], STOP_ON_FAILURE): Call Test Case 'Test Cases/Intermediate/Prerequisite1_Access_Immediate' successfully

2022-10-12 10:02:11 - [TEST_CASE][PASSED] - Test Cases/Intermediate/Prerequisite1_Access_Immediate: Test Cases/Intermediate/Prerequisite1_Access_Immediate

2022-10-12 10:02:11 - [TEST_STEP][PASSED] - callTestCase(findTestCase("Launch_seleniumeasy_page"), [:], STOP_ON_FAILURE): Call Test Case 'Test Cases/Launch_seleniumeasy_page' successfully

2022-10-12 10:02:11 - [TEST_CASE][PASSED] - Test Cases/Launch_seleniumeasy_page: Test Cases/Launch_seleniumeasy_page

2022-10-12 10:02:11 - [TEST_STEP][PASSED] - openBrowser(""): Browser is opened with url: ''

2022-10-12 10:02:11 - [MESSAGE][WARNING] - A browser is already opened. Closing browser and opening a new one

2022-10-12 10:02:12 - [MESSAGE][INFO] - Starting 'Chrome' driver

2022-10-12 10:02:12 - [MESSAGE][INFO] - Action delay is set to 0 milliseconds

2022-10-12 10:02:14 - [MESSAGE][PASSED] - Browser is opened with url: ''

2022-10-12 10:02:14 - [TEST_STEP][PASSED] - maximizeWindow(): Current window maximized

2022-10-12 10:02:14 - [MESSAGE][PASSED] - Current window maximized

2022-10-12 10:02:14 - [TEST_STEP][PASSED] - navigateToUrl("https://demo.seleniumeasy.com/"): Navigate to 'https://demo.seleniumeasy.com/' successfully

2022-10-12 10:02:17 - [MESSAGE][PASSED] - Navigate to 'https://demo.seleniumeasy.com/' successfully

2022-10-12 10:02:17 - [MESSAGE][PASSED] - Call Test Case 'Test Cases/Launch_seleniumeasy_page' successfully

2022-10-12 10:02:17 - [TEST_STEP][PASSED] - if (verifyElementVisible(findTestObject("Main_page/Button_Start_Practicing"), OPTIONAL)): Object: 'Object Repository/Main_page/Button_Start_Practicing' is clicked on

2022-10-12 10:02:18 - [MESSAGE][PASSED] - Object 'Object Repository/Main_page/Button_Start_Practicing' is visible

2022-10-12 10:02:18 - [TEST_STEP][PASSED] - click(findTestObject("Main_page/Button_Start_Practicing")): Object: 'Object Repository/Main_page/Button_Start_Practicing' is clicked on

2022-10-12 10:02:18 - [MESSAGE][PASSED] - Object: 'Object Repository/Main_page/Button_Start_Practicing' is clicked on

2022-10-12 10:02:18 - [TEST_STEP][PASSED] - enhancedClick(findTestObject("Main_page/option_Intermediate")): Object: 'Object Repository/Main_page/option_Intermediate' is clicked on

2022-10-12 10:02:19 - [MESSAGE][PASSED] - Object: 'Object Repository/Main_page/option_Intermediate' is clicked on

2022-10-12 10:02:19 - [TEST_STEP][PASSED] - verifyElementVisible(findTestObject("Intermediate/text_Intermediate"), STOP_ON_FAILURE): Object 'Object Repository/Intermediate/text_Intermediate' is visible

2022-10-12 10:02:19 - [MESSAGE][PASSED] - Object 'Object Repository/Intermediate/text_Intermediate' is visible

2022-10-12 10:02:19 - [MESSAGE][PASSED] - Call Test Case 'Test Cases/Intermediate/Prerequisite1_Access_Immediate' successfully

2022-10-12 10:02:19 - [TEST_STEP][PASSED] - click(findTestObject("Intermediate/option_BootstrapListBox")): Object: 'Object Repository/Intermediate/option_BootstrapListBox' is clicked on

2022-10-12 10:02:20 - [MESSAGE][PASSED] - Object: 'Object Repository/Intermediate/option_BootstrapListBox' is clicked on

2022-10-12 10:02:20 - [TEST_STEP][PASSED] - for ([i = 0, i < length, (i++)]): Object 'Object Repository/Intermediate/4_Bootstrap_List_Box/dynamic_default_li_items_in_left' is present

2022-10-12 10:02:20 - [TEST_STEP][PASSED] - click(findTestObject("Intermediate/4_Bootstrap_List_Box/dynamic_default_li_items_in_right", ["item":listData[i]])): Object: 'Object Repository/Intermediate/4_Bootstrap_List_Box/dynamic_default_li_items_in_right' is clicked on

2022-10-12 10:02:20 - [MESSAGE][PASSED] - Object: 'Object Repository/Intermediate/4_Bootstrap_List_Box/dynamic_default_li_items_in_right' is clicked on

2022-10-12 10:02:20 - [TEST_STEP][PASSED] - click(findTestObject("Intermediate/4_Bootstrap_List_Box/button_move_left")): Object: 'Object Repository/Intermediate/4_Bootstrap_List_Box/button_move_left' is clicked on

2022-10-12 10:02:21 - [MESSAGE][PASSED] - Object: 'Object Repository/Intermediate/4_Bootstrap_List_Box/button_move_left' is clicked on

2022-10-12 10:02:21 - [TEST_STEP][PASSED] - verifyElementNotPresent(findTestObject("Intermediate/4_Bootstrap_List_Box/dynamic_default_li_items_in_right", ["item":listData[i]]), 1): Web element with id: 'Object Repository/Intermediate/4_Bootstrap_List_Box/dynamic_default_li_items_in_right' located by 'By.xpath: //div[@class="dual-list list-right col-md-5"]/div[@class="well"]/ul/li[text()="Cras justo odio"]' is not present after '1' second(s)

2022-10-12 10:02:21 - [MESSAGE][PASSED] - Web element with id: 'Object Repository/Intermediate/4_Bootstrap_List_Box/dynamic_default_li_items_in_right' located by 'By.xpath: //div[@class="dual-list list-right col-md-5"]/div[@class="well"]/ul/li[text()="Cras justo odio"]' is not present after '1' second(s)

2022-10-12 10:02:21 - [TEST_STEP][PASSED] - verifyElementPresent(findTestObject("Intermediate/4_Bootstrap_List_Box/dynamic_default_li_items_in_left", ["item":listData[i]]), 1): Object 'Object Repository/Intermediate/4_Bootstrap_List_Box/dynamic_default_li_items_in_left' is present

2022-10-12 10:02:22 - [MESSAGE][PASSED] - Object 'Object Repository/Intermediate/4_Bootstrap_List_Box/dynamic_default_li_items_in_left' is present

2022-10-12 10:02:22 - [TEST_STEP][PASSED] - click(findTestObject("Intermediate/4_Bootstrap_List_Box/dynamic_default_li_items_in_right", ["item":listData[i]])): Object: 'Object Repository/Intermediate/4_Bootstrap_List_Box/dynamic_default_li_items_in_right' is clicked on

2022-10-12 10:02:22 - [MESSAGE][PASSED] - Object: 'Object Repository/Intermediate/4_Bootstrap_List_Box/dynamic_default_li_items_in_right' is clicked on

2022-10-12 10:02:22 - [TEST_STEP][PASSED] - click(findTestObject("Intermediate/4_Bootstrap_List_Box/button_move_left")): Object: 'Object Repository/Intermediate/4_Bootstrap_List_Box/button_move_left' is clicked on

2022-10-12 10:02:22 - [MESSAGE][PASSED] - Object: 'Object Repository/Intermediate/4_Bootstrap_List_Box/button_move_left' is clicked on

2022-10-12 10:02:22 - [TEST_STEP][PASSED] - verifyElementNotPresent(findTestObject("Intermediate/4_Bootstrap_List_Box/dynamic_default_li_items_in_right", ["item":listData[i]]), 1): Web element with id: 'Object Repository/Intermediate/4_Bootstrap_List_Box/dynamic_default_li_items_in_right' located by 'By.xpath: //div[@class="dual-list list-right col-md-5"]/div[@class="well"]/ul/li[text()="Dapibus ac facilisis in"]' is not present after '1' second(s)

2022-10-12 10:02:23 - [MESSAGE][PASSED] - Web element with id: 'Object Repository/Intermediate/4_Bootstrap_List_Box/dynamic_default_li_items_in_right' located by 'By.xpath: //div[@class="dual-list list-right col-md-5"]/div[@class="well"]/ul/li[text()="Dapibus ac facilisis in"]' is not present after '1' second(s)

2022-10-12 10:02:23 - [TEST_STEP][PASSED] - verifyElementPresent(findTestObject("Intermediate/4_Bootstrap_List_Box/dynamic_default_li_items_in_left", ["item":listData[i]]), 1): Object 'Object Repository/Intermediate/4_Bootstrap_List_Box/dynamic_default_li_items_in_left' is present

2022-10-12 10:02:23 - [MESSAGE][PASSED] - Object 'Object Repository/Intermediate/4_Bootstrap_List_Box/dynamic_default_li_items_in_left' is present

2022-10-12 10:02:23 - [TEST_STEP][PASSED] - click(findTestObject("Intermediate/4_Bootstrap_List_Box/dynamic_default_li_items_in_right", ["item":listData[i]])): Object: 'Object Repository/Intermediate/4_Bootstrap_List_Box/dynamic_default_li_items_in_right' is clicked on

2022-10-12 10:02:24 - [MESSAGE][PASSED] - Object: 'Object Repository/Intermediate/4_Bootstrap_List_Box/dynamic_default_li_items_in_right' is clicked on

2022-10-12 10:02:24 - [TEST_STEP][PASSED] - click(findTestObject("Intermediate/4_Bootstrap_List_Box/button_move_left")): Object: 'Object Repository/Intermediate/4_Bootstrap_List_Box/button_move_left' is clicked on

2022-10-12 10:02:24 - [MESSAGE][PASSED] - Object: 'Object Repository/Intermediate/4_Bootstrap_List_Box/button_move_left' is clicked on

2022-10-12 10:02:24 - [TEST_STEP][PASSED] - verifyElementNotPresent(findTestObject("Intermediate/4_Bootstrap_List_Box/dynamic_default_li_items_in_right", ["item":listData[i]]), 1): Web element with id: 'Object Repository/Intermediate/4_Bootstrap_List_Box/dynamic_default_li_items_in_right' located by 'By.xpath: //div[@class="dual-list list-right col-md-5"]/div[@class="well"]/ul/li[text()="Morbi leo risus"]' is not present after '1' second(s)

2022-10-12 10:02:24 - [MESSAGE][PASSED] - Web element with id: 'Object Repository/Intermediate/4_Bootstrap_List_Box/dynamic_default_li_items_in_right' located by 'By.xpath: //div[@class="dual-list list-right col-md-5"]/div[@class="well"]/ul/li[text()="Morbi leo risus"]' is not present after '1' second(s)

2022-10-12 10:02:24 - [TEST_STEP][PASSED] - verifyElementPresent(findTestObject("Intermediate/4_Bootstrap_List_Box/dynamic_default_li_items_in_left", ["item":listData[i]]), 1): Object 'Object Repository/Intermediate/4_Bootstrap_List_Box/dynamic_default_li_items_in_left' is present

2022-10-12 10:02:25 - [MESSAGE][PASSED] - Object 'Object Repository/Intermediate/4_Bootstrap_List_Box/dynamic_default_li_items_in_left' is present

2022-10-12 10:02:25 - [TEST_STEP][PASSED] - click(findTestObject("Intermediate/4_Bootstrap_List_Box/dynamic_default_li_items_in_right", ["item":listData[i]])): Object: 'Object Repository/Intermediate/4_Bootstrap_List_Box/dynamic_default_li_items_in_right' is clicked on

2022-10-12 10:02:25 - [MESSAGE][PASSED] - Object: 'Object Repository/Intermediate/4_Bootstrap_List_Box/dynamic_default_li_items_in_right' is clicked on

2022-10-12 10:02:25 - [TEST_STEP][PASSED] - click(findTestObject("Intermediate/4_Bootstrap_List_Box/button_move_left")): Object: 'Object Repository/Intermediate/4_Bootstrap_List_Box/button_move_left' is clicked on

2022-10-12 10:02:26 - [MESSAGE][PASSED] - Object: 'Object Repository/Intermediate/4_Bootstrap_List_Box/button_move_left' is clicked on

2022-10-12 10:02:26 - [TEST_STEP][PASSED] - verifyElementNotPresent(findTestObject("Intermediate/4_Bootstrap_List_Box/dynamic_default_li_items_in_right", ["item":listData[i]]), 1): Web element with id: 'Object Repository/Intermediate/4_Bootstrap_List_Box/dynamic_default_li_items_in_right' located by 'By.xpath: //div[@class="dual-list list-right col-md-5"]/div[@class="well"]/ul/li[text()="Porta ac consectetur ac"]' is not present after '1' second(s)

2022-10-12 10:02:26 - [MESSAGE][PASSED] - Web element with id: 'Object Repository/Intermediate/4_Bootstrap_List_Box/dynamic_default_li_items_in_right' located by 'By.xpath: //div[@class="dual-list list-right col-md-5"]/div[@class="well"]/ul/li[text()="Porta ac consectetur ac"]' is not present after '1' second(s)

2022-10-12 10:02:26 - [TEST_STEP][PASSED] - verifyElementPresent(findTestObject("Intermediate/4_Bootstrap_List_Box/dynamic_default_li_items_in_left", ["item":listData[i]]), 1): Object 'Object Repository/Intermediate/4_Bootstrap_List_Box/dynamic_default_li_items_in_left' is present

2022-10-12 10:02:26 - [MESSAGE][PASSED] - Object 'Object Repository/Intermediate/4_Bootstrap_List_Box/dynamic_default_li_items_in_left' is present

2022-10-12 10:02:26 - [TEST_STEP][PASSED] - click(findTestObject("Intermediate/4_Bootstrap_List_Box/dynamic_default_li_items_in_right", ["item":listData[i]])): Object: 'Object Repository/Intermediate/4_Bootstrap_List_Box/dynamic_default_li_items_in_right' is clicked on

2022-10-12 10:02:27 - [MESSAGE][PASSED] - Object: 'Object Repository/Intermediate/4_Bootstrap_List_Box/dynamic_default_li_items_in_right' is clicked on

2022-10-12 10:02:27 - [TEST_STEP][PASSED] - click(findTestObject("Intermediate/4_Bootstrap_List_Box/button_move_left")): Object: 'Object Repository/Intermediate/4_Bootstrap_List_Box/button_move_left' is clicked on

2022-10-12 10:02:27 - [MESSAGE][PASSED] - Object: 'Object Repository/Intermediate/4_Bootstrap_List_Box/button_move_left' is clicked on

2022-10-12 10:02:27 - [TEST_STEP][PASSED] - verifyElementNotPresent(findTestObject("Intermediate/4_Bootstrap_List_Box/dynamic_default_li_items_in_right", ["item":listData[i]]), 1): Web element with id: 'Object Repository/Intermediate/4_Bootstrap_List_Box/dynamic_default_li_items_in_right' located by 'By.xpath: //div[@class="dual-list list-right col-md-5"]/div[@class="well"]/ul/li[text()="Vestibulum at eros"]' is not present after '1' second(s)

2022-10-12 10:02:28 - [MESSAGE][PASSED] - Web element with id: 'Object Repository/Intermediate/4_Bootstrap_List_Box/dynamic_default_li_items_in_right' located by 'By.xpath: //div[@class="dual-list list-right col-md-5"]/div[@class="well"]/ul/li[text()="Vestibulum at eros"]' is not present after '1' second(s)

2022-10-12 10:02:28 - [TEST_STEP][PASSED] - verifyElementPresent(findTestObject("Intermediate/4_Bootstrap_List_Box/dynamic_default_li_items_in_left", ["item":listData[i]]), 1): Object 'Object Repository/Intermediate/4_Bootstrap_List_Box/dynamic_default_li_items_in_left' is present

2022-10-12 10:02:28 - [MESSAGE][PASSED] - Object 'Object Repository/Intermediate/4_Bootstrap_List_Box/dynamic_default_li_items_in_left' is present]]></system-out>
         <system-err><![CDATA[]]></system-err>
      </testcase>
      <testcase name="Test Cases/Intermediate/4_Bootstrap_List_Box/BLB4_Select_all_items_and_move" time="33.351" classname="Test Cases/Intermediate/4_Bootstrap_List_Box/BLB4_Select_all_items_and_move" status="PASSED">
         <system-out><![CDATA[2022-10-12 10:02:28 - [TEST_CASE][PASSED] - Test Cases/Intermediate/4_Bootstrap_List_Box/BLB4_Select_all_items_and_move: Test Cases/Intermediate/4_Bootstrap_List_Box/BLB4_Select_all_items_and_move

2022-10-12 10:02:28 - [TEST_STEP][PASSED] - callTestCase(findTestCase("Intermediate/Prerequisite1_Access_Immediate"), [:], STOP_ON_FAILURE): Call Test Case 'Test Cases/Intermediate/Prerequisite1_Access_Immediate' successfully

2022-10-12 10:02:29 - [TEST_CASE][PASSED] - Test Cases/Intermediate/Prerequisite1_Access_Immediate: Test Cases/Intermediate/Prerequisite1_Access_Immediate

2022-10-12 10:02:29 - [TEST_STEP][PASSED] - callTestCase(findTestCase("Launch_seleniumeasy_page"), [:], STOP_ON_FAILURE): Call Test Case 'Test Cases/Launch_seleniumeasy_page' successfully

2022-10-12 10:02:29 - [TEST_CASE][PASSED] - Test Cases/Launch_seleniumeasy_page: Test Cases/Launch_seleniumeasy_page

2022-10-12 10:02:29 - [TEST_STEP][PASSED] - openBrowser(""): Browser is opened with url: ''

2022-10-12 10:02:29 - [MESSAGE][WARNING] - A browser is already opened. Closing browser and opening a new one

2022-10-12 10:02:30 - [MESSAGE][INFO] - Starting 'Chrome' driver

2022-10-12 10:02:30 - [MESSAGE][INFO] - Action delay is set to 0 milliseconds

2022-10-12 10:02:32 - [MESSAGE][PASSED] - Browser is opened with url: ''

2022-10-12 10:02:32 - [TEST_STEP][PASSED] - maximizeWindow(): Current window maximized

2022-10-12 10:02:32 - [MESSAGE][PASSED] - Current window maximized

2022-10-12 10:02:32 - [TEST_STEP][PASSED] - navigateToUrl("https://demo.seleniumeasy.com/"): Navigate to 'https://demo.seleniumeasy.com/' successfully

2022-10-12 10:02:36 - [MESSAGE][PASSED] - Navigate to 'https://demo.seleniumeasy.com/' successfully

2022-10-12 10:02:36 - [MESSAGE][PASSED] - Call Test Case 'Test Cases/Launch_seleniumeasy_page' successfully

2022-10-12 10:02:36 - [TEST_STEP][PASSED] - if (verifyElementVisible(findTestObject("Main_page/Button_Start_Practicing"), OPTIONAL)): Object: 'Object Repository/Main_page/Button_Start_Practicing' is clicked on

2022-10-12 10:02:37 - [MESSAGE][PASSED] - Object 'Object Repository/Main_page/Button_Start_Practicing' is visible

2022-10-12 10:02:37 - [TEST_STEP][PASSED] - click(findTestObject("Main_page/Button_Start_Practicing")): Object: 'Object Repository/Main_page/Button_Start_Practicing' is clicked on

2022-10-12 10:02:37 - [MESSAGE][PASSED] - Object: 'Object Repository/Main_page/Button_Start_Practicing' is clicked on

2022-10-12 10:02:37 - [TEST_STEP][PASSED] - enhancedClick(findTestObject("Main_page/option_Intermediate")): Object: 'Object Repository/Main_page/option_Intermediate' is clicked on

2022-10-12 10:02:38 - [MESSAGE][PASSED] - Object: 'Object Repository/Main_page/option_Intermediate' is clicked on

2022-10-12 10:02:38 - [TEST_STEP][PASSED] - verifyElementVisible(findTestObject("Intermediate/text_Intermediate"), STOP_ON_FAILURE): Object 'Object Repository/Intermediate/text_Intermediate' is visible

2022-10-12 10:02:38 - [MESSAGE][PASSED] - Object 'Object Repository/Intermediate/text_Intermediate' is visible

2022-10-12 10:02:38 - [MESSAGE][PASSED] - Call Test Case 'Test Cases/Intermediate/Prerequisite1_Access_Immediate' successfully

2022-10-12 10:02:38 - [TEST_STEP][PASSED] - click(findTestObject("Intermediate/option_BootstrapListBox")): Object: 'Object Repository/Intermediate/option_BootstrapListBox' is clicked on

2022-10-12 10:02:39 - [MESSAGE][PASSED] - Object: 'Object Repository/Intermediate/option_BootstrapListBox' is clicked on

2022-10-12 10:02:39 - [TEST_STEP][PASSED] - click(findTestObject("Intermediate/4_Bootstrap_List_Box/checkbox_select_all_in_left")): Object: 'Object Repository/Intermediate/4_Bootstrap_List_Box/checkbox_select_all_in_left' is clicked on

2022-10-12 10:02:40 - [MESSAGE][PASSED] - Object: 'Object Repository/Intermediate/4_Bootstrap_List_Box/checkbox_select_all_in_left' is clicked on

2022-10-12 10:02:40 - [TEST_STEP][PASSED] - click(findTestObject("Intermediate/4_Bootstrap_List_Box/button_move_right")): Object: 'Object Repository/Intermediate/4_Bootstrap_List_Box/button_move_right' is clicked on

2022-10-12 10:02:40 - [MESSAGE][PASSED] - Object: 'Object Repository/Intermediate/4_Bootstrap_List_Box/button_move_right' is clicked on

2022-10-12 10:02:40 - [TEST_STEP][PASSED] - delay(5): Delayed 5 second(s)

2022-10-12 10:02:45 - [MESSAGE][PASSED] - Delayed 5 second(s)

2022-10-12 10:02:45 - [TEST_STEP][PASSED] - verifyElementNotPresent(findTestObject("Intermediate/4_Bootstrap_List_Box/static_li_items_in_left"), 2): Web element with id: 'Object Repository/Intermediate/4_Bootstrap_List_Box/static_li_items_in_left' located by 'By.xpath: //div[@class="dual-list list-left col-md-5"]/div[@class="well text-right"]/ul/li' is not present after '2' second(s)

2022-10-12 10:02:45 - [MESSAGE][PASSED] - Web element with id: 'Object Repository/Intermediate/4_Bootstrap_List_Box/static_li_items_in_left' located by 'By.xpath: //div[@class="dual-list list-left col-md-5"]/div[@class="well text-right"]/ul/li' is not present after '2' second(s)

2022-10-12 10:02:45 - [TEST_STEP][PASSED] - for ([i = 1, i <= 10, (i++)]): Object 'Object Repository/Intermediate/4_Bootstrap_List_Box/dynamic_li_items_in_right' is present

2022-10-12 10:02:45 - [TEST_STEP][PASSED] - verifyElementPresent(findTestObject("Intermediate/4_Bootstrap_List_Box/dynamic_li_items_in_right", ["n":i]), 2): Object 'Object Repository/Intermediate/4_Bootstrap_List_Box/dynamic_li_items_in_right' is present

2022-10-12 10:02:46 - [MESSAGE][PASSED] - Object 'Object Repository/Intermediate/4_Bootstrap_List_Box/dynamic_li_items_in_right' is present

2022-10-12 10:02:46 - [TEST_STEP][PASSED] - verifyElementPresent(findTestObject("Intermediate/4_Bootstrap_List_Box/dynamic_li_items_in_right", ["n":i]), 2): Object 'Object Repository/Intermediate/4_Bootstrap_List_Box/dynamic_li_items_in_right' is present

2022-10-12 10:02:46 - [MESSAGE][PASSED] - Object 'Object Repository/Intermediate/4_Bootstrap_List_Box/dynamic_li_items_in_right' is present

2022-10-12 10:02:46 - [TEST_STEP][PASSED] - verifyElementPresent(findTestObject("Intermediate/4_Bootstrap_List_Box/dynamic_li_items_in_right", ["n":i]), 2): Object 'Object Repository/Intermediate/4_Bootstrap_List_Box/dynamic_li_items_in_right' is present

2022-10-12 10:02:47 - [MESSAGE][PASSED] - Object 'Object Repository/Intermediate/4_Bootstrap_List_Box/dynamic_li_items_in_right' is present

2022-10-12 10:02:47 - [TEST_STEP][PASSED] - verifyElementPresent(findTestObject("Intermediate/4_Bootstrap_List_Box/dynamic_li_items_in_right", ["n":i]), 2): Object 'Object Repository/Intermediate/4_Bootstrap_List_Box/dynamic_li_items_in_right' is present

2022-10-12 10:02:47 - [MESSAGE][PASSED] - Object 'Object Repository/Intermediate/4_Bootstrap_List_Box/dynamic_li_items_in_right' is present

2022-10-12 10:02:47 - [TEST_STEP][PASSED] - verifyElementPresent(findTestObject("Intermediate/4_Bootstrap_List_Box/dynamic_li_items_in_right", ["n":i]), 2): Object 'Object Repository/Intermediate/4_Bootstrap_List_Box/dynamic_li_items_in_right' is present

2022-10-12 10:02:47 - [MESSAGE][PASSED] - Object 'Object Repository/Intermediate/4_Bootstrap_List_Box/dynamic_li_items_in_right' is present

2022-10-12 10:02:47 - [TEST_STEP][PASSED] - verifyElementPresent(findTestObject("Intermediate/4_Bootstrap_List_Box/dynamic_li_items_in_right", ["n":i]), 2): Object 'Object Repository/Intermediate/4_Bootstrap_List_Box/dynamic_li_items_in_right' is present

2022-10-12 10:02:48 - [MESSAGE][PASSED] - Object 'Object Repository/Intermediate/4_Bootstrap_List_Box/dynamic_li_items_in_right' is present

2022-10-12 10:02:48 - [TEST_STEP][PASSED] - verifyElementPresent(findTestObject("Intermediate/4_Bootstrap_List_Box/dynamic_li_items_in_right", ["n":i]), 2): Object 'Object Repository/Intermediate/4_Bootstrap_List_Box/dynamic_li_items_in_right' is present

2022-10-12 10:02:48 - [MESSAGE][PASSED] - Object 'Object Repository/Intermediate/4_Bootstrap_List_Box/dynamic_li_items_in_right' is present

2022-10-12 10:02:48 - [TEST_STEP][PASSED] - verifyElementPresent(findTestObject("Intermediate/4_Bootstrap_List_Box/dynamic_li_items_in_right", ["n":i]), 2): Object 'Object Repository/Intermediate/4_Bootstrap_List_Box/dynamic_li_items_in_right' is present

2022-10-12 10:02:49 - [MESSAGE][PASSED] - Object 'Object Repository/Intermediate/4_Bootstrap_List_Box/dynamic_li_items_in_right' is present

2022-10-12 10:02:49 - [TEST_STEP][PASSED] - verifyElementPresent(findTestObject("Intermediate/4_Bootstrap_List_Box/dynamic_li_items_in_right", ["n":i]), 2): Object 'Object Repository/Intermediate/4_Bootstrap_List_Box/dynamic_li_items_in_right' is present

2022-10-12 10:02:49 - [MESSAGE][PASSED] - Object 'Object Repository/Intermediate/4_Bootstrap_List_Box/dynamic_li_items_in_right' is present

2022-10-12 10:02:49 - [TEST_STEP][PASSED] - verifyElementPresent(findTestObject("Intermediate/4_Bootstrap_List_Box/dynamic_li_items_in_right", ["n":i]), 2): Object 'Object Repository/Intermediate/4_Bootstrap_List_Box/dynamic_li_items_in_right' is present

2022-10-12 10:02:49 - [MESSAGE][PASSED] - Object 'Object Repository/Intermediate/4_Bootstrap_List_Box/dynamic_li_items_in_right' is present

2022-10-12 10:02:49 - [TEST_STEP][PASSED] - click(findTestObject("Intermediate/4_Bootstrap_List_Box/checkbox_select_all_in_right")): Object: 'Object Repository/Intermediate/4_Bootstrap_List_Box/checkbox_select_all_in_right' is clicked on

2022-10-12 10:02:50 - [MESSAGE][PASSED] - Object: 'Object Repository/Intermediate/4_Bootstrap_List_Box/checkbox_select_all_in_right' is clicked on

2022-10-12 10:02:50 - [TEST_STEP][PASSED] - click(findTestObject("Intermediate/4_Bootstrap_List_Box/button_move_left")): Object: 'Object Repository/Intermediate/4_Bootstrap_List_Box/button_move_left' is clicked on

2022-10-12 10:02:50 - [MESSAGE][PASSED] - Object: 'Object Repository/Intermediate/4_Bootstrap_List_Box/button_move_left' is clicked on

2022-10-12 10:02:50 - [TEST_STEP][PASSED] - delay(5): Delayed 5 second(s)

2022-10-12 10:02:55 - [MESSAGE][PASSED] - Delayed 5 second(s)

2022-10-12 10:02:55 - [TEST_STEP][PASSED] - verifyElementNotPresent(findTestObject("Intermediate/4_Bootstrap_List_Box/static_li_items_in_right"), 2): Web element with id: 'Object Repository/Intermediate/4_Bootstrap_List_Box/static_li_items_in_right' located by 'By.xpath: //div[@class="dual-list list-right col-md-5"]/div[@class="well"]/ul/li' is not present after '2' second(s)

2022-10-12 10:02:56 - [MESSAGE][PASSED] - Web element with id: 'Object Repository/Intermediate/4_Bootstrap_List_Box/static_li_items_in_right' located by 'By.xpath: //div[@class="dual-list list-right col-md-5"]/div[@class="well"]/ul/li' is not present after '2' second(s)

2022-10-12 10:02:56 - [TEST_STEP][PASSED] - for ([i = 1, i <= 10, (i++)]): Object 'Object Repository/Intermediate/4_Bootstrap_List_Box/dynamic_li_items_in_left' is present

2022-10-12 10:02:56 - [TEST_STEP][PASSED] - verifyElementPresent(findTestObject("Intermediate/4_Bootstrap_List_Box/dynamic_li_items_in_left", ["n":i]), 2): Object 'Object Repository/Intermediate/4_Bootstrap_List_Box/dynamic_li_items_in_left' is present

2022-10-12 10:02:56 - [MESSAGE][PASSED] - Object 'Object Repository/Intermediate/4_Bootstrap_List_Box/dynamic_li_items_in_left' is present

2022-10-12 10:02:56 - [TEST_STEP][PASSED] - verifyElementPresent(findTestObject("Intermediate/4_Bootstrap_List_Box/dynamic_li_items_in_left", ["n":i]), 2): Object 'Object Repository/Intermediate/4_Bootstrap_List_Box/dynamic_li_items_in_left' is present

2022-10-12 10:02:56 - [MESSAGE][PASSED] - Object 'Object Repository/Intermediate/4_Bootstrap_List_Box/dynamic_li_items_in_left' is present

2022-10-12 10:02:56 - [TEST_STEP][PASSED] - verifyElementPresent(findTestObject("Intermediate/4_Bootstrap_List_Box/dynamic_li_items_in_left", ["n":i]), 2): Object 'Object Repository/Intermediate/4_Bootstrap_List_Box/dynamic_li_items_in_left' is present

2022-10-12 10:02:57 - [MESSAGE][PASSED] - Object 'Object Repository/Intermediate/4_Bootstrap_List_Box/dynamic_li_items_in_left' is present

2022-10-12 10:02:57 - [TEST_STEP][PASSED] - verifyElementPresent(findTestObject("Intermediate/4_Bootstrap_List_Box/dynamic_li_items_in_left", ["n":i]), 2): Object 'Object Repository/Intermediate/4_Bootstrap_List_Box/dynamic_li_items_in_left' is present

2022-10-12 10:02:57 - [MESSAGE][PASSED] - Object 'Object Repository/Intermediate/4_Bootstrap_List_Box/dynamic_li_items_in_left' is present

2022-10-12 10:02:57 - [TEST_STEP][PASSED] - verifyElementPresent(findTestObject("Intermediate/4_Bootstrap_List_Box/dynamic_li_items_in_left", ["n":i]), 2): Object 'Object Repository/Intermediate/4_Bootstrap_List_Box/dynamic_li_items_in_left' is present

2022-10-12 10:02:58 - [MESSAGE][PASSED] - Object 'Object Repository/Intermediate/4_Bootstrap_List_Box/dynamic_li_items_in_left' is present

2022-10-12 10:02:58 - [TEST_STEP][PASSED] - verifyElementPresent(findTestObject("Intermediate/4_Bootstrap_List_Box/dynamic_li_items_in_left", ["n":i]), 2): Object 'Object Repository/Intermediate/4_Bootstrap_List_Box/dynamic_li_items_in_left' is present

2022-10-12 10:02:58 - [MESSAGE][PASSED] - Object 'Object Repository/Intermediate/4_Bootstrap_List_Box/dynamic_li_items_in_left' is present

2022-10-12 10:02:58 - [TEST_STEP][PASSED] - verifyElementPresent(findTestObject("Intermediate/4_Bootstrap_List_Box/dynamic_li_items_in_left", ["n":i]), 2): Object 'Object Repository/Intermediate/4_Bootstrap_List_Box/dynamic_li_items_in_left' is present

2022-10-12 10:02:58 - [MESSAGE][PASSED] - Object 'Object Repository/Intermediate/4_Bootstrap_List_Box/dynamic_li_items_in_left' is present

2022-10-12 10:02:58 - [TEST_STEP][PASSED] - verifyElementPresent(findTestObject("Intermediate/4_Bootstrap_List_Box/dynamic_li_items_in_left", ["n":i]), 2): Object 'Object Repository/Intermediate/4_Bootstrap_List_Box/dynamic_li_items_in_left' is present

2022-10-12 10:02:59 - [MESSAGE][PASSED] - Object 'Object Repository/Intermediate/4_Bootstrap_List_Box/dynamic_li_items_in_left' is present

2022-10-12 10:02:59 - [TEST_STEP][PASSED] - verifyElementPresent(findTestObject("Intermediate/4_Bootstrap_List_Box/dynamic_li_items_in_left", ["n":i]), 2): Object 'Object Repository/Intermediate/4_Bootstrap_List_Box/dynamic_li_items_in_left' is present

2022-10-12 10:02:59 - [MESSAGE][PASSED] - Object 'Object Repository/Intermediate/4_Bootstrap_List_Box/dynamic_li_items_in_left' is present

2022-10-12 10:02:59 - [TEST_STEP][PASSED] - verifyElementPresent(findTestObject("Intermediate/4_Bootstrap_List_Box/dynamic_li_items_in_left", ["n":i]), 2): Object 'Object Repository/Intermediate/4_Bootstrap_List_Box/dynamic_li_items_in_left' is present

2022-10-12 10:02:59 - [MESSAGE][PASSED] - Object 'Object Repository/Intermediate/4_Bootstrap_List_Box/dynamic_li_items_in_left' is present

2022-10-12 10:02:59 - [TEST_STEP][PASSED] - closeBrowser(): Browser is closed

2022-10-12 10:03:01 - [MESSAGE][PASSED] - Browser is closed]]></system-out>
         <system-err><![CDATA[]]></system-err>
      </testcase>
      <testcase name="Test Cases/Intermediate/4_Bootstrap_List_Box/BLB5_Search_select_and_move_to_left" time="25.449" classname="Test Cases/Intermediate/4_Bootstrap_List_Box/BLB5_Search_select_and_move_to_left" status="PASSED">
         <system-out><![CDATA[2022-10-12 10:03:01 - [TEST_CASE][PASSED] - Test Cases/Intermediate/4_Bootstrap_List_Box/BLB5_Search_select_and_move_to_left: Test Cases/Intermediate/4_Bootstrap_List_Box/BLB5_Search_select_and_move_to_left

2022-10-12 10:03:02 - [TEST_STEP][PASSED] - TestID = "TEST-00004": null

2022-10-12 10:03:02 - [TEST_STEP][PASSED] - FileTestData = "TestData_Sheet5": null

2022-10-12 10:03:02 - [TEST_STEP][PASSED] - totalRow = findTestData(FileTestData).getRowNumbers(): null

2022-10-12 10:03:02 - [TEST_STEP][PASSED] - totalColumn = findTestData(FileTestData).getColumnNumbers(): null

2022-10-12 10:03:02 - [TEST_STEP][PASSED] - rowNum = 1: null

2022-10-12 10:03:02 - [TEST_STEP][PASSED] - arrayLength = 0: null

2022-10-12 10:03:02 - [TEST_STEP][PASSED] - for ([rowNum, rowNum < totalRow, (rowNum++)]): null

2022-10-12 10:03:02 - [TEST_STEP][PASSED] - if (findTestData(FileTestData).getValue(1, rowNum) == TestID): null

2022-10-12 10:03:02 - [TEST_STEP][PASSED] - if (findTestData(FileTestData).getValue(1, rowNum) == TestID): null

2022-10-12 10:03:02 - [TEST_STEP][PASSED] - if (findTestData(FileTestData).getValue(1, rowNum) == TestID): null

2022-10-12 10:03:02 - [TEST_STEP][PASSED] - if (findTestData(FileTestData).getValue(1, rowNum) == TestID): null

2022-10-12 10:03:02 - [TEST_STEP][PASSED] - println("Row number is: " + rowNum): null

2022-10-12 10:03:02 - [TEST_STEP][PASSED] - for ([i = 0, i < totalColumn - 1, (i++)]): null

2022-10-12 10:03:02 - [TEST_STEP][PASSED] - if (findTestData(FileTestData).getValue(i + 2, rowNum) == ""): null

2022-10-12 10:03:02 - [TEST_STEP][PASSED] - (arrayLength++): null

2022-10-12 10:03:02 - [TEST_STEP][PASSED] - if (findTestData(FileTestData).getValue(i + 2, rowNum) == ""): null

2022-10-12 10:03:02 - [TEST_STEP][PASSED] - (arrayLength++): null

2022-10-12 10:03:02 - [TEST_STEP][PASSED] - if (findTestData(FileTestData).getValue(i + 2, rowNum) == ""): null

2022-10-12 10:03:02 - [TEST_STEP][PASSED] - println("Array length is: " + arrayLength): null

2022-10-12 10:03:02 - [TEST_STEP][PASSED] - listData = []: null

2022-10-12 10:03:02 - [TEST_STEP][PASSED] - for ([rowNum = 1, rowNum < totalRow, (rowNum++)]): null

2022-10-12 10:03:02 - [TEST_STEP][PASSED] - if (findTestData(FileTestData).getValue(1, rowNum) == TestID): null

2022-10-12 10:03:02 - [TEST_STEP][PASSED] - if (findTestData(FileTestData).getValue(1, rowNum) == TestID): null

2022-10-12 10:03:02 - [TEST_STEP][PASSED] - if (findTestData(FileTestData).getValue(1, rowNum) == TestID): null

2022-10-12 10:03:02 - [TEST_STEP][PASSED] - if (findTestData(FileTestData).getValue(1, rowNum) == TestID): null

2022-10-12 10:03:03 - [TEST_STEP][PASSED] - for ([i = 0, i < arrayLength, (i++)]): null

2022-10-12 10:03:03 - [TEST_STEP][PASSED] - if (findTestData(FileTestData).getValue(i + 2, 1) == ""): null

2022-10-12 10:03:03 - [TEST_STEP][PASSED] - listData[i] = findTestData(FileTestData).getValue(i + 2, rowNum): null

2022-10-12 10:03:03 - [TEST_STEP][PASSED] - if (findTestData(FileTestData).getValue(i + 2, 1) == ""): null

2022-10-12 10:03:03 - [TEST_STEP][PASSED] - listData[i] = findTestData(FileTestData).getValue(i + 2, rowNum): null

2022-10-12 10:03:03 - [TEST_STEP][PASSED] - if (findTestData(FileTestData).getValue(1, rowNum) == TestID): null

2022-10-12 10:03:03 - [TEST_STEP][PASSED] - if (findTestData(FileTestData).getValue(1, rowNum) == TestID): null

2022-10-12 10:03:03 - [TEST_STEP][PASSED] - if (findTestData(FileTestData).getValue(1, rowNum) == TestID): null

2022-10-12 10:03:03 - [TEST_STEP][PASSED] - if (findTestData(FileTestData).getValue(1, rowNum) == TestID): null

2022-10-12 10:03:03 - [TEST_STEP][PASSED] - if (findTestData(FileTestData).getValue(1, rowNum) == TestID): null

2022-10-12 10:03:03 - [TEST_STEP][PASSED] - println(listData): null

2022-10-12 10:03:03 - [TEST_STEP][PASSED] - callTestCase(findTestCase("Intermediate/Prerequisite1_Access_Immediate"), [:], STOP_ON_FAILURE): Call Test Case 'Test Cases/Intermediate/Prerequisite1_Access_Immediate' successfully

2022-10-12 10:03:03 - [TEST_CASE][PASSED] - Test Cases/Intermediate/Prerequisite1_Access_Immediate: Test Cases/Intermediate/Prerequisite1_Access_Immediate

2022-10-12 10:03:03 - [TEST_STEP][PASSED] - callTestCase(findTestCase("Launch_seleniumeasy_page"), [:], STOP_ON_FAILURE): Call Test Case 'Test Cases/Launch_seleniumeasy_page' successfully

2022-10-12 10:03:03 - [TEST_CASE][PASSED] - Test Cases/Launch_seleniumeasy_page: Test Cases/Launch_seleniumeasy_page

2022-10-12 10:03:03 - [TEST_STEP][PASSED] - openBrowser(""): Browser is opened with url: ''

2022-10-12 10:03:03 - [MESSAGE][INFO] - Starting 'Chrome' driver

2022-10-12 10:03:03 - [MESSAGE][INFO] - Action delay is set to 0 milliseconds

2022-10-12 10:03:07 - [MESSAGE][PASSED] - Browser is opened with url: ''

2022-10-12 10:03:07 - [TEST_STEP][PASSED] - maximizeWindow(): Current window maximized

2022-10-12 10:03:07 - [MESSAGE][PASSED] - Current window maximized

2022-10-12 10:03:07 - [TEST_STEP][PASSED] - navigateToUrl("https://demo.seleniumeasy.com/"): Navigate to 'https://demo.seleniumeasy.com/' successfully

2022-10-12 10:03:15 - [MESSAGE][PASSED] - Navigate to 'https://demo.seleniumeasy.com/' successfully

2022-10-12 10:03:15 - [MESSAGE][PASSED] - Call Test Case 'Test Cases/Launch_seleniumeasy_page' successfully

2022-10-12 10:03:15 - [TEST_STEP][PASSED] - if (verifyElementVisible(findTestObject("Main_page/Button_Start_Practicing"), OPTIONAL)): Object: 'Object Repository/Main_page/Button_Start_Practicing' is clicked on

2022-10-12 10:03:16 - [MESSAGE][PASSED] - Object 'Object Repository/Main_page/Button_Start_Practicing' is visible

2022-10-12 10:03:16 - [TEST_STEP][PASSED] - click(findTestObject("Main_page/Button_Start_Practicing")): Object: 'Object Repository/Main_page/Button_Start_Practicing' is clicked on

2022-10-12 10:03:16 - [MESSAGE][PASSED] - Object: 'Object Repository/Main_page/Button_Start_Practicing' is clicked on

2022-10-12 10:03:16 - [TEST_STEP][PASSED] - enhancedClick(findTestObject("Main_page/option_Intermediate")): Object: 'Object Repository/Main_page/option_Intermediate' is clicked on

2022-10-12 10:03:17 - [MESSAGE][PASSED] - Object: 'Object Repository/Main_page/option_Intermediate' is clicked on

2022-10-12 10:03:17 - [TEST_STEP][PASSED] - verifyElementVisible(findTestObject("Intermediate/text_Intermediate"), STOP_ON_FAILURE): Object 'Object Repository/Intermediate/text_Intermediate' is visible

2022-10-12 10:03:17 - [MESSAGE][PASSED] - Object 'Object Repository/Intermediate/text_Intermediate' is visible

2022-10-12 10:03:17 - [MESSAGE][PASSED] - Call Test Case 'Test Cases/Intermediate/Prerequisite1_Access_Immediate' successfully

2022-10-12 10:03:17 - [TEST_STEP][PASSED] - click(findTestObject("Intermediate/option_BootstrapListBox")): Object: 'Object Repository/Intermediate/option_BootstrapListBox' is clicked on

2022-10-12 10:03:19 - [MESSAGE][PASSED] - Object: 'Object Repository/Intermediate/option_BootstrapListBox' is clicked on

2022-10-12 10:03:19 - [TEST_STEP][PASSED] - setText(findTestObject("Intermediate/4_Bootstrap_List_Box/searchbox_in_left"), "d"): Text 'd' is set on object 'Object Repository/Intermediate/4_Bootstrap_List_Box/searchbox_in_left'

2022-10-12 10:03:20 - [MESSAGE][PASSED] - Text 'd' is set on object 'Object Repository/Intermediate/4_Bootstrap_List_Box/searchbox_in_left'

2022-10-12 10:03:20 - [TEST_STEP][PASSED] - for ([i = 0, i < length, (i++)]): Object 'Object Repository/Intermediate/4_Bootstrap_List_Box/dynamic_default_li_items_in_left' is present

2022-10-12 10:03:20 - [TEST_STEP][PASSED] - verifyElementPresent(findTestObject("Intermediate/4_Bootstrap_List_Box/dynamic_default_li_items_in_left", ["item":listData[i]]), 2): Object 'Object Repository/Intermediate/4_Bootstrap_List_Box/dynamic_default_li_items_in_left' is present

2022-10-12 10:03:20 - [MESSAGE][PASSED] - Object 'Object Repository/Intermediate/4_Bootstrap_List_Box/dynamic_default_li_items_in_left' is present

2022-10-12 10:03:20 - [TEST_STEP][PASSED] - verifyElementPresent(findTestObject("Intermediate/4_Bootstrap_List_Box/dynamic_default_li_items_in_left", ["item":listData[i]]), 2): Object 'Object Repository/Intermediate/4_Bootstrap_List_Box/dynamic_default_li_items_in_left' is present

2022-10-12 10:03:20 - [MESSAGE][PASSED] - Object 'Object Repository/Intermediate/4_Bootstrap_List_Box/dynamic_default_li_items_in_left' is present

2022-10-12 10:03:20 - [TEST_STEP][PASSED] - click(findTestObject("Intermediate/4_Bootstrap_List_Box/dynamic_default_li_items_in_left", ["item":listData[0]])): Object: 'Object Repository/Intermediate/4_Bootstrap_List_Box/dynamic_default_li_items_in_left' is clicked on

2022-10-12 10:03:21 - [MESSAGE][PASSED] - Object: 'Object Repository/Intermediate/4_Bootstrap_List_Box/dynamic_default_li_items_in_left' is clicked on

2022-10-12 10:03:21 - [TEST_STEP][PASSED] - click(findTestObject("Intermediate/4_Bootstrap_List_Box/button_move_right")): Object: 'Object Repository/Intermediate/4_Bootstrap_List_Box/button_move_right' is clicked on

2022-10-12 10:03:21 - [MESSAGE][PASSED] - Object: 'Object Repository/Intermediate/4_Bootstrap_List_Box/button_move_right' is clicked on

2022-10-12 10:03:21 - [TEST_STEP][PASSED] - verifyElementPresent(findTestObject("Intermediate/4_Bootstrap_List_Box/dynamic_selected_li_items_in_right", ["item":listData[0]]), 2): Object 'Object Repository/Intermediate/4_Bootstrap_List_Box/dynamic_selected_li_items_in_right' is present

2022-10-12 10:03:22 - [MESSAGE][PASSED] - Object 'Object Repository/Intermediate/4_Bootstrap_List_Box/dynamic_selected_li_items_in_right' is present

2022-10-12 10:03:22 - [TEST_STEP][PASSED] - verifyElementNotPresent(findTestObject("Intermediate/4_Bootstrap_List_Box/dynamic_default_li_items_in_left", ["item":listData[0]]), 2): Web element with id: 'Object Repository/Intermediate/4_Bootstrap_List_Box/dynamic_default_li_items_in_left' located by 'By.xpath: //div[@class="dual-list list-left col-md-5"]/div[@class="well text-right"]/ul/li[text()="bootstrap-duallist "]' is not present after '2' second(s)

2022-10-12 10:03:22 - [MESSAGE][PASSED] - Web element with id: 'Object Repository/Intermediate/4_Bootstrap_List_Box/dynamic_default_li_items_in_left' located by 'By.xpath: //div[@class="dual-list list-left col-md-5"]/div[@class="well text-right"]/ul/li[text()="bootstrap-duallist "]' is not present after '2' second(s)

2022-10-12 10:03:22 - [TEST_STEP][PASSED] - verifyElementNotPresent(findTestObject("Intermediate/4_Bootstrap_List_Box/dynamic_selected_li_items_in_left", ["item":listData[0]]), 2): Web element with id: 'Object Repository/Intermediate/4_Bootstrap_List_Box/dynamic_selected_li_items_in_left' located by 'By.xpath: //div[@class="dual-list list-left col-md-5"]/div[@class="well text-right"]/ul/li[contains(@class,"active")][text()="bootstrap-duallist "]' is not present after '2' second(s)

2022-10-12 10:03:22 - [MESSAGE][PASSED] - Web element with id: 'Object Repository/Intermediate/4_Bootstrap_List_Box/dynamic_selected_li_items_in_left' located by 'By.xpath: //div[@class="dual-list list-left col-md-5"]/div[@class="well text-right"]/ul/li[contains(@class,"active")][text()="bootstrap-duallist "]' is not present after '2' second(s)

2022-10-12 10:03:22 - [TEST_STEP][PASSED] - verifyElementPresent(findTestObject("Intermediate/4_Bootstrap_List_Box/dynamic_default_li_items_in_left", ["item":listData[1]]), 2): Object 'Object Repository/Intermediate/4_Bootstrap_List_Box/dynamic_default_li_items_in_left' is present

2022-10-12 10:03:23 - [MESSAGE][PASSED] - Object 'Object Repository/Intermediate/4_Bootstrap_List_Box/dynamic_default_li_items_in_left' is present

2022-10-12 10:03:23 - [TEST_STEP][PASSED] - delay(3): Delayed 3 second(s)

2022-10-12 10:03:26 - [MESSAGE][PASSED] - Delayed 3 second(s)

2022-10-12 10:03:26 - [TEST_STEP][PASSED] - closeBrowser(): Browser is closed

2022-10-12 10:03:27 - [MESSAGE][PASSED] - Browser is closed]]></system-out>
         <system-err><![CDATA[]]></system-err>
      </testcase>
      <testcase name="Test Cases/Intermediate/4_Bootstrap_List_Box/BLB6_Search_select_and_move_to_right" time="18.52" classname="Test Cases/Intermediate/4_Bootstrap_List_Box/BLB6_Search_select_and_move_to_right" status="PASSED">
         <system-out><![CDATA[2022-10-12 10:03:27 - [TEST_CASE][PASSED] - Test Cases/Intermediate/4_Bootstrap_List_Box/BLB6_Search_select_and_move_to_right: Test Cases/Intermediate/4_Bootstrap_List_Box/BLB6_Search_select_and_move_to_right

2022-10-12 10:03:27 - [TEST_STEP][PASSED] - TestID = "TEST-00005": null

2022-10-12 10:03:27 - [TEST_STEP][PASSED] - FileTestData = "TestData_Sheet5": null

2022-10-12 10:03:27 - [TEST_STEP][PASSED] - totalRow = findTestData(FileTestData).getRowNumbers(): null

2022-10-12 10:03:27 - [TEST_STEP][PASSED] - totalColumn = findTestData(FileTestData).getColumnNumbers(): null

2022-10-12 10:03:27 - [TEST_STEP][PASSED] - rowNum = 1: null

2022-10-12 10:03:27 - [TEST_STEP][PASSED] - arrayLength = 0: null

2022-10-12 10:03:27 - [TEST_STEP][PASSED] - for ([rowNum, rowNum < totalRow, (rowNum++)]): null

2022-10-12 10:03:27 - [TEST_STEP][PASSED] - if (findTestData(FileTestData).getValue(1, rowNum) == TestID): null

2022-10-12 10:03:27 - [TEST_STEP][PASSED] - if (findTestData(FileTestData).getValue(1, rowNum) == TestID): null

2022-10-12 10:03:27 - [TEST_STEP][PASSED] - if (findTestData(FileTestData).getValue(1, rowNum) == TestID): null

2022-10-12 10:03:28 - [TEST_STEP][PASSED] - if (findTestData(FileTestData).getValue(1, rowNum) == TestID): null

2022-10-12 10:03:28 - [TEST_STEP][PASSED] - if (findTestData(FileTestData).getValue(1, rowNum) == TestID): null

2022-10-12 10:03:28 - [TEST_STEP][PASSED] - println("Row number is: " + rowNum): null

2022-10-12 10:03:28 - [TEST_STEP][PASSED] - for ([i = 0, i < totalColumn - 1, (i++)]): null

2022-10-12 10:03:28 - [TEST_STEP][PASSED] - if (findTestData(FileTestData).getValue(i + 2, rowNum) == ""): null

2022-10-12 10:03:28 - [TEST_STEP][PASSED] - (arrayLength++): null

2022-10-12 10:03:28 - [TEST_STEP][PASSED] - if (findTestData(FileTestData).getValue(i + 2, rowNum) == ""): null

2022-10-12 10:03:28 - [TEST_STEP][PASSED] - (arrayLength++): null

2022-10-12 10:03:28 - [TEST_STEP][PASSED] - if (findTestData(FileTestData).getValue(i + 2, rowNum) == ""): null

2022-10-12 10:03:28 - [TEST_STEP][PASSED] - println("Array length is: " + arrayLength): null

2022-10-12 10:03:28 - [TEST_STEP][PASSED] - listData = []: null

2022-10-12 10:03:28 - [TEST_STEP][PASSED] - for ([rowNum = 1, rowNum < totalRow, (rowNum++)]): null

2022-10-12 10:03:28 - [TEST_STEP][PASSED] - if (findTestData(FileTestData).getValue(1, rowNum) == TestID): null

2022-10-12 10:03:28 - [TEST_STEP][PASSED] - if (findTestData(FileTestData).getValue(1, rowNum) == TestID): null

2022-10-12 10:03:28 - [TEST_STEP][PASSED] - if (findTestData(FileTestData).getValue(1, rowNum) == TestID): null

2022-10-12 10:03:28 - [TEST_STEP][PASSED] - if (findTestData(FileTestData).getValue(1, rowNum) == TestID): null

2022-10-12 10:03:28 - [TEST_STEP][PASSED] - if (findTestData(FileTestData).getValue(1, rowNum) == TestID): null

2022-10-12 10:03:28 - [TEST_STEP][PASSED] - for ([i = 0, i < arrayLength, (i++)]): null

2022-10-12 10:03:28 - [TEST_STEP][PASSED] - if (findTestData(FileTestData).getValue(i + 2, 1) == ""): null

2022-10-12 10:03:28 - [TEST_STEP][PASSED] - listData[i] = findTestData(FileTestData).getValue(i + 2, rowNum): null

2022-10-12 10:03:28 - [TEST_STEP][PASSED] - if (findTestData(FileTestData).getValue(i + 2, 1) == ""): null

2022-10-12 10:03:28 - [TEST_STEP][PASSED] - listData[i] = findTestData(FileTestData).getValue(i + 2, rowNum): null

2022-10-12 10:03:28 - [TEST_STEP][PASSED] - if (findTestData(FileTestData).getValue(1, rowNum) == TestID): null

2022-10-12 10:03:28 - [TEST_STEP][PASSED] - if (findTestData(FileTestData).getValue(1, rowNum) == TestID): null

2022-10-12 10:03:28 - [TEST_STEP][PASSED] - if (findTestData(FileTestData).getValue(1, rowNum) == TestID): null

2022-10-12 10:03:28 - [TEST_STEP][PASSED] - if (findTestData(FileTestData).getValue(1, rowNum) == TestID): null

2022-10-12 10:03:28 - [TEST_STEP][PASSED] - println(listData): null

2022-10-12 10:03:28 - [TEST_STEP][PASSED] - callTestCase(findTestCase("Intermediate/Prerequisite1_Access_Immediate"), [:], STOP_ON_FAILURE): Call Test Case 'Test Cases/Intermediate/Prerequisite1_Access_Immediate' successfully

2022-10-12 10:03:29 - [TEST_CASE][PASSED] - Test Cases/Intermediate/Prerequisite1_Access_Immediate: Test Cases/Intermediate/Prerequisite1_Access_Immediate

2022-10-12 10:03:29 - [TEST_STEP][PASSED] - callTestCase(findTestCase("Launch_seleniumeasy_page"), [:], STOP_ON_FAILURE): Call Test Case 'Test Cases/Launch_seleniumeasy_page' successfully

2022-10-12 10:03:29 - [TEST_CASE][PASSED] - Test Cases/Launch_seleniumeasy_page: Test Cases/Launch_seleniumeasy_page

2022-10-12 10:03:29 - [TEST_STEP][PASSED] - openBrowser(""): Browser is opened with url: ''

2022-10-12 10:03:29 - [MESSAGE][INFO] - Starting 'Chrome' driver

2022-10-12 10:03:29 - [MESSAGE][INFO] - Action delay is set to 0 milliseconds

2022-10-12 10:03:30 - [MESSAGE][PASSED] - Browser is opened with url: ''

2022-10-12 10:03:30 - [TEST_STEP][PASSED] - maximizeWindow(): Current window maximized

2022-10-12 10:03:31 - [MESSAGE][PASSED] - Current window maximized

2022-10-12 10:03:31 - [TEST_STEP][PASSED] - navigateToUrl("https://demo.seleniumeasy.com/"): Navigate to 'https://demo.seleniumeasy.com/' successfully

2022-10-12 10:03:34 - [MESSAGE][PASSED] - Navigate to 'https://demo.seleniumeasy.com/' successfully

2022-10-12 10:03:34 - [MESSAGE][PASSED] - Call Test Case 'Test Cases/Launch_seleniumeasy_page' successfully

2022-10-12 10:03:34 - [TEST_STEP][PASSED] - if (verifyElementVisible(findTestObject("Main_page/Button_Start_Practicing"), OPTIONAL)): Object: 'Object Repository/Main_page/Button_Start_Practicing' is clicked on

2022-10-12 10:03:34 - [MESSAGE][PASSED] - Object 'Object Repository/Main_page/Button_Start_Practicing' is visible

2022-10-12 10:03:34 - [TEST_STEP][PASSED] - click(findTestObject("Main_page/Button_Start_Practicing")): Object: 'Object Repository/Main_page/Button_Start_Practicing' is clicked on

2022-10-12 10:03:35 - [MESSAGE][PASSED] - Object: 'Object Repository/Main_page/Button_Start_Practicing' is clicked on

2022-10-12 10:03:35 - [TEST_STEP][PASSED] - enhancedClick(findTestObject("Main_page/option_Intermediate")): Object: 'Object Repository/Main_page/option_Intermediate' is clicked on

2022-10-12 10:03:35 - [MESSAGE][PASSED] - Object: 'Object Repository/Main_page/option_Intermediate' is clicked on

2022-10-12 10:03:35 - [TEST_STEP][PASSED] - verifyElementVisible(findTestObject("Intermediate/text_Intermediate"), STOP_ON_FAILURE): Object 'Object Repository/Intermediate/text_Intermediate' is visible

2022-10-12 10:03:36 - [MESSAGE][PASSED] - Object 'Object Repository/Intermediate/text_Intermediate' is visible

2022-10-12 10:03:36 - [MESSAGE][PASSED] - Call Test Case 'Test Cases/Intermediate/Prerequisite1_Access_Immediate' successfully

2022-10-12 10:03:36 - [TEST_STEP][PASSED] - click(findTestObject("Intermediate/option_BootstrapListBox")): Object: 'Object Repository/Intermediate/option_BootstrapListBox' is clicked on

2022-10-12 10:03:36 - [MESSAGE][PASSED] - Object: 'Object Repository/Intermediate/option_BootstrapListBox' is clicked on

2022-10-12 10:03:36 - [TEST_STEP][PASSED] - setText(findTestObject("Intermediate/4_Bootstrap_List_Box/searchbox_in_right"), "d"): Text 'd' is set on object 'Object Repository/Intermediate/4_Bootstrap_List_Box/searchbox_in_right'

2022-10-12 10:03:37 - [MESSAGE][PASSED] - Text 'd' is set on object 'Object Repository/Intermediate/4_Bootstrap_List_Box/searchbox_in_right'

2022-10-12 10:03:37 - [TEST_STEP][PASSED] - for ([i = 0, i < length, (i++)]): Object 'Object Repository/Intermediate/4_Bootstrap_List_Box/dynamic_default_li_items_in_right' is present

2022-10-12 10:03:37 - [TEST_STEP][PASSED] - verifyElementPresent(findTestObject("Intermediate/4_Bootstrap_List_Box/dynamic_default_li_items_in_right", ["item":listData[i]]), 2): Object 'Object Repository/Intermediate/4_Bootstrap_List_Box/dynamic_default_li_items_in_right' is present

2022-10-12 10:03:38 - [MESSAGE][PASSED] - Object 'Object Repository/Intermediate/4_Bootstrap_List_Box/dynamic_default_li_items_in_right' is present

2022-10-12 10:03:38 - [TEST_STEP][PASSED] - verifyElementPresent(findTestObject("Intermediate/4_Bootstrap_List_Box/dynamic_default_li_items_in_right", ["item":listData[i]]), 2): Object 'Object Repository/Intermediate/4_Bootstrap_List_Box/dynamic_default_li_items_in_right' is present

2022-10-12 10:03:38 - [MESSAGE][PASSED] - Object 'Object Repository/Intermediate/4_Bootstrap_List_Box/dynamic_default_li_items_in_right' is present

2022-10-12 10:03:38 - [TEST_STEP][PASSED] - click(findTestObject("Intermediate/4_Bootstrap_List_Box/dynamic_default_li_items_in_right", ["item":listData[0]])): Object: 'Object Repository/Intermediate/4_Bootstrap_List_Box/dynamic_default_li_items_in_right' is clicked on

2022-10-12 10:03:39 - [MESSAGE][PASSED] - Object: 'Object Repository/Intermediate/4_Bootstrap_List_Box/dynamic_default_li_items_in_right' is clicked on

2022-10-12 10:03:39 - [TEST_STEP][PASSED] - click(findTestObject("Intermediate/4_Bootstrap_List_Box/button_move_left")): Object: 'Object Repository/Intermediate/4_Bootstrap_List_Box/button_move_left' is clicked on

2022-10-12 10:03:40 - [MESSAGE][PASSED] - Object: 'Object Repository/Intermediate/4_Bootstrap_List_Box/button_move_left' is clicked on

2022-10-12 10:03:40 - [TEST_STEP][PASSED] - verifyElementPresent(findTestObject("Intermediate/4_Bootstrap_List_Box/dynamic_selected_li_items_in_left", ["item":listData[0]]), 2): Object 'Object Repository/Intermediate/4_Bootstrap_List_Box/dynamic_selected_li_items_in_left' is present

2022-10-12 10:03:40 - [MESSAGE][PASSED] - Object 'Object Repository/Intermediate/4_Bootstrap_List_Box/dynamic_selected_li_items_in_left' is present

2022-10-12 10:03:40 - [TEST_STEP][PASSED] - verifyElementNotPresent(findTestObject("Intermediate/4_Bootstrap_List_Box/dynamic_default_li_items_in_right", ["item":listData[0]]), 2): Web element with id: 'Object Repository/Intermediate/4_Bootstrap_List_Box/dynamic_default_li_items_in_right' located by 'By.xpath: //div[@class="dual-list list-right col-md-5"]/div[@class="well"]/ul/li[text()="Cras justo odio"]' is not present after '2' second(s)

2022-10-12 10:03:40 - [MESSAGE][PASSED] - Web element with id: 'Object Repository/Intermediate/4_Bootstrap_List_Box/dynamic_default_li_items_in_right' located by 'By.xpath: //div[@class="dual-list list-right col-md-5"]/div[@class="well"]/ul/li[text()="Cras justo odio"]' is not present after '2' second(s)

2022-10-12 10:03:40 - [TEST_STEP][PASSED] - verifyElementNotPresent(findTestObject("Intermediate/4_Bootstrap_List_Box/dynamic_selected_li_items_in_right", ["item":listData[0]]), 2): Web element with id: 'Object Repository/Intermediate/4_Bootstrap_List_Box/dynamic_selected_li_items_in_right' located by 'By.xpath: //div[@class="dual-list list-right col-md-5"]/div[@class="well"]/ul/li[contains(@class,"active")][text()="Cras justo odio"]' is not present after '2' second(s)

2022-10-12 10:03:41 - [MESSAGE][PASSED] - Web element with id: 'Object Repository/Intermediate/4_Bootstrap_List_Box/dynamic_selected_li_items_in_right' located by 'By.xpath: //div[@class="dual-list list-right col-md-5"]/div[@class="well"]/ul/li[contains(@class,"active")][text()="Cras justo odio"]' is not present after '2' second(s)

2022-10-12 10:03:41 - [TEST_STEP][PASSED] - verifyElementPresent(findTestObject("Intermediate/4_Bootstrap_List_Box/dynamic_default_li_items_in_right", ["item":listData[1]]), 2): Object 'Object Repository/Intermediate/4_Bootstrap_List_Box/dynamic_default_li_items_in_right' is present

2022-10-12 10:03:41 - [MESSAGE][PASSED] - Object 'Object Repository/Intermediate/4_Bootstrap_List_Box/dynamic_default_li_items_in_right' is present

2022-10-12 10:03:41 - [TEST_STEP][PASSED] - delay(3): Delayed 3 second(s)

2022-10-12 10:03:44 - [MESSAGE][PASSED] - Delayed 3 second(s)

2022-10-12 10:03:44 - [TEST_STEP][PASSED] - closeBrowser(): Browser is closed

2022-10-12 10:03:45 - [MESSAGE][PASSED] - Browser is closed]]></system-out>
         <system-err><![CDATA[]]></system-err>
      </testcase>
      <system-out><![CDATA[2022-10-12 09:59:09 - [TEST_SUITE][PASSED] - TestSuite_4_Bootstrap_List_Box: Test Cases/Intermediate/4_Bootstrap_List_Box/BLB6_Search_select_and_move_to_right]]></system-out>
      <system-err><![CDATA[]]></system-err>
   </testsuite>
   <testsuite name="TestSuite_5_JQuery_List_Box" tests="7" failures="0" errors="0" time="283.584" skipped="0" timestamp="2022-10-12 09:59:17" hostname="vminhhung - vminhhung.tma.com.vn" id="Test Suites/TestSuite_5_JQuery_List_Box">
      <properties>
         <property name="deviceName" value=""/>
         <property name="devicePlatform" value=""/>
         <property name="logFolder" value="C:\\Users\\vminhhung\\Katalon Studio\\SeleniumEasy\\Reports\\20221012_095842\\TestSuite_5_JQuery_List_Box\\20221012_095847"/>
         <property name="logFiles" value="C:\\Users\\vminhhung\\Katalon Studio\\SeleniumEasy\\Reports\\20221012_095842\\TestSuite_5_JQuery_List_Box\\20221012_095847\\execution0.log"/>
         <property name="attachments" value=""/>
         <property name="hostName" value="vminhhung - vminhhung.tma.com.vn"/>
         <property name="os" value="Windows 10 64bit"/>
         <property name="katalonVersion" value="8.5.0.208"/>
         <property name="browser" value="Chrome 106.0.0.0"/>
         <property name="hostAddress" value="10.107.1.102"/>
         <property name="sessionId" value="2f04b1f095d2b20e47fda496ae1e6d30"/>
         <property name="seleniumVersion" value="3.141.59"/>
         <property name="proxyInformation" value="ProxyInformation { proxyOption=NO_PROXY, proxyServerType=HTTP, username=, password=********, proxyServerAddress=, proxyServerPort=0, executionList=&quot;&quot;, isApplyToDesiredCapabilities=true }"/>
         <property name="platform" value="Windows 10"/>
      </properties>
      <testcase name="Test Cases/Intermediate/5_JQuery_List_Box/JQLB1_Verify_some_elements_in_UI" time="40.308" classname="Test Cases/Intermediate/5_JQuery_List_Box/JQLB1_Verify_some_elements_in_UI" status="PASSED">
         <system-out><![CDATA[2022-10-12 09:59:18 - [TEST_CASE][PASSED] - Test Cases/Intermediate/5_JQuery_List_Box/JQLB1_Verify_some_elements_in_UI: Test Cases/Intermediate/5_JQuery_List_Box/JQLB1_Verify_some_elements_in_UI

2022-10-12 09:59:19 - [TEST_STEP][PASSED] - TestID = "TEST-00001": null

2022-10-12 09:59:19 - [TEST_STEP][PASSED] - FileTestData = "TestData_Sheet6": null

2022-10-12 09:59:19 - [TEST_STEP][PASSED] - totalRow = findTestData(FileTestData).getRowNumbers(): null

2022-10-12 09:59:20 - [TEST_STEP][PASSED] - totalColumn = findTestData(FileTestData).getColumnNumbers(): null

2022-10-12 09:59:20 - [TEST_STEP][PASSED] - rowNum = 1: null

2022-10-12 09:59:20 - [TEST_STEP][PASSED] - arrayLength = 0: null

2022-10-12 09:59:20 - [TEST_STEP][PASSED] - for ([rowNum, rowNum < totalRow, (rowNum++)]): null

2022-10-12 09:59:20 - [TEST_STEP][PASSED] - if (findTestData(FileTestData).getValue(1, rowNum) == TestID): null

2022-10-12 09:59:21 - [TEST_STEP][PASSED] - break: null

2022-10-12 09:59:21 - [TEST_STEP][PASSED] - println("Row number is: " + rowNum): null

2022-10-12 09:59:21 - [TEST_STEP][PASSED] - for ([i = 0, i < totalColumn - 1, (i++)]): null

2022-10-12 09:59:21 - [TEST_STEP][PASSED] - if (findTestData(FileTestData).getValue(i + 2, rowNum) == ""): null

2022-10-12 09:59:21 - [TEST_STEP][PASSED] - (arrayLength++): null

2022-10-12 09:59:21 - [TEST_STEP][PASSED] - if (findTestData(FileTestData).getValue(i + 2, rowNum) == ""): null

2022-10-12 09:59:21 - [TEST_STEP][PASSED] - (arrayLength++): null

2022-10-12 09:59:21 - [TEST_STEP][PASSED] - if (findTestData(FileTestData).getValue(i + 2, rowNum) == ""): null

2022-10-12 09:59:21 - [TEST_STEP][PASSED] - (arrayLength++): null

2022-10-12 09:59:21 - [TEST_STEP][PASSED] - if (findTestData(FileTestData).getValue(i + 2, rowNum) == ""): null

2022-10-12 09:59:21 - [TEST_STEP][PASSED] - (arrayLength++): null

2022-10-12 09:59:21 - [TEST_STEP][PASSED] - if (findTestData(FileTestData).getValue(i + 2, rowNum) == ""): null

2022-10-12 09:59:21 - [TEST_STEP][PASSED] - (arrayLength++): null

2022-10-12 09:59:21 - [TEST_STEP][PASSED] - if (findTestData(FileTestData).getValue(i + 2, rowNum) == ""): null

2022-10-12 09:59:21 - [TEST_STEP][PASSED] - (arrayLength++): null

2022-10-12 09:59:21 - [TEST_STEP][PASSED] - if (findTestData(FileTestData).getValue(i + 2, rowNum) == ""): null

2022-10-12 09:59:22 - [TEST_STEP][PASSED] - (arrayLength++): null

2022-10-12 09:59:22 - [TEST_STEP][PASSED] - if (findTestData(FileTestData).getValue(i + 2, rowNum) == ""): null

2022-10-12 09:59:22 - [TEST_STEP][PASSED] - (arrayLength++): null

2022-10-12 09:59:22 - [TEST_STEP][PASSED] - if (findTestData(FileTestData).getValue(i + 2, rowNum) == ""): null

2022-10-12 09:59:22 - [TEST_STEP][PASSED] - (arrayLength++): null

2022-10-12 09:59:22 - [TEST_STEP][PASSED] - if (findTestData(FileTestData).getValue(i + 2, rowNum) == ""): null

2022-10-12 09:59:22 - [TEST_STEP][PASSED] - (arrayLength++): null

2022-10-12 09:59:22 - [TEST_STEP][PASSED] - if (findTestData(FileTestData).getValue(i + 2, rowNum) == ""): null

2022-10-12 09:59:22 - [TEST_STEP][PASSED] - (arrayLength++): null

2022-10-12 09:59:22 - [TEST_STEP][PASSED] - if (findTestData(FileTestData).getValue(i + 2, rowNum) == ""): null

2022-10-12 09:59:23 - [TEST_STEP][PASSED] - (arrayLength++): null

2022-10-12 09:59:23 - [TEST_STEP][PASSED] - if (findTestData(FileTestData).getValue(i + 2, rowNum) == ""): null

2022-10-12 09:59:23 - [TEST_STEP][PASSED] - (arrayLength++): null

2022-10-12 09:59:23 - [TEST_STEP][PASSED] - if (findTestData(FileTestData).getValue(i + 2, rowNum) == ""): null

2022-10-12 09:59:23 - [TEST_STEP][PASSED] - (arrayLength++): null

2022-10-12 09:59:23 - [TEST_STEP][PASSED] - if (findTestData(FileTestData).getValue(i + 2, rowNum) == ""): null

2022-10-12 09:59:23 - [TEST_STEP][PASSED] - (arrayLength++): null

2022-10-12 09:59:23 - [TEST_STEP][PASSED] - println("Array length is: " + arrayLength): null

2022-10-12 09:59:23 - [TEST_STEP][PASSED] - listData = []: null

2022-10-12 09:59:23 - [TEST_STEP][PASSED] - for ([rowNum = 1, rowNum < totalRow, (rowNum++)]): null

2022-10-12 09:59:23 - [TEST_STEP][PASSED] - if (findTestData(FileTestData).getValue(1, rowNum) == TestID): null

2022-10-12 09:59:23 - [TEST_STEP][PASSED] - for ([i = 0, i < arrayLength, (i++)]): null

2022-10-12 09:59:23 - [TEST_STEP][PASSED] - if (findTestData(FileTestData).getValue(i + 2, 1) == ""): null

2022-10-12 09:59:23 - [TEST_STEP][PASSED] - listData[i] = findTestData(FileTestData).getValue(i + 2, rowNum): null

2022-10-12 09:59:23 - [TEST_STEP][PASSED] - if (findTestData(FileTestData).getValue(i + 2, 1) == ""): null

2022-10-12 09:59:23 - [TEST_STEP][PASSED] - listData[i] = findTestData(FileTestData).getValue(i + 2, rowNum): null

2022-10-12 09:59:23 - [TEST_STEP][PASSED] - if (findTestData(FileTestData).getValue(i + 2, 1) == ""): null

2022-10-12 09:59:23 - [TEST_STEP][PASSED] - listData[i] = findTestData(FileTestData).getValue(i + 2, rowNum): null

2022-10-12 09:59:23 - [TEST_STEP][PASSED] - if (findTestData(FileTestData).getValue(i + 2, 1) == ""): null

2022-10-12 09:59:23 - [TEST_STEP][PASSED] - listData[i] = findTestData(FileTestData).getValue(i + 2, rowNum): null

2022-10-12 09:59:23 - [TEST_STEP][PASSED] - if (findTestData(FileTestData).getValue(i + 2, 1) == ""): null

2022-10-12 09:59:24 - [TEST_STEP][PASSED] - listData[i] = findTestData(FileTestData).getValue(i + 2, rowNum): null

2022-10-12 09:59:24 - [TEST_STEP][PASSED] - if (findTestData(FileTestData).getValue(i + 2, 1) == ""): null

2022-10-12 09:59:24 - [TEST_STEP][PASSED] - listData[i] = findTestData(FileTestData).getValue(i + 2, rowNum): null

2022-10-12 09:59:24 - [TEST_STEP][PASSED] - if (findTestData(FileTestData).getValue(i + 2, 1) == ""): null

2022-10-12 09:59:24 - [TEST_STEP][PASSED] - listData[i] = findTestData(FileTestData).getValue(i + 2, rowNum): null

2022-10-12 09:59:24 - [TEST_STEP][PASSED] - if (findTestData(FileTestData).getValue(i + 2, 1) == ""): null

2022-10-12 09:59:24 - [TEST_STEP][PASSED] - listData[i] = findTestData(FileTestData).getValue(i + 2, rowNum): null

2022-10-12 09:59:24 - [TEST_STEP][PASSED] - if (findTestData(FileTestData).getValue(i + 2, 1) == ""): null

2022-10-12 09:59:24 - [TEST_STEP][PASSED] - listData[i] = findTestData(FileTestData).getValue(i + 2, rowNum): null

2022-10-12 09:59:24 - [TEST_STEP][PASSED] - if (findTestData(FileTestData).getValue(i + 2, 1) == ""): null

2022-10-12 09:59:24 - [TEST_STEP][PASSED] - listData[i] = findTestData(FileTestData).getValue(i + 2, rowNum): null

2022-10-12 09:59:24 - [TEST_STEP][PASSED] - if (findTestData(FileTestData).getValue(i + 2, 1) == ""): null

2022-10-12 09:59:24 - [TEST_STEP][PASSED] - listData[i] = findTestData(FileTestData).getValue(i + 2, rowNum): null

2022-10-12 09:59:25 - [TEST_STEP][PASSED] - if (findTestData(FileTestData).getValue(i + 2, 1) == ""): null

2022-10-12 09:59:25 - [TEST_STEP][PASSED] - listData[i] = findTestData(FileTestData).getValue(i + 2, rowNum): null

2022-10-12 09:59:25 - [TEST_STEP][PASSED] - if (findTestData(FileTestData).getValue(i + 2, 1) == ""): null

2022-10-12 09:59:25 - [TEST_STEP][PASSED] - listData[i] = findTestData(FileTestData).getValue(i + 2, rowNum): null

2022-10-12 09:59:25 - [TEST_STEP][PASSED] - if (findTestData(FileTestData).getValue(i + 2, 1) == ""): null

2022-10-12 09:59:25 - [TEST_STEP][PASSED] - listData[i] = findTestData(FileTestData).getValue(i + 2, rowNum): null

2022-10-12 09:59:25 - [TEST_STEP][PASSED] - if (findTestData(FileTestData).getValue(i + 2, 1) == ""): null

2022-10-12 09:59:25 - [TEST_STEP][PASSED] - listData[i] = findTestData(FileTestData).getValue(i + 2, rowNum): null

2022-10-12 09:59:25 - [TEST_STEP][PASSED] - if (findTestData(FileTestData).getValue(1, rowNum) == TestID): null

2022-10-12 09:59:25 - [TEST_STEP][PASSED] - if (findTestData(FileTestData).getValue(1, rowNum) == TestID): null

2022-10-12 09:59:25 - [TEST_STEP][PASSED] - if (findTestData(FileTestData).getValue(1, rowNum) == TestID): null

2022-10-12 09:59:26 - [TEST_STEP][PASSED] - if (findTestData(FileTestData).getValue(1, rowNum) == TestID): null

2022-10-12 09:59:26 - [TEST_STEP][PASSED] - if (findTestData(FileTestData).getValue(1, rowNum) == TestID): null

2022-10-12 09:59:26 - [TEST_STEP][PASSED] - if (findTestData(FileTestData).getValue(1, rowNum) == TestID): null

2022-10-12 09:59:26 - [TEST_STEP][PASSED] - if (findTestData(FileTestData).getValue(1, rowNum) == TestID): null

2022-10-12 09:59:26 - [TEST_STEP][PASSED] - if (findTestData(FileTestData).getValue(1, rowNum) == TestID): null

2022-10-12 09:59:26 - [TEST_STEP][PASSED] - println(listData): null

2022-10-12 09:59:26 - [TEST_STEP][PASSED] - callTestCase(findTestCase("Intermediate/Prerequisite1_Access_Immediate"), [:], STOP_ON_FAILURE): Call Test Case 'Test Cases/Intermediate/Prerequisite1_Access_Immediate' successfully

2022-10-12 09:59:26 - [TEST_CASE][PASSED] - Test Cases/Intermediate/Prerequisite1_Access_Immediate: Test Cases/Intermediate/Prerequisite1_Access_Immediate

2022-10-12 09:59:27 - [TEST_STEP][PASSED] - callTestCase(findTestCase("Launch_seleniumeasy_page"), [:], STOP_ON_FAILURE): Call Test Case 'Test Cases/Launch_seleniumeasy_page' successfully

2022-10-12 09:59:27 - [TEST_CASE][PASSED] - Test Cases/Launch_seleniumeasy_page: Test Cases/Launch_seleniumeasy_page

2022-10-12 09:59:27 - [TEST_STEP][PASSED] - openBrowser(""): Browser is opened with url: ''

2022-10-12 09:59:28 - [MESSAGE][INFO] - Starting 'Chrome' driver

2022-10-12 09:59:28 - [MESSAGE][INFO] - Action delay is set to 0 milliseconds

2022-10-12 09:59:32 - [MESSAGE][PASSED] - Browser is opened with url: ''

2022-10-12 09:59:32 - [TEST_STEP][PASSED] - maximizeWindow(): Current window maximized

2022-10-12 09:59:32 - [MESSAGE][PASSED] - Current window maximized

2022-10-12 09:59:32 - [TEST_STEP][PASSED] - navigateToUrl("https://demo.seleniumeasy.com/"): Navigate to 'https://demo.seleniumeasy.com/' successfully

2022-10-12 09:59:36 - [MESSAGE][PASSED] - Navigate to 'https://demo.seleniumeasy.com/' successfully

2022-10-12 09:59:36 - [MESSAGE][PASSED] - Call Test Case 'Test Cases/Launch_seleniumeasy_page' successfully

2022-10-12 09:59:36 - [TEST_STEP][PASSED] - if (verifyElementVisible(findTestObject("Main_page/Button_Start_Practicing"), OPTIONAL)): Object: 'Object Repository/Main_page/Button_Start_Practicing' is clicked on

2022-10-12 09:59:37 - [MESSAGE][PASSED] - Object 'Object Repository/Main_page/Button_Start_Practicing' is visible

2022-10-12 09:59:37 - [TEST_STEP][PASSED] - click(findTestObject("Main_page/Button_Start_Practicing")): Object: 'Object Repository/Main_page/Button_Start_Practicing' is clicked on

2022-10-12 09:59:38 - [MESSAGE][PASSED] - Object: 'Object Repository/Main_page/Button_Start_Practicing' is clicked on

2022-10-12 09:59:38 - [TEST_STEP][PASSED] - enhancedClick(findTestObject("Main_page/option_Intermediate")): Object: 'Object Repository/Main_page/option_Intermediate' is clicked on

2022-10-12 09:59:38 - [MESSAGE][PASSED] - Object: 'Object Repository/Main_page/option_Intermediate' is clicked on

2022-10-12 09:59:38 - [TEST_STEP][PASSED] - verifyElementVisible(findTestObject("Intermediate/text_Intermediate"), STOP_ON_FAILURE): Object 'Object Repository/Intermediate/text_Intermediate' is visible

2022-10-12 09:59:39 - [MESSAGE][PASSED] - Object 'Object Repository/Intermediate/text_Intermediate' is visible

2022-10-12 09:59:39 - [MESSAGE][PASSED] - Call Test Case 'Test Cases/Intermediate/Prerequisite1_Access_Immediate' successfully

2022-10-12 09:59:39 - [TEST_STEP][PASSED] - click(findTestObject("Intermediate/option_JQueryListBox")): Object: 'Object Repository/Intermediate/option_JQueryListBox' is clicked on

2022-10-12 09:59:40 - [MESSAGE][PASSED] - Object: 'Object Repository/Intermediate/option_JQueryListBox' is clicked on

2022-10-12 09:59:40 - [TEST_STEP][PASSED] - for ([i = 0, i < length, (i++)]): Object 'Object Repository/Intermediate/5_JQuery_List_Box/dynamic_items_in_left' is present

2022-10-12 09:59:40 - [TEST_STEP][PASSED] - verifyElementPresent(findTestObject("Intermediate/5_JQuery_List_Box/dynamic_items_in_left", ["item":listData[i]]), 2): Object 'Object Repository/Intermediate/5_JQuery_List_Box/dynamic_items_in_left' is present

2022-10-12 09:59:41 - [MESSAGE][PASSED] - Object 'Object Repository/Intermediate/5_JQuery_List_Box/dynamic_items_in_left' is present

2022-10-12 09:59:41 - [TEST_STEP][PASSED] - verifyElementPresent(findTestObject("Intermediate/5_JQuery_List_Box/dynamic_items_in_left", ["item":listData[i]]), 2): Object 'Object Repository/Intermediate/5_JQuery_List_Box/dynamic_items_in_left' is present

2022-10-12 09:59:41 - [MESSAGE][PASSED] - Object 'Object Repository/Intermediate/5_JQuery_List_Box/dynamic_items_in_left' is present

2022-10-12 09:59:41 - [TEST_STEP][PASSED] - verifyElementPresent(findTestObject("Intermediate/5_JQuery_List_Box/dynamic_items_in_left", ["item":listData[i]]), 2): Object 'Object Repository/Intermediate/5_JQuery_List_Box/dynamic_items_in_left' is present

2022-10-12 09:59:42 - [MESSAGE][PASSED] - Object 'Object Repository/Intermediate/5_JQuery_List_Box/dynamic_items_in_left' is present

2022-10-12 09:59:42 - [TEST_STEP][PASSED] - verifyElementPresent(findTestObject("Intermediate/5_JQuery_List_Box/dynamic_items_in_left", ["item":listData[i]]), 2): Object 'Object Repository/Intermediate/5_JQuery_List_Box/dynamic_items_in_left' is present

2022-10-12 09:59:42 - [MESSAGE][PASSED] - Object 'Object Repository/Intermediate/5_JQuery_List_Box/dynamic_items_in_left' is present

2022-10-12 09:59:42 - [TEST_STEP][PASSED] - verifyElementPresent(findTestObject("Intermediate/5_JQuery_List_Box/dynamic_items_in_left", ["item":listData[i]]), 2): Object 'Object Repository/Intermediate/5_JQuery_List_Box/dynamic_items_in_left' is present

2022-10-12 09:59:42 - [MESSAGE][PASSED] - Object 'Object Repository/Intermediate/5_JQuery_List_Box/dynamic_items_in_left' is present

2022-10-12 09:59:42 - [TEST_STEP][PASSED] - verifyElementPresent(findTestObject("Intermediate/5_JQuery_List_Box/dynamic_items_in_left", ["item":listData[i]]), 2): Object 'Object Repository/Intermediate/5_JQuery_List_Box/dynamic_items_in_left' is present

2022-10-12 09:59:43 - [MESSAGE][PASSED] - Object 'Object Repository/Intermediate/5_JQuery_List_Box/dynamic_items_in_left' is present

2022-10-12 09:59:43 - [TEST_STEP][PASSED] - verifyElementPresent(findTestObject("Intermediate/5_JQuery_List_Box/dynamic_items_in_left", ["item":listData[i]]), 2): Object 'Object Repository/Intermediate/5_JQuery_List_Box/dynamic_items_in_left' is present

2022-10-12 09:59:43 - [MESSAGE][PASSED] - Object 'Object Repository/Intermediate/5_JQuery_List_Box/dynamic_items_in_left' is present

2022-10-12 09:59:43 - [TEST_STEP][PASSED] - verifyElementPresent(findTestObject("Intermediate/5_JQuery_List_Box/dynamic_items_in_left", ["item":listData[i]]), 2): Object 'Object Repository/Intermediate/5_JQuery_List_Box/dynamic_items_in_left' is present

2022-10-12 09:59:43 - [MESSAGE][PASSED] - Object 'Object Repository/Intermediate/5_JQuery_List_Box/dynamic_items_in_left' is present

2022-10-12 09:59:43 - [TEST_STEP][PASSED] - verifyElementPresent(findTestObject("Intermediate/5_JQuery_List_Box/dynamic_items_in_left", ["item":listData[i]]), 2): Object 'Object Repository/Intermediate/5_JQuery_List_Box/dynamic_items_in_left' is present

2022-10-12 09:59:44 - [MESSAGE][PASSED] - Object 'Object Repository/Intermediate/5_JQuery_List_Box/dynamic_items_in_left' is present

2022-10-12 09:59:44 - [TEST_STEP][PASSED] - verifyElementPresent(findTestObject("Intermediate/5_JQuery_List_Box/dynamic_items_in_left", ["item":listData[i]]), 2): Object 'Object Repository/Intermediate/5_JQuery_List_Box/dynamic_items_in_left' is present

2022-10-12 09:59:44 - [MESSAGE][PASSED] - Object 'Object Repository/Intermediate/5_JQuery_List_Box/dynamic_items_in_left' is present

2022-10-12 09:59:44 - [TEST_STEP][PASSED] - verifyElementPresent(findTestObject("Intermediate/5_JQuery_List_Box/dynamic_items_in_left", ["item":listData[i]]), 2): Object 'Object Repository/Intermediate/5_JQuery_List_Box/dynamic_items_in_left' is present

2022-10-12 09:59:45 - [MESSAGE][PASSED] - Object 'Object Repository/Intermediate/5_JQuery_List_Box/dynamic_items_in_left' is present

2022-10-12 09:59:45 - [TEST_STEP][PASSED] - verifyElementPresent(findTestObject("Intermediate/5_JQuery_List_Box/dynamic_items_in_left", ["item":listData[i]]), 2): Object 'Object Repository/Intermediate/5_JQuery_List_Box/dynamic_items_in_left' is present

2022-10-12 09:59:45 - [MESSAGE][PASSED] - Object 'Object Repository/Intermediate/5_JQuery_List_Box/dynamic_items_in_left' is present

2022-10-12 09:59:45 - [TEST_STEP][PASSED] - verifyElementPresent(findTestObject("Intermediate/5_JQuery_List_Box/dynamic_items_in_left", ["item":listData[i]]), 2): Object 'Object Repository/Intermediate/5_JQuery_List_Box/dynamic_items_in_left' is present

2022-10-12 09:59:45 - [MESSAGE][PASSED] - Object 'Object Repository/Intermediate/5_JQuery_List_Box/dynamic_items_in_left' is present

2022-10-12 09:59:45 - [TEST_STEP][PASSED] - verifyElementPresent(findTestObject("Intermediate/5_JQuery_List_Box/dynamic_items_in_left", ["item":listData[i]]), 2): Object 'Object Repository/Intermediate/5_JQuery_List_Box/dynamic_items_in_left' is present

2022-10-12 09:59:46 - [MESSAGE][PASSED] - Object 'Object Repository/Intermediate/5_JQuery_List_Box/dynamic_items_in_left' is present

2022-10-12 09:59:46 - [TEST_STEP][PASSED] - verifyElementPresent(findTestObject("Intermediate/5_JQuery_List_Box/dynamic_items_in_left", ["item":listData[i]]), 2): Object 'Object Repository/Intermediate/5_JQuery_List_Box/dynamic_items_in_left' is present

2022-10-12 09:59:46 - [MESSAGE][PASSED] - Object 'Object Repository/Intermediate/5_JQuery_List_Box/dynamic_items_in_left' is present

2022-10-12 09:59:46 - [TEST_STEP][PASSED] - for ([i = 0, i < length, (i++)]): Web element with id: 'Object Repository/Intermediate/5_JQuery_List_Box/dynamic_items_in_right' located by 'By.xpath: //select[contains(@class,"pickListResult")]//option[text()="Julia"]' is not present after '2' second(s)

2022-10-12 09:59:46 - [TEST_STEP][PASSED] - verifyElementNotPresent(findTestObject("Intermediate/5_JQuery_List_Box/dynamic_items_in_right", ["item":listData[i]]), 2): Web element with id: 'Object Repository/Intermediate/5_JQuery_List_Box/dynamic_items_in_right' located by 'By.xpath: //select[contains(@class,"pickListResult")]//option[text()="Isis"]' is not present after '2' second(s)

2022-10-12 09:59:47 - [MESSAGE][PASSED] - Web element with id: 'Object Repository/Intermediate/5_JQuery_List_Box/dynamic_items_in_right' located by 'By.xpath: //select[contains(@class,"pickListResult")]//option[text()="Isis"]' is not present after '2' second(s)

2022-10-12 09:59:47 - [TEST_STEP][PASSED] - verifyElementNotPresent(findTestObject("Intermediate/5_JQuery_List_Box/dynamic_items_in_right", ["item":listData[i]]), 2): Web element with id: 'Object Repository/Intermediate/5_JQuery_List_Box/dynamic_items_in_right' located by 'By.xpath: //select[contains(@class,"pickListResult")]//option[text()="Sophia"]' is not present after '2' second(s)

2022-10-12 09:59:47 - [MESSAGE][PASSED] - Web element with id: 'Object Repository/Intermediate/5_JQuery_List_Box/dynamic_items_in_right' located by 'By.xpath: //select[contains(@class,"pickListResult")]//option[text()="Sophia"]' is not present after '2' second(s)

2022-10-12 09:59:47 - [TEST_STEP][PASSED] - verifyElementNotPresent(findTestObject("Intermediate/5_JQuery_List_Box/dynamic_items_in_right", ["item":listData[i]]), 2): Web element with id: 'Object Repository/Intermediate/5_JQuery_List_Box/dynamic_items_in_right' located by 'By.xpath: //select[contains(@class,"pickListResult")]//option[text()="Alice"]' is not present after '2' second(s)

2022-10-12 09:59:48 - [MESSAGE][PASSED] - Web element with id: 'Object Repository/Intermediate/5_JQuery_List_Box/dynamic_items_in_right' located by 'By.xpath: //select[contains(@class,"pickListResult")]//option[text()="Alice"]' is not present after '2' second(s)

2022-10-12 09:59:48 - [TEST_STEP][PASSED] - verifyElementNotPresent(findTestObject("Intermediate/5_JQuery_List_Box/dynamic_items_in_right", ["item":listData[i]]), 2): Web element with id: 'Object Repository/Intermediate/5_JQuery_List_Box/dynamic_items_in_right' located by 'By.xpath: //select[contains(@class,"pickListResult")]//option[text()="Isabella"]' is not present after '2' second(s)

2022-10-12 09:59:48 - [MESSAGE][PASSED] - Web element with id: 'Object Repository/Intermediate/5_JQuery_List_Box/dynamic_items_in_right' located by 'By.xpath: //select[contains(@class,"pickListResult")]//option[text()="Isabella"]' is not present after '2' second(s)

2022-10-12 09:59:48 - [TEST_STEP][PASSED] - verifyElementNotPresent(findTestObject("Intermediate/5_JQuery_List_Box/dynamic_items_in_right", ["item":listData[i]]), 2): Web element with id: 'Object Repository/Intermediate/5_JQuery_List_Box/dynamic_items_in_right' located by 'By.xpath: //select[contains(@class,"pickListResult")]//option[text()="Manuela"]' is not present after '2' second(s)

2022-10-12 09:59:48 - [MESSAGE][PASSED] - Web element with id: 'Object Repository/Intermediate/5_JQuery_List_Box/dynamic_items_in_right' located by 'By.xpath: //select[contains(@class,"pickListResult")]//option[text()="Manuela"]' is not present after '2' second(s)

2022-10-12 09:59:48 - [TEST_STEP][PASSED] - verifyElementNotPresent(findTestObject("Intermediate/5_JQuery_List_Box/dynamic_items_in_right", ["item":listData[i]]), 2): Web element with id: 'Object Repository/Intermediate/5_JQuery_List_Box/dynamic_items_in_right' located by 'By.xpath: //select[contains(@class,"pickListResult")]//option[text()="Laura"]' is not present after '2' second(s)

2022-10-12 09:59:49 - [MESSAGE][PASSED] - Web element with id: 'Object Repository/Intermediate/5_JQuery_List_Box/dynamic_items_in_right' located by 'By.xpath: //select[contains(@class,"pickListResult")]//option[text()="Laura"]' is not present after '2' second(s)

2022-10-12 09:59:49 - [TEST_STEP][PASSED] - verifyElementNotPresent(findTestObject("Intermediate/5_JQuery_List_Box/dynamic_items_in_right", ["item":listData[i]]), 2): Web element with id: 'Object Repository/Intermediate/5_JQuery_List_Box/dynamic_items_in_right' located by 'By.xpath: //select[contains(@class,"pickListResult")]//option[text()="Luiza"]' is not present after '2' second(s)

2022-10-12 09:59:49 - [MESSAGE][PASSED] - Web element with id: 'Object Repository/Intermediate/5_JQuery_List_Box/dynamic_items_in_right' located by 'By.xpath: //select[contains(@class,"pickListResult")]//option[text()="Luiza"]' is not present after '2' second(s)

2022-10-12 09:59:49 - [TEST_STEP][PASSED] - verifyElementNotPresent(findTestObject("Intermediate/5_JQuery_List_Box/dynamic_items_in_right", ["item":listData[i]]), 2): Web element with id: 'Object Repository/Intermediate/5_JQuery_List_Box/dynamic_items_in_right' located by 'By.xpath: //select[contains(@class,"pickListResult")]//option[text()="Valentina"]' is not present after '2' second(s)

2022-10-12 09:59:50 - [MESSAGE][PASSED] - Web element with id: 'Object Repository/Intermediate/5_JQuery_List_Box/dynamic_items_in_right' located by 'By.xpath: //select[contains(@class,"pickListResult")]//option[text()="Valentina"]' is not present after '2' second(s)

2022-10-12 09:59:50 - [TEST_STEP][PASSED] - verifyElementNotPresent(findTestObject("Intermediate/5_JQuery_List_Box/dynamic_items_in_right", ["item":listData[i]]), 2): Web element with id: 'Object Repository/Intermediate/5_JQuery_List_Box/dynamic_items_in_right' located by 'By.xpath: //select[contains(@class,"pickListResult")]//option[text()="Giovanna"]' is not present after '2' second(s)

2022-10-12 09:59:50 - [MESSAGE][PASSED] - Web element with id: 'Object Repository/Intermediate/5_JQuery_List_Box/dynamic_items_in_right' located by 'By.xpath: //select[contains(@class,"pickListResult")]//option[text()="Giovanna"]' is not present after '2' second(s)

2022-10-12 09:59:50 - [TEST_STEP][PASSED] - verifyElementNotPresent(findTestObject("Intermediate/5_JQuery_List_Box/dynamic_items_in_right", ["item":listData[i]]), 2): Web element with id: 'Object Repository/Intermediate/5_JQuery_List_Box/dynamic_items_in_right' located by 'By.xpath: //select[contains(@class,"pickListResult")]//option[text()="Maria Eduarda"]' is not present after '2' second(s)

2022-10-12 09:59:50 - [MESSAGE][PASSED] - Web element with id: 'Object Repository/Intermediate/5_JQuery_List_Box/dynamic_items_in_right' located by 'By.xpath: //select[contains(@class,"pickListResult")]//option[text()="Maria Eduarda"]' is not present after '2' second(s)

2022-10-12 09:59:50 - [TEST_STEP][PASSED] - verifyElementNotPresent(findTestObject("Intermediate/5_JQuery_List_Box/dynamic_items_in_right", ["item":listData[i]]), 2): Web element with id: 'Object Repository/Intermediate/5_JQuery_List_Box/dynamic_items_in_right' located by 'By.xpath: //select[contains(@class,"pickListResult")]//option[text()="Helena"]' is not present after '2' second(s)

2022-10-12 09:59:51 - [MESSAGE][PASSED] - Web element with id: 'Object Repository/Intermediate/5_JQuery_List_Box/dynamic_items_in_right' located by 'By.xpath: //select[contains(@class,"pickListResult")]//option[text()="Helena"]' is not present after '2' second(s)

2022-10-12 09:59:51 - [TEST_STEP][PASSED] - verifyElementNotPresent(findTestObject("Intermediate/5_JQuery_List_Box/dynamic_items_in_right", ["item":listData[i]]), 2): Web element with id: 'Object Repository/Intermediate/5_JQuery_List_Box/dynamic_items_in_right' located by 'By.xpath: //select[contains(@class,"pickListResult")]//option[text()="Beatriz"]' is not present after '2' second(s)

2022-10-12 09:59:51 - [MESSAGE][PASSED] - Web element with id: 'Object Repository/Intermediate/5_JQuery_List_Box/dynamic_items_in_right' located by 'By.xpath: //select[contains(@class,"pickListResult")]//option[text()="Beatriz"]' is not present after '2' second(s)

2022-10-12 09:59:51 - [TEST_STEP][PASSED] - verifyElementNotPresent(findTestObject("Intermediate/5_JQuery_List_Box/dynamic_items_in_right", ["item":listData[i]]), 2): Web element with id: 'Object Repository/Intermediate/5_JQuery_List_Box/dynamic_items_in_right' located by 'By.xpath: //select[contains(@class,"pickListResult")]//option[text()="Maria Luiza"]' is not present after '2' second(s)

2022-10-12 09:59:51 - [MESSAGE][PASSED] - Web element with id: 'Object Repository/Intermediate/5_JQuery_List_Box/dynamic_items_in_right' located by 'By.xpath: //select[contains(@class,"pickListResult")]//option[text()="Maria Luiza"]' is not present after '2' second(s)

2022-10-12 09:59:51 - [TEST_STEP][PASSED] - verifyElementNotPresent(findTestObject("Intermediate/5_JQuery_List_Box/dynamic_items_in_right", ["item":listData[i]]), 2): Web element with id: 'Object Repository/Intermediate/5_JQuery_List_Box/dynamic_items_in_right' located by 'By.xpath: //select[contains(@class,"pickListResult")]//option[text()="Lara"]' is not present after '2' second(s)

2022-10-12 09:59:52 - [MESSAGE][PASSED] - Web element with id: 'Object Repository/Intermediate/5_JQuery_List_Box/dynamic_items_in_right' located by 'By.xpath: //select[contains(@class,"pickListResult")]//option[text()="Lara"]' is not present after '2' second(s)

2022-10-12 09:59:52 - [TEST_STEP][PASSED] - verifyElementNotPresent(findTestObject("Intermediate/5_JQuery_List_Box/dynamic_items_in_right", ["item":listData[i]]), 2): Web element with id: 'Object Repository/Intermediate/5_JQuery_List_Box/dynamic_items_in_right' located by 'By.xpath: //select[contains(@class,"pickListResult")]//option[text()="Julia"]' is not present after '2' second(s)

2022-10-12 09:59:52 - [MESSAGE][PASSED] - Web element with id: 'Object Repository/Intermediate/5_JQuery_List_Box/dynamic_items_in_right' located by 'By.xpath: //select[contains(@class,"pickListResult")]//option[text()="Julia"]' is not present after '2' second(s)

2022-10-12 09:59:52 - [TEST_STEP][PASSED] - verifyElementVisible(findTestObject("Intermediate/5_JQuery_List_Box/button_Add")): Object 'Object Repository/Intermediate/5_JQuery_List_Box/button_Add' is visible

2022-10-12 09:59:53 - [MESSAGE][PASSED] - Object 'Object Repository/Intermediate/5_JQuery_List_Box/button_Add' is visible

2022-10-12 09:59:53 - [TEST_STEP][PASSED] - verifyElementVisible(findTestObject("Intermediate/5_JQuery_List_Box/button_Add_All")): Object 'Object Repository/Intermediate/5_JQuery_List_Box/button_Add_All' is visible

2022-10-12 09:59:53 - [MESSAGE][PASSED] - Object 'Object Repository/Intermediate/5_JQuery_List_Box/button_Add_All' is visible

2022-10-12 09:59:53 - [TEST_STEP][PASSED] - verifyElementVisible(findTestObject("Intermediate/5_JQuery_List_Box/button_Remove")): Object 'Object Repository/Intermediate/5_JQuery_List_Box/button_Remove' is visible

2022-10-12 09:59:53 - [MESSAGE][PASSED] - Object 'Object Repository/Intermediate/5_JQuery_List_Box/button_Remove' is visible

2022-10-12 09:59:53 - [TEST_STEP][PASSED] - verifyElementVisible(findTestObject("Intermediate/5_JQuery_List_Box/button_Remove_All")): Object 'Object Repository/Intermediate/5_JQuery_List_Box/button_Remove_All' is visible

2022-10-12 09:59:54 - [MESSAGE][PASSED] - Object 'Object Repository/Intermediate/5_JQuery_List_Box/button_Remove_All' is visible

2022-10-12 09:59:54 - [TEST_STEP][PASSED] - delay(3): Delayed 3 second(s)

2022-10-12 09:59:57 - [MESSAGE][PASSED] - Delayed 3 second(s)

2022-10-12 09:59:57 - [TEST_STEP][PASSED] - closeBrowser(): Browser is closed

2022-10-12 09:59:58 - [MESSAGE][PASSED] - Browser is closed]]></system-out>
         <system-err><![CDATA[]]></system-err>
      </testcase>
      <testcase name="Test Cases/Intermediate/5_JQuery_List_Box/JQLB2_Select_single_item_and_click_Add" time="43.776" classname="Test Cases/Intermediate/5_JQuery_List_Box/JQLB2_Select_single_item_and_click_Add" status="PASSED">
         <system-out><![CDATA[2022-10-12 09:59:58 - [TEST_CASE][PASSED] - Test Cases/Intermediate/5_JQuery_List_Box/JQLB2_Select_single_item_and_click_Add: Test Cases/Intermediate/5_JQuery_List_Box/JQLB2_Select_single_item_and_click_Add

2022-10-12 09:59:59 - [TEST_STEP][PASSED] - TestID = "TEST-00002": null

2022-10-12 09:59:59 - [TEST_STEP][PASSED] - FileTestData = "TestData_Sheet6": null

2022-10-12 09:59:59 - [TEST_STEP][PASSED] - totalRow = findTestData(FileTestData).getRowNumbers(): null

2022-10-12 09:59:59 - [TEST_STEP][PASSED] - totalColumn = findTestData(FileTestData).getColumnNumbers(): null

2022-10-12 09:59:59 - [TEST_STEP][PASSED] - rowNum = 1: null

2022-10-12 09:59:59 - [TEST_STEP][PASSED] - arrayLength = 0: null

2022-10-12 09:59:59 - [TEST_STEP][PASSED] - for ([rowNum, rowNum < totalRow, (rowNum++)]): null

2022-10-12 09:59:59 - [TEST_STEP][PASSED] - if (findTestData(FileTestData).getValue(1, rowNum) == TestID): null

2022-10-12 09:59:59 - [TEST_STEP][PASSED] - if (findTestData(FileTestData).getValue(1, rowNum) == TestID): null

2022-10-12 09:59:59 - [TEST_STEP][PASSED] - break: null

2022-10-12 09:59:59 - [TEST_STEP][PASSED] - println("Row number is: " + rowNum): null

2022-10-12 09:59:59 - [TEST_STEP][PASSED] - for ([i = 0, i < totalColumn - 1, (i++)]): null

2022-10-12 09:59:59 - [TEST_STEP][PASSED] - if (findTestData(FileTestData).getValue(i + 2, rowNum) == ""): null

2022-10-12 09:59:59 - [TEST_STEP][PASSED] - (arrayLength++): null

2022-10-12 09:59:59 - [TEST_STEP][PASSED] - if (findTestData(FileTestData).getValue(i + 2, rowNum) == ""): null

2022-10-12 09:59:59 - [TEST_STEP][PASSED] - (arrayLength++): null

2022-10-12 09:59:59 - [TEST_STEP][PASSED] - if (findTestData(FileTestData).getValue(i + 2, rowNum) == ""): null

2022-10-12 09:59:59 - [TEST_STEP][PASSED] - (arrayLength++): null

2022-10-12 09:59:59 - [TEST_STEP][PASSED] - if (findTestData(FileTestData).getValue(i + 2, rowNum) == ""): null

2022-10-12 09:59:59 - [TEST_STEP][PASSED] - (arrayLength++): null

2022-10-12 09:59:59 - [TEST_STEP][PASSED] - if (findTestData(FileTestData).getValue(i + 2, rowNum) == ""): null

2022-10-12 09:59:59 - [TEST_STEP][PASSED] - (arrayLength++): null

2022-10-12 09:59:59 - [TEST_STEP][PASSED] - if (findTestData(FileTestData).getValue(i + 2, rowNum) == ""): null

2022-10-12 09:59:59 - [TEST_STEP][PASSED] - (arrayLength++): null

2022-10-12 09:59:59 - [TEST_STEP][PASSED] - if (findTestData(FileTestData).getValue(i + 2, rowNum) == ""): null

2022-10-12 09:59:59 - [TEST_STEP][PASSED] - (arrayLength++): null

2022-10-12 09:59:59 - [TEST_STEP][PASSED] - if (findTestData(FileTestData).getValue(i + 2, rowNum) == ""): null

2022-10-12 09:59:59 - [TEST_STEP][PASSED] - (arrayLength++): null

2022-10-12 09:59:59 - [TEST_STEP][PASSED] - if (findTestData(FileTestData).getValue(i + 2, rowNum) == ""): null

2022-10-12 10:00:00 - [TEST_STEP][PASSED] - (arrayLength++): null

2022-10-12 10:00:00 - [TEST_STEP][PASSED] - if (findTestData(FileTestData).getValue(i + 2, rowNum) == ""): null

2022-10-12 10:00:00 - [TEST_STEP][PASSED] - (arrayLength++): null

2022-10-12 10:00:00 - [TEST_STEP][PASSED] - if (findTestData(FileTestData).getValue(i + 2, rowNum) == ""): null

2022-10-12 10:00:00 - [TEST_STEP][PASSED] - (arrayLength++): null

2022-10-12 10:00:00 - [TEST_STEP][PASSED] - if (findTestData(FileTestData).getValue(i + 2, rowNum) == ""): null

2022-10-12 10:00:00 - [TEST_STEP][PASSED] - (arrayLength++): null

2022-10-12 10:00:00 - [TEST_STEP][PASSED] - if (findTestData(FileTestData).getValue(i + 2, rowNum) == ""): null

2022-10-12 10:00:00 - [TEST_STEP][PASSED] - (arrayLength++): null

2022-10-12 10:00:00 - [TEST_STEP][PASSED] - if (findTestData(FileTestData).getValue(i + 2, rowNum) == ""): null

2022-10-12 10:00:00 - [TEST_STEP][PASSED] - (arrayLength++): null

2022-10-12 10:00:00 - [TEST_STEP][PASSED] - if (findTestData(FileTestData).getValue(i + 2, rowNum) == ""): null

2022-10-12 10:00:00 - [TEST_STEP][PASSED] - (arrayLength++): null

2022-10-12 10:00:00 - [TEST_STEP][PASSED] - println("Array length is: " + arrayLength): null

2022-10-12 10:00:00 - [TEST_STEP][PASSED] - listData = []: null

2022-10-12 10:00:00 - [TEST_STEP][PASSED] - for ([rowNum = 1, rowNum < totalRow, (rowNum++)]): null

2022-10-12 10:00:00 - [TEST_STEP][PASSED] - if (findTestData(FileTestData).getValue(1, rowNum) == TestID): null

2022-10-12 10:00:00 - [TEST_STEP][PASSED] - if (findTestData(FileTestData).getValue(1, rowNum) == TestID): null

2022-10-12 10:00:00 - [TEST_STEP][PASSED] - for ([i = 0, i < arrayLength, (i++)]): null

2022-10-12 10:00:00 - [TEST_STEP][PASSED] - if (findTestData(FileTestData).getValue(i + 2, 1) == ""): null

2022-10-12 10:00:00 - [TEST_STEP][PASSED] - listData[i] = findTestData(FileTestData).getValue(i + 2, rowNum): null

2022-10-12 10:00:00 - [TEST_STEP][PASSED] - if (findTestData(FileTestData).getValue(i + 2, 1) == ""): null

2022-10-12 10:00:00 - [TEST_STEP][PASSED] - listData[i] = findTestData(FileTestData).getValue(i + 2, rowNum): null

2022-10-12 10:00:00 - [TEST_STEP][PASSED] - if (findTestData(FileTestData).getValue(i + 2, 1) == ""): null

2022-10-12 10:00:00 - [TEST_STEP][PASSED] - listData[i] = findTestData(FileTestData).getValue(i + 2, rowNum): null

2022-10-12 10:00:00 - [TEST_STEP][PASSED] - if (findTestData(FileTestData).getValue(i + 2, 1) == ""): null

2022-10-12 10:00:00 - [TEST_STEP][PASSED] - listData[i] = findTestData(FileTestData).getValue(i + 2, rowNum): null

2022-10-12 10:00:01 - [TEST_STEP][PASSED] - if (findTestData(FileTestData).getValue(i + 2, 1) == ""): null

2022-10-12 10:00:01 - [TEST_STEP][PASSED] - listData[i] = findTestData(FileTestData).getValue(i + 2, rowNum): null

2022-10-12 10:00:01 - [TEST_STEP][PASSED] - if (findTestData(FileTestData).getValue(i + 2, 1) == ""): null

2022-10-12 10:00:01 - [TEST_STEP][PASSED] - listData[i] = findTestData(FileTestData).getValue(i + 2, rowNum): null

2022-10-12 10:00:01 - [TEST_STEP][PASSED] - if (findTestData(FileTestData).getValue(i + 2, 1) == ""): null

2022-10-12 10:00:01 - [TEST_STEP][PASSED] - listData[i] = findTestData(FileTestData).getValue(i + 2, rowNum): null

2022-10-12 10:00:01 - [TEST_STEP][PASSED] - if (findTestData(FileTestData).getValue(i + 2, 1) == ""): null

2022-10-12 10:00:01 - [TEST_STEP][PASSED] - listData[i] = findTestData(FileTestData).getValue(i + 2, rowNum): null

2022-10-12 10:00:01 - [TEST_STEP][PASSED] - if (findTestData(FileTestData).getValue(i + 2, 1) == ""): null

2022-10-12 10:00:01 - [TEST_STEP][PASSED] - listData[i] = findTestData(FileTestData).getValue(i + 2, rowNum): null

2022-10-12 10:00:01 - [TEST_STEP][PASSED] - if (findTestData(FileTestData).getValue(i + 2, 1) == ""): null

2022-10-12 10:00:01 - [TEST_STEP][PASSED] - listData[i] = findTestData(FileTestData).getValue(i + 2, rowNum): null

2022-10-12 10:00:01 - [TEST_STEP][PASSED] - if (findTestData(FileTestData).getValue(i + 2, 1) == ""): null

2022-10-12 10:00:02 - [TEST_STEP][PASSED] - listData[i] = findTestData(FileTestData).getValue(i + 2, rowNum): null

2022-10-12 10:00:02 - [TEST_STEP][PASSED] - if (findTestData(FileTestData).getValue(i + 2, 1) == ""): null

2022-10-12 10:00:02 - [TEST_STEP][PASSED] - listData[i] = findTestData(FileTestData).getValue(i + 2, rowNum): null

2022-10-12 10:00:02 - [TEST_STEP][PASSED] - if (findTestData(FileTestData).getValue(i + 2, 1) == ""): null

2022-10-12 10:00:02 - [TEST_STEP][PASSED] - listData[i] = findTestData(FileTestData).getValue(i + 2, rowNum): null

2022-10-12 10:00:02 - [TEST_STEP][PASSED] - if (findTestData(FileTestData).getValue(i + 2, 1) == ""): null

2022-10-12 10:00:02 - [TEST_STEP][PASSED] - listData[i] = findTestData(FileTestData).getValue(i + 2, rowNum): null

2022-10-12 10:00:02 - [TEST_STEP][PASSED] - if (findTestData(FileTestData).getValue(i + 2, 1) == ""): null

2022-10-12 10:00:02 - [TEST_STEP][PASSED] - listData[i] = findTestData(FileTestData).getValue(i + 2, rowNum): null

2022-10-12 10:00:02 - [TEST_STEP][PASSED] - if (findTestData(FileTestData).getValue(1, rowNum) == TestID): null

2022-10-12 10:00:02 - [TEST_STEP][PASSED] - if (findTestData(FileTestData).getValue(1, rowNum) == TestID): null

2022-10-12 10:00:02 - [TEST_STEP][PASSED] - if (findTestData(FileTestData).getValue(1, rowNum) == TestID): null

2022-10-12 10:00:02 - [TEST_STEP][PASSED] - if (findTestData(FileTestData).getValue(1, rowNum) == TestID): null

2022-10-12 10:00:02 - [TEST_STEP][PASSED] - if (findTestData(FileTestData).getValue(1, rowNum) == TestID): null

2022-10-12 10:00:02 - [TEST_STEP][PASSED] - if (findTestData(FileTestData).getValue(1, rowNum) == TestID): null

2022-10-12 10:00:03 - [TEST_STEP][PASSED] - if (findTestData(FileTestData).getValue(1, rowNum) == TestID): null

2022-10-12 10:00:03 - [TEST_STEP][PASSED] - println(listData): null

2022-10-12 10:00:03 - [TEST_STEP][PASSED] - callTestCase(findTestCase("Intermediate/Prerequisite1_Access_Immediate"), [:], STOP_ON_FAILURE): Call Test Case 'Test Cases/Intermediate/Prerequisite1_Access_Immediate' successfully

2022-10-12 10:00:03 - [TEST_CASE][PASSED] - Test Cases/Intermediate/Prerequisite1_Access_Immediate: Test Cases/Intermediate/Prerequisite1_Access_Immediate

2022-10-12 10:00:03 - [TEST_STEP][PASSED] - callTestCase(findTestCase("Launch_seleniumeasy_page"), [:], STOP_ON_FAILURE): Call Test Case 'Test Cases/Launch_seleniumeasy_page' successfully

2022-10-12 10:00:03 - [TEST_CASE][PASSED] - Test Cases/Launch_seleniumeasy_page: Test Cases/Launch_seleniumeasy_page

2022-10-12 10:00:03 - [TEST_STEP][PASSED] - openBrowser(""): Browser is opened with url: ''

2022-10-12 10:00:03 - [MESSAGE][INFO] - Starting 'Chrome' driver

2022-10-12 10:00:03 - [MESSAGE][INFO] - Action delay is set to 0 milliseconds

2022-10-12 10:00:05 - [MESSAGE][PASSED] - Browser is opened with url: ''

2022-10-12 10:00:05 - [TEST_STEP][PASSED] - maximizeWindow(): Current window maximized

2022-10-12 10:00:05 - [MESSAGE][PASSED] - Current window maximized

2022-10-12 10:00:05 - [TEST_STEP][PASSED] - navigateToUrl("https://demo.seleniumeasy.com/"): Navigate to 'https://demo.seleniumeasy.com/' successfully

2022-10-12 10:00:11 - [MESSAGE][PASSED] - Navigate to 'https://demo.seleniumeasy.com/' successfully

2022-10-12 10:00:11 - [MESSAGE][PASSED] - Call Test Case 'Test Cases/Launch_seleniumeasy_page' successfully

2022-10-12 10:00:11 - [TEST_STEP][PASSED] - if (verifyElementVisible(findTestObject("Main_page/Button_Start_Practicing"), OPTIONAL)): Object: 'Object Repository/Main_page/Button_Start_Practicing' is clicked on

2022-10-12 10:00:11 - [MESSAGE][PASSED] - Object 'Object Repository/Main_page/Button_Start_Practicing' is visible

2022-10-12 10:00:11 - [TEST_STEP][PASSED] - click(findTestObject("Main_page/Button_Start_Practicing")): Object: 'Object Repository/Main_page/Button_Start_Practicing' is clicked on

2022-10-12 10:00:11 - [MESSAGE][PASSED] - Object: 'Object Repository/Main_page/Button_Start_Practicing' is clicked on

2022-10-12 10:00:11 - [TEST_STEP][PASSED] - enhancedClick(findTestObject("Main_page/option_Intermediate")): Object: 'Object Repository/Main_page/option_Intermediate' is clicked on

2022-10-12 10:00:12 - [MESSAGE][PASSED] - Object: 'Object Repository/Main_page/option_Intermediate' is clicked on

2022-10-12 10:00:12 - [TEST_STEP][PASSED] - verifyElementVisible(findTestObject("Intermediate/text_Intermediate"), STOP_ON_FAILURE): Object 'Object Repository/Intermediate/text_Intermediate' is visible

2022-10-12 10:00:12 - [MESSAGE][PASSED] - Object 'Object Repository/Intermediate/text_Intermediate' is visible

2022-10-12 10:00:12 - [MESSAGE][PASSED] - Call Test Case 'Test Cases/Intermediate/Prerequisite1_Access_Immediate' successfully

2022-10-12 10:00:12 - [TEST_STEP][PASSED] - click(findTestObject("Intermediate/option_JQueryListBox")): Object: 'Object Repository/Intermediate/option_JQueryListBox' is clicked on

2022-10-12 10:00:14 - [MESSAGE][PASSED] - Object: 'Object Repository/Intermediate/option_JQueryListBox' is clicked on

2022-10-12 10:00:14 - [TEST_STEP][PASSED] - for ([i = 0, i < length, (i++)]): Object 'Object Repository/Intermediate/5_JQuery_List_Box/dynamic_items_in_right' is present

2022-10-12 10:00:14 - [TEST_STEP][PASSED] - click(findTestObject("Intermediate/5_JQuery_List_Box/dynamic_items_in_left", ["item":listData[i]])): Object: 'Object Repository/Intermediate/5_JQuery_List_Box/dynamic_items_in_left' is clicked on

2022-10-12 10:00:14 - [MESSAGE][PASSED] - Object: 'Object Repository/Intermediate/5_JQuery_List_Box/dynamic_items_in_left' is clicked on

2022-10-12 10:00:14 - [TEST_STEP][PASSED] - click(findTestObject("Intermediate/5_JQuery_List_Box/button_Add")): Object: 'Object Repository/Intermediate/5_JQuery_List_Box/button_Add' is clicked on

2022-10-12 10:00:15 - [MESSAGE][PASSED] - Object: 'Object Repository/Intermediate/5_JQuery_List_Box/button_Add' is clicked on

2022-10-12 10:00:15 - [TEST_STEP][PASSED] - verifyElementNotPresent(findTestObject("Intermediate/5_JQuery_List_Box/dynamic_items_in_left", ["item":listData[i]]), 2): Web element with id: 'Object Repository/Intermediate/5_JQuery_List_Box/dynamic_items_in_left' located by 'By.xpath: //select[contains(@class,"pickData")]//option[text()="Isis"]' is not present after '2' second(s)

2022-10-12 10:00:15 - [MESSAGE][PASSED] - Web element with id: 'Object Repository/Intermediate/5_JQuery_List_Box/dynamic_items_in_left' located by 'By.xpath: //select[contains(@class,"pickData")]//option[text()="Isis"]' is not present after '2' second(s)

2022-10-12 10:00:15 - [TEST_STEP][PASSED] - verifyElementPresent(findTestObject("Intermediate/5_JQuery_List_Box/dynamic_items_in_right", ["item":listData[i]]), 2): Object 'Object Repository/Intermediate/5_JQuery_List_Box/dynamic_items_in_right' is present

2022-10-12 10:00:16 - [MESSAGE][PASSED] - Object 'Object Repository/Intermediate/5_JQuery_List_Box/dynamic_items_in_right' is present

2022-10-12 10:00:16 - [TEST_STEP][PASSED] - click(findTestObject("Intermediate/5_JQuery_List_Box/dynamic_items_in_left", ["item":listData[i]])): Object: 'Object Repository/Intermediate/5_JQuery_List_Box/dynamic_items_in_left' is clicked on

2022-10-12 10:00:16 - [MESSAGE][PASSED] - Object: 'Object Repository/Intermediate/5_JQuery_List_Box/dynamic_items_in_left' is clicked on

2022-10-12 10:00:16 - [TEST_STEP][PASSED] - click(findTestObject("Intermediate/5_JQuery_List_Box/button_Add")): Object: 'Object Repository/Intermediate/5_JQuery_List_Box/button_Add' is clicked on

2022-10-12 10:00:17 - [MESSAGE][PASSED] - Object: 'Object Repository/Intermediate/5_JQuery_List_Box/button_Add' is clicked on

2022-10-12 10:00:17 - [TEST_STEP][PASSED] - verifyElementNotPresent(findTestObject("Intermediate/5_JQuery_List_Box/dynamic_items_in_left", ["item":listData[i]]), 2): Web element with id: 'Object Repository/Intermediate/5_JQuery_List_Box/dynamic_items_in_left' located by 'By.xpath: //select[contains(@class,"pickData")]//option[text()="Sophia"]' is not present after '2' second(s)

2022-10-12 10:00:17 - [MESSAGE][PASSED] - Web element with id: 'Object Repository/Intermediate/5_JQuery_List_Box/dynamic_items_in_left' located by 'By.xpath: //select[contains(@class,"pickData")]//option[text()="Sophia"]' is not present after '2' second(s)

2022-10-12 10:00:17 - [TEST_STEP][PASSED] - verifyElementPresent(findTestObject("Intermediate/5_JQuery_List_Box/dynamic_items_in_right", ["item":listData[i]]), 2): Object 'Object Repository/Intermediate/5_JQuery_List_Box/dynamic_items_in_right' is present

2022-10-12 10:00:17 - [MESSAGE][PASSED] - Object 'Object Repository/Intermediate/5_JQuery_List_Box/dynamic_items_in_right' is present

2022-10-12 10:00:17 - [TEST_STEP][PASSED] - click(findTestObject("Intermediate/5_JQuery_List_Box/dynamic_items_in_left", ["item":listData[i]])): Object: 'Object Repository/Intermediate/5_JQuery_List_Box/dynamic_items_in_left' is clicked on

2022-10-12 10:00:18 - [MESSAGE][PASSED] - Object: 'Object Repository/Intermediate/5_JQuery_List_Box/dynamic_items_in_left' is clicked on

2022-10-12 10:00:18 - [TEST_STEP][PASSED] - click(findTestObject("Intermediate/5_JQuery_List_Box/button_Add")): Object: 'Object Repository/Intermediate/5_JQuery_List_Box/button_Add' is clicked on

2022-10-12 10:00:18 - [MESSAGE][PASSED] - Object: 'Object Repository/Intermediate/5_JQuery_List_Box/button_Add' is clicked on

2022-10-12 10:00:18 - [TEST_STEP][PASSED] - verifyElementNotPresent(findTestObject("Intermediate/5_JQuery_List_Box/dynamic_items_in_left", ["item":listData[i]]), 2): Web element with id: 'Object Repository/Intermediate/5_JQuery_List_Box/dynamic_items_in_left' located by 'By.xpath: //select[contains(@class,"pickData")]//option[text()="Alice"]' is not present after '2' second(s)

2022-10-12 10:00:19 - [MESSAGE][PASSED] - Web element with id: 'Object Repository/Intermediate/5_JQuery_List_Box/dynamic_items_in_left' located by 'By.xpath: //select[contains(@class,"pickData")]//option[text()="Alice"]' is not present after '2' second(s)

2022-10-12 10:00:19 - [TEST_STEP][PASSED] - verifyElementPresent(findTestObject("Intermediate/5_JQuery_List_Box/dynamic_items_in_right", ["item":listData[i]]), 2): Object 'Object Repository/Intermediate/5_JQuery_List_Box/dynamic_items_in_right' is present

2022-10-12 10:00:19 - [MESSAGE][PASSED] - Object 'Object Repository/Intermediate/5_JQuery_List_Box/dynamic_items_in_right' is present

2022-10-12 10:00:19 - [TEST_STEP][PASSED] - click(findTestObject("Intermediate/5_JQuery_List_Box/dynamic_items_in_left", ["item":listData[i]])): Object: 'Object Repository/Intermediate/5_JQuery_List_Box/dynamic_items_in_left' is clicked on

2022-10-12 10:00:19 - [MESSAGE][PASSED] - Object: 'Object Repository/Intermediate/5_JQuery_List_Box/dynamic_items_in_left' is clicked on

2022-10-12 10:00:19 - [TEST_STEP][PASSED] - click(findTestObject("Intermediate/5_JQuery_List_Box/button_Add")): Object: 'Object Repository/Intermediate/5_JQuery_List_Box/button_Add' is clicked on

2022-10-12 10:00:20 - [MESSAGE][PASSED] - Object: 'Object Repository/Intermediate/5_JQuery_List_Box/button_Add' is clicked on

2022-10-12 10:00:20 - [TEST_STEP][PASSED] - verifyElementNotPresent(findTestObject("Intermediate/5_JQuery_List_Box/dynamic_items_in_left", ["item":listData[i]]), 2): Web element with id: 'Object Repository/Intermediate/5_JQuery_List_Box/dynamic_items_in_left' located by 'By.xpath: //select[contains(@class,"pickData")]//option[text()="Isabella"]' is not present after '2' second(s)

2022-10-12 10:00:20 - [MESSAGE][PASSED] - Web element with id: 'Object Repository/Intermediate/5_JQuery_List_Box/dynamic_items_in_left' located by 'By.xpath: //select[contains(@class,"pickData")]//option[text()="Isabella"]' is not present after '2' second(s)

2022-10-12 10:00:20 - [TEST_STEP][PASSED] - verifyElementPresent(findTestObject("Intermediate/5_JQuery_List_Box/dynamic_items_in_right", ["item":listData[i]]), 2): Object 'Object Repository/Intermediate/5_JQuery_List_Box/dynamic_items_in_right' is present

2022-10-12 10:00:21 - [MESSAGE][PASSED] - Object 'Object Repository/Intermediate/5_JQuery_List_Box/dynamic_items_in_right' is present

2022-10-12 10:00:21 - [TEST_STEP][PASSED] - click(findTestObject("Intermediate/5_JQuery_List_Box/dynamic_items_in_left", ["item":listData[i]])): Object: 'Object Repository/Intermediate/5_JQuery_List_Box/dynamic_items_in_left' is clicked on

2022-10-12 10:00:21 - [MESSAGE][PASSED] - Object: 'Object Repository/Intermediate/5_JQuery_List_Box/dynamic_items_in_left' is clicked on

2022-10-12 10:00:21 - [TEST_STEP][PASSED] - click(findTestObject("Intermediate/5_JQuery_List_Box/button_Add")): Object: 'Object Repository/Intermediate/5_JQuery_List_Box/button_Add' is clicked on

2022-10-12 10:00:21 - [MESSAGE][PASSED] - Object: 'Object Repository/Intermediate/5_JQuery_List_Box/button_Add' is clicked on

2022-10-12 10:00:21 - [TEST_STEP][PASSED] - verifyElementNotPresent(findTestObject("Intermediate/5_JQuery_List_Box/dynamic_items_in_left", ["item":listData[i]]), 2): Web element with id: 'Object Repository/Intermediate/5_JQuery_List_Box/dynamic_items_in_left' located by 'By.xpath: //select[contains(@class,"pickData")]//option[text()="Manuela"]' is not present after '2' second(s)

2022-10-12 10:00:22 - [MESSAGE][PASSED] - Web element with id: 'Object Repository/Intermediate/5_JQuery_List_Box/dynamic_items_in_left' located by 'By.xpath: //select[contains(@class,"pickData")]//option[text()="Manuela"]' is not present after '2' second(s)

2022-10-12 10:00:22 - [TEST_STEP][PASSED] - verifyElementPresent(findTestObject("Intermediate/5_JQuery_List_Box/dynamic_items_in_right", ["item":listData[i]]), 2): Object 'Object Repository/Intermediate/5_JQuery_List_Box/dynamic_items_in_right' is present

2022-10-12 10:00:22 - [MESSAGE][PASSED] - Object 'Object Repository/Intermediate/5_JQuery_List_Box/dynamic_items_in_right' is present

2022-10-12 10:00:22 - [TEST_STEP][PASSED] - click(findTestObject("Intermediate/5_JQuery_List_Box/dynamic_items_in_left", ["item":listData[i]])): Object: 'Object Repository/Intermediate/5_JQuery_List_Box/dynamic_items_in_left' is clicked on

2022-10-12 10:00:23 - [MESSAGE][PASSED] - Object: 'Object Repository/Intermediate/5_JQuery_List_Box/dynamic_items_in_left' is clicked on

2022-10-12 10:00:23 - [TEST_STEP][PASSED] - click(findTestObject("Intermediate/5_JQuery_List_Box/button_Add")): Object: 'Object Repository/Intermediate/5_JQuery_List_Box/button_Add' is clicked on

2022-10-12 10:00:23 - [MESSAGE][PASSED] - Object: 'Object Repository/Intermediate/5_JQuery_List_Box/button_Add' is clicked on

2022-10-12 10:00:23 - [TEST_STEP][PASSED] - verifyElementNotPresent(findTestObject("Intermediate/5_JQuery_List_Box/dynamic_items_in_left", ["item":listData[i]]), 2): Web element with id: 'Object Repository/Intermediate/5_JQuery_List_Box/dynamic_items_in_left' located by 'By.xpath: //select[contains(@class,"pickData")]//option[text()="Laura"]' is not present after '2' second(s)

2022-10-12 10:00:24 - [MESSAGE][PASSED] - Web element with id: 'Object Repository/Intermediate/5_JQuery_List_Box/dynamic_items_in_left' located by 'By.xpath: //select[contains(@class,"pickData")]//option[text()="Laura"]' is not present after '2' second(s)

2022-10-12 10:00:24 - [TEST_STEP][PASSED] - verifyElementPresent(findTestObject("Intermediate/5_JQuery_List_Box/dynamic_items_in_right", ["item":listData[i]]), 2): Object 'Object Repository/Intermediate/5_JQuery_List_Box/dynamic_items_in_right' is present

2022-10-12 10:00:24 - [MESSAGE][PASSED] - Object 'Object Repository/Intermediate/5_JQuery_List_Box/dynamic_items_in_right' is present

2022-10-12 10:00:24 - [TEST_STEP][PASSED] - click(findTestObject("Intermediate/5_JQuery_List_Box/dynamic_items_in_left", ["item":listData[i]])): Object: 'Object Repository/Intermediate/5_JQuery_List_Box/dynamic_items_in_left' is clicked on

2022-10-12 10:00:25 - [MESSAGE][PASSED] - Object: 'Object Repository/Intermediate/5_JQuery_List_Box/dynamic_items_in_left' is clicked on

2022-10-12 10:00:25 - [TEST_STEP][PASSED] - click(findTestObject("Intermediate/5_JQuery_List_Box/button_Add")): Object: 'Object Repository/Intermediate/5_JQuery_List_Box/button_Add' is clicked on

2022-10-12 10:00:25 - [MESSAGE][PASSED] - Object: 'Object Repository/Intermediate/5_JQuery_List_Box/button_Add' is clicked on

2022-10-12 10:00:25 - [TEST_STEP][PASSED] - verifyElementNotPresent(findTestObject("Intermediate/5_JQuery_List_Box/dynamic_items_in_left", ["item":listData[i]]), 2): Web element with id: 'Object Repository/Intermediate/5_JQuery_List_Box/dynamic_items_in_left' located by 'By.xpath: //select[contains(@class,"pickData")]//option[text()="Luiza"]' is not present after '2' second(s)

2022-10-12 10:00:26 - [MESSAGE][PASSED] - Web element with id: 'Object Repository/Intermediate/5_JQuery_List_Box/dynamic_items_in_left' located by 'By.xpath: //select[contains(@class,"pickData")]//option[text()="Luiza"]' is not present after '2' second(s)

2022-10-12 10:00:26 - [TEST_STEP][PASSED] - verifyElementPresent(findTestObject("Intermediate/5_JQuery_List_Box/dynamic_items_in_right", ["item":listData[i]]), 2): Object 'Object Repository/Intermediate/5_JQuery_List_Box/dynamic_items_in_right' is present

2022-10-12 10:00:26 - [MESSAGE][PASSED] - Object 'Object Repository/Intermediate/5_JQuery_List_Box/dynamic_items_in_right' is present

2022-10-12 10:00:26 - [TEST_STEP][PASSED] - click(findTestObject("Intermediate/5_JQuery_List_Box/dynamic_items_in_left", ["item":listData[i]])): Object: 'Object Repository/Intermediate/5_JQuery_List_Box/dynamic_items_in_left' is clicked on

2022-10-12 10:00:27 - [MESSAGE][PASSED] - Object: 'Object Repository/Intermediate/5_JQuery_List_Box/dynamic_items_in_left' is clicked on

2022-10-12 10:00:27 - [TEST_STEP][PASSED] - click(findTestObject("Intermediate/5_JQuery_List_Box/button_Add")): Object: 'Object Repository/Intermediate/5_JQuery_List_Box/button_Add' is clicked on

2022-10-12 10:00:27 - [MESSAGE][PASSED] - Object: 'Object Repository/Intermediate/5_JQuery_List_Box/button_Add' is clicked on

2022-10-12 10:00:27 - [TEST_STEP][PASSED] - verifyElementNotPresent(findTestObject("Intermediate/5_JQuery_List_Box/dynamic_items_in_left", ["item":listData[i]]), 2): Web element with id: 'Object Repository/Intermediate/5_JQuery_List_Box/dynamic_items_in_left' located by 'By.xpath: //select[contains(@class,"pickData")]//option[text()="Valentina"]' is not present after '2' second(s)

2022-10-12 10:00:28 - [MESSAGE][PASSED] - Web element with id: 'Object Repository/Intermediate/5_JQuery_List_Box/dynamic_items_in_left' located by 'By.xpath: //select[contains(@class,"pickData")]//option[text()="Valentina"]' is not present after '2' second(s)

2022-10-12 10:00:28 - [TEST_STEP][PASSED] - verifyElementPresent(findTestObject("Intermediate/5_JQuery_List_Box/dynamic_items_in_right", ["item":listData[i]]), 2): Object 'Object Repository/Intermediate/5_JQuery_List_Box/dynamic_items_in_right' is present

2022-10-12 10:00:28 - [MESSAGE][PASSED] - Object 'Object Repository/Intermediate/5_JQuery_List_Box/dynamic_items_in_right' is present

2022-10-12 10:00:28 - [TEST_STEP][PASSED] - click(findTestObject("Intermediate/5_JQuery_List_Box/dynamic_items_in_left", ["item":listData[i]])): Object: 'Object Repository/Intermediate/5_JQuery_List_Box/dynamic_items_in_left' is clicked on

2022-10-12 10:00:28 - [MESSAGE][PASSED] - Object: 'Object Repository/Intermediate/5_JQuery_List_Box/dynamic_items_in_left' is clicked on

2022-10-12 10:00:28 - [TEST_STEP][PASSED] - click(findTestObject("Intermediate/5_JQuery_List_Box/button_Add")): Object: 'Object Repository/Intermediate/5_JQuery_List_Box/button_Add' is clicked on

2022-10-12 10:00:29 - [MESSAGE][PASSED] - Object: 'Object Repository/Intermediate/5_JQuery_List_Box/button_Add' is clicked on

2022-10-12 10:00:29 - [TEST_STEP][PASSED] - verifyElementNotPresent(findTestObject("Intermediate/5_JQuery_List_Box/dynamic_items_in_left", ["item":listData[i]]), 2): Web element with id: 'Object Repository/Intermediate/5_JQuery_List_Box/dynamic_items_in_left' located by 'By.xpath: //select[contains(@class,"pickData")]//option[text()="Giovanna"]' is not present after '2' second(s)

2022-10-12 10:00:30 - [MESSAGE][PASSED] - Web element with id: 'Object Repository/Intermediate/5_JQuery_List_Box/dynamic_items_in_left' located by 'By.xpath: //select[contains(@class,"pickData")]//option[text()="Giovanna"]' is not present after '2' second(s)

2022-10-12 10:00:30 - [TEST_STEP][PASSED] - verifyElementPresent(findTestObject("Intermediate/5_JQuery_List_Box/dynamic_items_in_right", ["item":listData[i]]), 2): Object 'Object Repository/Intermediate/5_JQuery_List_Box/dynamic_items_in_right' is present

2022-10-12 10:00:30 - [MESSAGE][PASSED] - Object 'Object Repository/Intermediate/5_JQuery_List_Box/dynamic_items_in_right' is present

2022-10-12 10:00:30 - [TEST_STEP][PASSED] - click(findTestObject("Intermediate/5_JQuery_List_Box/dynamic_items_in_left", ["item":listData[i]])): Object: 'Object Repository/Intermediate/5_JQuery_List_Box/dynamic_items_in_left' is clicked on

2022-10-12 10:00:30 - [MESSAGE][PASSED] - Object: 'Object Repository/Intermediate/5_JQuery_List_Box/dynamic_items_in_left' is clicked on

2022-10-12 10:00:30 - [TEST_STEP][PASSED] - click(findTestObject("Intermediate/5_JQuery_List_Box/button_Add")): Object: 'Object Repository/Intermediate/5_JQuery_List_Box/button_Add' is clicked on

2022-10-12 10:00:31 - [MESSAGE][PASSED] - Object: 'Object Repository/Intermediate/5_JQuery_List_Box/button_Add' is clicked on

2022-10-12 10:00:31 - [TEST_STEP][PASSED] - verifyElementNotPresent(findTestObject("Intermediate/5_JQuery_List_Box/dynamic_items_in_left", ["item":listData[i]]), 2): Web element with id: 'Object Repository/Intermediate/5_JQuery_List_Box/dynamic_items_in_left' located by 'By.xpath: //select[contains(@class,"pickData")]//option[text()="Maria Eduarda"]' is not present after '2' second(s)

2022-10-12 10:00:31 - [MESSAGE][PASSED] - Web element with id: 'Object Repository/Intermediate/5_JQuery_List_Box/dynamic_items_in_left' located by 'By.xpath: //select[contains(@class,"pickData")]//option[text()="Maria Eduarda"]' is not present after '2' second(s)

2022-10-12 10:00:31 - [TEST_STEP][PASSED] - verifyElementPresent(findTestObject("Intermediate/5_JQuery_List_Box/dynamic_items_in_right", ["item":listData[i]]), 2): Object 'Object Repository/Intermediate/5_JQuery_List_Box/dynamic_items_in_right' is present

2022-10-12 10:00:32 - [MESSAGE][PASSED] - Object 'Object Repository/Intermediate/5_JQuery_List_Box/dynamic_items_in_right' is present

2022-10-12 10:00:32 - [TEST_STEP][PASSED] - click(findTestObject("Intermediate/5_JQuery_List_Box/dynamic_items_in_left", ["item":listData[i]])): Object: 'Object Repository/Intermediate/5_JQuery_List_Box/dynamic_items_in_left' is clicked on

2022-10-12 10:00:32 - [MESSAGE][PASSED] - Object: 'Object Repository/Intermediate/5_JQuery_List_Box/dynamic_items_in_left' is clicked on

2022-10-12 10:00:32 - [TEST_STEP][PASSED] - click(findTestObject("Intermediate/5_JQuery_List_Box/button_Add")): Object: 'Object Repository/Intermediate/5_JQuery_List_Box/button_Add' is clicked on

2022-10-12 10:00:33 - [MESSAGE][PASSED] - Object: 'Object Repository/Intermediate/5_JQuery_List_Box/button_Add' is clicked on

2022-10-12 10:00:33 - [TEST_STEP][PASSED] - verifyElementNotPresent(findTestObject("Intermediate/5_JQuery_List_Box/dynamic_items_in_left", ["item":listData[i]]), 2): Web element with id: 'Object Repository/Intermediate/5_JQuery_List_Box/dynamic_items_in_left' located by 'By.xpath: //select[contains(@class,"pickData")]//option[text()="Helena"]' is not present after '2' second(s)

2022-10-12 10:00:33 - [MESSAGE][PASSED] - Web element with id: 'Object Repository/Intermediate/5_JQuery_List_Box/dynamic_items_in_left' located by 'By.xpath: //select[contains(@class,"pickData")]//option[text()="Helena"]' is not present after '2' second(s)

2022-10-12 10:00:33 - [TEST_STEP][PASSED] - verifyElementPresent(findTestObject("Intermediate/5_JQuery_List_Box/dynamic_items_in_right", ["item":listData[i]]), 2): Object 'Object Repository/Intermediate/5_JQuery_List_Box/dynamic_items_in_right' is present

2022-10-12 10:00:34 - [MESSAGE][PASSED] - Object 'Object Repository/Intermediate/5_JQuery_List_Box/dynamic_items_in_right' is present

2022-10-12 10:00:34 - [TEST_STEP][PASSED] - click(findTestObject("Intermediate/5_JQuery_List_Box/dynamic_items_in_left", ["item":listData[i]])): Object: 'Object Repository/Intermediate/5_JQuery_List_Box/dynamic_items_in_left' is clicked on

2022-10-12 10:00:34 - [MESSAGE][PASSED] - Object: 'Object Repository/Intermediate/5_JQuery_List_Box/dynamic_items_in_left' is clicked on

2022-10-12 10:00:34 - [TEST_STEP][PASSED] - click(findTestObject("Intermediate/5_JQuery_List_Box/button_Add")): Object: 'Object Repository/Intermediate/5_JQuery_List_Box/button_Add' is clicked on

2022-10-12 10:00:35 - [MESSAGE][PASSED] - Object: 'Object Repository/Intermediate/5_JQuery_List_Box/button_Add' is clicked on

2022-10-12 10:00:35 - [TEST_STEP][PASSED] - verifyElementNotPresent(findTestObject("Intermediate/5_JQuery_List_Box/dynamic_items_in_left", ["item":listData[i]]), 2): Web element with id: 'Object Repository/Intermediate/5_JQuery_List_Box/dynamic_items_in_left' located by 'By.xpath: //select[contains(@class,"pickData")]//option[text()="Beatriz"]' is not present after '2' second(s)

2022-10-12 10:00:35 - [MESSAGE][PASSED] - Web element with id: 'Object Repository/Intermediate/5_JQuery_List_Box/dynamic_items_in_left' located by 'By.xpath: //select[contains(@class,"pickData")]//option[text()="Beatriz"]' is not present after '2' second(s)

2022-10-12 10:00:35 - [TEST_STEP][PASSED] - verifyElementPresent(findTestObject("Intermediate/5_JQuery_List_Box/dynamic_items_in_right", ["item":listData[i]]), 2): Object 'Object Repository/Intermediate/5_JQuery_List_Box/dynamic_items_in_right' is present

2022-10-12 10:00:35 - [MESSAGE][PASSED] - Object 'Object Repository/Intermediate/5_JQuery_List_Box/dynamic_items_in_right' is present

2022-10-12 10:00:35 - [TEST_STEP][PASSED] - click(findTestObject("Intermediate/5_JQuery_List_Box/dynamic_items_in_left", ["item":listData[i]])): Object: 'Object Repository/Intermediate/5_JQuery_List_Box/dynamic_items_in_left' is clicked on

2022-10-12 10:00:36 - [MESSAGE][PASSED] - Object: 'Object Repository/Intermediate/5_JQuery_List_Box/dynamic_items_in_left' is clicked on

2022-10-12 10:00:36 - [TEST_STEP][PASSED] - click(findTestObject("Intermediate/5_JQuery_List_Box/button_Add")): Object: 'Object Repository/Intermediate/5_JQuery_List_Box/button_Add' is clicked on

2022-10-12 10:00:36 - [MESSAGE][PASSED] - Object: 'Object Repository/Intermediate/5_JQuery_List_Box/button_Add' is clicked on

2022-10-12 10:00:36 - [TEST_STEP][PASSED] - verifyElementNotPresent(findTestObject("Intermediate/5_JQuery_List_Box/dynamic_items_in_left", ["item":listData[i]]), 2): Web element with id: 'Object Repository/Intermediate/5_JQuery_List_Box/dynamic_items_in_left' located by 'By.xpath: //select[contains(@class,"pickData")]//option[text()="Maria Luiza"]' is not present after '2' second(s)

2022-10-12 10:00:37 - [MESSAGE][PASSED] - Web element with id: 'Object Repository/Intermediate/5_JQuery_List_Box/dynamic_items_in_left' located by 'By.xpath: //select[contains(@class,"pickData")]//option[text()="Maria Luiza"]' is not present after '2' second(s)

2022-10-12 10:00:37 - [TEST_STEP][PASSED] - verifyElementPresent(findTestObject("Intermediate/5_JQuery_List_Box/dynamic_items_in_right", ["item":listData[i]]), 2): Object 'Object Repository/Intermediate/5_JQuery_List_Box/dynamic_items_in_right' is present

2022-10-12 10:00:37 - [MESSAGE][PASSED] - Object 'Object Repository/Intermediate/5_JQuery_List_Box/dynamic_items_in_right' is present

2022-10-12 10:00:37 - [TEST_STEP][PASSED] - click(findTestObject("Intermediate/5_JQuery_List_Box/dynamic_items_in_left", ["item":listData[i]])): Object: 'Object Repository/Intermediate/5_JQuery_List_Box/dynamic_items_in_left' is clicked on

2022-10-12 10:00:37 - [MESSAGE][PASSED] - Object: 'Object Repository/Intermediate/5_JQuery_List_Box/dynamic_items_in_left' is clicked on

2022-10-12 10:00:37 - [TEST_STEP][PASSED] - click(findTestObject("Intermediate/5_JQuery_List_Box/button_Add")): Object: 'Object Repository/Intermediate/5_JQuery_List_Box/button_Add' is clicked on

2022-10-12 10:00:38 - [MESSAGE][PASSED] - Object: 'Object Repository/Intermediate/5_JQuery_List_Box/button_Add' is clicked on

2022-10-12 10:00:38 - [TEST_STEP][PASSED] - verifyElementNotPresent(findTestObject("Intermediate/5_JQuery_List_Box/dynamic_items_in_left", ["item":listData[i]]), 2): Web element with id: 'Object Repository/Intermediate/5_JQuery_List_Box/dynamic_items_in_left' located by 'By.xpath: //select[contains(@class,"pickData")]//option[text()="Lara"]' is not present after '2' second(s)

2022-10-12 10:00:38 - [MESSAGE][PASSED] - Web element with id: 'Object Repository/Intermediate/5_JQuery_List_Box/dynamic_items_in_left' located by 'By.xpath: //select[contains(@class,"pickData")]//option[text()="Lara"]' is not present after '2' second(s)

2022-10-12 10:00:38 - [TEST_STEP][PASSED] - verifyElementPresent(findTestObject("Intermediate/5_JQuery_List_Box/dynamic_items_in_right", ["item":listData[i]]), 2): Object 'Object Repository/Intermediate/5_JQuery_List_Box/dynamic_items_in_right' is present

2022-10-12 10:00:39 - [MESSAGE][PASSED] - Object 'Object Repository/Intermediate/5_JQuery_List_Box/dynamic_items_in_right' is present

2022-10-12 10:00:39 - [TEST_STEP][PASSED] - click(findTestObject("Intermediate/5_JQuery_List_Box/dynamic_items_in_left", ["item":listData[i]])): Object: 'Object Repository/Intermediate/5_JQuery_List_Box/dynamic_items_in_left' is clicked on

2022-10-12 10:00:39 - [MESSAGE][PASSED] - Object: 'Object Repository/Intermediate/5_JQuery_List_Box/dynamic_items_in_left' is clicked on

2022-10-12 10:00:39 - [TEST_STEP][PASSED] - click(findTestObject("Intermediate/5_JQuery_List_Box/button_Add")): Object: 'Object Repository/Intermediate/5_JQuery_List_Box/button_Add' is clicked on

2022-10-12 10:00:39 - [MESSAGE][PASSED] - Object: 'Object Repository/Intermediate/5_JQuery_List_Box/button_Add' is clicked on

2022-10-12 10:00:39 - [TEST_STEP][PASSED] - verifyElementNotPresent(findTestObject("Intermediate/5_JQuery_List_Box/dynamic_items_in_left", ["item":listData[i]]), 2): Web element with id: 'Object Repository/Intermediate/5_JQuery_List_Box/dynamic_items_in_left' located by 'By.xpath: //select[contains(@class,"pickData")]//option[text()="Julia"]' is not present after '2' second(s)

2022-10-12 10:00:40 - [MESSAGE][PASSED] - Web element with id: 'Object Repository/Intermediate/5_JQuery_List_Box/dynamic_items_in_left' located by 'By.xpath: //select[contains(@class,"pickData")]//option[text()="Julia"]' is not present after '2' second(s)

2022-10-12 10:00:40 - [TEST_STEP][PASSED] - verifyElementPresent(findTestObject("Intermediate/5_JQuery_List_Box/dynamic_items_in_right", ["item":listData[i]]), 2): Object 'Object Repository/Intermediate/5_JQuery_List_Box/dynamic_items_in_right' is present

2022-10-12 10:00:40 - [MESSAGE][PASSED] - Object 'Object Repository/Intermediate/5_JQuery_List_Box/dynamic_items_in_right' is present

2022-10-12 10:00:40 - [TEST_STEP][PASSED] - closeBrowser(): Browser is closed

2022-10-12 10:00:42 - [MESSAGE][PASSED] - Browser is closed]]></system-out>
         <system-err><![CDATA[]]></system-err>
      </testcase>
      <testcase name="Test Cases/Intermediate/5_JQuery_List_Box/JQLB3_Select_multiple_items_and_click_Add" time="22.201" classname="Test Cases/Intermediate/5_JQuery_List_Box/JQLB3_Select_multiple_items_and_click_Add" status="PASSED">
         <system-out><![CDATA[2022-10-12 10:00:42 - [TEST_CASE][PASSED] - Test Cases/Intermediate/5_JQuery_List_Box/JQLB3_Select_multiple_items_and_click_Add: Test Cases/Intermediate/5_JQuery_List_Box/JQLB3_Select_multiple_items_and_click_Add

2022-10-12 10:00:42 - [TEST_STEP][PASSED] - TestID = "TEST-00003": null

2022-10-12 10:00:42 - [TEST_STEP][PASSED] - FileTestData = "TestData_Sheet6": null

2022-10-12 10:00:42 - [TEST_STEP][PASSED] - totalRow = findTestData(FileTestData).getRowNumbers(): null

2022-10-12 10:00:42 - [TEST_STEP][PASSED] - totalColumn = findTestData(FileTestData).getColumnNumbers(): null

2022-10-12 10:00:42 - [TEST_STEP][PASSED] - rowNum = 1: null

2022-10-12 10:00:42 - [TEST_STEP][PASSED] - arrayLength = 0: null

2022-10-12 10:00:42 - [TEST_STEP][PASSED] - for ([rowNum, rowNum < totalRow, (rowNum++)]): null

2022-10-12 10:00:42 - [TEST_STEP][PASSED] - if (findTestData(FileTestData).getValue(1, rowNum) == TestID): null

2022-10-12 10:00:43 - [TEST_STEP][PASSED] - if (findTestData(FileTestData).getValue(1, rowNum) == TestID): null

2022-10-12 10:00:43 - [TEST_STEP][PASSED] - if (findTestData(FileTestData).getValue(1, rowNum) == TestID): null

2022-10-12 10:00:43 - [TEST_STEP][PASSED] - break: null

2022-10-12 10:00:43 - [TEST_STEP][PASSED] - println("Row number is: " + rowNum): null

2022-10-12 10:00:43 - [TEST_STEP][PASSED] - for ([i = 0, i < totalColumn - 1, (i++)]): null

2022-10-12 10:00:43 - [TEST_STEP][PASSED] - if (findTestData(FileTestData).getValue(i + 2, rowNum) == ""): null

2022-10-12 10:00:43 - [TEST_STEP][PASSED] - (arrayLength++): null

2022-10-12 10:00:43 - [TEST_STEP][PASSED] - if (findTestData(FileTestData).getValue(i + 2, rowNum) == ""): null

2022-10-12 10:00:43 - [TEST_STEP][PASSED] - (arrayLength++): null

2022-10-12 10:00:43 - [TEST_STEP][PASSED] - if (findTestData(FileTestData).getValue(i + 2, rowNum) == ""): null

2022-10-12 10:00:43 - [TEST_STEP][PASSED] - (arrayLength++): null

2022-10-12 10:00:43 - [TEST_STEP][PASSED] - if (findTestData(FileTestData).getValue(i + 2, rowNum) == ""): null

2022-10-12 10:00:43 - [TEST_STEP][PASSED] - (arrayLength++): null

2022-10-12 10:00:43 - [TEST_STEP][PASSED] - if (findTestData(FileTestData).getValue(i + 2, rowNum) == ""): null

2022-10-12 10:00:43 - [TEST_STEP][PASSED] - break: null

2022-10-12 10:00:43 - [TEST_STEP][PASSED] - println("Array length is: " + arrayLength): null

2022-10-12 10:00:43 - [TEST_STEP][PASSED] - listData = []: null

2022-10-12 10:00:43 - [TEST_STEP][PASSED] - for ([rowNum = 1, rowNum < totalRow, (rowNum++)]): null

2022-10-12 10:00:43 - [TEST_STEP][PASSED] - if (findTestData(FileTestData).getValue(1, rowNum) == TestID): null

2022-10-12 10:00:43 - [TEST_STEP][PASSED] - if (findTestData(FileTestData).getValue(1, rowNum) == TestID): null

2022-10-12 10:00:44 - [TEST_STEP][PASSED] - if (findTestData(FileTestData).getValue(1, rowNum) == TestID): null

2022-10-12 10:00:44 - [TEST_STEP][PASSED] - for ([i = 0, i < arrayLength, (i++)]): null

2022-10-12 10:00:44 - [TEST_STEP][PASSED] - if (findTestData(FileTestData).getValue(i + 2, 1) == ""): null

2022-10-12 10:00:44 - [TEST_STEP][PASSED] - listData[i] = findTestData(FileTestData).getValue(i + 2, rowNum): null

2022-10-12 10:00:44 - [TEST_STEP][PASSED] - if (findTestData(FileTestData).getValue(i + 2, 1) == ""): null

2022-10-12 10:00:44 - [TEST_STEP][PASSED] - listData[i] = findTestData(FileTestData).getValue(i + 2, rowNum): null

2022-10-12 10:00:44 - [TEST_STEP][PASSED] - if (findTestData(FileTestData).getValue(i + 2, 1) == ""): null

2022-10-12 10:00:44 - [TEST_STEP][PASSED] - listData[i] = findTestData(FileTestData).getValue(i + 2, rowNum): null

2022-10-12 10:00:44 - [TEST_STEP][PASSED] - if (findTestData(FileTestData).getValue(i + 2, 1) == ""): null

2022-10-12 10:00:44 - [TEST_STEP][PASSED] - listData[i] = findTestData(FileTestData).getValue(i + 2, rowNum): null

2022-10-12 10:00:44 - [TEST_STEP][PASSED] - if (findTestData(FileTestData).getValue(1, rowNum) == TestID): null

2022-10-12 10:00:44 - [TEST_STEP][PASSED] - if (findTestData(FileTestData).getValue(1, rowNum) == TestID): null

2022-10-12 10:00:45 - [TEST_STEP][PASSED] - if (findTestData(FileTestData).getValue(1, rowNum) == TestID): null

2022-10-12 10:00:45 - [TEST_STEP][PASSED] - if (findTestData(FileTestData).getValue(1, rowNum) == TestID): null

2022-10-12 10:00:45 - [TEST_STEP][PASSED] - if (findTestData(FileTestData).getValue(1, rowNum) == TestID): null

2022-10-12 10:00:45 - [TEST_STEP][PASSED] - if (findTestData(FileTestData).getValue(1, rowNum) == TestID): null

2022-10-12 10:00:45 - [TEST_STEP][PASSED] - println(listData): null

2022-10-12 10:00:45 - [TEST_STEP][PASSED] - callTestCase(findTestCase("Intermediate/Prerequisite1_Access_Immediate"), [:], STOP_ON_FAILURE): Call Test Case 'Test Cases/Intermediate/Prerequisite1_Access_Immediate' successfully

2022-10-12 10:00:45 - [TEST_CASE][PASSED] - Test Cases/Intermediate/Prerequisite1_Access_Immediate: Test Cases/Intermediate/Prerequisite1_Access_Immediate

2022-10-12 10:00:45 - [TEST_STEP][PASSED] - callTestCase(findTestCase("Launch_seleniumeasy_page"), [:], STOP_ON_FAILURE): Call Test Case 'Test Cases/Launch_seleniumeasy_page' successfully

2022-10-12 10:00:45 - [TEST_CASE][PASSED] - Test Cases/Launch_seleniumeasy_page: Test Cases/Launch_seleniumeasy_page

2022-10-12 10:00:45 - [TEST_STEP][PASSED] - openBrowser(""): Browser is opened with url: ''

2022-10-12 10:00:45 - [MESSAGE][INFO] - Starting 'Chrome' driver

2022-10-12 10:00:45 - [MESSAGE][INFO] - Action delay is set to 0 milliseconds

2022-10-12 10:00:47 - [MESSAGE][PASSED] - Browser is opened with url: ''

2022-10-12 10:00:47 - [TEST_STEP][PASSED] - maximizeWindow(): Current window maximized

2022-10-12 10:00:47 - [MESSAGE][PASSED] - Current window maximized

2022-10-12 10:00:47 - [TEST_STEP][PASSED] - navigateToUrl("https://demo.seleniumeasy.com/"): Navigate to 'https://demo.seleniumeasy.com/' successfully

2022-10-12 10:00:51 - [MESSAGE][PASSED] - Navigate to 'https://demo.seleniumeasy.com/' successfully

2022-10-12 10:00:51 - [MESSAGE][PASSED] - Call Test Case 'Test Cases/Launch_seleniumeasy_page' successfully

2022-10-12 10:00:51 - [TEST_STEP][PASSED] - if (verifyElementVisible(findTestObject("Main_page/Button_Start_Practicing"), OPTIONAL)): Object: 'Object Repository/Main_page/Button_Start_Practicing' is clicked on

2022-10-12 10:00:52 - [MESSAGE][PASSED] - Object 'Object Repository/Main_page/Button_Start_Practicing' is visible

2022-10-12 10:00:52 - [TEST_STEP][PASSED] - click(findTestObject("Main_page/Button_Start_Practicing")): Object: 'Object Repository/Main_page/Button_Start_Practicing' is clicked on

2022-10-12 10:00:52 - [MESSAGE][PASSED] - Object: 'Object Repository/Main_page/Button_Start_Practicing' is clicked on

2022-10-12 10:00:52 - [TEST_STEP][PASSED] - enhancedClick(findTestObject("Main_page/option_Intermediate")): Object: 'Object Repository/Main_page/option_Intermediate' is clicked on

2022-10-12 10:00:53 - [MESSAGE][PASSED] - Object: 'Object Repository/Main_page/option_Intermediate' is clicked on

2022-10-12 10:00:53 - [TEST_STEP][PASSED] - verifyElementVisible(findTestObject("Intermediate/text_Intermediate"), STOP_ON_FAILURE): Object 'Object Repository/Intermediate/text_Intermediate' is visible

2022-10-12 10:00:53 - [MESSAGE][PASSED] - Object 'Object Repository/Intermediate/text_Intermediate' is visible

2022-10-12 10:00:53 - [MESSAGE][PASSED] - Call Test Case 'Test Cases/Intermediate/Prerequisite1_Access_Immediate' successfully

2022-10-12 10:00:53 - [TEST_STEP][PASSED] - click(findTestObject("Intermediate/option_JQueryListBox")): Object: 'Object Repository/Intermediate/option_JQueryListBox' is clicked on

2022-10-12 10:00:54 - [MESSAGE][PASSED] - Object: 'Object Repository/Intermediate/option_JQueryListBox' is clicked on

2022-10-12 10:00:54 - [TEST_STEP][PASSED] - driver = getWebDriver(): null

2022-10-12 10:00:54 - [TEST_STEP][PASSED] - actionPress = new org.openqa.selenium.interactions.Actions(driver): null

2022-10-12 10:00:54 - [TEST_STEP][PASSED] - actionPress.keyDown(CONTROL): null

2022-10-12 10:00:54 - [TEST_STEP][PASSED] - for ([i = 0, i < length, (i++)]): Object: 'Object Repository/Intermediate/5_JQuery_List_Box/dynamic_items_in_left' is clicked on

2022-10-12 10:00:54 - [TEST_STEP][PASSED] - click(findTestObject("Intermediate/5_JQuery_List_Box/dynamic_items_in_left", ["item":listData[i]])): Object: 'Object Repository/Intermediate/5_JQuery_List_Box/dynamic_items_in_left' is clicked on

2022-10-12 10:00:55 - [MESSAGE][PASSED] - Object: 'Object Repository/Intermediate/5_JQuery_List_Box/dynamic_items_in_left' is clicked on

2022-10-12 10:00:55 - [TEST_STEP][PASSED] - click(findTestObject("Intermediate/5_JQuery_List_Box/dynamic_items_in_left", ["item":listData[i]])): Object: 'Object Repository/Intermediate/5_JQuery_List_Box/dynamic_items_in_left' is clicked on

2022-10-12 10:00:56 - [MESSAGE][PASSED] - Object: 'Object Repository/Intermediate/5_JQuery_List_Box/dynamic_items_in_left' is clicked on

2022-10-12 10:00:56 - [TEST_STEP][PASSED] - click(findTestObject("Intermediate/5_JQuery_List_Box/dynamic_items_in_left", ["item":listData[i]])): Object: 'Object Repository/Intermediate/5_JQuery_List_Box/dynamic_items_in_left' is clicked on

2022-10-12 10:00:56 - [MESSAGE][PASSED] - Object: 'Object Repository/Intermediate/5_JQuery_List_Box/dynamic_items_in_left' is clicked on

2022-10-12 10:00:56 - [TEST_STEP][PASSED] - click(findTestObject("Intermediate/5_JQuery_List_Box/dynamic_items_in_left", ["item":listData[i]])): Object: 'Object Repository/Intermediate/5_JQuery_List_Box/dynamic_items_in_left' is clicked on

2022-10-12 10:00:56 - [MESSAGE][PASSED] - Object: 'Object Repository/Intermediate/5_JQuery_List_Box/dynamic_items_in_left' is clicked on

2022-10-12 10:00:56 - [TEST_STEP][PASSED] - actionPress.keyUp(CONTROL): null

2022-10-12 10:00:56 - [TEST_STEP][PASSED] - click(findTestObject("Intermediate/5_JQuery_List_Box/button_Add")): Object: 'Object Repository/Intermediate/5_JQuery_List_Box/button_Add' is clicked on

2022-10-12 10:00:57 - [MESSAGE][PASSED] - Object: 'Object Repository/Intermediate/5_JQuery_List_Box/button_Add' is clicked on

2022-10-12 10:00:57 - [TEST_STEP][PASSED] - for ([i = 0, i < length, (i++)]): Object 'Object Repository/Intermediate/5_JQuery_List_Box/dynamic_items_in_right' is present

2022-10-12 10:00:57 - [TEST_STEP][PASSED] - verifyElementNotPresent(findTestObject("Intermediate/5_JQuery_List_Box/dynamic_items_in_left", ["item":listData[i]]), 2): Web element with id: 'Object Repository/Intermediate/5_JQuery_List_Box/dynamic_items_in_left' located by 'By.xpath: //select[contains(@class,"pickData")]//option[text()="Isis"]' is not present after '2' second(s)

2022-10-12 10:00:57 - [MESSAGE][PASSED] - Web element with id: 'Object Repository/Intermediate/5_JQuery_List_Box/dynamic_items_in_left' located by 'By.xpath: //select[contains(@class,"pickData")]//option[text()="Isis"]' is not present after '2' second(s)

2022-10-12 10:00:57 - [TEST_STEP][PASSED] - verifyElementPresent(findTestObject("Intermediate/5_JQuery_List_Box/dynamic_items_in_right", ["item":listData[i]]), 2): Object 'Object Repository/Intermediate/5_JQuery_List_Box/dynamic_items_in_right' is present

2022-10-12 10:00:58 - [MESSAGE][PASSED] - Object 'Object Repository/Intermediate/5_JQuery_List_Box/dynamic_items_in_right' is present

2022-10-12 10:00:58 - [TEST_STEP][PASSED] - verifyElementNotPresent(findTestObject("Intermediate/5_JQuery_List_Box/dynamic_items_in_left", ["item":listData[i]]), 2): Web element with id: 'Object Repository/Intermediate/5_JQuery_List_Box/dynamic_items_in_left' located by 'By.xpath: //select[contains(@class,"pickData")]//option[text()="Sophia"]' is not present after '2' second(s)

2022-10-12 10:00:58 - [MESSAGE][PASSED] - Web element with id: 'Object Repository/Intermediate/5_JQuery_List_Box/dynamic_items_in_left' located by 'By.xpath: //select[contains(@class,"pickData")]//option[text()="Sophia"]' is not present after '2' second(s)

2022-10-12 10:00:58 - [TEST_STEP][PASSED] - verifyElementPresent(findTestObject("Intermediate/5_JQuery_List_Box/dynamic_items_in_right", ["item":listData[i]]), 2): Object 'Object Repository/Intermediate/5_JQuery_List_Box/dynamic_items_in_right' is present

2022-10-12 10:00:58 - [MESSAGE][PASSED] - Object 'Object Repository/Intermediate/5_JQuery_List_Box/dynamic_items_in_right' is present

2022-10-12 10:00:58 - [TEST_STEP][PASSED] - verifyElementNotPresent(findTestObject("Intermediate/5_JQuery_List_Box/dynamic_items_in_left", ["item":listData[i]]), 2): Web element with id: 'Object Repository/Intermediate/5_JQuery_List_Box/dynamic_items_in_left' located by 'By.xpath: //select[contains(@class,"pickData")]//option[text()="Alice"]' is not present after '2' second(s)

2022-10-12 10:00:59 - [MESSAGE][PASSED] - Web element with id: 'Object Repository/Intermediate/5_JQuery_List_Box/dynamic_items_in_left' located by 'By.xpath: //select[contains(@class,"pickData")]//option[text()="Alice"]' is not present after '2' second(s)

2022-10-12 10:00:59 - [TEST_STEP][PASSED] - verifyElementPresent(findTestObject("Intermediate/5_JQuery_List_Box/dynamic_items_in_right", ["item":listData[i]]), 2): Object 'Object Repository/Intermediate/5_JQuery_List_Box/dynamic_items_in_right' is present

2022-10-12 10:00:59 - [MESSAGE][PASSED] - Object 'Object Repository/Intermediate/5_JQuery_List_Box/dynamic_items_in_right' is present

2022-10-12 10:00:59 - [TEST_STEP][PASSED] - verifyElementNotPresent(findTestObject("Intermediate/5_JQuery_List_Box/dynamic_items_in_left", ["item":listData[i]]), 2): Web element with id: 'Object Repository/Intermediate/5_JQuery_List_Box/dynamic_items_in_left' located by 'By.xpath: //select[contains(@class,"pickData")]//option[text()="Isabella"]' is not present after '2' second(s)

2022-10-12 10:01:00 - [MESSAGE][PASSED] - Web element with id: 'Object Repository/Intermediate/5_JQuery_List_Box/dynamic_items_in_left' located by 'By.xpath: //select[contains(@class,"pickData")]//option[text()="Isabella"]' is not present after '2' second(s)

2022-10-12 10:01:00 - [TEST_STEP][PASSED] - verifyElementPresent(findTestObject("Intermediate/5_JQuery_List_Box/dynamic_items_in_right", ["item":listData[i]]), 2): Object 'Object Repository/Intermediate/5_JQuery_List_Box/dynamic_items_in_right' is present

2022-10-12 10:01:00 - [MESSAGE][PASSED] - Object 'Object Repository/Intermediate/5_JQuery_List_Box/dynamic_items_in_right' is present

2022-10-12 10:01:00 - [TEST_STEP][PASSED] - delay(3): Delayed 3 second(s)

2022-10-12 10:01:03 - [MESSAGE][PASSED] - Delayed 3 second(s)

2022-10-12 10:01:03 - [TEST_STEP][PASSED] - closeBrowser(): Browser is closed

2022-10-12 10:01:04 - [MESSAGE][PASSED] - Browser is closed]]></system-out>
         <system-err><![CDATA[]]></system-err>
      </testcase>
      <testcase name="Test Cases/Intermediate/5_JQuery_List_Box/JQLB4_select_all_and_click_Add_All" time="86.043" classname="Test Cases/Intermediate/5_JQuery_List_Box/JQLB4_select_all_and_click_Add_All" status="PASSED">
         <system-out><![CDATA[2022-10-12 10:01:04 - [TEST_CASE][PASSED] - Test Cases/Intermediate/5_JQuery_List_Box/JQLB4_select_all_and_click_Add_All: Test Cases/Intermediate/5_JQuery_List_Box/JQLB4_select_all_and_click_Add_All

2022-10-12 10:01:04 - [TEST_STEP][PASSED] - TestID = "TEST-00004": null

2022-10-12 10:01:04 - [TEST_STEP][PASSED] - FileTestData = "TestData_Sheet6": null

2022-10-12 10:01:04 - [TEST_STEP][PASSED] - totalRow = findTestData(FileTestData).getRowNumbers(): null

2022-10-12 10:01:04 - [TEST_STEP][PASSED] - totalColumn = findTestData(FileTestData).getColumnNumbers(): null

2022-10-12 10:01:05 - [TEST_STEP][PASSED] - rowNum = 1: null

2022-10-12 10:01:05 - [TEST_STEP][PASSED] - arrayLength = 0: null

2022-10-12 10:01:05 - [TEST_STEP][PASSED] - for ([rowNum, rowNum < totalRow, (rowNum++)]): null

2022-10-12 10:01:05 - [TEST_STEP][PASSED] - if (findTestData(FileTestData).getValue(1, rowNum) == TestID): null

2022-10-12 10:01:05 - [TEST_STEP][PASSED] - if (findTestData(FileTestData).getValue(1, rowNum) == TestID): null

2022-10-12 10:01:05 - [TEST_STEP][PASSED] - if (findTestData(FileTestData).getValue(1, rowNum) == TestID): null

2022-10-12 10:01:05 - [TEST_STEP][PASSED] - if (findTestData(FileTestData).getValue(1, rowNum) == TestID): null

2022-10-12 10:01:05 - [TEST_STEP][PASSED] - break: null

2022-10-12 10:01:05 - [TEST_STEP][PASSED] - println("Row number is: " + rowNum): null

2022-10-12 10:01:05 - [TEST_STEP][PASSED] - for ([i = 0, i < totalColumn - 1, (i++)]): null

2022-10-12 10:01:05 - [TEST_STEP][PASSED] - if (findTestData(FileTestData).getValue(i + 2, rowNum) == ""): null

2022-10-12 10:01:05 - [TEST_STEP][PASSED] - (arrayLength++): null

2022-10-12 10:01:05 - [TEST_STEP][PASSED] - if (findTestData(FileTestData).getValue(i + 2, rowNum) == ""): null

2022-10-12 10:01:05 - [TEST_STEP][PASSED] - (arrayLength++): null

2022-10-12 10:01:05 - [TEST_STEP][PASSED] - if (findTestData(FileTestData).getValue(i + 2, rowNum) == ""): null

2022-10-12 10:01:05 - [TEST_STEP][PASSED] - (arrayLength++): null

2022-10-12 10:01:05 - [TEST_STEP][PASSED] - if (findTestData(FileTestData).getValue(i + 2, rowNum) == ""): null

2022-10-12 10:01:05 - [TEST_STEP][PASSED] - (arrayLength++): null

2022-10-12 10:01:05 - [TEST_STEP][PASSED] - if (findTestData(FileTestData).getValue(i + 2, rowNum) == ""): null

2022-10-12 10:01:05 - [TEST_STEP][PASSED] - (arrayLength++): null

2022-10-12 10:01:05 - [TEST_STEP][PASSED] - if (findTestData(FileTestData).getValue(i + 2, rowNum) == ""): null

2022-10-12 10:01:05 - [TEST_STEP][PASSED] - (arrayLength++): null

2022-10-12 10:01:05 - [TEST_STEP][PASSED] - if (findTestData(FileTestData).getValue(i + 2, rowNum) == ""): null

2022-10-12 10:01:06 - [TEST_STEP][PASSED] - (arrayLength++): null

2022-10-12 10:01:06 - [TEST_STEP][PASSED] - if (findTestData(FileTestData).getValue(i + 2, rowNum) == ""): null

2022-10-12 10:01:06 - [TEST_STEP][PASSED] - (arrayLength++): null

2022-10-12 10:01:06 - [TEST_STEP][PASSED] - if (findTestData(FileTestData).getValue(i + 2, rowNum) == ""): null

2022-10-12 10:01:06 - [TEST_STEP][PASSED] - (arrayLength++): null

2022-10-12 10:01:06 - [TEST_STEP][PASSED] - if (findTestData(FileTestData).getValue(i + 2, rowNum) == ""): null

2022-10-12 10:01:06 - [TEST_STEP][PASSED] - (arrayLength++): null

2022-10-12 10:01:06 - [TEST_STEP][PASSED] - if (findTestData(FileTestData).getValue(i + 2, rowNum) == ""): null

2022-10-12 10:01:06 - [TEST_STEP][PASSED] - (arrayLength++): null

2022-10-12 10:01:06 - [TEST_STEP][PASSED] - if (findTestData(FileTestData).getValue(i + 2, rowNum) == ""): null

2022-10-12 10:01:06 - [TEST_STEP][PASSED] - (arrayLength++): null

2022-10-12 10:01:06 - [TEST_STEP][PASSED] - if (findTestData(FileTestData).getValue(i + 2, rowNum) == ""): null

2022-10-12 10:01:06 - [TEST_STEP][PASSED] - (arrayLength++): null

2022-10-12 10:01:06 - [TEST_STEP][PASSED] - if (findTestData(FileTestData).getValue(i + 2, rowNum) == ""): null

2022-10-12 10:01:06 - [TEST_STEP][PASSED] - (arrayLength++): null

2022-10-12 10:01:06 - [TEST_STEP][PASSED] - if (findTestData(FileTestData).getValue(i + 2, rowNum) == ""): null

2022-10-12 10:01:06 - [TEST_STEP][PASSED] - (arrayLength++): null

2022-10-12 10:01:06 - [TEST_STEP][PASSED] - println("Array length is: " + arrayLength): null

2022-10-12 10:01:06 - [TEST_STEP][PASSED] - listData = []: null

2022-10-12 10:01:06 - [TEST_STEP][PASSED] - for ([rowNum = 1, rowNum < totalRow, (rowNum++)]): null

2022-10-12 10:01:06 - [TEST_STEP][PASSED] - if (findTestData(FileTestData).getValue(1, rowNum) == TestID): null

2022-10-12 10:01:06 - [TEST_STEP][PASSED] - if (findTestData(FileTestData).getValue(1, rowNum) == TestID): null

2022-10-12 10:01:06 - [TEST_STEP][PASSED] - if (findTestData(FileTestData).getValue(1, rowNum) == TestID): null

2022-10-12 10:01:06 - [TEST_STEP][PASSED] - if (findTestData(FileTestData).getValue(1, rowNum) == TestID): null

2022-10-12 10:01:06 - [TEST_STEP][PASSED] - for ([i = 0, i < arrayLength, (i++)]): null

2022-10-12 10:01:06 - [TEST_STEP][PASSED] - if (findTestData(FileTestData).getValue(i + 2, 1) == ""): null

2022-10-12 10:01:06 - [TEST_STEP][PASSED] - listData[i] = findTestData(FileTestData).getValue(i + 2, rowNum): null

2022-10-12 10:01:06 - [TEST_STEP][PASSED] - if (findTestData(FileTestData).getValue(i + 2, 1) == ""): null

2022-10-12 10:01:06 - [TEST_STEP][PASSED] - listData[i] = findTestData(FileTestData).getValue(i + 2, rowNum): null

2022-10-12 10:01:07 - [TEST_STEP][PASSED] - if (findTestData(FileTestData).getValue(i + 2, 1) == ""): null

2022-10-12 10:01:07 - [TEST_STEP][PASSED] - listData[i] = findTestData(FileTestData).getValue(i + 2, rowNum): null

2022-10-12 10:01:07 - [TEST_STEP][PASSED] - if (findTestData(FileTestData).getValue(i + 2, 1) == ""): null

2022-10-12 10:01:07 - [TEST_STEP][PASSED] - listData[i] = findTestData(FileTestData).getValue(i + 2, rowNum): null

2022-10-12 10:01:07 - [TEST_STEP][PASSED] - if (findTestData(FileTestData).getValue(i + 2, 1) == ""): null

2022-10-12 10:01:07 - [TEST_STEP][PASSED] - listData[i] = findTestData(FileTestData).getValue(i + 2, rowNum): null

2022-10-12 10:01:07 - [TEST_STEP][PASSED] - if (findTestData(FileTestData).getValue(i + 2, 1) == ""): null

2022-10-12 10:01:07 - [TEST_STEP][PASSED] - listData[i] = findTestData(FileTestData).getValue(i + 2, rowNum): null

2022-10-12 10:01:07 - [TEST_STEP][PASSED] - if (findTestData(FileTestData).getValue(i + 2, 1) == ""): null

2022-10-12 10:01:07 - [TEST_STEP][PASSED] - listData[i] = findTestData(FileTestData).getValue(i + 2, rowNum): null

2022-10-12 10:01:07 - [TEST_STEP][PASSED] - if (findTestData(FileTestData).getValue(i + 2, 1) == ""): null

2022-10-12 10:01:07 - [TEST_STEP][PASSED] - listData[i] = findTestData(FileTestData).getValue(i + 2, rowNum): null

2022-10-12 10:01:07 - [TEST_STEP][PASSED] - if (findTestData(FileTestData).getValue(i + 2, 1) == ""): null

2022-10-12 10:01:07 - [TEST_STEP][PASSED] - listData[i] = findTestData(FileTestData).getValue(i + 2, rowNum): null

2022-10-12 10:01:07 - [TEST_STEP][PASSED] - if (findTestData(FileTestData).getValue(i + 2, 1) == ""): null

2022-10-12 10:01:08 - [TEST_STEP][PASSED] - listData[i] = findTestData(FileTestData).getValue(i + 2, rowNum): null

2022-10-12 10:01:08 - [TEST_STEP][PASSED] - if (findTestData(FileTestData).getValue(i + 2, 1) == ""): null

2022-10-12 10:01:08 - [TEST_STEP][PASSED] - listData[i] = findTestData(FileTestData).getValue(i + 2, rowNum): null

2022-10-12 10:01:08 - [TEST_STEP][PASSED] - if (findTestData(FileTestData).getValue(i + 2, 1) == ""): null

2022-10-12 10:01:08 - [TEST_STEP][PASSED] - listData[i] = findTestData(FileTestData).getValue(i + 2, rowNum): null

2022-10-12 10:01:08 - [TEST_STEP][PASSED] - if (findTestData(FileTestData).getValue(i + 2, 1) == ""): null

2022-10-12 10:01:08 - [TEST_STEP][PASSED] - listData[i] = findTestData(FileTestData).getValue(i + 2, rowNum): null

2022-10-12 10:01:08 - [TEST_STEP][PASSED] - if (findTestData(FileTestData).getValue(i + 2, 1) == ""): null

2022-10-12 10:01:08 - [TEST_STEP][PASSED] - listData[i] = findTestData(FileTestData).getValue(i + 2, rowNum): null

2022-10-12 10:01:08 - [TEST_STEP][PASSED] - if (findTestData(FileTestData).getValue(i + 2, 1) == ""): null

2022-10-12 10:01:08 - [TEST_STEP][PASSED] - listData[i] = findTestData(FileTestData).getValue(i + 2, rowNum): null

2022-10-12 10:01:08 - [TEST_STEP][PASSED] - if (findTestData(FileTestData).getValue(1, rowNum) == TestID): null

2022-10-12 10:01:08 - [TEST_STEP][PASSED] - if (findTestData(FileTestData).getValue(1, rowNum) == TestID): null

2022-10-12 10:01:08 - [TEST_STEP][PASSED] - if (findTestData(FileTestData).getValue(1, rowNum) == TestID): null

2022-10-12 10:01:08 - [TEST_STEP][PASSED] - if (findTestData(FileTestData).getValue(1, rowNum) == TestID): null

2022-10-12 10:01:08 - [TEST_STEP][PASSED] - if (findTestData(FileTestData).getValue(1, rowNum) == TestID): null

2022-10-12 10:01:09 - [TEST_STEP][PASSED] - println(listData): null

2022-10-12 10:01:09 - [TEST_STEP][PASSED] - callTestCase(findTestCase("Intermediate/Prerequisite1_Access_Immediate"), [:], STOP_ON_FAILURE): Call Test Case 'Test Cases/Intermediate/Prerequisite1_Access_Immediate' successfully

2022-10-12 10:01:09 - [TEST_CASE][PASSED] - Test Cases/Intermediate/Prerequisite1_Access_Immediate: Test Cases/Intermediate/Prerequisite1_Access_Immediate

2022-10-12 10:01:09 - [TEST_STEP][PASSED] - callTestCase(findTestCase("Launch_seleniumeasy_page"), [:], STOP_ON_FAILURE): Call Test Case 'Test Cases/Launch_seleniumeasy_page' successfully

2022-10-12 10:01:09 - [TEST_CASE][PASSED] - Test Cases/Launch_seleniumeasy_page: Test Cases/Launch_seleniumeasy_page

2022-10-12 10:01:09 - [TEST_STEP][PASSED] - openBrowser(""): Browser is opened with url: ''

2022-10-12 10:01:09 - [MESSAGE][INFO] - Starting 'Chrome' driver

2022-10-12 10:01:09 - [MESSAGE][INFO] - Action delay is set to 0 milliseconds

2022-10-12 10:01:12 - [MESSAGE][PASSED] - Browser is opened with url: ''

2022-10-12 10:01:12 - [TEST_STEP][PASSED] - maximizeWindow(): Current window maximized

2022-10-12 10:01:12 - [MESSAGE][PASSED] - Current window maximized

2022-10-12 10:01:12 - [TEST_STEP][PASSED] - navigateToUrl("https://demo.seleniumeasy.com/"): Navigate to 'https://demo.seleniumeasy.com/' successfully

2022-10-12 10:01:39 - [MESSAGE][PASSED] - Navigate to 'https://demo.seleniumeasy.com/' successfully

2022-10-12 10:01:39 - [MESSAGE][PASSED] - Call Test Case 'Test Cases/Launch_seleniumeasy_page' successfully

2022-10-12 10:01:39 - [TEST_STEP][PASSED] - if (verifyElementVisible(findTestObject("Main_page/Button_Start_Practicing"), OPTIONAL)): Object: 'Object Repository/Main_page/Button_Start_Practicing' is clicked on

2022-10-12 10:01:39 - [MESSAGE][PASSED] - Object 'Object Repository/Main_page/Button_Start_Practicing' is visible

2022-10-12 10:01:39 - [TEST_STEP][PASSED] - click(findTestObject("Main_page/Button_Start_Practicing")): Object: 'Object Repository/Main_page/Button_Start_Practicing' is clicked on

2022-10-12 10:01:40 - [MESSAGE][PASSED] - Object: 'Object Repository/Main_page/Button_Start_Practicing' is clicked on

2022-10-12 10:01:40 - [TEST_STEP][PASSED] - enhancedClick(findTestObject("Main_page/option_Intermediate")): Object: 'Object Repository/Main_page/option_Intermediate' is clicked on

2022-10-12 10:01:40 - [MESSAGE][PASSED] - Object: 'Object Repository/Main_page/option_Intermediate' is clicked on

2022-10-12 10:01:40 - [TEST_STEP][PASSED] - verifyElementVisible(findTestObject("Intermediate/text_Intermediate"), STOP_ON_FAILURE): Object 'Object Repository/Intermediate/text_Intermediate' is visible

2022-10-12 10:01:41 - [MESSAGE][PASSED] - Object 'Object Repository/Intermediate/text_Intermediate' is visible

2022-10-12 10:01:41 - [MESSAGE][PASSED] - Call Test Case 'Test Cases/Intermediate/Prerequisite1_Access_Immediate' successfully

2022-10-12 10:01:41 - [TEST_STEP][PASSED] - click(findTestObject("Intermediate/option_JQueryListBox")): Object: 'Object Repository/Intermediate/option_JQueryListBox' is clicked on

2022-10-12 10:02:03 - [MESSAGE][PASSED] - Object: 'Object Repository/Intermediate/option_JQueryListBox' is clicked on

2022-10-12 10:02:03 - [TEST_STEP][PASSED] - driver = getWebDriver(): null

2022-10-12 10:02:03 - [TEST_STEP][PASSED] - actionPress = new org.openqa.selenium.interactions.Actions(driver): null

2022-10-12 10:02:03 - [TEST_STEP][PASSED] - actionPress.keyDown(CONTROL): null

2022-10-12 10:02:03 - [TEST_STEP][PASSED] - for ([i = 0, i < length, (i++)]): Object: 'Object Repository/Intermediate/5_JQuery_List_Box/dynamic_items_in_left' is clicked on

2022-10-12 10:02:03 - [TEST_STEP][PASSED] - click(findTestObject("Intermediate/5_JQuery_List_Box/dynamic_items_in_left", ["item":listData[i]])): Object: 'Object Repository/Intermediate/5_JQuery_List_Box/dynamic_items_in_left' is clicked on

2022-10-12 10:02:03 - [MESSAGE][PASSED] - Object: 'Object Repository/Intermediate/5_JQuery_List_Box/dynamic_items_in_left' is clicked on

2022-10-12 10:02:03 - [TEST_STEP][PASSED] - click(findTestObject("Intermediate/5_JQuery_List_Box/dynamic_items_in_left", ["item":listData[i]])): Object: 'Object Repository/Intermediate/5_JQuery_List_Box/dynamic_items_in_left' is clicked on

2022-10-12 10:02:04 - [MESSAGE][PASSED] - Object: 'Object Repository/Intermediate/5_JQuery_List_Box/dynamic_items_in_left' is clicked on

2022-10-12 10:02:04 - [TEST_STEP][PASSED] - click(findTestObject("Intermediate/5_JQuery_List_Box/dynamic_items_in_left", ["item":listData[i]])): Object: 'Object Repository/Intermediate/5_JQuery_List_Box/dynamic_items_in_left' is clicked on

2022-10-12 10:02:04 - [MESSAGE][PASSED] - Object: 'Object Repository/Intermediate/5_JQuery_List_Box/dynamic_items_in_left' is clicked on

2022-10-12 10:02:04 - [TEST_STEP][PASSED] - click(findTestObject("Intermediate/5_JQuery_List_Box/dynamic_items_in_left", ["item":listData[i]])): Object: 'Object Repository/Intermediate/5_JQuery_List_Box/dynamic_items_in_left' is clicked on

2022-10-12 10:02:04 - [MESSAGE][PASSED] - Object: 'Object Repository/Intermediate/5_JQuery_List_Box/dynamic_items_in_left' is clicked on

2022-10-12 10:02:04 - [TEST_STEP][PASSED] - click(findTestObject("Intermediate/5_JQuery_List_Box/dynamic_items_in_left", ["item":listData[i]])): Object: 'Object Repository/Intermediate/5_JQuery_List_Box/dynamic_items_in_left' is clicked on

2022-10-12 10:02:05 - [MESSAGE][PASSED] - Object: 'Object Repository/Intermediate/5_JQuery_List_Box/dynamic_items_in_left' is clicked on

2022-10-12 10:02:05 - [TEST_STEP][PASSED] - click(findTestObject("Intermediate/5_JQuery_List_Box/dynamic_items_in_left", ["item":listData[i]])): Object: 'Object Repository/Intermediate/5_JQuery_List_Box/dynamic_items_in_left' is clicked on

2022-10-12 10:02:05 - [MESSAGE][PASSED] - Object: 'Object Repository/Intermediate/5_JQuery_List_Box/dynamic_items_in_left' is clicked on

2022-10-12 10:02:05 - [TEST_STEP][PASSED] - click(findTestObject("Intermediate/5_JQuery_List_Box/dynamic_items_in_left", ["item":listData[i]])): Object: 'Object Repository/Intermediate/5_JQuery_List_Box/dynamic_items_in_left' is clicked on

2022-10-12 10:02:05 - [MESSAGE][PASSED] - Object: 'Object Repository/Intermediate/5_JQuery_List_Box/dynamic_items_in_left' is clicked on

2022-10-12 10:02:05 - [TEST_STEP][PASSED] - click(findTestObject("Intermediate/5_JQuery_List_Box/dynamic_items_in_left", ["item":listData[i]])): Object: 'Object Repository/Intermediate/5_JQuery_List_Box/dynamic_items_in_left' is clicked on

2022-10-12 10:02:06 - [MESSAGE][PASSED] - Object: 'Object Repository/Intermediate/5_JQuery_List_Box/dynamic_items_in_left' is clicked on

2022-10-12 10:02:06 - [TEST_STEP][PASSED] - click(findTestObject("Intermediate/5_JQuery_List_Box/dynamic_items_in_left", ["item":listData[i]])): Object: 'Object Repository/Intermediate/5_JQuery_List_Box/dynamic_items_in_left' is clicked on

2022-10-12 10:02:06 - [MESSAGE][PASSED] - Object: 'Object Repository/Intermediate/5_JQuery_List_Box/dynamic_items_in_left' is clicked on

2022-10-12 10:02:06 - [TEST_STEP][PASSED] - click(findTestObject("Intermediate/5_JQuery_List_Box/dynamic_items_in_left", ["item":listData[i]])): Object: 'Object Repository/Intermediate/5_JQuery_List_Box/dynamic_items_in_left' is clicked on

2022-10-12 10:02:07 - [MESSAGE][PASSED] - Object: 'Object Repository/Intermediate/5_JQuery_List_Box/dynamic_items_in_left' is clicked on

2022-10-12 10:02:07 - [TEST_STEP][PASSED] - click(findTestObject("Intermediate/5_JQuery_List_Box/dynamic_items_in_left", ["item":listData[i]])): Object: 'Object Repository/Intermediate/5_JQuery_List_Box/dynamic_items_in_left' is clicked on

2022-10-12 10:02:07 - [MESSAGE][PASSED] - Object: 'Object Repository/Intermediate/5_JQuery_List_Box/dynamic_items_in_left' is clicked on

2022-10-12 10:02:07 - [TEST_STEP][PASSED] - click(findTestObject("Intermediate/5_JQuery_List_Box/dynamic_items_in_left", ["item":listData[i]])): Object: 'Object Repository/Intermediate/5_JQuery_List_Box/dynamic_items_in_left' is clicked on

2022-10-12 10:02:07 - [MESSAGE][PASSED] - Object: 'Object Repository/Intermediate/5_JQuery_List_Box/dynamic_items_in_left' is clicked on

2022-10-12 10:02:07 - [TEST_STEP][PASSED] - click(findTestObject("Intermediate/5_JQuery_List_Box/dynamic_items_in_left", ["item":listData[i]])): Object: 'Object Repository/Intermediate/5_JQuery_List_Box/dynamic_items_in_left' is clicked on

2022-10-12 10:02:08 - [MESSAGE][PASSED] - Object: 'Object Repository/Intermediate/5_JQuery_List_Box/dynamic_items_in_left' is clicked on

2022-10-12 10:02:08 - [TEST_STEP][PASSED] - click(findTestObject("Intermediate/5_JQuery_List_Box/dynamic_items_in_left", ["item":listData[i]])): Object: 'Object Repository/Intermediate/5_JQuery_List_Box/dynamic_items_in_left' is clicked on

2022-10-12 10:02:08 - [MESSAGE][PASSED] - Object: 'Object Repository/Intermediate/5_JQuery_List_Box/dynamic_items_in_left' is clicked on

2022-10-12 10:02:08 - [TEST_STEP][PASSED] - click(findTestObject("Intermediate/5_JQuery_List_Box/dynamic_items_in_left", ["item":listData[i]])): Object: 'Object Repository/Intermediate/5_JQuery_List_Box/dynamic_items_in_left' is clicked on

2022-10-12 10:02:08 - [MESSAGE][PASSED] - Object: 'Object Repository/Intermediate/5_JQuery_List_Box/dynamic_items_in_left' is clicked on

2022-10-12 10:02:08 - [TEST_STEP][PASSED] - delay(5): Delayed 5 second(s)

2022-10-12 10:02:13 - [MESSAGE][PASSED] - Delayed 5 second(s)

2022-10-12 10:02:13 - [TEST_STEP][PASSED] - actionPress.keyUp(CONTROL): null

2022-10-12 10:02:13 - [TEST_STEP][PASSED] - click(findTestObject("Intermediate/5_JQuery_List_Box/button_Add")): Object: 'Object Repository/Intermediate/5_JQuery_List_Box/button_Add' is clicked on

2022-10-12 10:02:14 - [MESSAGE][PASSED] - Object: 'Object Repository/Intermediate/5_JQuery_List_Box/button_Add' is clicked on

2022-10-12 10:02:14 - [TEST_STEP][PASSED] - for ([i = 0, i < length, (i++)]): Object 'Object Repository/Intermediate/5_JQuery_List_Box/dynamic_items_in_right' is present

2022-10-12 10:02:14 - [TEST_STEP][PASSED] - verifyElementNotPresent(findTestObject("Intermediate/5_JQuery_List_Box/dynamic_items_in_left", ["item":listData[i]]), 2): Web element with id: 'Object Repository/Intermediate/5_JQuery_List_Box/dynamic_items_in_left' located by 'By.xpath: //select[contains(@class,"pickData")]//option[text()="Isis"]' is not present after '2' second(s)

2022-10-12 10:02:15 - [MESSAGE][PASSED] - Web element with id: 'Object Repository/Intermediate/5_JQuery_List_Box/dynamic_items_in_left' located by 'By.xpath: //select[contains(@class,"pickData")]//option[text()="Isis"]' is not present after '2' second(s)

2022-10-12 10:02:15 - [TEST_STEP][PASSED] - verifyElementPresent(findTestObject("Intermediate/5_JQuery_List_Box/dynamic_items_in_right", ["item":listData[i]]), 2): Object 'Object Repository/Intermediate/5_JQuery_List_Box/dynamic_items_in_right' is present

2022-10-12 10:02:15 - [MESSAGE][PASSED] - Object 'Object Repository/Intermediate/5_JQuery_List_Box/dynamic_items_in_right' is present

2022-10-12 10:02:15 - [TEST_STEP][PASSED] - verifyElementNotPresent(findTestObject("Intermediate/5_JQuery_List_Box/dynamic_items_in_left", ["item":listData[i]]), 2): Web element with id: 'Object Repository/Intermediate/5_JQuery_List_Box/dynamic_items_in_left' located by 'By.xpath: //select[contains(@class,"pickData")]//option[text()="Sophia"]' is not present after '2' second(s)

2022-10-12 10:02:15 - [MESSAGE][PASSED] - Web element with id: 'Object Repository/Intermediate/5_JQuery_List_Box/dynamic_items_in_left' located by 'By.xpath: //select[contains(@class,"pickData")]//option[text()="Sophia"]' is not present after '2' second(s)

2022-10-12 10:02:15 - [TEST_STEP][PASSED] - verifyElementPresent(findTestObject("Intermediate/5_JQuery_List_Box/dynamic_items_in_right", ["item":listData[i]]), 2): Object 'Object Repository/Intermediate/5_JQuery_List_Box/dynamic_items_in_right' is present

2022-10-12 10:02:16 - [MESSAGE][PASSED] - Object 'Object Repository/Intermediate/5_JQuery_List_Box/dynamic_items_in_right' is present

2022-10-12 10:02:16 - [TEST_STEP][PASSED] - verifyElementNotPresent(findTestObject("Intermediate/5_JQuery_List_Box/dynamic_items_in_left", ["item":listData[i]]), 2): Web element with id: 'Object Repository/Intermediate/5_JQuery_List_Box/dynamic_items_in_left' located by 'By.xpath: //select[contains(@class,"pickData")]//option[text()="Alice"]' is not present after '2' second(s)

2022-10-12 10:02:16 - [MESSAGE][PASSED] - Web element with id: 'Object Repository/Intermediate/5_JQuery_List_Box/dynamic_items_in_left' located by 'By.xpath: //select[contains(@class,"pickData")]//option[text()="Alice"]' is not present after '2' second(s)

2022-10-12 10:02:16 - [TEST_STEP][PASSED] - verifyElementPresent(findTestObject("Intermediate/5_JQuery_List_Box/dynamic_items_in_right", ["item":listData[i]]), 2): Object 'Object Repository/Intermediate/5_JQuery_List_Box/dynamic_items_in_right' is present

2022-10-12 10:02:16 - [MESSAGE][PASSED] - Object 'Object Repository/Intermediate/5_JQuery_List_Box/dynamic_items_in_right' is present

2022-10-12 10:02:16 - [TEST_STEP][PASSED] - verifyElementNotPresent(findTestObject("Intermediate/5_JQuery_List_Box/dynamic_items_in_left", ["item":listData[i]]), 2): Web element with id: 'Object Repository/Intermediate/5_JQuery_List_Box/dynamic_items_in_left' located by 'By.xpath: //select[contains(@class,"pickData")]//option[text()="Isabella"]' is not present after '2' second(s)

2022-10-12 10:02:17 - [MESSAGE][PASSED] - Web element with id: 'Object Repository/Intermediate/5_JQuery_List_Box/dynamic_items_in_left' located by 'By.xpath: //select[contains(@class,"pickData")]//option[text()="Isabella"]' is not present after '2' second(s)

2022-10-12 10:02:17 - [TEST_STEP][PASSED] - verifyElementPresent(findTestObject("Intermediate/5_JQuery_List_Box/dynamic_items_in_right", ["item":listData[i]]), 2): Object 'Object Repository/Intermediate/5_JQuery_List_Box/dynamic_items_in_right' is present

2022-10-12 10:02:17 - [MESSAGE][PASSED] - Object 'Object Repository/Intermediate/5_JQuery_List_Box/dynamic_items_in_right' is present

2022-10-12 10:02:17 - [TEST_STEP][PASSED] - verifyElementNotPresent(findTestObject("Intermediate/5_JQuery_List_Box/dynamic_items_in_left", ["item":listData[i]]), 2): Web element with id: 'Object Repository/Intermediate/5_JQuery_List_Box/dynamic_items_in_left' located by 'By.xpath: //select[contains(@class,"pickData")]//option[text()="Manuela"]' is not present after '2' second(s)

2022-10-12 10:02:18 - [MESSAGE][PASSED] - Web element with id: 'Object Repository/Intermediate/5_JQuery_List_Box/dynamic_items_in_left' located by 'By.xpath: //select[contains(@class,"pickData")]//option[text()="Manuela"]' is not present after '2' second(s)

2022-10-12 10:02:18 - [TEST_STEP][PASSED] - verifyElementPresent(findTestObject("Intermediate/5_JQuery_List_Box/dynamic_items_in_right", ["item":listData[i]]), 2): Object 'Object Repository/Intermediate/5_JQuery_List_Box/dynamic_items_in_right' is present

2022-10-12 10:02:18 - [MESSAGE][PASSED] - Object 'Object Repository/Intermediate/5_JQuery_List_Box/dynamic_items_in_right' is present

2022-10-12 10:02:18 - [TEST_STEP][PASSED] - verifyElementNotPresent(findTestObject("Intermediate/5_JQuery_List_Box/dynamic_items_in_left", ["item":listData[i]]), 2): Web element with id: 'Object Repository/Intermediate/5_JQuery_List_Box/dynamic_items_in_left' located by 'By.xpath: //select[contains(@class,"pickData")]//option[text()="Laura"]' is not present after '2' second(s)

2022-10-12 10:02:18 - [MESSAGE][PASSED] - Web element with id: 'Object Repository/Intermediate/5_JQuery_List_Box/dynamic_items_in_left' located by 'By.xpath: //select[contains(@class,"pickData")]//option[text()="Laura"]' is not present after '2' second(s)

2022-10-12 10:02:18 - [TEST_STEP][PASSED] - verifyElementPresent(findTestObject("Intermediate/5_JQuery_List_Box/dynamic_items_in_right", ["item":listData[i]]), 2): Object 'Object Repository/Intermediate/5_JQuery_List_Box/dynamic_items_in_right' is present

2022-10-12 10:02:19 - [MESSAGE][PASSED] - Object 'Object Repository/Intermediate/5_JQuery_List_Box/dynamic_items_in_right' is present

2022-10-12 10:02:19 - [TEST_STEP][PASSED] - verifyElementNotPresent(findTestObject("Intermediate/5_JQuery_List_Box/dynamic_items_in_left", ["item":listData[i]]), 2): Web element with id: 'Object Repository/Intermediate/5_JQuery_List_Box/dynamic_items_in_left' located by 'By.xpath: //select[contains(@class,"pickData")]//option[text()="Luiza"]' is not present after '2' second(s)

2022-10-12 10:02:19 - [MESSAGE][PASSED] - Web element with id: 'Object Repository/Intermediate/5_JQuery_List_Box/dynamic_items_in_left' located by 'By.xpath: //select[contains(@class,"pickData")]//option[text()="Luiza"]' is not present after '2' second(s)

2022-10-12 10:02:19 - [TEST_STEP][PASSED] - verifyElementPresent(findTestObject("Intermediate/5_JQuery_List_Box/dynamic_items_in_right", ["item":listData[i]]), 2): Object 'Object Repository/Intermediate/5_JQuery_List_Box/dynamic_items_in_right' is present

2022-10-12 10:02:20 - [MESSAGE][PASSED] - Object 'Object Repository/Intermediate/5_JQuery_List_Box/dynamic_items_in_right' is present

2022-10-12 10:02:20 - [TEST_STEP][PASSED] - verifyElementNotPresent(findTestObject("Intermediate/5_JQuery_List_Box/dynamic_items_in_left", ["item":listData[i]]), 2): Web element with id: 'Object Repository/Intermediate/5_JQuery_List_Box/dynamic_items_in_left' located by 'By.xpath: //select[contains(@class,"pickData")]//option[text()="Valentina"]' is not present after '2' second(s)

2022-10-12 10:02:20 - [MESSAGE][PASSED] - Web element with id: 'Object Repository/Intermediate/5_JQuery_List_Box/dynamic_items_in_left' located by 'By.xpath: //select[contains(@class,"pickData")]//option[text()="Valentina"]' is not present after '2' second(s)

2022-10-12 10:02:20 - [TEST_STEP][PASSED] - verifyElementPresent(findTestObject("Intermediate/5_JQuery_List_Box/dynamic_items_in_right", ["item":listData[i]]), 2): Object 'Object Repository/Intermediate/5_JQuery_List_Box/dynamic_items_in_right' is present

2022-10-12 10:02:20 - [MESSAGE][PASSED] - Object 'Object Repository/Intermediate/5_JQuery_List_Box/dynamic_items_in_right' is present

2022-10-12 10:02:20 - [TEST_STEP][PASSED] - verifyElementNotPresent(findTestObject("Intermediate/5_JQuery_List_Box/dynamic_items_in_left", ["item":listData[i]]), 2): Web element with id: 'Object Repository/Intermediate/5_JQuery_List_Box/dynamic_items_in_left' located by 'By.xpath: //select[contains(@class,"pickData")]//option[text()="Giovanna"]' is not present after '2' second(s)

2022-10-12 10:02:21 - [MESSAGE][PASSED] - Web element with id: 'Object Repository/Intermediate/5_JQuery_List_Box/dynamic_items_in_left' located by 'By.xpath: //select[contains(@class,"pickData")]//option[text()="Giovanna"]' is not present after '2' second(s)

2022-10-12 10:02:21 - [TEST_STEP][PASSED] - verifyElementPresent(findTestObject("Intermediate/5_JQuery_List_Box/dynamic_items_in_right", ["item":listData[i]]), 2): Object 'Object Repository/Intermediate/5_JQuery_List_Box/dynamic_items_in_right' is present

2022-10-12 10:02:21 - [MESSAGE][PASSED] - Object 'Object Repository/Intermediate/5_JQuery_List_Box/dynamic_items_in_right' is present

2022-10-12 10:02:21 - [TEST_STEP][PASSED] - verifyElementNotPresent(findTestObject("Intermediate/5_JQuery_List_Box/dynamic_items_in_left", ["item":listData[i]]), 2): Web element with id: 'Object Repository/Intermediate/5_JQuery_List_Box/dynamic_items_in_left' located by 'By.xpath: //select[contains(@class,"pickData")]//option[text()="Maria Eduarda"]' is not present after '2' second(s)

2022-10-12 10:02:21 - [MESSAGE][PASSED] - Web element with id: 'Object Repository/Intermediate/5_JQuery_List_Box/dynamic_items_in_left' located by 'By.xpath: //select[contains(@class,"pickData")]//option[text()="Maria Eduarda"]' is not present after '2' second(s)

2022-10-12 10:02:21 - [TEST_STEP][PASSED] - verifyElementPresent(findTestObject("Intermediate/5_JQuery_List_Box/dynamic_items_in_right", ["item":listData[i]]), 2): Object 'Object Repository/Intermediate/5_JQuery_List_Box/dynamic_items_in_right' is present

2022-10-12 10:02:22 - [MESSAGE][PASSED] - Object 'Object Repository/Intermediate/5_JQuery_List_Box/dynamic_items_in_right' is present

2022-10-12 10:02:22 - [TEST_STEP][PASSED] - verifyElementNotPresent(findTestObject("Intermediate/5_JQuery_List_Box/dynamic_items_in_left", ["item":listData[i]]), 2): Web element with id: 'Object Repository/Intermediate/5_JQuery_List_Box/dynamic_items_in_left' located by 'By.xpath: //select[contains(@class,"pickData")]//option[text()="Helena"]' is not present after '2' second(s)

2022-10-12 10:02:22 - [MESSAGE][PASSED] - Web element with id: 'Object Repository/Intermediate/5_JQuery_List_Box/dynamic_items_in_left' located by 'By.xpath: //select[contains(@class,"pickData")]//option[text()="Helena"]' is not present after '2' second(s)

2022-10-12 10:02:22 - [TEST_STEP][PASSED] - verifyElementPresent(findTestObject("Intermediate/5_JQuery_List_Box/dynamic_items_in_right", ["item":listData[i]]), 2): Object 'Object Repository/Intermediate/5_JQuery_List_Box/dynamic_items_in_right' is present

2022-10-12 10:02:22 - [MESSAGE][PASSED] - Object 'Object Repository/Intermediate/5_JQuery_List_Box/dynamic_items_in_right' is present

2022-10-12 10:02:22 - [TEST_STEP][PASSED] - verifyElementNotPresent(findTestObject("Intermediate/5_JQuery_List_Box/dynamic_items_in_left", ["item":listData[i]]), 2): Web element with id: 'Object Repository/Intermediate/5_JQuery_List_Box/dynamic_items_in_left' located by 'By.xpath: //select[contains(@class,"pickData")]//option[text()="Beatriz"]' is not present after '2' second(s)

2022-10-12 10:02:23 - [MESSAGE][PASSED] - Web element with id: 'Object Repository/Intermediate/5_JQuery_List_Box/dynamic_items_in_left' located by 'By.xpath: //select[contains(@class,"pickData")]//option[text()="Beatriz"]' is not present after '2' second(s)

2022-10-12 10:02:23 - [TEST_STEP][PASSED] - verifyElementPresent(findTestObject("Intermediate/5_JQuery_List_Box/dynamic_items_in_right", ["item":listData[i]]), 2): Object 'Object Repository/Intermediate/5_JQuery_List_Box/dynamic_items_in_right' is present

2022-10-12 10:02:23 - [MESSAGE][PASSED] - Object 'Object Repository/Intermediate/5_JQuery_List_Box/dynamic_items_in_right' is present

2022-10-12 10:02:23 - [TEST_STEP][PASSED] - verifyElementNotPresent(findTestObject("Intermediate/5_JQuery_List_Box/dynamic_items_in_left", ["item":listData[i]]), 2): Web element with id: 'Object Repository/Intermediate/5_JQuery_List_Box/dynamic_items_in_left' located by 'By.xpath: //select[contains(@class,"pickData")]//option[text()="Maria Luiza"]' is not present after '2' second(s)

2022-10-12 10:02:23 - [MESSAGE][PASSED] - Web element with id: 'Object Repository/Intermediate/5_JQuery_List_Box/dynamic_items_in_left' located by 'By.xpath: //select[contains(@class,"pickData")]//option[text()="Maria Luiza"]' is not present after '2' second(s)

2022-10-12 10:02:23 - [TEST_STEP][PASSED] - verifyElementPresent(findTestObject("Intermediate/5_JQuery_List_Box/dynamic_items_in_right", ["item":listData[i]]), 2): Object 'Object Repository/Intermediate/5_JQuery_List_Box/dynamic_items_in_right' is present

2022-10-12 10:02:24 - [MESSAGE][PASSED] - Object 'Object Repository/Intermediate/5_JQuery_List_Box/dynamic_items_in_right' is present

2022-10-12 10:02:24 - [TEST_STEP][PASSED] - verifyElementNotPresent(findTestObject("Intermediate/5_JQuery_List_Box/dynamic_items_in_left", ["item":listData[i]]), 2): Web element with id: 'Object Repository/Intermediate/5_JQuery_List_Box/dynamic_items_in_left' located by 'By.xpath: //select[contains(@class,"pickData")]//option[text()="Lara"]' is not present after '2' second(s)

2022-10-12 10:02:24 - [MESSAGE][PASSED] - Web element with id: 'Object Repository/Intermediate/5_JQuery_List_Box/dynamic_items_in_left' located by 'By.xpath: //select[contains(@class,"pickData")]//option[text()="Lara"]' is not present after '2' second(s)

2022-10-12 10:02:24 - [TEST_STEP][PASSED] - verifyElementPresent(findTestObject("Intermediate/5_JQuery_List_Box/dynamic_items_in_right", ["item":listData[i]]), 2): Object 'Object Repository/Intermediate/5_JQuery_List_Box/dynamic_items_in_right' is present

2022-10-12 10:02:25 - [MESSAGE][PASSED] - Object 'Object Repository/Intermediate/5_JQuery_List_Box/dynamic_items_in_right' is present

2022-10-12 10:02:25 - [TEST_STEP][PASSED] - verifyElementNotPresent(findTestObject("Intermediate/5_JQuery_List_Box/dynamic_items_in_left", ["item":listData[i]]), 2): Web element with id: 'Object Repository/Intermediate/5_JQuery_List_Box/dynamic_items_in_left' located by 'By.xpath: //select[contains(@class,"pickData")]//option[text()="Julia"]' is not present after '2' second(s)

2022-10-12 10:02:25 - [MESSAGE][PASSED] - Web element with id: 'Object Repository/Intermediate/5_JQuery_List_Box/dynamic_items_in_left' located by 'By.xpath: //select[contains(@class,"pickData")]//option[text()="Julia"]' is not present after '2' second(s)

2022-10-12 10:02:25 - [TEST_STEP][PASSED] - verifyElementPresent(findTestObject("Intermediate/5_JQuery_List_Box/dynamic_items_in_right", ["item":listData[i]]), 2): Object 'Object Repository/Intermediate/5_JQuery_List_Box/dynamic_items_in_right' is present

2022-10-12 10:02:25 - [MESSAGE][PASSED] - Object 'Object Repository/Intermediate/5_JQuery_List_Box/dynamic_items_in_right' is present

2022-10-12 10:02:25 - [TEST_STEP][PASSED] - delay(3): Delayed 3 second(s)

2022-10-12 10:02:28 - [MESSAGE][PASSED] - Delayed 3 second(s)

2022-10-12 10:02:28 - [TEST_STEP][PASSED] - closeBrowser(): Browser is closed

2022-10-12 10:02:30 - [MESSAGE][PASSED] - Browser is closed]]></system-out>
         <system-err><![CDATA[]]></system-err>
      </testcase>
      <testcase name="Test Cases/Intermediate/5_JQuery_List_Box/JQLB5_click_Add_All" time="28.467" classname="Test Cases/Intermediate/5_JQuery_List_Box/JQLB5_click_Add_All" status="PASSED">
         <system-out><![CDATA[2022-10-12 10:02:30 - [TEST_CASE][PASSED] - Test Cases/Intermediate/5_JQuery_List_Box/JQLB5_click_Add_All: Test Cases/Intermediate/5_JQuery_List_Box/JQLB5_click_Add_All

2022-10-12 10:02:30 - [TEST_STEP][PASSED] - TestID = "TEST-00004": null

2022-10-12 10:02:30 - [TEST_STEP][PASSED] - FileTestData = "TestData_Sheet6": null

2022-10-12 10:02:30 - [TEST_STEP][PASSED] - totalRow = findTestData(FileTestData).getRowNumbers(): null

2022-10-12 10:02:31 - [TEST_STEP][PASSED] - totalColumn = findTestData(FileTestData).getColumnNumbers(): null

2022-10-12 10:02:31 - [TEST_STEP][PASSED] - rowNum = 1: null

2022-10-12 10:02:31 - [TEST_STEP][PASSED] - arrayLength = 0: null

2022-10-12 10:02:31 - [TEST_STEP][PASSED] - for ([rowNum, rowNum < totalRow, (rowNum++)]): null

2022-10-12 10:02:31 - [TEST_STEP][PASSED] - if (findTestData(FileTestData).getValue(1, rowNum) == TestID): null

2022-10-12 10:02:31 - [TEST_STEP][PASSED] - if (findTestData(FileTestData).getValue(1, rowNum) == TestID): null

2022-10-12 10:02:31 - [TEST_STEP][PASSED] - if (findTestData(FileTestData).getValue(1, rowNum) == TestID): null

2022-10-12 10:02:31 - [TEST_STEP][PASSED] - if (findTestData(FileTestData).getValue(1, rowNum) == TestID): null

2022-10-12 10:02:31 - [TEST_STEP][PASSED] - break: null

2022-10-12 10:02:31 - [TEST_STEP][PASSED] - println("Row number is: " + rowNum): null

2022-10-12 10:02:31 - [TEST_STEP][PASSED] - for ([i = 0, i < totalColumn - 1, (i++)]): null

2022-10-12 10:02:31 - [TEST_STEP][PASSED] - if (findTestData(FileTestData).getValue(i + 2, rowNum) == ""): null

2022-10-12 10:02:31 - [TEST_STEP][PASSED] - (arrayLength++): null

2022-10-12 10:02:31 - [TEST_STEP][PASSED] - if (findTestData(FileTestData).getValue(i + 2, rowNum) == ""): null

2022-10-12 10:02:31 - [TEST_STEP][PASSED] - (arrayLength++): null

2022-10-12 10:02:31 - [TEST_STEP][PASSED] - if (findTestData(FileTestData).getValue(i + 2, rowNum) == ""): null

2022-10-12 10:02:31 - [TEST_STEP][PASSED] - (arrayLength++): null

2022-10-12 10:02:31 - [TEST_STEP][PASSED] - if (findTestData(FileTestData).getValue(i + 2, rowNum) == ""): null

2022-10-12 10:02:31 - [TEST_STEP][PASSED] - (arrayLength++): null

2022-10-12 10:02:31 - [TEST_STEP][PASSED] - if (findTestData(FileTestData).getValue(i + 2, rowNum) == ""): null

2022-10-12 10:02:32 - [TEST_STEP][PASSED] - (arrayLength++): null

2022-10-12 10:02:32 - [TEST_STEP][PASSED] - if (findTestData(FileTestData).getValue(i + 2, rowNum) == ""): null

2022-10-12 10:02:32 - [TEST_STEP][PASSED] - (arrayLength++): null

2022-10-12 10:02:32 - [TEST_STEP][PASSED] - if (findTestData(FileTestData).getValue(i + 2, rowNum) == ""): null

2022-10-12 10:02:32 - [TEST_STEP][PASSED] - (arrayLength++): null

2022-10-12 10:02:32 - [TEST_STEP][PASSED] - if (findTestData(FileTestData).getValue(i + 2, rowNum) == ""): null

2022-10-12 10:02:32 - [TEST_STEP][PASSED] - (arrayLength++): null

2022-10-12 10:02:32 - [TEST_STEP][PASSED] - if (findTestData(FileTestData).getValue(i + 2, rowNum) == ""): null

2022-10-12 10:02:32 - [TEST_STEP][PASSED] - (arrayLength++): null

2022-10-12 10:02:32 - [TEST_STEP][PASSED] - if (findTestData(FileTestData).getValue(i + 2, rowNum) == ""): null

2022-10-12 10:02:32 - [TEST_STEP][PASSED] - (arrayLength++): null

2022-10-12 10:02:32 - [TEST_STEP][PASSED] - if (findTestData(FileTestData).getValue(i + 2, rowNum) == ""): null

2022-10-12 10:02:32 - [TEST_STEP][PASSED] - (arrayLength++): null

2022-10-12 10:02:32 - [TEST_STEP][PASSED] - if (findTestData(FileTestData).getValue(i + 2, rowNum) == ""): null

2022-10-12 10:02:32 - [TEST_STEP][PASSED] - (arrayLength++): null

2022-10-12 10:02:32 - [TEST_STEP][PASSED] - if (findTestData(FileTestData).getValue(i + 2, rowNum) == ""): null

2022-10-12 10:02:33 - [TEST_STEP][PASSED] - (arrayLength++): null

2022-10-12 10:02:33 - [TEST_STEP][PASSED] - if (findTestData(FileTestData).getValue(i + 2, rowNum) == ""): null

2022-10-12 10:02:33 - [TEST_STEP][PASSED] - (arrayLength++): null

2022-10-12 10:02:33 - [TEST_STEP][PASSED] - if (findTestData(FileTestData).getValue(i + 2, rowNum) == ""): null

2022-10-12 10:02:33 - [TEST_STEP][PASSED] - (arrayLength++): null

2022-10-12 10:02:33 - [TEST_STEP][PASSED] - println("Array length is: " + arrayLength): null

2022-10-12 10:02:33 - [TEST_STEP][PASSED] - listData = []: null

2022-10-12 10:02:33 - [TEST_STEP][PASSED] - for ([rowNum = 1, rowNum < totalRow, (rowNum++)]): null

2022-10-12 10:02:33 - [TEST_STEP][PASSED] - if (findTestData(FileTestData).getValue(1, rowNum) == TestID): null

2022-10-12 10:02:33 - [TEST_STEP][PASSED] - if (findTestData(FileTestData).getValue(1, rowNum) == TestID): null

2022-10-12 10:02:33 - [TEST_STEP][PASSED] - if (findTestData(FileTestData).getValue(1, rowNum) == TestID): null

2022-10-12 10:02:33 - [TEST_STEP][PASSED] - if (findTestData(FileTestData).getValue(1, rowNum) == TestID): null

2022-10-12 10:02:33 - [TEST_STEP][PASSED] - for ([i = 0, i < arrayLength, (i++)]): null

2022-10-12 10:02:33 - [TEST_STEP][PASSED] - if (findTestData(FileTestData).getValue(i + 2, 1) == ""): null

2022-10-12 10:02:33 - [TEST_STEP][PASSED] - listData[i] = findTestData(FileTestData).getValue(i + 2, rowNum): null

2022-10-12 10:02:33 - [TEST_STEP][PASSED] - if (findTestData(FileTestData).getValue(i + 2, 1) == ""): null

2022-10-12 10:02:33 - [TEST_STEP][PASSED] - listData[i] = findTestData(FileTestData).getValue(i + 2, rowNum): null

2022-10-12 10:02:33 - [TEST_STEP][PASSED] - if (findTestData(FileTestData).getValue(i + 2, 1) == ""): null

2022-10-12 10:02:33 - [TEST_STEP][PASSED] - listData[i] = findTestData(FileTestData).getValue(i + 2, rowNum): null

2022-10-12 10:02:33 - [TEST_STEP][PASSED] - if (findTestData(FileTestData).getValue(i + 2, 1) == ""): null

2022-10-12 10:02:33 - [TEST_STEP][PASSED] - listData[i] = findTestData(FileTestData).getValue(i + 2, rowNum): null

2022-10-12 10:02:33 - [TEST_STEP][PASSED] - if (findTestData(FileTestData).getValue(i + 2, 1) == ""): null

2022-10-12 10:02:33 - [TEST_STEP][PASSED] - listData[i] = findTestData(FileTestData).getValue(i + 2, rowNum): null

2022-10-12 10:02:34 - [TEST_STEP][PASSED] - if (findTestData(FileTestData).getValue(i + 2, 1) == ""): null

2022-10-12 10:02:34 - [TEST_STEP][PASSED] - listData[i] = findTestData(FileTestData).getValue(i + 2, rowNum): null

2022-10-12 10:02:34 - [TEST_STEP][PASSED] - if (findTestData(FileTestData).getValue(i + 2, 1) == ""): null

2022-10-12 10:02:34 - [TEST_STEP][PASSED] - listData[i] = findTestData(FileTestData).getValue(i + 2, rowNum): null

2022-10-12 10:02:34 - [TEST_STEP][PASSED] - if (findTestData(FileTestData).getValue(i + 2, 1) == ""): null

2022-10-12 10:02:34 - [TEST_STEP][PASSED] - listData[i] = findTestData(FileTestData).getValue(i + 2, rowNum): null

2022-10-12 10:02:34 - [TEST_STEP][PASSED] - if (findTestData(FileTestData).getValue(i + 2, 1) == ""): null

2022-10-12 10:02:34 - [TEST_STEP][PASSED] - listData[i] = findTestData(FileTestData).getValue(i + 2, rowNum): null

2022-10-12 10:02:34 - [TEST_STEP][PASSED] - if (findTestData(FileTestData).getValue(i + 2, 1) == ""): null

2022-10-12 10:02:34 - [TEST_STEP][PASSED] - listData[i] = findTestData(FileTestData).getValue(i + 2, rowNum): null

2022-10-12 10:02:34 - [TEST_STEP][PASSED] - if (findTestData(FileTestData).getValue(i + 2, 1) == ""): null

2022-10-12 10:02:34 - [TEST_STEP][PASSED] - listData[i] = findTestData(FileTestData).getValue(i + 2, rowNum): null

2022-10-12 10:02:34 - [TEST_STEP][PASSED] - if (findTestData(FileTestData).getValue(i + 2, 1) == ""): null

2022-10-12 10:02:35 - [TEST_STEP][PASSED] - listData[i] = findTestData(FileTestData).getValue(i + 2, rowNum): null

2022-10-12 10:02:35 - [TEST_STEP][PASSED] - if (findTestData(FileTestData).getValue(i + 2, 1) == ""): null

2022-10-12 10:02:35 - [TEST_STEP][PASSED] - listData[i] = findTestData(FileTestData).getValue(i + 2, rowNum): null

2022-10-12 10:02:35 - [TEST_STEP][PASSED] - if (findTestData(FileTestData).getValue(i + 2, 1) == ""): null

2022-10-12 10:02:35 - [TEST_STEP][PASSED] - listData[i] = findTestData(FileTestData).getValue(i + 2, rowNum): null

2022-10-12 10:02:35 - [TEST_STEP][PASSED] - if (findTestData(FileTestData).getValue(i + 2, 1) == ""): null

2022-10-12 10:02:35 - [TEST_STEP][PASSED] - listData[i] = findTestData(FileTestData).getValue(i + 2, rowNum): null

2022-10-12 10:02:35 - [TEST_STEP][PASSED] - if (findTestData(FileTestData).getValue(1, rowNum) == TestID): null

2022-10-12 10:02:35 - [TEST_STEP][PASSED] - if (findTestData(FileTestData).getValue(1, rowNum) == TestID): null

2022-10-12 10:02:35 - [TEST_STEP][PASSED] - if (findTestData(FileTestData).getValue(1, rowNum) == TestID): null

2022-10-12 10:02:35 - [TEST_STEP][PASSED] - if (findTestData(FileTestData).getValue(1, rowNum) == TestID): null

2022-10-12 10:02:35 - [TEST_STEP][PASSED] - if (findTestData(FileTestData).getValue(1, rowNum) == TestID): null

2022-10-12 10:02:35 - [TEST_STEP][PASSED] - println(listData): null

2022-10-12 10:02:35 - [TEST_STEP][PASSED] - callTestCase(findTestCase("Intermediate/Prerequisite1_Access_Immediate"), [:], STOP_ON_FAILURE): Call Test Case 'Test Cases/Intermediate/Prerequisite1_Access_Immediate' successfully

2022-10-12 10:02:35 - [TEST_CASE][PASSED] - Test Cases/Intermediate/Prerequisite1_Access_Immediate: Test Cases/Intermediate/Prerequisite1_Access_Immediate

2022-10-12 10:02:35 - [TEST_STEP][PASSED] - callTestCase(findTestCase("Launch_seleniumeasy_page"), [:], STOP_ON_FAILURE): Call Test Case 'Test Cases/Launch_seleniumeasy_page' successfully

2022-10-12 10:02:36 - [TEST_CASE][PASSED] - Test Cases/Launch_seleniumeasy_page: Test Cases/Launch_seleniumeasy_page

2022-10-12 10:02:36 - [TEST_STEP][PASSED] - openBrowser(""): Browser is opened with url: ''

2022-10-12 10:02:36 - [MESSAGE][INFO] - Starting 'Chrome' driver

2022-10-12 10:02:36 - [MESSAGE][INFO] - Action delay is set to 0 milliseconds

2022-10-12 10:02:38 - [MESSAGE][PASSED] - Browser is opened with url: ''

2022-10-12 10:02:38 - [TEST_STEP][PASSED] - maximizeWindow(): Current window maximized

2022-10-12 10:02:38 - [MESSAGE][PASSED] - Current window maximized

2022-10-12 10:02:38 - [TEST_STEP][PASSED] - navigateToUrl("https://demo.seleniumeasy.com/"): Navigate to 'https://demo.seleniumeasy.com/' successfully

2022-10-12 10:02:43 - [MESSAGE][PASSED] - Navigate to 'https://demo.seleniumeasy.com/' successfully

2022-10-12 10:02:43 - [MESSAGE][PASSED] - Call Test Case 'Test Cases/Launch_seleniumeasy_page' successfully

2022-10-12 10:02:43 - [TEST_STEP][PASSED] - if (verifyElementVisible(findTestObject("Main_page/Button_Start_Practicing"), OPTIONAL)): Object: 'Object Repository/Main_page/Button_Start_Practicing' is clicked on

2022-10-12 10:02:43 - [MESSAGE][PASSED] - Object 'Object Repository/Main_page/Button_Start_Practicing' is visible

2022-10-12 10:02:43 - [TEST_STEP][PASSED] - click(findTestObject("Main_page/Button_Start_Practicing")): Object: 'Object Repository/Main_page/Button_Start_Practicing' is clicked on

2022-10-12 10:02:44 - [MESSAGE][PASSED] - Object: 'Object Repository/Main_page/Button_Start_Practicing' is clicked on

2022-10-12 10:02:44 - [TEST_STEP][PASSED] - enhancedClick(findTestObject("Main_page/option_Intermediate")): Object: 'Object Repository/Main_page/option_Intermediate' is clicked on

2022-10-12 10:02:44 - [MESSAGE][PASSED] - Object: 'Object Repository/Main_page/option_Intermediate' is clicked on

2022-10-12 10:02:44 - [TEST_STEP][PASSED] - verifyElementVisible(findTestObject("Intermediate/text_Intermediate"), STOP_ON_FAILURE): Object 'Object Repository/Intermediate/text_Intermediate' is visible

2022-10-12 10:02:45 - [MESSAGE][PASSED] - Object 'Object Repository/Intermediate/text_Intermediate' is visible

2022-10-12 10:02:45 - [MESSAGE][PASSED] - Call Test Case 'Test Cases/Intermediate/Prerequisite1_Access_Immediate' successfully

2022-10-12 10:02:45 - [TEST_STEP][PASSED] - click(findTestObject("Intermediate/option_JQueryListBox")): Object: 'Object Repository/Intermediate/option_JQueryListBox' is clicked on

2022-10-12 10:02:46 - [MESSAGE][PASSED] - Object: 'Object Repository/Intermediate/option_JQueryListBox' is clicked on

2022-10-12 10:02:46 - [TEST_STEP][PASSED] - click(findTestObject("Intermediate/5_JQuery_List_Box/button_Add_All")): Object: 'Object Repository/Intermediate/5_JQuery_List_Box/button_Add_All' is clicked on

2022-10-12 10:02:47 - [MESSAGE][PASSED] - Object: 'Object Repository/Intermediate/5_JQuery_List_Box/button_Add_All' is clicked on

2022-10-12 10:02:47 - [TEST_STEP][PASSED] - for ([i = 0, i < length, (i++)]): Object 'Object Repository/Intermediate/5_JQuery_List_Box/dynamic_items_in_right' is present

2022-10-12 10:02:47 - [TEST_STEP][PASSED] - verifyElementNotPresent(findTestObject("Intermediate/5_JQuery_List_Box/dynamic_items_in_left", ["item":listData[i]]), 2): Web element with id: 'Object Repository/Intermediate/5_JQuery_List_Box/dynamic_items_in_left' located by 'By.xpath: //select[contains(@class,"pickData")]//option[text()="Isis"]' is not present after '2' second(s)

2022-10-12 10:02:47 - [MESSAGE][PASSED] - Web element with id: 'Object Repository/Intermediate/5_JQuery_List_Box/dynamic_items_in_left' located by 'By.xpath: //select[contains(@class,"pickData")]//option[text()="Isis"]' is not present after '2' second(s)

2022-10-12 10:02:47 - [TEST_STEP][PASSED] - verifyElementPresent(findTestObject("Intermediate/5_JQuery_List_Box/dynamic_items_in_right", ["item":listData[i]]), 2): Object 'Object Repository/Intermediate/5_JQuery_List_Box/dynamic_items_in_right' is present

2022-10-12 10:02:48 - [MESSAGE][PASSED] - Object 'Object Repository/Intermediate/5_JQuery_List_Box/dynamic_items_in_right' is present

2022-10-12 10:02:48 - [TEST_STEP][PASSED] - verifyElementNotPresent(findTestObject("Intermediate/5_JQuery_List_Box/dynamic_items_in_left", ["item":listData[i]]), 2): Web element with id: 'Object Repository/Intermediate/5_JQuery_List_Box/dynamic_items_in_left' located by 'By.xpath: //select[contains(@class,"pickData")]//option[text()="Sophia"]' is not present after '2' second(s)

2022-10-12 10:02:48 - [MESSAGE][PASSED] - Web element with id: 'Object Repository/Intermediate/5_JQuery_List_Box/dynamic_items_in_left' located by 'By.xpath: //select[contains(@class,"pickData")]//option[text()="Sophia"]' is not present after '2' second(s)

2022-10-12 10:02:48 - [TEST_STEP][PASSED] - verifyElementPresent(findTestObject("Intermediate/5_JQuery_List_Box/dynamic_items_in_right", ["item":listData[i]]), 2): Object 'Object Repository/Intermediate/5_JQuery_List_Box/dynamic_items_in_right' is present

2022-10-12 10:02:48 - [MESSAGE][PASSED] - Object 'Object Repository/Intermediate/5_JQuery_List_Box/dynamic_items_in_right' is present

2022-10-12 10:02:48 - [TEST_STEP][PASSED] - verifyElementNotPresent(findTestObject("Intermediate/5_JQuery_List_Box/dynamic_items_in_left", ["item":listData[i]]), 2): Web element with id: 'Object Repository/Intermediate/5_JQuery_List_Box/dynamic_items_in_left' located by 'By.xpath: //select[contains(@class,"pickData")]//option[text()="Alice"]' is not present after '2' second(s)

2022-10-12 10:02:49 - [MESSAGE][PASSED] - Web element with id: 'Object Repository/Intermediate/5_JQuery_List_Box/dynamic_items_in_left' located by 'By.xpath: //select[contains(@class,"pickData")]//option[text()="Alice"]' is not present after '2' second(s)

2022-10-12 10:02:49 - [TEST_STEP][PASSED] - verifyElementPresent(findTestObject("Intermediate/5_JQuery_List_Box/dynamic_items_in_right", ["item":listData[i]]), 2): Object 'Object Repository/Intermediate/5_JQuery_List_Box/dynamic_items_in_right' is present

2022-10-12 10:02:49 - [MESSAGE][PASSED] - Object 'Object Repository/Intermediate/5_JQuery_List_Box/dynamic_items_in_right' is present

2022-10-12 10:02:49 - [TEST_STEP][PASSED] - verifyElementNotPresent(findTestObject("Intermediate/5_JQuery_List_Box/dynamic_items_in_left", ["item":listData[i]]), 2): Web element with id: 'Object Repository/Intermediate/5_JQuery_List_Box/dynamic_items_in_left' located by 'By.xpath: //select[contains(@class,"pickData")]//option[text()="Isabella"]' is not present after '2' second(s)

2022-10-12 10:02:50 - [MESSAGE][PASSED] - Web element with id: 'Object Repository/Intermediate/5_JQuery_List_Box/dynamic_items_in_left' located by 'By.xpath: //select[contains(@class,"pickData")]//option[text()="Isabella"]' is not present after '2' second(s)

2022-10-12 10:02:50 - [TEST_STEP][PASSED] - verifyElementPresent(findTestObject("Intermediate/5_JQuery_List_Box/dynamic_items_in_right", ["item":listData[i]]), 2): Object 'Object Repository/Intermediate/5_JQuery_List_Box/dynamic_items_in_right' is present

2022-10-12 10:02:50 - [MESSAGE][PASSED] - Object 'Object Repository/Intermediate/5_JQuery_List_Box/dynamic_items_in_right' is present

2022-10-12 10:02:50 - [TEST_STEP][PASSED] - verifyElementNotPresent(findTestObject("Intermediate/5_JQuery_List_Box/dynamic_items_in_left", ["item":listData[i]]), 2): Web element with id: 'Object Repository/Intermediate/5_JQuery_List_Box/dynamic_items_in_left' located by 'By.xpath: //select[contains(@class,"pickData")]//option[text()="Manuela"]' is not present after '2' second(s)

2022-10-12 10:02:50 - [MESSAGE][PASSED] - Web element with id: 'Object Repository/Intermediate/5_JQuery_List_Box/dynamic_items_in_left' located by 'By.xpath: //select[contains(@class,"pickData")]//option[text()="Manuela"]' is not present after '2' second(s)

2022-10-12 10:02:50 - [TEST_STEP][PASSED] - verifyElementPresent(findTestObject("Intermediate/5_JQuery_List_Box/dynamic_items_in_right", ["item":listData[i]]), 2): Object 'Object Repository/Intermediate/5_JQuery_List_Box/dynamic_items_in_right' is present

2022-10-12 10:02:51 - [MESSAGE][PASSED] - Object 'Object Repository/Intermediate/5_JQuery_List_Box/dynamic_items_in_right' is present

2022-10-12 10:02:51 - [TEST_STEP][PASSED] - verifyElementNotPresent(findTestObject("Intermediate/5_JQuery_List_Box/dynamic_items_in_left", ["item":listData[i]]), 2): Web element with id: 'Object Repository/Intermediate/5_JQuery_List_Box/dynamic_items_in_left' located by 'By.xpath: //select[contains(@class,"pickData")]//option[text()="Laura"]' is not present after '2' second(s)

2022-10-12 10:02:51 - [MESSAGE][PASSED] - Web element with id: 'Object Repository/Intermediate/5_JQuery_List_Box/dynamic_items_in_left' located by 'By.xpath: //select[contains(@class,"pickData")]//option[text()="Laura"]' is not present after '2' second(s)

2022-10-12 10:02:51 - [TEST_STEP][PASSED] - verifyElementPresent(findTestObject("Intermediate/5_JQuery_List_Box/dynamic_items_in_right", ["item":listData[i]]), 2): Object 'Object Repository/Intermediate/5_JQuery_List_Box/dynamic_items_in_right' is present

2022-10-12 10:02:51 - [MESSAGE][PASSED] - Object 'Object Repository/Intermediate/5_JQuery_List_Box/dynamic_items_in_right' is present

2022-10-12 10:02:51 - [TEST_STEP][PASSED] - verifyElementNotPresent(findTestObject("Intermediate/5_JQuery_List_Box/dynamic_items_in_left", ["item":listData[i]]), 2): Web element with id: 'Object Repository/Intermediate/5_JQuery_List_Box/dynamic_items_in_left' located by 'By.xpath: //select[contains(@class,"pickData")]//option[text()="Luiza"]' is not present after '2' second(s)

2022-10-12 10:02:52 - [MESSAGE][PASSED] - Web element with id: 'Object Repository/Intermediate/5_JQuery_List_Box/dynamic_items_in_left' located by 'By.xpath: //select[contains(@class,"pickData")]//option[text()="Luiza"]' is not present after '2' second(s)

2022-10-12 10:02:52 - [TEST_STEP][PASSED] - verifyElementPresent(findTestObject("Intermediate/5_JQuery_List_Box/dynamic_items_in_right", ["item":listData[i]]), 2): Object 'Object Repository/Intermediate/5_JQuery_List_Box/dynamic_items_in_right' is present

2022-10-12 10:02:52 - [MESSAGE][PASSED] - Object 'Object Repository/Intermediate/5_JQuery_List_Box/dynamic_items_in_right' is present

2022-10-12 10:02:52 - [TEST_STEP][PASSED] - verifyElementNotPresent(findTestObject("Intermediate/5_JQuery_List_Box/dynamic_items_in_left", ["item":listData[i]]), 2): Web element with id: 'Object Repository/Intermediate/5_JQuery_List_Box/dynamic_items_in_left' located by 'By.xpath: //select[contains(@class,"pickData")]//option[text()="Valentina"]' is not present after '2' second(s)

2022-10-12 10:02:53 - [MESSAGE][PASSED] - Web element with id: 'Object Repository/Intermediate/5_JQuery_List_Box/dynamic_items_in_left' located by 'By.xpath: //select[contains(@class,"pickData")]//option[text()="Valentina"]' is not present after '2' second(s)

2022-10-12 10:02:53 - [TEST_STEP][PASSED] - verifyElementPresent(findTestObject("Intermediate/5_JQuery_List_Box/dynamic_items_in_right", ["item":listData[i]]), 2): Object 'Object Repository/Intermediate/5_JQuery_List_Box/dynamic_items_in_right' is present

2022-10-12 10:02:53 - [MESSAGE][PASSED] - Object 'Object Repository/Intermediate/5_JQuery_List_Box/dynamic_items_in_right' is present

2022-10-12 10:02:53 - [TEST_STEP][PASSED] - verifyElementNotPresent(findTestObject("Intermediate/5_JQuery_List_Box/dynamic_items_in_left", ["item":listData[i]]), 2): Web element with id: 'Object Repository/Intermediate/5_JQuery_List_Box/dynamic_items_in_left' located by 'By.xpath: //select[contains(@class,"pickData")]//option[text()="Giovanna"]' is not present after '2' second(s)

2022-10-12 10:02:53 - [MESSAGE][PASSED] - Web element with id: 'Object Repository/Intermediate/5_JQuery_List_Box/dynamic_items_in_left' located by 'By.xpath: //select[contains(@class,"pickData")]//option[text()="Giovanna"]' is not present after '2' second(s)

2022-10-12 10:02:53 - [TEST_STEP][PASSED] - verifyElementPresent(findTestObject("Intermediate/5_JQuery_List_Box/dynamic_items_in_right", ["item":listData[i]]), 2): Object 'Object Repository/Intermediate/5_JQuery_List_Box/dynamic_items_in_right' is present

2022-10-12 10:02:54 - [MESSAGE][PASSED] - Object 'Object Repository/Intermediate/5_JQuery_List_Box/dynamic_items_in_right' is present

2022-10-12 10:02:54 - [TEST_STEP][PASSED] - verifyElementNotPresent(findTestObject("Intermediate/5_JQuery_List_Box/dynamic_items_in_left", ["item":listData[i]]), 2): Web element with id: 'Object Repository/Intermediate/5_JQuery_List_Box/dynamic_items_in_left' located by 'By.xpath: //select[contains(@class,"pickData")]//option[text()="Maria Eduarda"]' is not present after '2' second(s)

2022-10-12 10:02:54 - [MESSAGE][PASSED] - Web element with id: 'Object Repository/Intermediate/5_JQuery_List_Box/dynamic_items_in_left' located by 'By.xpath: //select[contains(@class,"pickData")]//option[text()="Maria Eduarda"]' is not present after '2' second(s)

2022-10-12 10:02:54 - [TEST_STEP][PASSED] - verifyElementPresent(findTestObject("Intermediate/5_JQuery_List_Box/dynamic_items_in_right", ["item":listData[i]]), 2): Object 'Object Repository/Intermediate/5_JQuery_List_Box/dynamic_items_in_right' is present

2022-10-12 10:02:54 - [MESSAGE][PASSED] - Object 'Object Repository/Intermediate/5_JQuery_List_Box/dynamic_items_in_right' is present

2022-10-12 10:02:54 - [TEST_STEP][PASSED] - verifyElementNotPresent(findTestObject("Intermediate/5_JQuery_List_Box/dynamic_items_in_left", ["item":listData[i]]), 2): Web element with id: 'Object Repository/Intermediate/5_JQuery_List_Box/dynamic_items_in_left' located by 'By.xpath: //select[contains(@class,"pickData")]//option[text()="Helena"]' is not present after '2' second(s)

2022-10-12 10:02:55 - [MESSAGE][PASSED] - Web element with id: 'Object Repository/Intermediate/5_JQuery_List_Box/dynamic_items_in_left' located by 'By.xpath: //select[contains(@class,"pickData")]//option[text()="Helena"]' is not present after '2' second(s)

2022-10-12 10:02:55 - [TEST_STEP][PASSED] - verifyElementPresent(findTestObject("Intermediate/5_JQuery_List_Box/dynamic_items_in_right", ["item":listData[i]]), 2): Object 'Object Repository/Intermediate/5_JQuery_List_Box/dynamic_items_in_right' is present

2022-10-12 10:02:55 - [MESSAGE][PASSED] - Object 'Object Repository/Intermediate/5_JQuery_List_Box/dynamic_items_in_right' is present

2022-10-12 10:02:55 - [TEST_STEP][PASSED] - verifyElementNotPresent(findTestObject("Intermediate/5_JQuery_List_Box/dynamic_items_in_left", ["item":listData[i]]), 2): Web element with id: 'Object Repository/Intermediate/5_JQuery_List_Box/dynamic_items_in_left' located by 'By.xpath: //select[contains(@class,"pickData")]//option[text()="Beatriz"]' is not present after '2' second(s)

2022-10-12 10:02:56 - [MESSAGE][PASSED] - Web element with id: 'Object Repository/Intermediate/5_JQuery_List_Box/dynamic_items_in_left' located by 'By.xpath: //select[contains(@class,"pickData")]//option[text()="Beatriz"]' is not present after '2' second(s)

2022-10-12 10:02:56 - [TEST_STEP][PASSED] - verifyElementPresent(findTestObject("Intermediate/5_JQuery_List_Box/dynamic_items_in_right", ["item":listData[i]]), 2): Object 'Object Repository/Intermediate/5_JQuery_List_Box/dynamic_items_in_right' is present

2022-10-12 10:02:56 - [MESSAGE][PASSED] - Object 'Object Repository/Intermediate/5_JQuery_List_Box/dynamic_items_in_right' is present

2022-10-12 10:02:56 - [TEST_STEP][PASSED] - verifyElementNotPresent(findTestObject("Intermediate/5_JQuery_List_Box/dynamic_items_in_left", ["item":listData[i]]), 2): Web element with id: 'Object Repository/Intermediate/5_JQuery_List_Box/dynamic_items_in_left' located by 'By.xpath: //select[contains(@class,"pickData")]//option[text()="Maria Luiza"]' is not present after '2' second(s)

2022-10-12 10:02:57 - [MESSAGE][PASSED] - Web element with id: 'Object Repository/Intermediate/5_JQuery_List_Box/dynamic_items_in_left' located by 'By.xpath: //select[contains(@class,"pickData")]//option[text()="Maria Luiza"]' is not present after '2' second(s)

2022-10-12 10:02:57 - [TEST_STEP][PASSED] - verifyElementPresent(findTestObject("Intermediate/5_JQuery_List_Box/dynamic_items_in_right", ["item":listData[i]]), 2): Object 'Object Repository/Intermediate/5_JQuery_List_Box/dynamic_items_in_right' is present

2022-10-12 10:02:57 - [MESSAGE][PASSED] - Object 'Object Repository/Intermediate/5_JQuery_List_Box/dynamic_items_in_right' is present

2022-10-12 10:02:57 - [TEST_STEP][PASSED] - verifyElementNotPresent(findTestObject("Intermediate/5_JQuery_List_Box/dynamic_items_in_left", ["item":listData[i]]), 2): Web element with id: 'Object Repository/Intermediate/5_JQuery_List_Box/dynamic_items_in_left' located by 'By.xpath: //select[contains(@class,"pickData")]//option[text()="Lara"]' is not present after '2' second(s)

2022-10-12 10:02:57 - [MESSAGE][PASSED] - Web element with id: 'Object Repository/Intermediate/5_JQuery_List_Box/dynamic_items_in_left' located by 'By.xpath: //select[contains(@class,"pickData")]//option[text()="Lara"]' is not present after '2' second(s)

2022-10-12 10:02:57 - [TEST_STEP][PASSED] - verifyElementPresent(findTestObject("Intermediate/5_JQuery_List_Box/dynamic_items_in_right", ["item":listData[i]]), 2): Object 'Object Repository/Intermediate/5_JQuery_List_Box/dynamic_items_in_right' is present

2022-10-12 10:02:58 - [MESSAGE][PASSED] - Object 'Object Repository/Intermediate/5_JQuery_List_Box/dynamic_items_in_right' is present

2022-10-12 10:02:58 - [TEST_STEP][PASSED] - verifyElementNotPresent(findTestObject("Intermediate/5_JQuery_List_Box/dynamic_items_in_left", ["item":listData[i]]), 2): Web element with id: 'Object Repository/Intermediate/5_JQuery_List_Box/dynamic_items_in_left' located by 'By.xpath: //select[contains(@class,"pickData")]//option[text()="Julia"]' is not present after '2' second(s)

2022-10-12 10:02:58 - [MESSAGE][PASSED] - Web element with id: 'Object Repository/Intermediate/5_JQuery_List_Box/dynamic_items_in_left' located by 'By.xpath: //select[contains(@class,"pickData")]//option[text()="Julia"]' is not present after '2' second(s)

2022-10-12 10:02:58 - [TEST_STEP][PASSED] - verifyElementPresent(findTestObject("Intermediate/5_JQuery_List_Box/dynamic_items_in_right", ["item":listData[i]]), 2): Object 'Object Repository/Intermediate/5_JQuery_List_Box/dynamic_items_in_right' is present

2022-10-12 10:02:58 - [MESSAGE][PASSED] - Object 'Object Repository/Intermediate/5_JQuery_List_Box/dynamic_items_in_right' is present]]></system-out>
         <system-err><![CDATA[]]></system-err>
      </testcase>
      <testcase name="Test Cases/Intermediate/5_JQuery_List_Box/JQLB6_select_single_item_and_click_Remove" time="35.718" classname="Test Cases/Intermediate/5_JQuery_List_Box/JQLB6_select_single_item_and_click_Remove" status="PASSED">
         <system-out><![CDATA[2022-10-12 10:02:58 - [TEST_CASE][PASSED] - Test Cases/Intermediate/5_JQuery_List_Box/JQLB6_select_single_item_and_click_Remove: Test Cases/Intermediate/5_JQuery_List_Box/JQLB6_select_single_item_and_click_Remove

2022-10-12 10:02:59 - [TEST_STEP][PASSED] - TestID = "TEST-00006": null

2022-10-12 10:02:59 - [TEST_STEP][PASSED] - FileTestData = "TestData_Sheet6": null

2022-10-12 10:02:59 - [TEST_STEP][PASSED] - totalRow = findTestData(FileTestData).getRowNumbers(): null

2022-10-12 10:02:59 - [TEST_STEP][PASSED] - totalColumn = findTestData(FileTestData).getColumnNumbers(): null

2022-10-12 10:02:59 - [TEST_STEP][PASSED] - rowNum = 1: null

2022-10-12 10:02:59 - [TEST_STEP][PASSED] - arrayLength = 0: null

2022-10-12 10:02:59 - [TEST_STEP][PASSED] - for ([rowNum, rowNum < totalRow, (rowNum++)]): null

2022-10-12 10:02:59 - [TEST_STEP][PASSED] - if (findTestData(FileTestData).getValue(1, rowNum) == TestID): null

2022-10-12 10:02:59 - [TEST_STEP][PASSED] - if (findTestData(FileTestData).getValue(1, rowNum) == TestID): null

2022-10-12 10:02:59 - [TEST_STEP][PASSED] - if (findTestData(FileTestData).getValue(1, rowNum) == TestID): null

2022-10-12 10:02:59 - [TEST_STEP][PASSED] - if (findTestData(FileTestData).getValue(1, rowNum) == TestID): null

2022-10-12 10:02:59 - [TEST_STEP][PASSED] - if (findTestData(FileTestData).getValue(1, rowNum) == TestID): null

2022-10-12 10:02:59 - [TEST_STEP][PASSED] - if (findTestData(FileTestData).getValue(1, rowNum) == TestID): null

2022-10-12 10:02:59 - [TEST_STEP][PASSED] - break: null

2022-10-12 10:02:59 - [TEST_STEP][PASSED] - println("Row number is: " + rowNum): null

2022-10-12 10:02:59 - [TEST_STEP][PASSED] - for ([i = 0, i < totalColumn - 1, (i++)]): null

2022-10-12 10:02:59 - [TEST_STEP][PASSED] - if (findTestData(FileTestData).getValue(i + 2, rowNum) == ""): null

2022-10-12 10:02:59 - [TEST_STEP][PASSED] - (arrayLength++): null

2022-10-12 10:02:59 - [TEST_STEP][PASSED] - if (findTestData(FileTestData).getValue(i + 2, rowNum) == ""): null

2022-10-12 10:03:00 - [TEST_STEP][PASSED] - (arrayLength++): null

2022-10-12 10:03:00 - [TEST_STEP][PASSED] - if (findTestData(FileTestData).getValue(i + 2, rowNum) == ""): null

2022-10-12 10:03:00 - [TEST_STEP][PASSED] - (arrayLength++): null

2022-10-12 10:03:00 - [TEST_STEP][PASSED] - if (findTestData(FileTestData).getValue(i + 2, rowNum) == ""): null

2022-10-12 10:03:00 - [TEST_STEP][PASSED] - (arrayLength++): null

2022-10-12 10:03:00 - [TEST_STEP][PASSED] - if (findTestData(FileTestData).getValue(i + 2, rowNum) == ""): null

2022-10-12 10:03:00 - [TEST_STEP][PASSED] - (arrayLength++): null

2022-10-12 10:03:00 - [TEST_STEP][PASSED] - if (findTestData(FileTestData).getValue(i + 2, rowNum) == ""): null

2022-10-12 10:03:00 - [TEST_STEP][PASSED] - break: null

2022-10-12 10:03:00 - [TEST_STEP][PASSED] - println("Array length is: " + arrayLength): null

2022-10-12 10:03:00 - [TEST_STEP][PASSED] - listData = []: null

2022-10-12 10:03:00 - [TEST_STEP][PASSED] - for ([rowNum = 1, rowNum < totalRow, (rowNum++)]): null

2022-10-12 10:03:00 - [TEST_STEP][PASSED] - if (findTestData(FileTestData).getValue(1, rowNum) == TestID): null

2022-10-12 10:03:00 - [TEST_STEP][PASSED] - if (findTestData(FileTestData).getValue(1, rowNum) == TestID): null

2022-10-12 10:03:00 - [TEST_STEP][PASSED] - if (findTestData(FileTestData).getValue(1, rowNum) == TestID): null

2022-10-12 10:03:00 - [TEST_STEP][PASSED] - if (findTestData(FileTestData).getValue(1, rowNum) == TestID): null

2022-10-12 10:03:00 - [TEST_STEP][PASSED] - if (findTestData(FileTestData).getValue(1, rowNum) == TestID): null

2022-10-12 10:03:00 - [TEST_STEP][PASSED] - if (findTestData(FileTestData).getValue(1, rowNum) == TestID): null

2022-10-12 10:03:00 - [TEST_STEP][PASSED] - for ([i = 0, i < arrayLength, (i++)]): null

2022-10-12 10:03:00 - [TEST_STEP][PASSED] - if (findTestData(FileTestData).getValue(i + 2, 1) == ""): null

2022-10-12 10:03:00 - [TEST_STEP][PASSED] - listData[i] = findTestData(FileTestData).getValue(i + 2, rowNum): null

2022-10-12 10:03:00 - [TEST_STEP][PASSED] - if (findTestData(FileTestData).getValue(i + 2, 1) == ""): null

2022-10-12 10:03:00 - [TEST_STEP][PASSED] - listData[i] = findTestData(FileTestData).getValue(i + 2, rowNum): null

2022-10-12 10:03:00 - [TEST_STEP][PASSED] - if (findTestData(FileTestData).getValue(i + 2, 1) == ""): null

2022-10-12 10:03:01 - [TEST_STEP][PASSED] - listData[i] = findTestData(FileTestData).getValue(i + 2, rowNum): null

2022-10-12 10:03:01 - [TEST_STEP][PASSED] - if (findTestData(FileTestData).getValue(i + 2, 1) == ""): null

2022-10-12 10:03:01 - [TEST_STEP][PASSED] - listData[i] = findTestData(FileTestData).getValue(i + 2, rowNum): null

2022-10-12 10:03:01 - [TEST_STEP][PASSED] - if (findTestData(FileTestData).getValue(i + 2, 1) == ""): null

2022-10-12 10:03:01 - [TEST_STEP][PASSED] - listData[i] = findTestData(FileTestData).getValue(i + 2, rowNum): null

2022-10-12 10:03:01 - [TEST_STEP][PASSED] - if (findTestData(FileTestData).getValue(1, rowNum) == TestID): null

2022-10-12 10:03:01 - [TEST_STEP][PASSED] - if (findTestData(FileTestData).getValue(1, rowNum) == TestID): null

2022-10-12 10:03:01 - [TEST_STEP][PASSED] - if (findTestData(FileTestData).getValue(1, rowNum) == TestID): null

2022-10-12 10:03:01 - [TEST_STEP][PASSED] - println(listData): null

2022-10-12 10:03:01 - [TEST_STEP][PASSED] - callTestCase(findTestCase("Intermediate/Prerequisite1_Access_Immediate"), [:], STOP_ON_FAILURE): Call Test Case 'Test Cases/Intermediate/Prerequisite1_Access_Immediate' successfully

2022-10-12 10:03:01 - [TEST_CASE][PASSED] - Test Cases/Intermediate/Prerequisite1_Access_Immediate: Test Cases/Intermediate/Prerequisite1_Access_Immediate

2022-10-12 10:03:01 - [TEST_STEP][PASSED] - callTestCase(findTestCase("Launch_seleniumeasy_page"), [:], STOP_ON_FAILURE): Call Test Case 'Test Cases/Launch_seleniumeasy_page' successfully

2022-10-12 10:03:01 - [TEST_CASE][PASSED] - Test Cases/Launch_seleniumeasy_page: Test Cases/Launch_seleniumeasy_page

2022-10-12 10:03:01 - [TEST_STEP][PASSED] - openBrowser(""): Browser is opened with url: ''

2022-10-12 10:03:01 - [MESSAGE][WARNING] - A browser is already opened. Closing browser and opening a new one

2022-10-12 10:03:02 - [MESSAGE][INFO] - Starting 'Chrome' driver

2022-10-12 10:03:02 - [MESSAGE][INFO] - Action delay is set to 0 milliseconds

2022-10-12 10:03:04 - [MESSAGE][PASSED] - Browser is opened with url: ''

2022-10-12 10:03:04 - [TEST_STEP][PASSED] - maximizeWindow(): Current window maximized

2022-10-12 10:03:05 - [MESSAGE][PASSED] - Current window maximized

2022-10-12 10:03:05 - [TEST_STEP][PASSED] - navigateToUrl("https://demo.seleniumeasy.com/"): Navigate to 'https://demo.seleniumeasy.com/' successfully

2022-10-12 10:03:17 - [MESSAGE][PASSED] - Navigate to 'https://demo.seleniumeasy.com/' successfully

2022-10-12 10:03:17 - [MESSAGE][PASSED] - Call Test Case 'Test Cases/Launch_seleniumeasy_page' successfully

2022-10-12 10:03:17 - [TEST_STEP][PASSED] - if (verifyElementVisible(findTestObject("Main_page/Button_Start_Practicing"), OPTIONAL)): Object: 'Object Repository/Main_page/Button_Start_Practicing' is clicked on

2022-10-12 10:03:18 - [MESSAGE][PASSED] - Object 'Object Repository/Main_page/Button_Start_Practicing' is visible

2022-10-12 10:03:19 - [TEST_STEP][PASSED] - click(findTestObject("Main_page/Button_Start_Practicing")): Object: 'Object Repository/Main_page/Button_Start_Practicing' is clicked on

2022-10-12 10:03:19 - [MESSAGE][PASSED] - Object: 'Object Repository/Main_page/Button_Start_Practicing' is clicked on

2022-10-12 10:03:19 - [TEST_STEP][PASSED] - enhancedClick(findTestObject("Main_page/option_Intermediate")): Object: 'Object Repository/Main_page/option_Intermediate' is clicked on

2022-10-12 10:03:19 - [MESSAGE][PASSED] - Object: 'Object Repository/Main_page/option_Intermediate' is clicked on

2022-10-12 10:03:19 - [TEST_STEP][PASSED] - verifyElementVisible(findTestObject("Intermediate/text_Intermediate"), STOP_ON_FAILURE): Object 'Object Repository/Intermediate/text_Intermediate' is visible

2022-10-12 10:03:20 - [MESSAGE][PASSED] - Object 'Object Repository/Intermediate/text_Intermediate' is visible

2022-10-12 10:03:20 - [MESSAGE][PASSED] - Call Test Case 'Test Cases/Intermediate/Prerequisite1_Access_Immediate' successfully

2022-10-12 10:03:20 - [TEST_STEP][PASSED] - click(findTestObject("Intermediate/option_JQueryListBox")): Object: 'Object Repository/Intermediate/option_JQueryListBox' is clicked on

2022-10-12 10:03:24 - [MESSAGE][PASSED] - Object: 'Object Repository/Intermediate/option_JQueryListBox' is clicked on

2022-10-12 10:03:24 - [TEST_STEP][PASSED] - click(findTestObject("Intermediate/5_JQuery_List_Box/button_Add_All")): Object: 'Object Repository/Intermediate/5_JQuery_List_Box/button_Add_All' is clicked on

2022-10-12 10:03:25 - [MESSAGE][PASSED] - Object: 'Object Repository/Intermediate/5_JQuery_List_Box/button_Add_All' is clicked on

2022-10-12 10:03:25 - [TEST_STEP][PASSED] - for ([i = 0, i < length, (i++)]): Object 'Object Repository/Intermediate/5_JQuery_List_Box/dynamic_items_in_left' is present

2022-10-12 10:03:25 - [TEST_STEP][PASSED] - click(findTestObject("Intermediate/5_JQuery_List_Box/dynamic_items_in_right", ["item":listData[i]])): Object: 'Object Repository/Intermediate/5_JQuery_List_Box/dynamic_items_in_right' is clicked on

2022-10-12 10:03:25 - [MESSAGE][PASSED] - Object: 'Object Repository/Intermediate/5_JQuery_List_Box/dynamic_items_in_right' is clicked on

2022-10-12 10:03:25 - [TEST_STEP][PASSED] - click(findTestObject("Intermediate/5_JQuery_List_Box/button_Remove")): Object: 'Object Repository/Intermediate/5_JQuery_List_Box/button_Remove' is clicked on

2022-10-12 10:03:26 - [MESSAGE][PASSED] - Object: 'Object Repository/Intermediate/5_JQuery_List_Box/button_Remove' is clicked on

2022-10-12 10:03:26 - [TEST_STEP][PASSED] - verifyElementNotPresent(findTestObject("Intermediate/5_JQuery_List_Box/dynamic_items_in_right", ["item":listData[i]]), 2): Web element with id: 'Object Repository/Intermediate/5_JQuery_List_Box/dynamic_items_in_right' located by 'By.xpath: //select[contains(@class,"pickListResult")]//option[text()="Isis"]' is not present after '2' second(s)

2022-10-12 10:03:26 - [MESSAGE][PASSED] - Web element with id: 'Object Repository/Intermediate/5_JQuery_List_Box/dynamic_items_in_right' located by 'By.xpath: //select[contains(@class,"pickListResult")]//option[text()="Isis"]' is not present after '2' second(s)

2022-10-12 10:03:26 - [TEST_STEP][PASSED] - verifyElementPresent(findTestObject("Intermediate/5_JQuery_List_Box/dynamic_items_in_left", ["item":listData[i]]), 2): Object 'Object Repository/Intermediate/5_JQuery_List_Box/dynamic_items_in_left' is present

2022-10-12 10:03:26 - [MESSAGE][PASSED] - Object 'Object Repository/Intermediate/5_JQuery_List_Box/dynamic_items_in_left' is present

2022-10-12 10:03:26 - [TEST_STEP][PASSED] - click(findTestObject("Intermediate/5_JQuery_List_Box/dynamic_items_in_right", ["item":listData[i]])): Object: 'Object Repository/Intermediate/5_JQuery_List_Box/dynamic_items_in_right' is clicked on

2022-10-12 10:03:27 - [MESSAGE][PASSED] - Object: 'Object Repository/Intermediate/5_JQuery_List_Box/dynamic_items_in_right' is clicked on

2022-10-12 10:03:27 - [TEST_STEP][PASSED] - click(findTestObject("Intermediate/5_JQuery_List_Box/button_Remove")): Object: 'Object Repository/Intermediate/5_JQuery_List_Box/button_Remove' is clicked on

2022-10-12 10:03:27 - [MESSAGE][PASSED] - Object: 'Object Repository/Intermediate/5_JQuery_List_Box/button_Remove' is clicked on

2022-10-12 10:03:27 - [TEST_STEP][PASSED] - verifyElementNotPresent(findTestObject("Intermediate/5_JQuery_List_Box/dynamic_items_in_right", ["item":listData[i]]), 2): Web element with id: 'Object Repository/Intermediate/5_JQuery_List_Box/dynamic_items_in_right' located by 'By.xpath: //select[contains(@class,"pickListResult")]//option[text()="Alice"]' is not present after '2' second(s)

2022-10-12 10:03:28 - [MESSAGE][PASSED] - Web element with id: 'Object Repository/Intermediate/5_JQuery_List_Box/dynamic_items_in_right' located by 'By.xpath: //select[contains(@class,"pickListResult")]//option[text()="Alice"]' is not present after '2' second(s)

2022-10-12 10:03:28 - [TEST_STEP][PASSED] - verifyElementPresent(findTestObject("Intermediate/5_JQuery_List_Box/dynamic_items_in_left", ["item":listData[i]]), 2): Object 'Object Repository/Intermediate/5_JQuery_List_Box/dynamic_items_in_left' is present

2022-10-12 10:03:28 - [MESSAGE][PASSED] - Object 'Object Repository/Intermediate/5_JQuery_List_Box/dynamic_items_in_left' is present

2022-10-12 10:03:28 - [TEST_STEP][PASSED] - click(findTestObject("Intermediate/5_JQuery_List_Box/dynamic_items_in_right", ["item":listData[i]])): Object: 'Object Repository/Intermediate/5_JQuery_List_Box/dynamic_items_in_right' is clicked on

2022-10-12 10:03:28 - [MESSAGE][PASSED] - Object: 'Object Repository/Intermediate/5_JQuery_List_Box/dynamic_items_in_right' is clicked on

2022-10-12 10:03:28 - [TEST_STEP][PASSED] - click(findTestObject("Intermediate/5_JQuery_List_Box/button_Remove")): Object: 'Object Repository/Intermediate/5_JQuery_List_Box/button_Remove' is clicked on

2022-10-12 10:03:29 - [MESSAGE][PASSED] - Object: 'Object Repository/Intermediate/5_JQuery_List_Box/button_Remove' is clicked on

2022-10-12 10:03:29 - [TEST_STEP][PASSED] - verifyElementNotPresent(findTestObject("Intermediate/5_JQuery_List_Box/dynamic_items_in_right", ["item":listData[i]]), 2): Web element with id: 'Object Repository/Intermediate/5_JQuery_List_Box/dynamic_items_in_right' located by 'By.xpath: //select[contains(@class,"pickListResult")]//option[text()="Manuela"]' is not present after '2' second(s)

2022-10-12 10:03:29 - [MESSAGE][PASSED] - Web element with id: 'Object Repository/Intermediate/5_JQuery_List_Box/dynamic_items_in_right' located by 'By.xpath: //select[contains(@class,"pickListResult")]//option[text()="Manuela"]' is not present after '2' second(s)

2022-10-12 10:03:29 - [TEST_STEP][PASSED] - verifyElementPresent(findTestObject("Intermediate/5_JQuery_List_Box/dynamic_items_in_left", ["item":listData[i]]), 2): Object 'Object Repository/Intermediate/5_JQuery_List_Box/dynamic_items_in_left' is present

2022-10-12 10:03:30 - [MESSAGE][PASSED] - Object 'Object Repository/Intermediate/5_JQuery_List_Box/dynamic_items_in_left' is present

2022-10-12 10:03:30 - [TEST_STEP][PASSED] - click(findTestObject("Intermediate/5_JQuery_List_Box/dynamic_items_in_right", ["item":listData[i]])): Object: 'Object Repository/Intermediate/5_JQuery_List_Box/dynamic_items_in_right' is clicked on

2022-10-12 10:03:30 - [MESSAGE][PASSED] - Object: 'Object Repository/Intermediate/5_JQuery_List_Box/dynamic_items_in_right' is clicked on

2022-10-12 10:03:30 - [TEST_STEP][PASSED] - click(findTestObject("Intermediate/5_JQuery_List_Box/button_Remove")): Object: 'Object Repository/Intermediate/5_JQuery_List_Box/button_Remove' is clicked on

2022-10-12 10:03:31 - [MESSAGE][PASSED] - Object: 'Object Repository/Intermediate/5_JQuery_List_Box/button_Remove' is clicked on

2022-10-12 10:03:31 - [TEST_STEP][PASSED] - verifyElementNotPresent(findTestObject("Intermediate/5_JQuery_List_Box/dynamic_items_in_right", ["item":listData[i]]), 2): Web element with id: 'Object Repository/Intermediate/5_JQuery_List_Box/dynamic_items_in_right' located by 'By.xpath: //select[contains(@class,"pickListResult")]//option[text()="Maria Eduarda"]' is not present after '2' second(s)

2022-10-12 10:03:31 - [MESSAGE][PASSED] - Web element with id: 'Object Repository/Intermediate/5_JQuery_List_Box/dynamic_items_in_right' located by 'By.xpath: //select[contains(@class,"pickListResult")]//option[text()="Maria Eduarda"]' is not present after '2' second(s)

2022-10-12 10:03:31 - [TEST_STEP][PASSED] - verifyElementPresent(findTestObject("Intermediate/5_JQuery_List_Box/dynamic_items_in_left", ["item":listData[i]]), 2): Object 'Object Repository/Intermediate/5_JQuery_List_Box/dynamic_items_in_left' is present

2022-10-12 10:03:32 - [MESSAGE][PASSED] - Object 'Object Repository/Intermediate/5_JQuery_List_Box/dynamic_items_in_left' is present

2022-10-12 10:03:32 - [TEST_STEP][PASSED] - click(findTestObject("Intermediate/5_JQuery_List_Box/dynamic_items_in_right", ["item":listData[i]])): Object: 'Object Repository/Intermediate/5_JQuery_List_Box/dynamic_items_in_right' is clicked on

2022-10-12 10:03:32 - [MESSAGE][PASSED] - Object: 'Object Repository/Intermediate/5_JQuery_List_Box/dynamic_items_in_right' is clicked on

2022-10-12 10:03:32 - [TEST_STEP][PASSED] - click(findTestObject("Intermediate/5_JQuery_List_Box/button_Remove")): Object: 'Object Repository/Intermediate/5_JQuery_List_Box/button_Remove' is clicked on

2022-10-12 10:03:32 - [MESSAGE][PASSED] - Object: 'Object Repository/Intermediate/5_JQuery_List_Box/button_Remove' is clicked on

2022-10-12 10:03:32 - [TEST_STEP][PASSED] - verifyElementNotPresent(findTestObject("Intermediate/5_JQuery_List_Box/dynamic_items_in_right", ["item":listData[i]]), 2): Web element with id: 'Object Repository/Intermediate/5_JQuery_List_Box/dynamic_items_in_right' located by 'By.xpath: //select[contains(@class,"pickListResult")]//option[text()="Maria Luiza"]' is not present after '2' second(s)

2022-10-12 10:03:33 - [MESSAGE][PASSED] - Web element with id: 'Object Repository/Intermediate/5_JQuery_List_Box/dynamic_items_in_right' located by 'By.xpath: //select[contains(@class,"pickListResult")]//option[text()="Maria Luiza"]' is not present after '2' second(s)

2022-10-12 10:03:33 - [TEST_STEP][PASSED] - verifyElementPresent(findTestObject("Intermediate/5_JQuery_List_Box/dynamic_items_in_left", ["item":listData[i]]), 2): Object 'Object Repository/Intermediate/5_JQuery_List_Box/dynamic_items_in_left' is present

2022-10-12 10:03:33 - [MESSAGE][PASSED] - Object 'Object Repository/Intermediate/5_JQuery_List_Box/dynamic_items_in_left' is present

2022-10-12 10:03:33 - [TEST_STEP][PASSED] - closeBrowser(): Browser is closed

2022-10-12 10:03:34 - [MESSAGE][PASSED] - Browser is closed]]></system-out>
         <system-err><![CDATA[]]></system-err>
      </testcase>
      <testcase name="Test Cases/Intermediate/5_JQuery_List_Box/JQLB7_select_multiple_items_and_click_Remove" time="26.491" classname="Test Cases/Intermediate/5_JQuery_List_Box/JQLB7_select_multiple_items_and_click_Remove" status="PASSED">
         <system-out><![CDATA[2022-10-12 10:03:34 - [TEST_CASE][PASSED] - Test Cases/Intermediate/5_JQuery_List_Box/JQLB7_select_multiple_items_and_click_Remove: Test Cases/Intermediate/5_JQuery_List_Box/JQLB7_select_multiple_items_and_click_Remove

2022-10-12 10:03:35 - [TEST_STEP][PASSED] - TestID = "TEST-00007": null

2022-10-12 10:03:35 - [TEST_STEP][PASSED] - FileTestData = "TestData_Sheet6": null

2022-10-12 10:03:35 - [TEST_STEP][PASSED] - totalRow = findTestData(FileTestData).getRowNumbers(): null

2022-10-12 10:03:35 - [TEST_STEP][PASSED] - totalColumn = findTestData(FileTestData).getColumnNumbers(): null

2022-10-12 10:03:35 - [TEST_STEP][PASSED] - rowNum = 1: null

2022-10-12 10:03:35 - [TEST_STEP][PASSED] - arrayLength = 0: null

2022-10-12 10:03:35 - [TEST_STEP][PASSED] - for ([rowNum, rowNum < totalRow, (rowNum++)]): null

2022-10-12 10:03:35 - [TEST_STEP][PASSED] - if (findTestData(FileTestData).getValue(1, rowNum) == TestID): null

2022-10-12 10:03:35 - [TEST_STEP][PASSED] - if (findTestData(FileTestData).getValue(1, rowNum) == TestID): null

2022-10-12 10:03:35 - [TEST_STEP][PASSED] - if (findTestData(FileTestData).getValue(1, rowNum) == TestID): null

2022-10-12 10:03:35 - [TEST_STEP][PASSED] - if (findTestData(FileTestData).getValue(1, rowNum) == TestID): null

2022-10-12 10:03:35 - [TEST_STEP][PASSED] - if (findTestData(FileTestData).getValue(1, rowNum) == TestID): null

2022-10-12 10:03:35 - [TEST_STEP][PASSED] - if (findTestData(FileTestData).getValue(1, rowNum) == TestID): null

2022-10-12 10:03:35 - [TEST_STEP][PASSED] - if (findTestData(FileTestData).getValue(1, rowNum) == TestID): null

2022-10-12 10:03:35 - [TEST_STEP][PASSED] - break: null

2022-10-12 10:03:35 - [TEST_STEP][PASSED] - println("Row number is: " + rowNum): null

2022-10-12 10:03:35 - [TEST_STEP][PASSED] - for ([i = 0, i < totalColumn - 1, (i++)]): null

2022-10-12 10:03:35 - [TEST_STEP][PASSED] - if (findTestData(FileTestData).getValue(i + 2, rowNum) == ""): null

2022-10-12 10:03:35 - [TEST_STEP][PASSED] - (arrayLength++): null

2022-10-12 10:03:35 - [TEST_STEP][PASSED] - if (findTestData(FileTestData).getValue(i + 2, rowNum) == ""): null

2022-10-12 10:03:35 - [TEST_STEP][PASSED] - (arrayLength++): null

2022-10-12 10:03:35 - [TEST_STEP][PASSED] - if (findTestData(FileTestData).getValue(i + 2, rowNum) == ""): null

2022-10-12 10:03:35 - [TEST_STEP][PASSED] - (arrayLength++): null

2022-10-12 10:03:35 - [TEST_STEP][PASSED] - if (findTestData(FileTestData).getValue(i + 2, rowNum) == ""): null

2022-10-12 10:03:35 - [TEST_STEP][PASSED] - (arrayLength++): null

2022-10-12 10:03:35 - [TEST_STEP][PASSED] - if (findTestData(FileTestData).getValue(i + 2, rowNum) == ""): null

2022-10-12 10:03:36 - [TEST_STEP][PASSED] - (arrayLength++): null

2022-10-12 10:03:36 - [TEST_STEP][PASSED] - if (findTestData(FileTestData).getValue(i + 2, rowNum) == ""): null

2022-10-12 10:03:36 - [TEST_STEP][PASSED] - break: null

2022-10-12 10:03:36 - [TEST_STEP][PASSED] - println("Array length is: " + arrayLength): null

2022-10-12 10:03:36 - [TEST_STEP][PASSED] - listData = []: null

2022-10-12 10:03:36 - [TEST_STEP][PASSED] - for ([rowNum = 1, rowNum < totalRow, (rowNum++)]): null

2022-10-12 10:03:36 - [TEST_STEP][PASSED] - if (findTestData(FileTestData).getValue(1, rowNum) == TestID): null

2022-10-12 10:03:36 - [TEST_STEP][PASSED] - if (findTestData(FileTestData).getValue(1, rowNum) == TestID): null

2022-10-12 10:03:36 - [TEST_STEP][PASSED] - if (findTestData(FileTestData).getValue(1, rowNum) == TestID): null

2022-10-12 10:03:36 - [TEST_STEP][PASSED] - if (findTestData(FileTestData).getValue(1, rowNum) == TestID): null

2022-10-12 10:03:36 - [TEST_STEP][PASSED] - if (findTestData(FileTestData).getValue(1, rowNum) == TestID): null

2022-10-12 10:03:36 - [TEST_STEP][PASSED] - if (findTestData(FileTestData).getValue(1, rowNum) == TestID): null

2022-10-12 10:03:36 - [TEST_STEP][PASSED] - if (findTestData(FileTestData).getValue(1, rowNum) == TestID): null

2022-10-12 10:03:36 - [TEST_STEP][PASSED] - for ([i = 0, i < arrayLength, (i++)]): null

2022-10-12 10:03:36 - [TEST_STEP][PASSED] - if (findTestData(FileTestData).getValue(i + 2, 1) == ""): null

2022-10-12 10:03:36 - [TEST_STEP][PASSED] - listData[i] = findTestData(FileTestData).getValue(i + 2, rowNum): null

2022-10-12 10:03:36 - [TEST_STEP][PASSED] - if (findTestData(FileTestData).getValue(i + 2, 1) == ""): null

2022-10-12 10:03:36 - [TEST_STEP][PASSED] - listData[i] = findTestData(FileTestData).getValue(i + 2, rowNum): null

2022-10-12 10:03:36 - [TEST_STEP][PASSED] - if (findTestData(FileTestData).getValue(i + 2, 1) == ""): null

2022-10-12 10:03:36 - [TEST_STEP][PASSED] - listData[i] = findTestData(FileTestData).getValue(i + 2, rowNum): null

2022-10-12 10:03:36 - [TEST_STEP][PASSED] - if (findTestData(FileTestData).getValue(i + 2, 1) == ""): null

2022-10-12 10:03:37 - [TEST_STEP][PASSED] - listData[i] = findTestData(FileTestData).getValue(i + 2, rowNum): null

2022-10-12 10:03:37 - [TEST_STEP][PASSED] - if (findTestData(FileTestData).getValue(i + 2, 1) == ""): null

2022-10-12 10:03:37 - [TEST_STEP][PASSED] - listData[i] = findTestData(FileTestData).getValue(i + 2, rowNum): null

2022-10-12 10:03:37 - [TEST_STEP][PASSED] - if (findTestData(FileTestData).getValue(1, rowNum) == TestID): null

2022-10-12 10:03:37 - [TEST_STEP][PASSED] - if (findTestData(FileTestData).getValue(1, rowNum) == TestID): null

2022-10-12 10:03:37 - [TEST_STEP][PASSED] - println(listData): null

2022-10-12 10:03:37 - [TEST_STEP][PASSED] - callTestCase(findTestCase("Intermediate/Prerequisite1_Access_Immediate"), [:], STOP_ON_FAILURE): Call Test Case 'Test Cases/Intermediate/Prerequisite1_Access_Immediate' successfully

2022-10-12 10:03:37 - [TEST_CASE][PASSED] - Test Cases/Intermediate/Prerequisite1_Access_Immediate: Test Cases/Intermediate/Prerequisite1_Access_Immediate

2022-10-12 10:03:37 - [TEST_STEP][PASSED] - callTestCase(findTestCase("Launch_seleniumeasy_page"), [:], STOP_ON_FAILURE): Call Test Case 'Test Cases/Launch_seleniumeasy_page' successfully

2022-10-12 10:03:37 - [TEST_CASE][PASSED] - Test Cases/Launch_seleniumeasy_page: Test Cases/Launch_seleniumeasy_page

2022-10-12 10:03:37 - [TEST_STEP][PASSED] - openBrowser(""): Browser is opened with url: ''

2022-10-12 10:03:37 - [MESSAGE][INFO] - Starting 'Chrome' driver

2022-10-12 10:03:37 - [MESSAGE][INFO] - Action delay is set to 0 milliseconds

2022-10-12 10:03:39 - [MESSAGE][PASSED] - Browser is opened with url: ''

2022-10-12 10:03:39 - [TEST_STEP][PASSED] - maximizeWindow(): Current window maximized

2022-10-12 10:03:39 - [MESSAGE][PASSED] - Current window maximized

2022-10-12 10:03:39 - [TEST_STEP][PASSED] - navigateToUrl("https://demo.seleniumeasy.com/"): Navigate to 'https://demo.seleniumeasy.com/' successfully

2022-10-12 10:03:45 - [MESSAGE][PASSED] - Navigate to 'https://demo.seleniumeasy.com/' successfully

2022-10-12 10:03:45 - [MESSAGE][PASSED] - Call Test Case 'Test Cases/Launch_seleniumeasy_page' successfully

2022-10-12 10:03:45 - [TEST_STEP][PASSED] - if (verifyElementVisible(findTestObject("Main_page/Button_Start_Practicing"), OPTIONAL)): Object: 'Object Repository/Main_page/Button_Start_Practicing' is clicked on

2022-10-12 10:03:45 - [MESSAGE][PASSED] - Object 'Object Repository/Main_page/Button_Start_Practicing' is visible

2022-10-12 10:03:45 - [TEST_STEP][PASSED] - click(findTestObject("Main_page/Button_Start_Practicing")): Object: 'Object Repository/Main_page/Button_Start_Practicing' is clicked on

2022-10-12 10:03:46 - [MESSAGE][PASSED] - Object: 'Object Repository/Main_page/Button_Start_Practicing' is clicked on

2022-10-12 10:03:46 - [TEST_STEP][PASSED] - enhancedClick(findTestObject("Main_page/option_Intermediate")): Object: 'Object Repository/Main_page/option_Intermediate' is clicked on

2022-10-12 10:03:46 - [MESSAGE][PASSED] - Object: 'Object Repository/Main_page/option_Intermediate' is clicked on

2022-10-12 10:03:46 - [TEST_STEP][PASSED] - verifyElementVisible(findTestObject("Intermediate/text_Intermediate"), STOP_ON_FAILURE): Object 'Object Repository/Intermediate/text_Intermediate' is visible

2022-10-12 10:03:47 - [MESSAGE][PASSED] - Object 'Object Repository/Intermediate/text_Intermediate' is visible

2022-10-12 10:03:47 - [MESSAGE][PASSED] - Call Test Case 'Test Cases/Intermediate/Prerequisite1_Access_Immediate' successfully

2022-10-12 10:03:47 - [TEST_STEP][PASSED] - click(findTestObject("Intermediate/option_JQueryListBox")): Object: 'Object Repository/Intermediate/option_JQueryListBox' is clicked on

2022-10-12 10:03:47 - [MESSAGE][PASSED] - Object: 'Object Repository/Intermediate/option_JQueryListBox' is clicked on

2022-10-12 10:03:47 - [TEST_STEP][PASSED] - click(findTestObject("Intermediate/5_JQuery_List_Box/button_Add_All")): Object: 'Object Repository/Intermediate/5_JQuery_List_Box/button_Add_All' is clicked on

2022-10-12 10:03:48 - [MESSAGE][PASSED] - Object: 'Object Repository/Intermediate/5_JQuery_List_Box/button_Add_All' is clicked on

2022-10-12 10:03:48 - [TEST_STEP][PASSED] - delay(3): Delayed 3 second(s)

2022-10-12 10:03:51 - [MESSAGE][PASSED] - Delayed 3 second(s)

2022-10-12 10:03:51 - [TEST_STEP][PASSED] - driver = getWebDriver(): null

2022-10-12 10:03:51 - [TEST_STEP][PASSED] - actionPress = new org.openqa.selenium.interactions.Actions(driver): null

2022-10-12 10:03:51 - [TEST_STEP][PASSED] - actionPress.keyDown(CONTROL): null

2022-10-12 10:03:51 - [TEST_STEP][PASSED] - for ([i = 0, i < length, (i++)]): Object: 'Object Repository/Intermediate/5_JQuery_List_Box/dynamic_items_in_right' is clicked on

2022-10-12 10:03:51 - [TEST_STEP][PASSED] - click(findTestObject("Intermediate/5_JQuery_List_Box/dynamic_items_in_right", ["item":listData[i]])): Object: 'Object Repository/Intermediate/5_JQuery_List_Box/dynamic_items_in_right' is clicked on

2022-10-12 10:03:51 - [MESSAGE][PASSED] - Object: 'Object Repository/Intermediate/5_JQuery_List_Box/dynamic_items_in_right' is clicked on

2022-10-12 10:03:51 - [TEST_STEP][PASSED] - click(findTestObject("Intermediate/5_JQuery_List_Box/dynamic_items_in_right", ["item":listData[i]])): Object: 'Object Repository/Intermediate/5_JQuery_List_Box/dynamic_items_in_right' is clicked on

2022-10-12 10:03:52 - [MESSAGE][PASSED] - Object: 'Object Repository/Intermediate/5_JQuery_List_Box/dynamic_items_in_right' is clicked on

2022-10-12 10:03:52 - [TEST_STEP][PASSED] - click(findTestObject("Intermediate/5_JQuery_List_Box/dynamic_items_in_right", ["item":listData[i]])): Object: 'Object Repository/Intermediate/5_JQuery_List_Box/dynamic_items_in_right' is clicked on

2022-10-12 10:03:52 - [MESSAGE][PASSED] - Object: 'Object Repository/Intermediate/5_JQuery_List_Box/dynamic_items_in_right' is clicked on

2022-10-12 10:03:52 - [TEST_STEP][PASSED] - click(findTestObject("Intermediate/5_JQuery_List_Box/dynamic_items_in_right", ["item":listData[i]])): Object: 'Object Repository/Intermediate/5_JQuery_List_Box/dynamic_items_in_right' is clicked on

2022-10-12 10:03:52 - [MESSAGE][PASSED] - Object: 'Object Repository/Intermediate/5_JQuery_List_Box/dynamic_items_in_right' is clicked on

2022-10-12 10:03:52 - [TEST_STEP][PASSED] - click(findTestObject("Intermediate/5_JQuery_List_Box/dynamic_items_in_right", ["item":listData[i]])): Object: 'Object Repository/Intermediate/5_JQuery_List_Box/dynamic_items_in_right' is clicked on

2022-10-12 10:03:53 - [MESSAGE][PASSED] - Object: 'Object Repository/Intermediate/5_JQuery_List_Box/dynamic_items_in_right' is clicked on

2022-10-12 10:03:53 - [TEST_STEP][PASSED] - actionPress.keyUp(CONTROL): null

2022-10-12 10:03:53 - [TEST_STEP][PASSED] - click(findTestObject("Intermediate/5_JQuery_List_Box/button_Remove")): Object: 'Object Repository/Intermediate/5_JQuery_List_Box/button_Remove' is clicked on

2022-10-12 10:03:53 - [MESSAGE][PASSED] - Object: 'Object Repository/Intermediate/5_JQuery_List_Box/button_Remove' is clicked on

2022-10-12 10:03:53 - [TEST_STEP][PASSED] - for ([i = 0, i < length, (i++)]): Object 'Object Repository/Intermediate/5_JQuery_List_Box/dynamic_items_in_left' is present

2022-10-12 10:03:53 - [TEST_STEP][PASSED] - verifyElementNotPresent(findTestObject("Intermediate/5_JQuery_List_Box/dynamic_items_in_right", ["item":listData[i]]), 2): Web element with id: 'Object Repository/Intermediate/5_JQuery_List_Box/dynamic_items_in_right' located by 'By.xpath: //select[contains(@class,"pickListResult")]//option[text()="Giovanna"]' is not present after '2' second(s)

2022-10-12 10:03:54 - [MESSAGE][PASSED] - Web element with id: 'Object Repository/Intermediate/5_JQuery_List_Box/dynamic_items_in_right' located by 'By.xpath: //select[contains(@class,"pickListResult")]//option[text()="Giovanna"]' is not present after '2' second(s)

2022-10-12 10:03:54 - [TEST_STEP][PASSED] - verifyElementPresent(findTestObject("Intermediate/5_JQuery_List_Box/dynamic_items_in_left", ["item":listData[i]]), 2): Object 'Object Repository/Intermediate/5_JQuery_List_Box/dynamic_items_in_left' is present

2022-10-12 10:03:54 - [MESSAGE][PASSED] - Object 'Object Repository/Intermediate/5_JQuery_List_Box/dynamic_items_in_left' is present

2022-10-12 10:03:54 - [TEST_STEP][PASSED] - verifyElementNotPresent(findTestObject("Intermediate/5_JQuery_List_Box/dynamic_items_in_right", ["item":listData[i]]), 2): Web element with id: 'Object Repository/Intermediate/5_JQuery_List_Box/dynamic_items_in_right' located by 'By.xpath: //select[contains(@class,"pickListResult")]//option[text()="Lara"]' is not present after '2' second(s)

2022-10-12 10:03:54 - [MESSAGE][PASSED] - Web element with id: 'Object Repository/Intermediate/5_JQuery_List_Box/dynamic_items_in_right' located by 'By.xpath: //select[contains(@class,"pickListResult")]//option[text()="Lara"]' is not present after '2' second(s)

2022-10-12 10:03:54 - [TEST_STEP][PASSED] - verifyElementPresent(findTestObject("Intermediate/5_JQuery_List_Box/dynamic_items_in_left", ["item":listData[i]]), 2): Object 'Object Repository/Intermediate/5_JQuery_List_Box/dynamic_items_in_left' is present

2022-10-12 10:03:55 - [MESSAGE][PASSED] - Object 'Object Repository/Intermediate/5_JQuery_List_Box/dynamic_items_in_left' is present

2022-10-12 10:03:55 - [TEST_STEP][PASSED] - verifyElementNotPresent(findTestObject("Intermediate/5_JQuery_List_Box/dynamic_items_in_right", ["item":listData[i]]), 2): Web element with id: 'Object Repository/Intermediate/5_JQuery_List_Box/dynamic_items_in_right' located by 'By.xpath: //select[contains(@class,"pickListResult")]//option[text()="Sophia"]' is not present after '2' second(s)

2022-10-12 10:03:55 - [MESSAGE][PASSED] - Web element with id: 'Object Repository/Intermediate/5_JQuery_List_Box/dynamic_items_in_right' located by 'By.xpath: //select[contains(@class,"pickListResult")]//option[text()="Sophia"]' is not present after '2' second(s)

2022-10-12 10:03:55 - [TEST_STEP][PASSED] - verifyElementPresent(findTestObject("Intermediate/5_JQuery_List_Box/dynamic_items_in_left", ["item":listData[i]]), 2): Object 'Object Repository/Intermediate/5_JQuery_List_Box/dynamic_items_in_left' is present

2022-10-12 10:03:55 - [MESSAGE][PASSED] - Object 'Object Repository/Intermediate/5_JQuery_List_Box/dynamic_items_in_left' is present

2022-10-12 10:03:55 - [TEST_STEP][PASSED] - verifyElementNotPresent(findTestObject("Intermediate/5_JQuery_List_Box/dynamic_items_in_right", ["item":listData[i]]), 2): Web element with id: 'Object Repository/Intermediate/5_JQuery_List_Box/dynamic_items_in_right' located by 'By.xpath: //select[contains(@class,"pickListResult")]//option[text()="Manuela"]' is not present after '2' second(s)

2022-10-12 10:03:56 - [MESSAGE][PASSED] - Web element with id: 'Object Repository/Intermediate/5_JQuery_List_Box/dynamic_items_in_right' located by 'By.xpath: //select[contains(@class,"pickListResult")]//option[text()="Manuela"]' is not present after '2' second(s)

2022-10-12 10:03:56 - [TEST_STEP][PASSED] - verifyElementPresent(findTestObject("Intermediate/5_JQuery_List_Box/dynamic_items_in_left", ["item":listData[i]]), 2): Object 'Object Repository/Intermediate/5_JQuery_List_Box/dynamic_items_in_left' is present

2022-10-12 10:03:56 - [MESSAGE][PASSED] - Object 'Object Repository/Intermediate/5_JQuery_List_Box/dynamic_items_in_left' is present

2022-10-12 10:03:56 - [TEST_STEP][PASSED] - verifyElementNotPresent(findTestObject("Intermediate/5_JQuery_List_Box/dynamic_items_in_right", ["item":listData[i]]), 2): Web element with id: 'Object Repository/Intermediate/5_JQuery_List_Box/dynamic_items_in_right' located by 'By.xpath: //select[contains(@class,"pickListResult")]//option[text()="Luiza"]' is not present after '2' second(s)

2022-10-12 10:03:56 - [MESSAGE][PASSED] - Web element with id: 'Object Repository/Intermediate/5_JQuery_List_Box/dynamic_items_in_right' located by 'By.xpath: //select[contains(@class,"pickListResult")]//option[text()="Luiza"]' is not present after '2' second(s)

2022-10-12 10:03:56 - [TEST_STEP][PASSED] - verifyElementPresent(findTestObject("Intermediate/5_JQuery_List_Box/dynamic_items_in_left", ["item":listData[i]]), 2): Object 'Object Repository/Intermediate/5_JQuery_List_Box/dynamic_items_in_left' is present

2022-10-12 10:03:57 - [MESSAGE][PASSED] - Object 'Object Repository/Intermediate/5_JQuery_List_Box/dynamic_items_in_left' is present

2022-10-12 10:03:57 - [TEST_STEP][PASSED] - delay(3): Delayed 3 second(s)

2022-10-12 10:04:00 - [MESSAGE][PASSED] - Delayed 3 second(s)

2022-10-12 10:04:00 - [TEST_STEP][PASSED] - closeBrowser(): Browser is closed

2022-10-12 10:04:01 - [MESSAGE][PASSED] - Browser is closed]]></system-out>
         <system-err><![CDATA[]]></system-err>
      </testcase>
      <system-out><![CDATA[2022-10-12 09:59:17 - [TEST_SUITE][PASSED] - TestSuite_5_JQuery_List_Box: Test Cases/Intermediate/5_JQuery_List_Box/JQLB7_select_multiple_items_and_click_Remove]]></system-out>
      <system-err><![CDATA[]]></system-err>
   </testsuite>
</testsuites>
